2023-04-20 11:44:02.433 +05:30 [INF] User profile is available. Using 'C:\Users\skart\AppData\Local\ASP.NET\DataProtection-Keys' as key repository and Windows DPAPI to encrypt keys at rest.
2023-04-20 11:44:03.157 +05:30 [INF] Now listening on: http://localhost:5279
2023-04-20 11:44:03.162 +05:30 [INF] Application started. Press Ctrl+C to shut down.
2023-04-20 11:44:03.163 +05:30 [INF] Hosting environment: Development
2023-04-20 11:44:03.163 +05:30 [INF] Content root path: C:\Users\skart\ELMSApplication
2023-04-20 11:44:07.202 +05:30 [WRN] As of ""2023-04-20T06:14:05.0236808+00:00"", the heartbeat has been running for ""00:00:01.5126437"" which is longer than ""00:00:01"". This could be caused by thread pool starvation.
2023-04-20 11:44:07.228 +05:30 [INF] Request starting HTTP/1.1 GET http://localhost:5279/ - -
2023-04-20 11:44:07.739 +05:30 [WRN] Failed to determine the https port for redirect.
2023-04-20 11:44:08.218 +05:30 [INF] Executing endpoint 'ELMSApplication.Controllers.HomeController.Index (ELMSApplication)'
2023-04-20 11:44:08.529 +05:30 [INF] Route matched with {action = "Index", controller = "Home"}. Executing controller action with signature Microsoft.AspNetCore.Mvc.IActionResult Index() on controller ELMSApplication.Controllers.HomeController (ELMSApplication).
2023-04-20 11:44:08.943 +05:30 [INF] Executing ViewResult, running view Index.
2023-04-20 11:44:10.618 +05:30 [INF] Executed ViewResult - view Index executed in 1878.6017ms.
2023-04-20 11:44:10.620 +05:30 [INF] Executed action ELMSApplication.Controllers.HomeController.Index (ELMSApplication) in 2088.9929ms
2023-04-20 11:44:10.620 +05:30 [INF] Executed endpoint 'ELMSApplication.Controllers.HomeController.Index (ELMSApplication)'
2023-04-20 11:44:10.629 +05:30 [INF] Request finished HTTP/1.1 GET http://localhost:5279/ - - - 200 - text/html;+charset=utf-8 3567.3976ms
2023-04-20 11:44:10.839 +05:30 [INF] Request starting HTTP/1.1 GET http://localhost:5279/css/site.css?v=pAGv4ietcJNk_EwsQZ5BN9-K4MuNYS2a9wl4Jw-q9D0 - -
2023-04-20 11:44:10.849 +05:30 [INF] Request starting HTTP/1.1 GET http://localhost:5279/ELMSApplication.styles.css?v=TO55c5p6gIvc-K67sCupy3rmL7OHj1w_leNmIwQ5SYU - -
2023-04-20 11:44:10.850 +05:30 [INF] Request starting HTTP/1.1 GET http://localhost:5279/lib/bootstrap/dist/css/bootstrap.min.css - -
2023-04-20 11:44:10.850 +05:30 [INF] Request starting HTTP/1.1 GET http://localhost:5279/lib/jquery/dist/jquery.min.js - -
2023-04-20 11:44:10.850 +05:30 [INF] Request starting HTTP/1.1 GET http://localhost:5279/lib/bootstrap/dist/js/bootstrap.bundle.min.js - -
2023-04-20 11:44:10.874 +05:30 [INF] The file /lib/jquery/dist/jquery.min.js was not modified
2023-04-20 11:44:10.874 +05:30 [INF] The file /lib/bootstrap/dist/css/bootstrap.min.css was not modified
2023-04-20 11:44:10.874 +05:30 [INF] The file /css/site.css was not modified
2023-04-20 11:44:10.874 +05:30 [INF] The file /lib/bootstrap/dist/js/bootstrap.bundle.min.js was not modified
2023-04-20 11:44:10.875 +05:30 [INF] The file /ELMSApplication.styles.css was not modified
2023-04-20 11:44:11.006 +05:30 [INF] Request finished HTTP/1.1 GET http://localhost:5279/lib/jquery/dist/jquery.min.js - - - 304 - text/javascript 155.4426ms
2023-04-20 11:44:11.006 +05:30 [INF] Request finished HTTP/1.1 GET http://localhost:5279/ELMSApplication.styles.css?v=TO55c5p6gIvc-K67sCupy3rmL7OHj1w_leNmIwQ5SYU - - - 304 - text/css 157.0087ms
2023-04-20 11:44:11.006 +05:30 [INF] Request finished HTTP/1.1 GET http://localhost:5279/css/site.css?v=pAGv4ietcJNk_EwsQZ5BN9-K4MuNYS2a9wl4Jw-q9D0 - - - 304 - text/css 167.4472ms
2023-04-20 11:44:11.006 +05:30 [INF] Request finished HTTP/1.1 GET http://localhost:5279/lib/bootstrap/dist/js/bootstrap.bundle.min.js - - - 304 - text/javascript 155.4177ms
2023-04-20 11:44:11.006 +05:30 [INF] Request starting HTTP/1.1 GET http://localhost:5279/js/site.js?v=4q1jwFhaPaZgr8WAUSrux6hAuh0XDg9kPS3xIVq36I0 - -
2023-04-20 11:44:11.006 +05:30 [INF] Request finished HTTP/1.1 GET http://localhost:5279/lib/bootstrap/dist/css/bootstrap.min.css - - - 304 - text/css 155.8843ms
2023-04-20 11:44:11.007 +05:30 [INF] The file /js/site.js was not modified
2023-04-20 11:44:11.007 +05:30 [INF] Request finished HTTP/1.1 GET http://localhost:5279/js/site.js?v=4q1jwFhaPaZgr8WAUSrux6hAuh0XDg9kPS3xIVq36I0 - - - 304 - text/javascript 0.7584ms
2023-04-20 11:44:11.016 +05:30 [INF] Request starting HTTP/1.1 GET http://localhost:5279/_framework/aspnetcore-browser-refresh.js - -
2023-04-20 11:44:11.019 +05:30 [INF] Request finished HTTP/1.1 GET http://localhost:5279/_framework/aspnetcore-browser-refresh.js - - - 200 11966 application/javascript;+charset=utf-8 2.5875ms
2023-04-20 11:44:12.554 +05:30 [INF] Request starting HTTP/1.1 GET http://localhost:5279/favicon.ico - -
2023-04-20 11:44:12.555 +05:30 [INF] The file /favicon.ico was not modified
2023-04-20 11:44:12.555 +05:30 [INF] Request finished HTTP/1.1 GET http://localhost:5279/favicon.ico - - - 304 - image/x-icon 0.7650ms
2023-04-20 11:46:41.891 +05:30 [INF] Request starting HTTP/1.1 GET http://localhost:5279/ - -
2023-04-20 11:46:41.893 +05:30 [INF] Executing endpoint 'ELMSApplication.Controllers.HomeController.Index (ELMSApplication)'
2023-04-20 11:46:41.896 +05:30 [INF] Route matched with {action = "Index", controller = "Home"}. Executing controller action with signature Microsoft.AspNetCore.Mvc.IActionResult Index() on controller ELMSApplication.Controllers.HomeController (ELMSApplication).
2023-04-20 11:46:41.899 +05:30 [INF] Executing ViewResult, running view Index.
2023-04-20 11:46:41.906 +05:30 [INF] Executed ViewResult - view Index executed in 8.9576ms.
2023-04-20 11:46:41.906 +05:30 [INF] Executed action ELMSApplication.Controllers.HomeController.Index (ELMSApplication) in 10.0761ms
2023-04-20 11:46:41.906 +05:30 [INF] Executed endpoint 'ELMSApplication.Controllers.HomeController.Index (ELMSApplication)'
2023-04-20 11:46:41.907 +05:30 [INF] Request finished HTTP/1.1 GET http://localhost:5279/ - - - 200 - text/html;+charset=utf-8 15.8221ms
2023-04-20 11:46:41.946 +05:30 [INF] Request starting HTTP/1.1 GET http://localhost:5279/_framework/aspnetcore-browser-refresh.js - -
2023-04-20 11:46:41.947 +05:30 [INF] Request finished HTTP/1.1 GET http://localhost:5279/_framework/aspnetcore-browser-refresh.js - - - 200 11966 application/javascript;+charset=utf-8 0.4027ms
2023-04-20 11:47:44.741 +05:30 [INF] Request starting HTTP/1.1 GET http://localhost:5279/ - -
2023-04-20 11:47:44.742 +05:30 [INF] Executing endpoint 'ELMSApplication.Controllers.HomeController.Index (ELMSApplication)'
2023-04-20 11:47:44.742 +05:30 [INF] Route matched with {action = "Index", controller = "Home"}. Executing controller action with signature Microsoft.AspNetCore.Mvc.IActionResult Index() on controller ELMSApplication.Controllers.HomeController (ELMSApplication).
2023-04-20 11:47:44.743 +05:30 [INF] Executing ViewResult, running view Index.
2023-04-20 11:47:44.748 +05:30 [INF] Executed ViewResult - view Index executed in 5.3401ms.
2023-04-20 11:47:44.748 +05:30 [INF] Executed action ELMSApplication.Controllers.HomeController.Index (ELMSApplication) in 5.6032ms
2023-04-20 11:47:44.748 +05:30 [INF] Executed endpoint 'ELMSApplication.Controllers.HomeController.Index (ELMSApplication)'
2023-04-20 11:47:44.748 +05:30 [INF] Request finished HTTP/1.1 GET http://localhost:5279/ - - - 200 - text/html;+charset=utf-8 6.7948ms
2023-04-20 11:47:44.805 +05:30 [INF] Request starting HTTP/1.1 GET http://localhost:5279/_framework/aspnetcore-browser-refresh.js - -
2023-04-20 11:47:44.806 +05:30 [INF] Request finished HTTP/1.1 GET http://localhost:5279/_framework/aspnetcore-browser-refresh.js - - - 200 11966 application/javascript;+charset=utf-8 11.7004ms
2023-04-20 11:49:21.926 +05:30 [INF] Request starting HTTP/1.1 GET http://localhost:5279/ - -
2023-04-20 11:49:21.926 +05:30 [INF] Executing endpoint 'ELMSApplication.Controllers.HomeController.Index (ELMSApplication)'
2023-04-20 11:49:21.929 +05:30 [INF] Route matched with {action = "Index", controller = "Home"}. Executing controller action with signature Microsoft.AspNetCore.Mvc.IActionResult Index() on controller ELMSApplication.Controllers.HomeController (ELMSApplication).
2023-04-20 11:49:21.935 +05:30 [INF] Executing ViewResult, running view Index.
2023-04-20 11:49:22.179 +05:30 [INF] Request starting HTTP/1.1 GET http://localhost:5279/ - -
2023-04-20 11:49:22.180 +05:30 [INF] Executing endpoint 'ELMSApplication.Controllers.HomeController.Index (ELMSApplication)'
2023-04-20 11:49:22.184 +05:30 [INF] Route matched with {action = "Index", controller = "Home"}. Executing controller action with signature Microsoft.AspNetCore.Mvc.IActionResult Index() on controller ELMSApplication.Controllers.HomeController (ELMSApplication).
2023-04-20 11:49:22.190 +05:30 [INF] Executing ViewResult, running view Index.
2023-04-20 11:49:22.210 +05:30 [INF] Request starting HTTP/1.1 GET http://localhost:5279/ - -
2023-04-20 11:49:22.210 +05:30 [INF] Executing endpoint 'ELMSApplication.Controllers.HomeController.Index (ELMSApplication)'
2023-04-20 11:49:22.210 +05:30 [INF] Route matched with {action = "Index", controller = "Home"}. Executing controller action with signature Microsoft.AspNetCore.Mvc.IActionResult Index() on controller ELMSApplication.Controllers.HomeController (ELMSApplication).
2023-04-20 11:49:22.211 +05:30 [INF] Executing ViewResult, running view Index.
2023-04-20 11:49:22.216 +05:30 [INF] Executed ViewResult - view Index executed in 287.1046ms.
2023-04-20 11:49:22.216 +05:30 [INF] Executed ViewResult - view Index executed in 29.6857ms.
2023-04-20 11:49:22.216 +05:30 [INF] Executed ViewResult - view Index executed in 5.498ms.
2023-04-20 11:49:22.216 +05:30 [INF] Executed action ELMSApplication.Controllers.HomeController.Index (ELMSApplication) in 287.312ms
2023-04-20 11:49:22.216 +05:30 [INF] Executed action ELMSApplication.Controllers.HomeController.Index (ELMSApplication) in 5.7281ms
2023-04-20 11:49:22.216 +05:30 [INF] Executed endpoint 'ELMSApplication.Controllers.HomeController.Index (ELMSApplication)'
2023-04-20 11:49:22.216 +05:30 [INF] Executed endpoint 'ELMSApplication.Controllers.HomeController.Index (ELMSApplication)'
2023-04-20 11:49:22.216 +05:30 [INF] Executed action ELMSApplication.Controllers.HomeController.Index (ELMSApplication) in 32.526ms
2023-04-20 11:49:22.216 +05:30 [INF] Executed endpoint 'ELMSApplication.Controllers.HomeController.Index (ELMSApplication)'
2023-04-20 11:49:22.216 +05:30 [INF] Request finished HTTP/1.1 GET http://localhost:5279/ - - - 200 - text/html;+charset=utf-8 290.8028ms
2023-04-20 11:49:22.216 +05:30 [INF] Request finished HTTP/1.1 GET http://localhost:5279/ - - - 200 - text/html;+charset=utf-8 6.6367ms
2023-04-20 11:49:22.216 +05:30 [INF] Request finished HTTP/1.1 GET http://localhost:5279/ - - - 200 - text/html;+charset=utf-8 37.4717ms
2023-04-20 11:49:22.218 +05:30 [INF] Request starting HTTP/1.1 GET http://localhost:5279/ - -
2023-04-20 11:49:22.218 +05:30 [INF] Executing endpoint 'ELMSApplication.Controllers.HomeController.Index (ELMSApplication)'
2023-04-20 11:49:22.218 +05:30 [INF] Route matched with {action = "Index", controller = "Home"}. Executing controller action with signature Microsoft.AspNetCore.Mvc.IActionResult Index() on controller ELMSApplication.Controllers.HomeController (ELMSApplication).
2023-04-20 11:49:22.218 +05:30 [INF] Executing ViewResult, running view Index.
2023-04-20 11:49:22.219 +05:30 [INF] Executed ViewResult - view Index executed in 0.7411ms.
2023-04-20 11:49:22.219 +05:30 [INF] Executed action ELMSApplication.Controllers.HomeController.Index (ELMSApplication) in 0.9577ms
2023-04-20 11:49:22.219 +05:30 [INF] Executed endpoint 'ELMSApplication.Controllers.HomeController.Index (ELMSApplication)'
2023-04-20 11:49:22.219 +05:30 [INF] Request finished HTTP/1.1 GET http://localhost:5279/ - - - 200 - text/html;+charset=utf-8 1.7247ms
2023-04-20 11:49:22.262 +05:30 [INF] Request starting HTTP/1.1 GET http://localhost:5279/_framework/aspnetcore-browser-refresh.js - -
2023-04-20 11:49:22.262 +05:30 [INF] Request finished HTTP/1.1 GET http://localhost:5279/_framework/aspnetcore-browser-refresh.js - - - 200 11966 application/javascript;+charset=utf-8 0.1838ms
2023-04-20 11:49:22.265 +05:30 [INF] Request starting HTTP/1.1 GET http://localhost:5279/_framework/aspnetcore-browser-refresh.js - -
2023-04-20 11:49:22.265 +05:30 [INF] Request finished HTTP/1.1 GET http://localhost:5279/_framework/aspnetcore-browser-refresh.js - - - 200 11966 application/javascript;+charset=utf-8 0.1596ms
2023-04-20 11:51:21.934 +05:30 [INF] Request starting HTTP/1.1 GET http://localhost:5279/_framework/clear-browser-cache - -
2023-04-20 11:51:21.936 +05:30 [INF] Request finished HTTP/1.1 GET http://localhost:5279/_framework/clear-browser-cache - - - 200 0 - 1.9618ms
2023-04-20 11:51:21.937 +05:30 [INF] Request starting HTTP/1.1 GET http://localhost:5279/_framework/clear-browser-cache - -
2023-04-20 11:51:21.937 +05:30 [INF] Request finished HTTP/1.1 GET http://localhost:5279/_framework/clear-browser-cache - - - 200 0 - 0.2444ms
2023-04-20 11:51:37.066 +05:30 [INF] Request starting HTTP/1.1 GET http://localhost:5279/lib/bootstrap/dist/css/bootstrap.min.css?nonce=1681971697060 - -
2023-04-20 11:51:37.067 +05:30 [INF] Request starting HTTP/1.1 GET http://localhost:5279/css/site.css?nonce=1681971697061 - -
2023-04-20 11:51:37.068 +05:30 [INF] Request starting HTTP/1.1 GET http://localhost:5279/ELMSApplication.styles.css?nonce=1681971697061 - -
2023-04-20 11:51:37.133 +05:30 [INF] Sending file. Request path: '/ELMSApplication.styles.css'. Physical path: 'C:\Users\skart\ELMSApplication\obj\Debug\net7.0\scopedcss\bundle\ELMSApplication.styles.css'
2023-04-20 11:51:37.133 +05:30 [INF] Sending file. Request path: '/css/site.css'. Physical path: 'C:\Users\skart\ELMSApplication\wwwroot\css\site.css'
2023-04-20 11:51:37.135 +05:30 [INF] Request finished HTTP/1.1 GET http://localhost:5279/css/site.css?nonce=1681971697061 - - - 200 362 text/css 67.3357ms
2023-04-20 11:51:37.135 +05:30 [INF] Request finished HTTP/1.1 GET http://localhost:5279/ELMSApplication.styles.css?nonce=1681971697061 - - - 200 1729 text/css 66.7476ms
2023-04-20 11:51:37.207 +05:30 [INF] Sending file. Request path: '/lib/bootstrap/dist/css/bootstrap.min.css'. Physical path: 'C:\Users\skart\ELMSApplication\wwwroot\lib\bootstrap\dist\css\bootstrap.min.css'
2023-04-20 11:51:37.208 +05:30 [INF] Request finished HTTP/1.1 GET http://localhost:5279/lib/bootstrap/dist/css/bootstrap.min.css?nonce=1681971697060 - - - 200 162720 text/css 141.8777ms
2023-04-20 11:51:38.397 +05:30 [INF] Request starting HTTP/1.1 GET http://localhost:5279/lib/bootstrap/dist/css/bootstrap.min.css?nonce=1681971698393 - -
2023-04-20 11:51:38.397 +05:30 [INF] Request starting HTTP/1.1 GET http://localhost:5279/css/site.css?nonce=1681971698393 - -
2023-04-20 11:51:38.398 +05:30 [INF] Request starting HTTP/1.1 GET http://localhost:5279/ELMSApplication.styles.css?nonce=1681971698393 - -
2023-04-20 11:51:38.398 +05:30 [INF] Sending file. Request path: '/css/site.css'. Physical path: 'C:\Users\skart\ELMSApplication\wwwroot\css\site.css'
2023-04-20 11:51:38.398 +05:30 [INF] Sending file. Request path: '/ELMSApplication.styles.css'. Physical path: 'C:\Users\skart\ELMSApplication\obj\Debug\net7.0\scopedcss\bundle\ELMSApplication.styles.css'
2023-04-20 11:51:38.398 +05:30 [INF] Request finished HTTP/1.1 GET http://localhost:5279/ELMSApplication.styles.css?nonce=1681971698393 - - - 200 1729 text/css 0.4821ms
2023-04-20 11:51:38.398 +05:30 [INF] Request finished HTTP/1.1 GET http://localhost:5279/css/site.css?nonce=1681971698393 - - - 200 362 text/css 0.6140ms
2023-04-20 11:51:38.399 +05:30 [INF] Sending file. Request path: '/lib/bootstrap/dist/css/bootstrap.min.css'. Physical path: 'C:\Users\skart\ELMSApplication\wwwroot\lib\bootstrap\dist\css\bootstrap.min.css'
2023-04-20 11:51:38.399 +05:30 [INF] Request finished HTTP/1.1 GET http://localhost:5279/lib/bootstrap/dist/css/bootstrap.min.css?nonce=1681971698393 - - - 200 162720 text/css 2.0208ms
2023-04-20 11:52:04.790 +05:30 [INF] Request starting HTTP/1.1 GET http://localhost:5279/Employee/Login - -
2023-04-20 11:52:04.792 +05:30 [INF] Executing endpoint 'ELMSApplication.Controllers.EmployeeController.Login (ELMSApplication)'
2023-04-20 11:52:04.795 +05:30 [INF] Route matched with {action = "Login", controller = "Employee"}. Executing controller action with signature Microsoft.AspNetCore.Mvc.IActionResult Login() on controller ELMSApplication.Controllers.EmployeeController (ELMSApplication).
2023-04-20 11:52:06.801 +05:30 [INF] Executing ViewResult, running view Login.
2023-04-20 11:52:07.161 +05:30 [INF] Executed ViewResult - view Login executed in 363.2786ms.
2023-04-20 11:52:07.163 +05:30 [INF] Executed action ELMSApplication.Controllers.EmployeeController.Login (ELMSApplication) in 2367.5525ms
2023-04-20 11:52:07.163 +05:30 [INF] Executed endpoint 'ELMSApplication.Controllers.EmployeeController.Login (ELMSApplication)'
2023-04-20 11:52:07.192 +05:30 [INF] Request finished HTTP/1.1 GET http://localhost:5279/Employee/Login - - - 200 - text/html;+charset=utf-8 2401.5804ms
2023-04-20 11:52:07.246 +05:30 [INF] Request starting HTTP/1.1 GET http://localhost:5279/lib/bootstrap/dist/css/bootstrap.min.css - -
2023-04-20 11:52:07.253 +05:30 [INF] Request starting HTTP/1.1 GET http://localhost:5279/css/site.css?v=pAGv4ietcJNk_EwsQZ5BN9-K4MuNYS2a9wl4Jw-q9D0 - -
2023-04-20 11:52:07.253 +05:30 [INF] Sending file. Request path: '/css/site.css'. Physical path: 'C:\Users\skart\ELMSApplication\wwwroot\css\site.css'
2023-04-20 11:52:07.253 +05:30 [INF] Request finished HTTP/1.1 GET http://localhost:5279/css/site.css?v=pAGv4ietcJNk_EwsQZ5BN9-K4MuNYS2a9wl4Jw-q9D0 - - - 200 362 text/css 0.7969ms
2023-04-20 11:52:07.253 +05:30 [INF] Request starting HTTP/1.1 GET http://localhost:5279/ELMSApplication.styles.css?v=TO55c5p6gIvc-K67sCupy3rmL7OHj1w_leNmIwQ5SYU - -
2023-04-20 11:52:07.254 +05:30 [INF] Sending file. Request path: '/ELMSApplication.styles.css'. Physical path: 'C:\Users\skart\ELMSApplication\obj\Debug\net7.0\scopedcss\bundle\ELMSApplication.styles.css'
2023-04-20 11:52:07.254 +05:30 [INF] Request finished HTTP/1.1 GET http://localhost:5279/ELMSApplication.styles.css?v=TO55c5p6gIvc-K67sCupy3rmL7OHj1w_leNmIwQ5SYU - - - 200 1729 text/css 0.8174ms
2023-04-20 11:52:07.271 +05:30 [INF] Request starting HTTP/1.1 GET http://localhost:5279/lib/jquery/dist/jquery.min.js - -
2023-04-20 11:52:07.284 +05:30 [INF] Request starting HTTP/1.1 GET http://localhost:5279/lib/bootstrap/dist/js/bootstrap.bundle.min.js - -
2023-04-20 11:52:07.285 +05:30 [INF] Request starting HTTP/1.1 GET http://localhost:5279/js/site.js?v=4q1jwFhaPaZgr8WAUSrux6hAuh0XDg9kPS3xIVq36I0 - -
2023-04-20 11:52:07.286 +05:30 [INF] Sending file. Request path: '/js/site.js'. Physical path: 'C:\Users\skart\ELMSApplication\wwwroot\js\site.js'
2023-04-20 11:52:07.286 +05:30 [INF] Request finished HTTP/1.1 GET http://localhost:5279/js/site.js?v=4q1jwFhaPaZgr8WAUSrux6hAuh0XDg9kPS3xIVq36I0 - - - 200 230 text/javascript 0.8629ms
2023-04-20 11:52:07.288 +05:30 [INF] Request starting HTTP/1.1 GET http://localhost:5279/_framework/aspnetcore-browser-refresh.js - -
2023-04-20 11:52:07.288 +05:30 [INF] Request finished HTTP/1.1 GET http://localhost:5279/_framework/aspnetcore-browser-refresh.js - - - 200 11966 application/javascript;+charset=utf-8 0.1798ms
2023-04-20 11:52:07.292 +05:30 [INF] Sending file. Request path: '/lib/bootstrap/dist/css/bootstrap.min.css'. Physical path: 'C:\Users\skart\ELMSApplication\wwwroot\lib\bootstrap\dist\css\bootstrap.min.css'
2023-04-20 11:52:07.293 +05:30 [INF] Request finished HTTP/1.1 GET http://localhost:5279/lib/bootstrap/dist/css/bootstrap.min.css - - - 200 162720 text/css 46.4462ms
2023-04-20 11:52:07.488 +05:30 [INF] Sending file. Request path: '/lib/bootstrap/dist/js/bootstrap.bundle.min.js'. Physical path: 'C:\Users\skart\ELMSApplication\wwwroot\lib\bootstrap\dist\js\bootstrap.bundle.min.js'
2023-04-20 11:52:07.488 +05:30 [INF] Request finished HTTP/1.1 GET http://localhost:5279/lib/bootstrap/dist/js/bootstrap.bundle.min.js - - - 200 78468 text/javascript 203.8548ms
2023-04-20 11:52:07.794 +05:30 [INF] Sending file. Request path: '/lib/jquery/dist/jquery.min.js'. Physical path: 'C:\Users\skart\ELMSApplication\wwwroot\lib\jquery\dist\jquery.min.js'
2023-04-20 11:52:07.794 +05:30 [INF] Request finished HTTP/1.1 GET http://localhost:5279/lib/jquery/dist/jquery.min.js - - - 200 89501 text/javascript 523.3126ms
2023-04-20 11:53:11.500 +05:30 [INF] Request starting HTTP/1.1 POST http://localhost:5279/Employee/Login application/x-www-form-urlencoded 215
2023-04-20 11:53:11.558 +05:30 [INF] Executing endpoint 'ELMSApplication.Controllers.EmployeeController.Login (ELMSApplication)'
2023-04-20 11:53:12.043 +05:30 [INF] Route matched with {action = "Login", controller = "Employee"}. Executing controller action with signature System.Threading.Tasks.Task`1[Microsoft.AspNetCore.Mvc.IActionResult] Login(ELMSApplication.Employee) on controller ELMSApplication.Controllers.EmployeeController (ELMSApplication).
2023-04-20 11:53:24.226 +05:30 [INF] Executed DbCommand (394ms) [Parameters=[@__employee_EmployeeId_0='?' (Size = 75), @__employee_Password_1='?' (Size = 75)], CommandType='"Text"', CommandTimeout='30']
SELECT TOP(1) [e].[Id], [e].[EmployeeId], [e].[EmployeeName], [e].[IsAdmin], [e].[Password]
FROM [Employee] AS [e]
WHERE [e].[EmployeeId] = @__employee_EmployeeId_0 AND [e].[Password] = @__employee_Password_1
2023-04-20 11:53:24.278 +05:30 [INF] Executing ViewResult, running view Login.
2023-04-20 11:53:24.284 +05:30 [INF] Executed ViewResult - view Login executed in 6.2794ms.
2023-04-20 11:53:24.284 +05:30 [INF] Executed action ELMSApplication.Controllers.EmployeeController.Login (ELMSApplication) in 12240.9574ms
2023-04-20 11:53:24.285 +05:30 [INF] Executed endpoint 'ELMSApplication.Controllers.EmployeeController.Login (ELMSApplication)'
2023-04-20 11:53:24.305 +05:30 [INF] Request starting HTTP/1.1 GET http://localhost:5279/ELMSApplication.styles.css?v=TO55c5p6gIvc-K67sCupy3rmL7OHj1w_leNmIwQ5SYU - -
2023-04-20 11:53:24.306 +05:30 [INF] The file /ELMSApplication.styles.css was not modified
2023-04-20 11:53:24.306 +05:30 [INF] Request finished HTTP/1.1 GET http://localhost:5279/ELMSApplication.styles.css?v=TO55c5p6gIvc-K67sCupy3rmL7OHj1w_leNmIwQ5SYU - - - 304 - text/css 0.5158ms
2023-04-20 11:53:24.319 +05:30 [INF] Request finished HTTP/1.1 POST http://localhost:5279/Employee/Login application/x-www-form-urlencoded 215 - 200 - text/html;+charset=utf-8 12819.6723ms
2023-04-20 11:53:24.320 +05:30 [INF] Request starting HTTP/1.1 GET http://localhost:5279/_framework/aspnetcore-browser-refresh.js - -
2023-04-20 11:53:24.320 +05:30 [INF] Request finished HTTP/1.1 GET http://localhost:5279/_framework/aspnetcore-browser-refresh.js - - - 200 11966 application/javascript;+charset=utf-8 0.0997ms
2023-04-20 11:53:41.315 +05:30 [INF] Request starting HTTP/1.1 POST http://localhost:5279/Employee/Login application/x-www-form-urlencoded 218
2023-04-20 11:53:41.316 +05:30 [INF] Executing endpoint 'ELMSApplication.Controllers.EmployeeController.Login (ELMSApplication)'
2023-04-20 11:53:41.316 +05:30 [INF] Route matched with {action = "Login", controller = "Employee"}. Executing controller action with signature System.Threading.Tasks.Task`1[Microsoft.AspNetCore.Mvc.IActionResult] Login(ELMSApplication.Employee) on controller ELMSApplication.Controllers.EmployeeController (ELMSApplication).
2023-04-20 11:53:41.356 +05:30 [INF] Executed DbCommand (14ms) [Parameters=[@__employee_EmployeeId_0='?' (Size = 75), @__employee_Password_1='?' (Size = 75)], CommandType='"Text"', CommandTimeout='30']
SELECT TOP(1) [e].[Id], [e].[EmployeeId], [e].[EmployeeName], [e].[IsAdmin], [e].[Password]
FROM [Employee] AS [e]
WHERE [e].[EmployeeId] = @__employee_EmployeeId_0 AND [e].[Password] = @__employee_Password_1
2023-04-20 11:53:41.563 +05:30 [INF] Executing RedirectResult, redirecting to /Leave/Index.
2023-04-20 11:53:41.564 +05:30 [INF] Executed action ELMSApplication.Controllers.EmployeeController.Login (ELMSApplication) in 247.3533ms
2023-04-20 11:53:41.564 +05:30 [INF] Executed endpoint 'ELMSApplication.Controllers.EmployeeController.Login (ELMSApplication)'
2023-04-20 11:53:41.565 +05:30 [INF] Session started; Key:31eda97c-cb9d-7040-bc23-359b57fb50e4, Id:c2947742-b893-108b-0bc6-ec19e3f14267
2023-04-20 11:53:41.567 +05:30 [INF] Request finished HTTP/1.1 POST http://localhost:5279/Employee/Login application/x-www-form-urlencoded 218 - 302 0 - 251.8485ms
2023-04-20 11:53:41.571 +05:30 [INF] Request starting HTTP/1.1 GET http://localhost:5279/Leave/Index - -
2023-04-20 11:53:41.571 +05:30 [INF] Executing endpoint 'ELMSApplication.Controllers.LeaveController.Index (ELMSApplication)'
2023-04-20 11:53:41.579 +05:30 [INF] Route matched with {action = "Index", controller = "Leave"}. Executing controller action with signature System.Threading.Tasks.Task`1[Microsoft.AspNetCore.Mvc.IActionResult] Index() on controller ELMSApplication.Controllers.LeaveController (ELMSApplication).
2023-04-20 11:53:42.069 +05:30 [INF] Executed DbCommand (241ms) [Parameters=[], CommandType='"Text"', CommandTimeout='30']
SELECT [l].[LeaveId], [l].[EmployeeId], [l].[EndDate], [l].[LeaveType], [l].[StartDate], [l].[Status]
FROM [Leave] AS [l]
2023-04-20 11:53:42.182 +05:30 [INF] Executing ViewResult, running view Index.
2023-04-20 11:53:42.493 +05:30 [INF] Executed ViewResult - view Index executed in 312.7779ms.
2023-04-20 11:53:42.496 +05:30 [INF] Executed action ELMSApplication.Controllers.LeaveController.Index (ELMSApplication) in 916.5618ms
2023-04-20 11:53:42.497 +05:30 [INF] Executed endpoint 'ELMSApplication.Controllers.LeaveController.Index (ELMSApplication)'
2023-04-20 11:53:42.499 +05:30 [INF] Request finished HTTP/1.1 GET http://localhost:5279/Leave/Index - - - 200 - text/html;+charset=utf-8 927.6253ms
2023-04-20 11:53:42.525 +05:30 [INF] Request starting HTTP/1.1 GET http://localhost:5279/ELMSApplication.styles.css?v=TO55c5p6gIvc-K67sCupy3rmL7OHj1w_leNmIwQ5SYU - -
2023-04-20 11:53:42.525 +05:30 [INF] The file /ELMSApplication.styles.css was not modified
2023-04-20 11:53:42.526 +05:30 [INF] Request finished HTTP/1.1 GET http://localhost:5279/ELMSApplication.styles.css?v=TO55c5p6gIvc-K67sCupy3rmL7OHj1w_leNmIwQ5SYU - - - 304 - text/css 0.4797ms
2023-04-20 11:53:42.529 +05:30 [INF] Request starting HTTP/1.1 GET http://localhost:5279/_framework/aspnetcore-browser-refresh.js - -
2023-04-20 11:53:42.534 +05:30 [INF] Request finished HTTP/1.1 GET http://localhost:5279/_framework/aspnetcore-browser-refresh.js - - - 200 11966 application/javascript;+charset=utf-8 4.6984ms
2023-04-20 11:57:28.004 +05:30 [INF] Request starting HTTP/1.1 GET http://localhost:5279/ - -
2023-04-20 11:57:28.004 +05:30 [INF] Executing endpoint 'ELMSApplication.Controllers.HomeController.Index (ELMSApplication)'
2023-04-20 11:57:28.007 +05:30 [INF] Route matched with {action = "Index", controller = "Home"}. Executing controller action with signature Microsoft.AspNetCore.Mvc.IActionResult Index() on controller ELMSApplication.Controllers.HomeController (ELMSApplication).
2023-04-20 11:57:28.012 +05:30 [INF] Executing ViewResult, running view Index.
2023-04-20 11:57:28.020 +05:30 [INF] Executed ViewResult - view Index executed in 11.4079ms.
2023-04-20 11:57:28.020 +05:30 [INF] Executed action ELMSApplication.Controllers.HomeController.Index (ELMSApplication) in 12.701ms
2023-04-20 11:57:28.020 +05:30 [INF] Executed endpoint 'ELMSApplication.Controllers.HomeController.Index (ELMSApplication)'
2023-04-20 11:57:28.020 +05:30 [INF] Request finished HTTP/1.1 GET http://localhost:5279/ - - - 200 - text/html;+charset=utf-8 16.3947ms
2023-04-20 11:57:28.037 +05:30 [INF] Request starting HTTP/1.1 GET http://localhost:5279/Leave/Index - -
2023-04-20 11:57:28.037 +05:30 [INF] Executing endpoint 'ELMSApplication.Controllers.LeaveController.Index (ELMSApplication)'
2023-04-20 11:57:28.046 +05:30 [INF] Route matched with {action = "Index", controller = "Leave"}. Executing controller action with signature System.Threading.Tasks.Task`1[Microsoft.AspNetCore.Mvc.IActionResult] Index() on controller ELMSApplication.Controllers.LeaveController (ELMSApplication).
2023-04-20 11:57:28.047 +05:30 [INF] Accessing expired session, Key:31eda97c-cb9d-7040-bc23-359b57fb50e4
2023-04-20 11:57:28.077 +05:30 [INF] Request starting HTTP/1.1 GET http://localhost:5279/ELMSApplication.styles.css?v=TO55c5p6gIvc-K67sCupy3rmL7OHj1w_leNmIwQ5SYU - -
2023-04-20 11:57:28.136 +05:30 [INF] The file /ELMSApplication.styles.css was not modified
2023-04-20 11:57:28.136 +05:30 [INF] Request finished HTTP/1.1 GET http://localhost:5279/ELMSApplication.styles.css?v=TO55c5p6gIvc-K67sCupy3rmL7OHj1w_leNmIwQ5SYU - - - 304 - text/css 59.7353ms
2023-04-20 11:57:28.189 +05:30 [INF] Executed action ELMSApplication.Controllers.LeaveController.Index (ELMSApplication) in 142.9962ms
2023-04-20 11:57:28.197 +05:30 [INF] Executed endpoint 'ELMSApplication.Controllers.LeaveController.Index (ELMSApplication)'
2023-04-20 11:57:28.406 +05:30 [INF] Request starting HTTP/1.1 GET http://localhost:5279/_framework/aspnetcore-browser-refresh.js - -
2023-04-20 11:57:28.407 +05:30 [INF] Request finished HTTP/1.1 GET http://localhost:5279/_framework/aspnetcore-browser-refresh.js - - - 200 11966 application/javascript;+charset=utf-8 0.1680ms
2023-04-20 11:57:28.574 +05:30 [INF] Request starting HTTP/1.1 GET http://localhost:5279/favicon.ico - -
2023-04-20 11:57:28.730 +05:30 [ERR] An unhandled exception has occurred while executing the request.
System.NullReferenceException: Object reference not set to an instance of an object.
   at ELMSApplication.Controllers.LeaveController.Index()
   at Microsoft.AspNetCore.Mvc.Infrastructure.ActionMethodExecutor.TaskOfIActionResultExecutor.Execute(ActionContext actionContext, IActionResultTypeMapper mapper, ObjectMethodExecutor executor, Object controller, Object[] arguments)
   at Microsoft.AspNetCore.Mvc.Infrastructure.ControllerActionInvoker.<InvokeActionMethodAsync>g__Awaited|12_0(ControllerActionInvoker invoker, ValueTask`1 actionResultValueTask)
   at Microsoft.AspNetCore.Mvc.Infrastructure.ControllerActionInvoker.<InvokeNextActionFilterAsync>g__Awaited|10_0(ControllerActionInvoker invoker, Task lastTask, State next, Scope scope, Object state, Boolean isCompleted)
   at Microsoft.AspNetCore.Mvc.Infrastructure.ControllerActionInvoker.Rethrow(ActionExecutedContextSealed context)
   at Microsoft.AspNetCore.Mvc.Infrastructure.ControllerActionInvoker.Next(State& next, Scope& scope, Object& state, Boolean& isCompleted)
   at Microsoft.AspNetCore.Mvc.Infrastructure.ControllerActionInvoker.InvokeInnerFilterAsync()
--- End of stack trace from previous location ---
   at Microsoft.AspNetCore.Mvc.Infrastructure.ResourceInvoker.<InvokeNextResourceFilter>g__Awaited|25_0(ResourceInvoker invoker, Task lastTask, State next, Scope scope, Object state, Boolean isCompleted)
   at Microsoft.AspNetCore.Mvc.Infrastructure.ResourceInvoker.Rethrow(ResourceExecutedContextSealed context)
   at Microsoft.AspNetCore.Mvc.Infrastructure.ResourceInvoker.Next(State& next, Scope& scope, Object& state, Boolean& isCompleted)
   at Microsoft.AspNetCore.Mvc.Infrastructure.ResourceInvoker.InvokeFilterPipelineAsync()
--- End of stack trace from previous location ---
   at Microsoft.AspNetCore.Mvc.Infrastructure.ResourceInvoker.<InvokeAsync>g__Logged|17_1(ResourceInvoker invoker)
   at Microsoft.AspNetCore.Mvc.Infrastructure.ResourceInvoker.<InvokeAsync>g__Logged|17_1(ResourceInvoker invoker)
   at Microsoft.AspNetCore.Routing.EndpointMiddleware.<Invoke>g__AwaitRequestTask|6_0(Endpoint endpoint, Task requestTask, ILogger logger)
   at Microsoft.AspNetCore.Session.SessionMiddleware.Invoke(HttpContext context)
   at Microsoft.AspNetCore.Session.SessionMiddleware.Invoke(HttpContext context)
   at Microsoft.AspNetCore.Authorization.AuthorizationMiddleware.Invoke(HttpContext context)
   at Microsoft.AspNetCore.Authentication.AuthenticationMiddleware.Invoke(HttpContext context)
   at Microsoft.AspNetCore.Diagnostics.DeveloperExceptionPageMiddlewareImpl.Invoke(HttpContext context)
2023-04-20 11:57:28.794 +05:30 [INF] Sending file. Request path: '/favicon.ico'. Physical path: 'C:\Users\skart\ELMSApplication\wwwroot\favicon.ico'
2023-04-20 11:57:28.795 +05:30 [INF] Request finished HTTP/1.1 GET http://localhost:5279/favicon.ico - - - 200 5430 image/x-icon 220.1166ms
2023-04-20 11:57:29.181 +05:30 [INF] Request finished HTTP/1.1 GET http://localhost:5279/Leave/Index - - - 500 - text/html;+charset=utf-8 1144.1043ms
2023-04-20 11:57:29.389 +05:30 [INF] Request starting HTTP/1.1 GET http://localhost:5279/_framework/aspnetcore-browser-refresh.js - -
2023-04-20 11:57:29.389 +05:30 [INF] Request finished HTTP/1.1 GET http://localhost:5279/_framework/aspnetcore-browser-refresh.js - - - 200 11966 application/javascript;+charset=utf-8 0.3640ms
2023-04-20 11:58:26.037 +05:30 [INF] Request starting HTTP/1.1 GET http://localhost:5279/Leave/Index - -
2023-04-20 11:58:26.038 +05:30 [INF] Request starting HTTP/1.1 GET http://localhost:5279/ - -
2023-04-20 11:58:26.038 +05:30 [INF] Executing endpoint 'ELMSApplication.Controllers.LeaveController.Index (ELMSApplication)'
2023-04-20 11:58:26.038 +05:30 [INF] Executing endpoint 'ELMSApplication.Controllers.HomeController.Index (ELMSApplication)'
2023-04-20 11:58:26.039 +05:30 [INF] Route matched with {action = "Index", controller = "Home"}. Executing controller action with signature Microsoft.AspNetCore.Mvc.IActionResult Index() on controller ELMSApplication.Controllers.HomeController (ELMSApplication).
2023-04-20 11:58:26.040 +05:30 [INF] Executing ViewResult, running view Index.
2023-04-20 11:58:26.044 +05:30 [INF] Route matched with {action = "Index", controller = "Leave"}. Executing controller action with signature System.Threading.Tasks.Task`1[Microsoft.AspNetCore.Mvc.IActionResult] Index() on controller ELMSApplication.Controllers.LeaveController (ELMSApplication).
2023-04-20 11:58:26.044 +05:30 [INF] Accessing expired session, Key:31eda97c-cb9d-7040-bc23-359b57fb50e4
2023-04-20 11:58:26.046 +05:30 [INF] Executed action ELMSApplication.Controllers.LeaveController.Index (ELMSApplication) in 2.1463ms
2023-04-20 11:58:26.046 +05:30 [INF] Executed endpoint 'ELMSApplication.Controllers.LeaveController.Index (ELMSApplication)'
2023-04-20 11:58:26.055 +05:30 [ERR] An unhandled exception has occurred while executing the request.
System.NullReferenceException: Object reference not set to an instance of an object.
   at ELMSApplication.Controllers.LeaveController.Index()
   at Microsoft.AspNetCore.Mvc.Infrastructure.ActionMethodExecutor.TaskOfIActionResultExecutor.Execute(ActionContext actionContext, IActionResultTypeMapper mapper, ObjectMethodExecutor executor, Object controller, Object[] arguments)
   at Microsoft.AspNetCore.Mvc.Infrastructure.ControllerActionInvoker.<InvokeActionMethodAsync>g__Awaited|12_0(ControllerActionInvoker invoker, ValueTask`1 actionResultValueTask)
   at Microsoft.AspNetCore.Mvc.Infrastructure.ControllerActionInvoker.<InvokeNextActionFilterAsync>g__Awaited|10_0(ControllerActionInvoker invoker, Task lastTask, State next, Scope scope, Object state, Boolean isCompleted)
   at Microsoft.AspNetCore.Mvc.Infrastructure.ControllerActionInvoker.Rethrow(ActionExecutedContextSealed context)
   at Microsoft.AspNetCore.Mvc.Infrastructure.ControllerActionInvoker.Next(State& next, Scope& scope, Object& state, Boolean& isCompleted)
   at Microsoft.AspNetCore.Mvc.Infrastructure.ControllerActionInvoker.InvokeInnerFilterAsync()
--- End of stack trace from previous location ---
   at Microsoft.AspNetCore.Mvc.Infrastructure.ResourceInvoker.<InvokeNextResourceFilter>g__Awaited|25_0(ResourceInvoker invoker, Task lastTask, State next, Scope scope, Object state, Boolean isCompleted)
   at Microsoft.AspNetCore.Mvc.Infrastructure.ResourceInvoker.Rethrow(ResourceExecutedContextSealed context)
   at Microsoft.AspNetCore.Mvc.Infrastructure.ResourceInvoker.Next(State& next, Scope& scope, Object& state, Boolean& isCompleted)
   at Microsoft.AspNetCore.Mvc.Infrastructure.ResourceInvoker.InvokeFilterPipelineAsync()
--- End of stack trace from previous location ---
   at Microsoft.AspNetCore.Mvc.Infrastructure.ResourceInvoker.<InvokeAsync>g__Logged|17_1(ResourceInvoker invoker)
   at Microsoft.AspNetCore.Mvc.Infrastructure.ResourceInvoker.<InvokeAsync>g__Logged|17_1(ResourceInvoker invoker)
   at Microsoft.AspNetCore.Routing.EndpointMiddleware.<Invoke>g__AwaitRequestTask|6_0(Endpoint endpoint, Task requestTask, ILogger logger)
   at Microsoft.AspNetCore.Session.SessionMiddleware.Invoke(HttpContext context)
   at Microsoft.AspNetCore.Session.SessionMiddleware.Invoke(HttpContext context)
   at Microsoft.AspNetCore.Authorization.AuthorizationMiddleware.Invoke(HttpContext context)
   at Microsoft.AspNetCore.Authentication.AuthenticationMiddleware.Invoke(HttpContext context)
   at Microsoft.AspNetCore.Diagnostics.DeveloperExceptionPageMiddlewareImpl.Invoke(HttpContext context)
2023-04-20 11:58:26.063 +05:30 [INF] Request finished HTTP/1.1 GET http://localhost:5279/Leave/Index - - - 500 - text/html;+charset=utf-8 26.0492ms
2023-04-20 11:58:26.073 +05:30 [INF] Executed ViewResult - view Index executed in 34.3667ms.
2023-04-20 11:58:26.073 +05:30 [INF] Executed action ELMSApplication.Controllers.HomeController.Index (ELMSApplication) in 34.5535ms
2023-04-20 11:58:26.073 +05:30 [INF] Executed endpoint 'ELMSApplication.Controllers.HomeController.Index (ELMSApplication)'
2023-04-20 11:58:26.073 +05:30 [INF] Request finished HTTP/1.1 GET http://localhost:5279/ - - - 200 - text/html;+charset=utf-8 35.9031ms
2023-04-20 11:58:26.137 +05:30 [INF] Request starting HTTP/1.1 GET http://localhost:5279/_framework/aspnetcore-browser-refresh.js - -
2023-04-20 11:58:26.137 +05:30 [INF] Request finished HTTP/1.1 GET http://localhost:5279/_framework/aspnetcore-browser-refresh.js - - - 200 11966 application/javascript;+charset=utf-8 0.1543ms
2023-04-20 11:58:26.140 +05:30 [INF] Request starting HTTP/1.1 GET http://localhost:5279/ELMSApplication.styles.css?v=TO55c5p6gIvc-K67sCupy3rmL7OHj1w_leNmIwQ5SYU - -
2023-04-20 11:58:26.140 +05:30 [INF] The file /ELMSApplication.styles.css was not modified
2023-04-20 11:58:26.140 +05:30 [INF] Request finished HTTP/1.1 GET http://localhost:5279/ELMSApplication.styles.css?v=TO55c5p6gIvc-K67sCupy3rmL7OHj1w_leNmIwQ5SYU - - - 304 - text/css 0.4537ms
2023-04-20 11:58:26.189 +05:30 [INF] Request starting HTTP/1.1 GET http://localhost:5279/_framework/aspnetcore-browser-refresh.js - -
2023-04-20 11:58:26.189 +05:30 [INF] Request finished HTTP/1.1 GET http://localhost:5279/_framework/aspnetcore-browser-refresh.js - - - 200 11966 application/javascript;+charset=utf-8 0.1480ms
2023-04-20 11:58:32.729 +05:30 [INF] Application is shutting down...
2023-04-20 12:01:41.874 +05:30 [INF] User profile is available. Using 'C:\Users\skart\AppData\Local\ASP.NET\DataProtection-Keys' as key repository and Windows DPAPI to encrypt keys at rest.
2023-04-20 12:01:42.268 +05:30 [INF] Now listening on: http://localhost:5279
2023-04-20 12:01:42.280 +05:30 [INF] Application started. Press Ctrl+C to shut down.
2023-04-20 12:01:42.280 +05:30 [INF] Hosting environment: Development
2023-04-20 12:01:42.280 +05:30 [INF] Content root path: C:\Users\skart\ELMSApplication
2023-04-20 12:01:44.872 +05:30 [INF] Request starting HTTP/1.1 GET http://localhost:5279/ - -
2023-04-20 12:01:45.409 +05:30 [WRN] Failed to determine the https port for redirect.
2023-04-20 12:01:45.465 +05:30 [INF] Executing endpoint 'ELMSApplication.Controllers.HomeController.Index (ELMSApplication)'
2023-04-20 12:01:45.666 +05:30 [INF] Route matched with {action = "Index", controller = "Home"}. Executing controller action with signature Microsoft.AspNetCore.Mvc.IActionResult Index() on controller ELMSApplication.Controllers.HomeController (ELMSApplication).
2023-04-20 12:01:45.682 +05:30 [INF] Executing ViewResult, running view Index.
2023-04-20 12:01:45.853 +05:30 [INF] Executed ViewResult - view Index executed in 176.9111ms.
2023-04-20 12:01:45.857 +05:30 [INF] Executed action ELMSApplication.Controllers.HomeController.Index (ELMSApplication) in 190.1787ms
2023-04-20 12:01:45.857 +05:30 [INF] Executed endpoint 'ELMSApplication.Controllers.HomeController.Index (ELMSApplication)'
2023-04-20 12:01:45.884 +05:30 [INF] Request finished HTTP/1.1 GET http://localhost:5279/ - - - 200 - text/html;+charset=utf-8 1013.0038ms
2023-04-20 12:01:45.890 +05:30 [INF] Request starting HTTP/1.1 GET http://localhost:5279/ELMSApplication.styles.css?v=o2_qsMhbGj8E9a2yUEBKBQWvaBXbWqzblTrp_OA3EXY - -
2023-04-20 12:01:45.902 +05:30 [INF] Sending file. Request path: '/ELMSApplication.styles.css'. Physical path: 'C:\Users\skart\ELMSApplication\obj\Debug\net7.0\scopedcss\bundle\ELMSApplication.styles.css'
2023-04-20 12:01:45.903 +05:30 [INF] Request finished HTTP/1.1 GET http://localhost:5279/ELMSApplication.styles.css?v=o2_qsMhbGj8E9a2yUEBKBQWvaBXbWqzblTrp_OA3EXY - - - 200 1729 text/css 12.9538ms
2023-04-20 12:01:46.615 +05:30 [INF] Request starting HTTP/1.1 GET http://localhost:5279/_framework/aspnetcore-browser-refresh.js - -
2023-04-20 12:01:46.625 +05:30 [INF] Request finished HTTP/1.1 GET http://localhost:5279/_framework/aspnetcore-browser-refresh.js - - - 200 11966 application/javascript;+charset=utf-8 10.2223ms
2023-04-20 12:08:52.525 +05:30 [INF] Request starting HTTP/1.1 GET http://localhost:5279/Employee/Login - -
2023-04-20 12:08:52.533 +05:30 [INF] Executing endpoint 'ELMSApplication.Controllers.EmployeeController.Login (ELMSApplication)'
2023-04-20 12:08:52.536 +05:30 [INF] Route matched with {action = "Login", controller = "Employee"}. Executing controller action with signature Microsoft.AspNetCore.Mvc.IActionResult Login() on controller ELMSApplication.Controllers.EmployeeController (ELMSApplication).
2023-04-20 12:08:54.188 +05:30 [INF] Executing ViewResult, running view Login.
2023-04-20 12:08:54.703 +05:30 [INF] Executed ViewResult - view Login executed in 519.3602ms.
2023-04-20 12:08:54.704 +05:30 [INF] Executed action ELMSApplication.Controllers.EmployeeController.Login (ELMSApplication) in 2167.4445ms
2023-04-20 12:08:54.704 +05:30 [INF] Executed endpoint 'ELMSApplication.Controllers.EmployeeController.Login (ELMSApplication)'
2023-04-20 12:08:54.746 +05:30 [INF] Request finished HTTP/1.1 GET http://localhost:5279/Employee/Login - - - 200 - text/html;+charset=utf-8 2220.6713ms
2023-04-20 12:08:54.787 +05:30 [INF] Request starting HTTP/1.1 GET http://localhost:5279/_framework/aspnetcore-browser-refresh.js - -
2023-04-20 12:08:54.788 +05:30 [INF] Request finished HTTP/1.1 GET http://localhost:5279/_framework/aspnetcore-browser-refresh.js - - - 200 11966 application/javascript;+charset=utf-8 1.0766ms
2023-04-20 12:08:54.789 +05:30 [INF] Request starting HTTP/1.1 GET http://localhost:5279/ELMSApplication.styles.css?v=o2_qsMhbGj8E9a2yUEBKBQWvaBXbWqzblTrp_OA3EXY - -
2023-04-20 12:08:54.830 +05:30 [INF] The file /ELMSApplication.styles.css was not modified
2023-04-20 12:08:54.830 +05:30 [INF] Request finished HTTP/1.1 GET http://localhost:5279/ELMSApplication.styles.css?v=o2_qsMhbGj8E9a2yUEBKBQWvaBXbWqzblTrp_OA3EXY - - - 304 - text/css 41.2591ms
2023-04-20 12:09:06.611 +05:30 [INF] Request starting HTTP/1.1 POST http://localhost:5279/Employee/Login application/x-www-form-urlencoded 218
2023-04-20 12:09:06.621 +05:30 [INF] Executing endpoint 'ELMSApplication.Controllers.EmployeeController.Login (ELMSApplication)'
2023-04-20 12:09:07.287 +05:30 [INF] Route matched with {action = "Login", controller = "Employee"}. Executing controller action with signature System.Threading.Tasks.Task`1[Microsoft.AspNetCore.Mvc.IActionResult] Login(ELMSApplication.Employee) on controller ELMSApplication.Controllers.EmployeeController (ELMSApplication).
2023-04-20 12:09:18.171 +05:30 [INF] Executed DbCommand (211ms) [Parameters=[@__employee_EmployeeId_0='?' (Size = 75), @__employee_Password_1='?' (Size = 75)], CommandType='"Text"', CommandTimeout='30']
SELECT TOP(1) [e].[Id], [e].[EmployeeId], [e].[EmployeeName], [e].[IsAdmin], [e].[Password]
FROM [Employee] AS [e]
WHERE [e].[EmployeeId] = @__employee_EmployeeId_0 AND [e].[Password] = @__employee_Password_1
2023-04-20 12:09:18.466 +05:30 [INF] Accessing expired session, Key:31eda97c-cb9d-7040-bc23-359b57fb50e4
2023-04-20 12:09:18.469 +05:30 [INF] Executing RedirectResult, redirecting to /Leave/Index.
2023-04-20 12:09:18.470 +05:30 [INF] Executed action ELMSApplication.Controllers.EmployeeController.Login (ELMSApplication) in 11182.5148ms
2023-04-20 12:09:18.470 +05:30 [INF] Executed endpoint 'ELMSApplication.Controllers.EmployeeController.Login (ELMSApplication)'
2023-04-20 12:09:18.494 +05:30 [INF] Session started; Key:31eda97c-cb9d-7040-bc23-359b57fb50e4, Id:0afe7b65-4210-479c-839e-4d76d5d9d1a9
2023-04-20 12:09:18.547 +05:30 [INF] Request finished HTTP/1.1 POST http://localhost:5279/Employee/Login application/x-www-form-urlencoded 218 - 302 0 - 11935.2907ms
2023-04-20 12:09:18.548 +05:30 [INF] Request starting HTTP/1.1 GET http://localhost:5279/Leave/Index - -
2023-04-20 12:09:18.549 +05:30 [INF] Executing endpoint 'ELMSApplication.Controllers.LeaveController.Index (ELMSApplication)'
2023-04-20 12:09:18.563 +05:30 [INF] Route matched with {action = "Index", controller = "Leave"}. Executing controller action with signature System.Threading.Tasks.Task`1[Microsoft.AspNetCore.Mvc.IActionResult] Index() on controller ELMSApplication.Controllers.LeaveController (ELMSApplication).
2023-04-20 12:09:18.977 +05:30 [INF] Executed DbCommand (128ms) [Parameters=[], CommandType='"Text"', CommandTimeout='30']
SELECT [l].[LeaveId], [l].[EmployeeId], [l].[EndDate], [l].[LeaveType], [l].[StartDate], [l].[Status]
FROM [Leave] AS [l]
2023-04-20 12:09:19.186 +05:30 [INF] Executing ViewResult, running view Index.
2023-04-20 12:09:19.542 +05:30 [INF] Executed ViewResult - view Index executed in 361.0231ms.
2023-04-20 12:09:19.546 +05:30 [INF] Executed action ELMSApplication.Controllers.LeaveController.Index (ELMSApplication) in 982.8353ms
2023-04-20 12:09:19.548 +05:30 [INF] Executed endpoint 'ELMSApplication.Controllers.LeaveController.Index (ELMSApplication)'
2023-04-20 12:09:19.572 +05:30 [INF] Request finished HTTP/1.1 GET http://localhost:5279/Leave/Index - - - 200 - text/html;+charset=utf-8 1024.2798ms
2023-04-20 12:09:19.610 +05:30 [INF] Request starting HTTP/1.1 GET http://localhost:5279/_framework/aspnetcore-browser-refresh.js - -
2023-04-20 12:09:19.611 +05:30 [INF] Request finished HTTP/1.1 GET http://localhost:5279/_framework/aspnetcore-browser-refresh.js - - - 200 11966 application/javascript;+charset=utf-8 0.3795ms
2023-04-20 12:09:41.517 +05:30 [INF] Application is shutting down...
