2023-05-18 09:15:54.649 +05:30 [INF] User profile is available. Using 'C:\Users\skart\AppData\Local\ASP.NET\DataProtection-Keys' as key repository and Windows DPAPI to encrypt keys at rest.
2023-05-18 09:15:54.760 +05:30 [INF] Now listening on: http://localhost:5279
2023-05-18 09:15:54.765 +05:30 [INF] Application started. Press Ctrl+C to shut down.
2023-05-18 09:15:54.765 +05:30 [INF] Hosting environment: Development
2023-05-18 09:15:54.765 +05:30 [INF] Content root path: C:\Users\skart\ELMSApplication\ELMSApplication
2023-05-18 09:16:01.714 +05:30 [INF] Request starting HTTP/1.1 GET http://localhost:5279/ - -
2023-05-18 09:16:01.751 +05:30 [WRN] Failed to determine the https port for redirect.
2023-05-18 09:16:01.811 +05:30 [INF] Executing endpoint 'ELMSApplication.Controllers.HomeController.Index (ELMSApplication)'
2023-05-18 09:16:01.831 +05:30 [INF] Route matched with {action = "Index", controller = "Home"}. Executing controller action with signature Microsoft.AspNetCore.Mvc.IActionResult Index() on controller ELMSApplication.Controllers.HomeController (ELMSApplication).
2023-05-18 09:16:01.847 +05:30 [INF] Executing ViewResult, running view Index.
2023-05-18 09:16:01.933 +05:30 [INF] Executed ViewResult - view Index executed in 86.5039ms.
2023-05-18 09:16:01.936 +05:30 [INF] Executed action ELMSApplication.Controllers.HomeController.Index (ELMSApplication) in 104.3043ms
2023-05-18 09:16:01.936 +05:30 [INF] Executed endpoint 'ELMSApplication.Controllers.HomeController.Index (ELMSApplication)'
2023-05-18 09:16:01.946 +05:30 [INF] Request finished HTTP/1.1 GET http://localhost:5279/ - - - 200 - text/html;+charset=utf-8 232.6394ms
2023-05-18 09:16:01.979 +05:30 [INF] Request starting HTTP/1.1 GET http://localhost:5279/Scripts/jquery.validate.min.js - -
2023-05-18 09:16:01.979 +05:30 [INF] Request starting HTTP/1.1 GET http://localhost:5279/Scripts/jquery.validate.unobtrusive.min.js - -
2023-05-18 09:16:01.981 +05:30 [INF] Request starting HTTP/1.1 GET http://localhost:5279/Scripts/jquery-3.6.0.min.js - -
2023-05-18 09:16:01.984 +05:30 [INF] Request finished HTTP/1.1 GET http://localhost:5279/Scripts/jquery.validate.unobtrusive.min.js - - - 404 0 - 4.9088ms
2023-05-18 09:16:01.984 +05:30 [INF] Request finished HTTP/1.1 GET http://localhost:5279/Scripts/jquery.validate.min.js - - - 404 0 - 4.9233ms
2023-05-18 09:16:01.985 +05:30 [INF] Request finished HTTP/1.1 GET http://localhost:5279/Scripts/jquery-3.6.0.min.js - - - 404 0 - 3.5089ms
2023-05-18 09:16:05.073 +05:30 [INF] Request starting HTTP/1.1 GET http://localhost:5279/Account/Login - -
2023-05-18 09:16:05.075 +05:30 [INF] Executing endpoint 'ELMSApplication.Controllers.AccountController.Login (ELMSApplication)'
2023-05-18 09:16:05.080 +05:30 [INF] Route matched with {action = "Login", controller = "Account"}. Executing controller action with signature Microsoft.AspNetCore.Mvc.IActionResult Login() on controller ELMSApplication.Controllers.AccountController (ELMSApplication).
2023-05-18 09:16:05.083 +05:30 [INF] Executing ViewResult, running view Login.
2023-05-18 09:16:05.495 +05:30 [INF] Executed ViewResult - view Login executed in 413.5821ms.
2023-05-18 09:16:05.495 +05:30 [INF] Executed action ELMSApplication.Controllers.AccountController.Login (ELMSApplication) in 415.4027ms
2023-05-18 09:16:05.495 +05:30 [INF] Executed endpoint 'ELMSApplication.Controllers.AccountController.Login (ELMSApplication)'
2023-05-18 09:16:05.496 +05:30 [INF] Request finished HTTP/1.1 GET http://localhost:5279/Account/Login - - - 200 - text/html;+charset=utf-8 422.6122ms
2023-05-18 09:16:05.512 +05:30 [INF] Request starting HTTP/1.1 GET http://localhost:5279/Scripts/jquery-3.6.0.min.js - -
2023-05-18 09:16:05.515 +05:30 [INF] Request starting HTTP/1.1 GET http://localhost:5279/Scripts/jquery.validate.min.js - -
2023-05-18 09:16:05.515 +05:30 [INF] Request finished HTTP/1.1 GET http://localhost:5279/Scripts/jquery-3.6.0.min.js - - - 404 0 - 3.1273ms
2023-05-18 09:16:05.515 +05:30 [INF] Request starting HTTP/1.1 GET http://localhost:5279/Scripts/jquery.validate.unobtrusive.min.js - -
2023-05-18 09:16:05.516 +05:30 [INF] Request finished HTTP/1.1 GET http://localhost:5279/Scripts/jquery.validate.unobtrusive.min.js - - - 404 0 - 0.9293ms
2023-05-18 09:16:05.517 +05:30 [INF] Request finished HTTP/1.1 GET http://localhost:5279/Scripts/jquery.validate.min.js - - - 404 0 - 1.7649ms
2023-05-18 09:16:21.006 +05:30 [INF] Request starting HTTP/1.1 POST http://localhost:5279/Account/Login application/x-www-form-urlencoded 257
2023-05-18 09:16:21.007 +05:30 [INF] Executing endpoint 'ELMSApplication.Controllers.AccountController.Login (ELMSApplication)'
2023-05-18 09:16:21.363 +05:30 [INF] Route matched with {action = "Login", controller = "Account"}. Executing controller action with signature System.Threading.Tasks.Task`1[Microsoft.AspNetCore.Mvc.ActionResult] Login(ELMSApplication.Employee) on controller ELMSApplication.Controllers.AccountController (ELMSApplication).
2023-05-18 09:16:23.188 +05:30 [INF] AuthenticationScheme: Cookies signed in.
2023-05-18 09:16:23.190 +05:30 [INF] Executing RedirectResult, redirecting to /Leave.
2023-05-18 09:16:23.191 +05:30 [INF] Executed action ELMSApplication.Controllers.AccountController.Login (ELMSApplication) in 1827.4881ms
2023-05-18 09:16:23.191 +05:30 [INF] Executed endpoint 'ELMSApplication.Controllers.AccountController.Login (ELMSApplication)'
2023-05-18 09:16:23.201 +05:30 [INF] Session started; Key:1072dbbd-5e0d-2f42-7959-8e9f77095963, Id:dd1b6974-3ef2-cd12-cd33-06908427af85
2023-05-18 09:16:23.205 +05:30 [INF] Request finished HTTP/1.1 POST http://localhost:5279/Account/Login application/x-www-form-urlencoded 257 - 302 0 - 2199.3315ms
2023-05-18 09:16:23.212 +05:30 [INF] Request starting HTTP/1.1 GET http://localhost:5279/Leave - -
2023-05-18 09:16:23.240 +05:30 [INF] Executing endpoint 'ELMSApplication.Controllers.LeaveController.Index (ELMSApplication)'
2023-05-18 09:16:23.252 +05:30 [INF] Route matched with {action = "Index", controller = "Leave"}. Executing controller action with signature System.Threading.Tasks.Task`1[Microsoft.AspNetCore.Mvc.IActionResult] Index() on controller ELMSApplication.Controllers.LeaveController (ELMSApplication).
2023-05-18 09:16:33.012 +05:30 [INF] Executed DbCommand (267ms) [Parameters=[@__employeeId_0='?' (Size = 6)], CommandType='"Text"', CommandTimeout='30']
SELECT [l].[LeaveId], [l].[EmployeeId], [l].[EndDate], [l].[LeaveType], [l].[StartDate], [l].[Status]
FROM [Leave] AS [l]
WHERE [l].[EmployeeId] = @__employeeId_0
2023-05-18 09:16:33.112 +05:30 [INF] Executing ViewResult, running view Index.
2023-05-18 09:16:33.402 +05:30 [INF] Executed ViewResult - view Index executed in 291.313ms.
2023-05-18 09:16:33.406 +05:30 [INF] Executed action ELMSApplication.Controllers.LeaveController.Index (ELMSApplication) in 10153.5553ms
2023-05-18 09:16:33.408 +05:30 [INF] Executed endpoint 'ELMSApplication.Controllers.LeaveController.Index (ELMSApplication)'
2023-05-18 09:16:33.448 +05:30 [INF] Request starting HTTP/1.1 GET http://localhost:5279/Scripts/jquery.validate.min.js - -
2023-05-18 09:16:33.453 +05:30 [INF] Request finished HTTP/1.1 GET http://localhost:5279/Scripts/jquery.validate.min.js - - - 404 0 - 4.3769ms
2023-05-18 09:16:33.454 +05:30 [INF] Request starting HTTP/1.1 GET http://localhost:5279/Scripts/jquery.validate.unobtrusive.min.js - -
2023-05-18 09:16:33.455 +05:30 [INF] Request finished HTTP/1.1 GET http://localhost:5279/Scripts/jquery.validate.unobtrusive.min.js - - - 404 0 - 1.5652ms
2023-05-18 09:16:33.467 +05:30 [INF] Request finished HTTP/1.1 GET http://localhost:5279/Leave - - - 200 - text/html;+charset=utf-8 10254.7514ms
2023-05-18 09:16:33.468 +05:30 [INF] Request starting HTTP/1.1 GET http://localhost:5279/Scripts/jquery-3.6.0.min.js - -
2023-05-18 09:16:33.468 +05:30 [INF] Request finished HTTP/1.1 GET http://localhost:5279/Scripts/jquery-3.6.0.min.js - - - 404 0 - 0.6030ms
2023-05-18 09:16:36.401 +05:30 [INF] Request starting HTTP/1.1 GET http://localhost:5279/Leave/Create - -
2023-05-18 09:16:36.413 +05:30 [INF] Executing endpoint 'ELMSApplication.Controllers.LeaveController.Create (ELMSApplication)'
2023-05-18 09:16:36.415 +05:30 [INF] Route matched with {action = "Create", controller = "Leave"}. Executing controller action with signature Microsoft.AspNetCore.Mvc.IActionResult Create() on controller ELMSApplication.Controllers.LeaveController (ELMSApplication).
2023-05-18 09:16:36.417 +05:30 [INF] Executing ViewResult, running view Create.
2023-05-18 09:16:36.453 +05:30 [INF] Executed ViewResult - view Create executed in 37.0877ms.
2023-05-18 09:16:36.453 +05:30 [INF] Executed action ELMSApplication.Controllers.LeaveController.Create (ELMSApplication) in 38.4873ms
2023-05-18 09:16:36.453 +05:30 [INF] Executed endpoint 'ELMSApplication.Controllers.LeaveController.Create (ELMSApplication)'
2023-05-18 09:16:36.454 +05:30 [INF] Request finished HTTP/1.1 GET http://localhost:5279/Leave/Create - - - 200 - text/html;+charset=utf-8 52.3835ms
2023-05-18 09:16:36.477 +05:30 [INF] Request starting HTTP/1.1 GET http://localhost:5279/Scripts/jquery-3.6.0.min.js - -
2023-05-18 09:16:36.478 +05:30 [INF] Request starting HTTP/1.1 GET http://localhost:5279/Scripts/jquery.validate.min.js - -
2023-05-18 09:16:36.481 +05:30 [INF] Request finished HTTP/1.1 GET http://localhost:5279/Scripts/jquery-3.6.0.min.js - - - 404 0 - 3.9097ms
2023-05-18 09:16:36.481 +05:30 [INF] Request starting HTTP/1.1 GET http://localhost:5279/Scripts/jquery.validate.unobtrusive.min.js - -
2023-05-18 09:16:36.482 +05:30 [INF] Request finished HTTP/1.1 GET http://localhost:5279/Scripts/jquery.validate.min.js - - - 404 0 - 3.9547ms
2023-05-18 09:16:36.482 +05:30 [INF] Request finished HTTP/1.1 GET http://localhost:5279/Scripts/jquery.validate.unobtrusive.min.js - - - 404 0 - 1.1451ms
2023-05-18 09:16:52.694 +05:30 [INF] Request starting HTTP/1.1 POST http://localhost:5279/Leave/Create application/x-www-form-urlencoded 377
2023-05-18 09:16:52.700 +05:30 [INF] Executing endpoint 'ELMSApplication.Controllers.LeaveController.Create (ELMSApplication)'
2023-05-18 09:16:52.707 +05:30 [INF] Route matched with {action = "Create", controller = "Leave"}. Executing controller action with signature System.Threading.Tasks.Task`1[Microsoft.AspNetCore.Mvc.IActionResult] Create(ELMSApplication.Leave) on controller ELMSApplication.Controllers.LeaveController (ELMSApplication).
2023-05-18 09:16:53.394 +05:30 [INF] Executed DbCommand (47ms) [Parameters=[@p0='?' (Size = 6), @p1='?' (DbType = DateTime2), @p2='?' (Size = 75), @p3='?' (DbType = DateTime2), @p4='?' (Size = 75)], CommandType='"Text"', CommandTimeout='30']
SET IMPLICIT_TRANSACTIONS OFF;
SET NOCOUNT ON;
INSERT INTO [Leave] ([EmployeeId], [EndDate], [LeaveType], [StartDate], [Status])
OUTPUT INSERTED.[LeaveId]
VALUES (@p0, @p1, @p2, @p3, @p4);
2023-05-18 09:16:53.509 +05:30 [INF] Executing RedirectResult, redirecting to /Leave.
2023-05-18 09:16:53.510 +05:30 [INF] Executed action ELMSApplication.Controllers.LeaveController.Create (ELMSApplication) in 803.5303ms
2023-05-18 09:16:53.510 +05:30 [INF] Executed endpoint 'ELMSApplication.Controllers.LeaveController.Create (ELMSApplication)'
2023-05-18 09:16:53.511 +05:30 [INF] Request finished HTTP/1.1 POST http://localhost:5279/Leave/Create application/x-www-form-urlencoded 377 - 302 0 - 816.9498ms
2023-05-18 09:16:53.513 +05:30 [INF] Request starting HTTP/1.1 GET http://localhost:5279/Leave - -
2023-05-18 09:16:53.513 +05:30 [INF] Executing endpoint 'ELMSApplication.Controllers.LeaveController.Index (ELMSApplication)'
2023-05-18 09:16:53.513 +05:30 [INF] Route matched with {action = "Index", controller = "Leave"}. Executing controller action with signature System.Threading.Tasks.Task`1[Microsoft.AspNetCore.Mvc.IActionResult] Index() on controller ELMSApplication.Controllers.LeaveController (ELMSApplication).
2023-05-18 09:16:53.619 +05:30 [INF] Executed DbCommand (36ms) [Parameters=[@__employeeId_0='?' (Size = 6)], CommandType='"Text"', CommandTimeout='30']
SELECT [l].[LeaveId], [l].[EmployeeId], [l].[EndDate], [l].[LeaveType], [l].[StartDate], [l].[Status]
FROM [Leave] AS [l]
WHERE [l].[EmployeeId] = @__employeeId_0
2023-05-18 09:16:53.621 +05:30 [INF] Executing ViewResult, running view Index.
2023-05-18 09:16:53.639 +05:30 [INF] Executed ViewResult - view Index executed in 19.3567ms.
2023-05-18 09:16:53.640 +05:30 [INF] Executed action ELMSApplication.Controllers.LeaveController.Index (ELMSApplication) in 126.233ms
2023-05-18 09:16:53.640 +05:30 [INF] Executed endpoint 'ELMSApplication.Controllers.LeaveController.Index (ELMSApplication)'
2023-05-18 09:16:53.640 +05:30 [INF] Request finished HTTP/1.1 GET http://localhost:5279/Leave - - - 200 - text/html;+charset=utf-8 126.9459ms
2023-05-18 09:16:53.657 +05:30 [INF] Request starting HTTP/1.1 GET http://localhost:5279/Scripts/jquery-3.6.0.min.js - -
2023-05-18 09:16:53.661 +05:30 [INF] Request starting HTTP/1.1 GET http://localhost:5279/Scripts/jquery.validate.min.js - -
2023-05-18 09:16:53.661 +05:30 [INF] Request finished HTTP/1.1 GET http://localhost:5279/Scripts/jquery-3.6.0.min.js - - - 404 0 - 3.3734ms
2023-05-18 09:16:53.661 +05:30 [INF] Request starting HTTP/1.1 GET http://localhost:5279/Scripts/jquery.validate.unobtrusive.min.js - -
2023-05-18 09:16:53.662 +05:30 [INF] Request finished HTTP/1.1 GET http://localhost:5279/Scripts/jquery.validate.min.js - - - 404 0 - 1.5197ms
2023-05-18 09:16:53.662 +05:30 [INF] Request finished HTTP/1.1 GET http://localhost:5279/Scripts/jquery.validate.unobtrusive.min.js - - - 404 0 - 1.3097ms
2023-05-18 11:13:00.644 +05:30 [INF] User profile is available. Using 'C:\Users\skart\AppData\Local\ASP.NET\DataProtection-Keys' as key repository and Windows DPAPI to encrypt keys at rest.
2023-05-18 11:13:00.800 +05:30 [INF] Now listening on: http://localhost:5279
2023-05-18 11:13:00.807 +05:30 [INF] Application started. Press Ctrl+C to shut down.
2023-05-18 11:13:00.807 +05:30 [INF] Hosting environment: Development
2023-05-18 11:13:00.807 +05:30 [INF] Content root path: C:\Users\skart\ELMSApplication\ELMSApplication
2023-05-18 11:13:23.927 +05:30 [INF] Request starting HTTP/1.1 GET http://localhost:5279/ - -
2023-05-18 11:13:24.715 +05:30 [WRN] Failed to determine the https port for redirect.
2023-05-18 11:13:24.916 +05:30 [INF] Executing endpoint 'ELMSApplication.Controllers.HomeController.Index (ELMSApplication)'
2023-05-18 11:13:25.357 +05:30 [INF] Route matched with {action = "Index", controller = "Home"}. Executing controller action with signature Microsoft.AspNetCore.Mvc.IActionResult Index() on controller ELMSApplication.Controllers.HomeController (ELMSApplication).
2023-05-18 11:13:25.768 +05:30 [INF] Executing ViewResult, running view Index.
2023-05-18 11:13:26.253 +05:30 [INF] Executed ViewResult - view Index executed in 507.0354ms.
2023-05-18 11:13:26.258 +05:30 [INF] Executed action ELMSApplication.Controllers.HomeController.Index (ELMSApplication) in 899.8968ms
2023-05-18 11:13:26.258 +05:30 [INF] Executed endpoint 'ELMSApplication.Controllers.HomeController.Index (ELMSApplication)'
2023-05-18 11:13:26.272 +05:30 [INF] Request finished HTTP/1.1 GET http://localhost:5279/ - - - 200 - text/html;+charset=utf-8 2351.8712ms
2023-05-18 11:13:26.614 +05:30 [INF] Request starting HTTP/1.1 GET http://localhost:5279/Scripts/jquery.validate.min.js - -
2023-05-18 11:13:26.614 +05:30 [INF] Request starting HTTP/1.1 GET http://localhost:5279/Scripts/jquery.validate.unobtrusive.min.js - -
2023-05-18 11:13:26.617 +05:30 [INF] Request starting HTTP/1.1 GET http://localhost:5279/Scripts/jquery-3.6.0.min.js - -
2023-05-18 11:13:26.620 +05:30 [INF] Request finished HTTP/1.1 GET http://localhost:5279/Scripts/jquery.validate.min.js - - - 404 0 - 5.1133ms
2023-05-18 11:13:26.620 +05:30 [INF] Request finished HTTP/1.1 GET http://localhost:5279/Scripts/jquery.validate.unobtrusive.min.js - - - 404 0 - 5.1088ms
2023-05-18 11:13:26.702 +05:30 [INF] Request finished HTTP/1.1 GET http://localhost:5279/Scripts/jquery-3.6.0.min.js - - - 404 0 - 84.9636ms
2023-05-18 11:13:26.718 +05:30 [INF] Request starting HTTP/1.1 GET http://localhost:5279/_framework/aspnetcore-browser-refresh.js - -
2023-05-18 11:13:26.727 +05:30 [INF] Request finished HTTP/1.1 GET http://localhost:5279/_framework/aspnetcore-browser-refresh.js - - - 200 11966 application/javascript;+charset=utf-8 9.3646ms
2023-05-18 11:15:44.985 +05:30 [INF] Request starting HTTP/1.1 GET http://localhost:5279/Account/Login - -
2023-05-18 11:15:44.986 +05:30 [INF] Executing endpoint 'ELMSApplication.Controllers.AccountController.Login (ELMSApplication)'
2023-05-18 11:15:44.990 +05:30 [INF] Route matched with {action = "Login", controller = "Account"}. Executing controller action with signature Microsoft.AspNetCore.Mvc.IActionResult Login() on controller ELMSApplication.Controllers.AccountController (ELMSApplication).
2023-05-18 11:15:44.994 +05:30 [INF] Executing ViewResult, running view Login.
2023-05-18 11:15:45.135 +05:30 [INF] Executed ViewResult - view Login executed in 142.4922ms.
2023-05-18 11:15:45.136 +05:30 [INF] Executed action ELMSApplication.Controllers.AccountController.Login (ELMSApplication) in 145.7274ms
2023-05-18 11:15:45.136 +05:30 [INF] Executed endpoint 'ELMSApplication.Controllers.AccountController.Login (ELMSApplication)'
2023-05-18 11:15:45.137 +05:30 [INF] Request finished HTTP/1.1 GET http://localhost:5279/Account/Login - - - 200 - text/html;+charset=utf-8 152.0139ms
2023-05-18 11:15:45.201 +05:30 [INF] Request starting HTTP/1.1 GET http://localhost:5279/Scripts/jquery.validate.min.js - -
2023-05-18 11:15:45.201 +05:30 [INF] Request starting HTTP/1.1 GET http://localhost:5279/Scripts/jquery-3.6.0.min.js - -
2023-05-18 11:15:45.204 +05:30 [INF] Request finished HTTP/1.1 GET http://localhost:5279/Scripts/jquery-3.6.0.min.js - - - 404 0 - 2.2838ms
2023-05-18 11:15:45.204 +05:30 [INF] Request finished HTTP/1.1 GET http://localhost:5279/Scripts/jquery.validate.min.js - - - 404 0 - 2.4654ms
2023-05-18 11:15:45.204 +05:30 [INF] Request starting HTTP/1.1 GET http://localhost:5279/Scripts/jquery.validate.unobtrusive.min.js - -
2023-05-18 11:15:45.205 +05:30 [INF] Request finished HTTP/1.1 GET http://localhost:5279/Scripts/jquery.validate.unobtrusive.min.js - - - 404 0 - 0.9771ms
2023-05-18 11:15:45.214 +05:30 [INF] Request starting HTTP/1.1 GET http://localhost:5279/_framework/aspnetcore-browser-refresh.js - -
2023-05-18 11:15:45.214 +05:30 [INF] Request finished HTTP/1.1 GET http://localhost:5279/_framework/aspnetcore-browser-refresh.js - - - 200 11966 application/javascript;+charset=utf-8 0.4824ms
2023-05-18 11:21:58.526 +05:30 [INF] Request starting HTTP/1.1 POST http://localhost:5279/Account/Login application/x-www-form-urlencoded 257
2023-05-18 11:21:58.528 +05:30 [INF] Executing endpoint 'ELMSApplication.Controllers.AccountController.Login (ELMSApplication)'
2023-05-18 11:21:58.831 +05:30 [INF] Route matched with {action = "Login", controller = "Account"}. Executing controller action with signature System.Threading.Tasks.Task`1[Microsoft.AspNetCore.Mvc.ActionResult] Login(ELMSApplication.Employee) on controller ELMSApplication.Controllers.AccountController (ELMSApplication).
2023-05-18 11:21:59.962 +05:30 [INF] AuthenticationScheme: Cookies signed in.
2023-05-18 11:21:59.980 +05:30 [INF] Executing RedirectResult, redirecting to /Leave.
2023-05-18 11:21:59.980 +05:30 [INF] Executed action ELMSApplication.Controllers.AccountController.Login (ELMSApplication) in 1148.4584ms
2023-05-18 11:21:59.980 +05:30 [INF] Executed endpoint 'ELMSApplication.Controllers.AccountController.Login (ELMSApplication)'
2023-05-18 11:21:59.990 +05:30 [INF] Session started; Key:6be6c386-6d7f-a296-5cfa-d4d5e4166480, Id:d2f64efc-8921-482e-22fc-83f3bc061b04
2023-05-18 11:21:59.993 +05:30 [INF] Request finished HTTP/1.1 POST http://localhost:5279/Account/Login application/x-www-form-urlencoded 257 - 302 0 - 1466.3915ms
2023-05-18 11:22:00.001 +05:30 [INF] Request starting HTTP/1.1 GET http://localhost:5279/Leave - -
2023-05-18 11:22:00.030 +05:30 [INF] Executing endpoint 'ELMSApplication.Controllers.LeaveController.Index (ELMSApplication)'
2023-05-18 11:22:00.042 +05:30 [INF] Route matched with {action = "Index", controller = "Leave"}. Executing controller action with signature System.Threading.Tasks.Task`1[Microsoft.AspNetCore.Mvc.IActionResult] Index() on controller ELMSApplication.Controllers.LeaveController (ELMSApplication).
2023-05-18 11:22:06.990 +05:30 [INF] Executed DbCommand (200ms) [Parameters=[@__employeeId_0='?' (Size = 6)], CommandType='"Text"', CommandTimeout='30']
SELECT [l].[LeaveId], [l].[EmployeeId], [l].[EndDate], [l].[LeaveType], [l].[StartDate], [l].[Status]
FROM [Leave] AS [l]
WHERE [l].[EmployeeId] = @__employeeId_0
2023-05-18 11:22:07.088 +05:30 [INF] Executing ViewResult, running view Index.
2023-05-18 11:22:07.210 +05:30 [INF] Executed ViewResult - view Index executed in 124.1351ms.
2023-05-18 11:22:07.211 +05:30 [INF] Executed action ELMSApplication.Controllers.LeaveController.Index (ELMSApplication) in 7168.7619ms
2023-05-18 11:22:07.213 +05:30 [INF] Executed endpoint 'ELMSApplication.Controllers.LeaveController.Index (ELMSApplication)'
2023-05-18 11:22:07.243 +05:30 [INF] Request starting HTTP/1.1 GET http://localhost:5279/Scripts/jquery.validate.min.js - -
2023-05-18 11:22:07.244 +05:30 [INF] Request starting HTTP/1.1 GET http://localhost:5279/Scripts/jquery.validate.unobtrusive.min.js - -
2023-05-18 11:22:07.245 +05:30 [INF] Request finished HTTP/1.1 GET http://localhost:5279/Scripts/jquery.validate.min.js - - - 404 0 - 1.6412ms
2023-05-18 11:22:07.245 +05:30 [INF] Request finished HTTP/1.1 GET http://localhost:5279/Scripts/jquery.validate.unobtrusive.min.js - - - 404 0 - 0.8359ms
2023-05-18 11:22:07.248 +05:30 [INF] Request finished HTTP/1.1 GET http://localhost:5279/Leave - - - 200 - text/html;+charset=utf-8 7247.6153ms
2023-05-18 11:22:07.248 +05:30 [INF] Request starting HTTP/1.1 GET http://localhost:5279/Scripts/jquery-3.6.0.min.js - -
2023-05-18 11:22:07.250 +05:30 [INF] Request finished HTTP/1.1 GET http://localhost:5279/Scripts/jquery-3.6.0.min.js - - - 404 0 - 0.9394ms
2023-05-18 11:22:07.251 +05:30 [INF] Request starting HTTP/1.1 GET http://localhost:5279/_framework/aspnetcore-browser-refresh.js - -
2023-05-18 11:22:07.251 +05:30 [INF] Request finished HTTP/1.1 GET http://localhost:5279/_framework/aspnetcore-browser-refresh.js - - - 200 11966 application/javascript;+charset=utf-8 0.2211ms
2023-05-18 11:22:54.476 +05:30 [INF] Request starting HTTP/1.1 GET http://localhost:5279/Leave/Create - -
2023-05-18 11:22:54.485 +05:30 [INF] Executing endpoint 'ELMSApplication.Controllers.LeaveController.Create (ELMSApplication)'
2023-05-18 11:22:54.486 +05:30 [INF] Route matched with {action = "Create", controller = "Leave"}. Executing controller action with signature Microsoft.AspNetCore.Mvc.IActionResult Create() on controller ELMSApplication.Controllers.LeaveController (ELMSApplication).
2023-05-18 11:22:54.489 +05:30 [INF] Executing ViewResult, running view Create.
2023-05-18 11:22:54.568 +05:30 [INF] Executed ViewResult - view Create executed in 79.8011ms.
2023-05-18 11:22:54.568 +05:30 [INF] Executed action ELMSApplication.Controllers.LeaveController.Create (ELMSApplication) in 81.877ms
2023-05-18 11:22:54.568 +05:30 [INF] Executed endpoint 'ELMSApplication.Controllers.LeaveController.Create (ELMSApplication)'
2023-05-18 11:22:54.568 +05:30 [INF] Request finished HTTP/1.1 GET http://localhost:5279/Leave/Create - - - 200 - text/html;+charset=utf-8 91.9858ms
2023-05-18 11:22:54.605 +05:30 [INF] Request starting HTTP/1.1 GET http://localhost:5279/Scripts/jquery-3.6.0.min.js - -
2023-05-18 11:22:54.607 +05:30 [INF] Request starting HTTP/1.1 GET http://localhost:5279/Scripts/jquery.validate.min.js - -
2023-05-18 11:22:54.608 +05:30 [INF] Request finished HTTP/1.1 GET http://localhost:5279/Scripts/jquery-3.6.0.min.js - - - 404 0 - 2.3746ms
2023-05-18 11:22:54.608 +05:30 [INF] Request finished HTTP/1.1 GET http://localhost:5279/Scripts/jquery.validate.min.js - - - 404 0 - 1.2964ms
2023-05-18 11:22:54.610 +05:30 [INF] Request starting HTTP/1.1 GET http://localhost:5279/Scripts/jquery.validate.unobtrusive.min.js - -
2023-05-18 11:22:54.611 +05:30 [INF] Request finished HTTP/1.1 GET http://localhost:5279/Scripts/jquery.validate.unobtrusive.min.js - - - 404 0 - 1.5709ms
2023-05-18 11:22:54.621 +05:30 [INF] Request starting HTTP/1.1 GET http://localhost:5279/_framework/aspnetcore-browser-refresh.js - -
2023-05-18 11:22:54.621 +05:30 [INF] Request finished HTTP/1.1 GET http://localhost:5279/_framework/aspnetcore-browser-refresh.js - - - 200 11966 application/javascript;+charset=utf-8 0.1824ms
2023-05-18 11:23:11.581 +05:30 [INF] Request starting HTTP/1.1 POST http://localhost:5279/Leave/Create application/x-www-form-urlencoded 369
2023-05-18 11:23:11.629 +05:30 [INF] Executing endpoint 'ELMSApplication.Controllers.LeaveController.Create (ELMSApplication)'
2023-05-18 11:23:11.647 +05:30 [INF] Route matched with {action = "Create", controller = "Leave"}. Executing controller action with signature System.Threading.Tasks.Task`1[Microsoft.AspNetCore.Mvc.IActionResult] Create(ELMSApplication.Leave) on controller ELMSApplication.Controllers.LeaveController (ELMSApplication).
2023-05-18 11:23:12.418 +05:30 [INF] Executed DbCommand (40ms) [Parameters=[@p0='?' (Size = 6), @p1='?' (DbType = DateTime2), @p2='?' (Size = 75), @p3='?' (DbType = DateTime2), @p4='?' (Size = 75)], CommandType='"Text"', CommandTimeout='30']
SET IMPLICIT_TRANSACTIONS OFF;
SET NOCOUNT ON;
INSERT INTO [Leave] ([EmployeeId], [EndDate], [LeaveType], [StartDate], [Status])
OUTPUT INSERTED.[LeaveId]
VALUES (@p0, @p1, @p2, @p3, @p4);
2023-05-18 11:23:12.513 +05:30 [INF] Executing RedirectResult, redirecting to /Leave.
2023-05-18 11:23:12.513 +05:30 [INF] Executed action ELMSApplication.Controllers.LeaveController.Create (ELMSApplication) in 866.6064ms
2023-05-18 11:23:12.513 +05:30 [INF] Executed endpoint 'ELMSApplication.Controllers.LeaveController.Create (ELMSApplication)'
2023-05-18 11:23:12.514 +05:30 [INF] Request finished HTTP/1.1 POST http://localhost:5279/Leave/Create application/x-www-form-urlencoded 369 - 302 0 - 932.6167ms
2023-05-18 11:23:12.517 +05:30 [INF] Request starting HTTP/1.1 GET http://localhost:5279/Leave - -
2023-05-18 11:23:12.517 +05:30 [INF] Executing endpoint 'ELMSApplication.Controllers.LeaveController.Index (ELMSApplication)'
2023-05-18 11:23:12.517 +05:30 [INF] Route matched with {action = "Index", controller = "Leave"}. Executing controller action with signature System.Threading.Tasks.Task`1[Microsoft.AspNetCore.Mvc.IActionResult] Index() on controller ELMSApplication.Controllers.LeaveController (ELMSApplication).
2023-05-18 11:23:12.594 +05:30 [INF] Executed DbCommand (2ms) [Parameters=[@__employeeId_0='?' (Size = 6)], CommandType='"Text"', CommandTimeout='30']
SELECT [l].[LeaveId], [l].[EmployeeId], [l].[EndDate], [l].[LeaveType], [l].[StartDate], [l].[Status]
FROM [Leave] AS [l]
WHERE [l].[EmployeeId] = @__employeeId_0
2023-05-18 11:23:12.597 +05:30 [INF] Executing ViewResult, running view Index.
2023-05-18 11:23:12.617 +05:30 [INF] Executed ViewResult - view Index executed in 20.9639ms.
2023-05-18 11:23:12.618 +05:30 [INF] Executed action ELMSApplication.Controllers.LeaveController.Index (ELMSApplication) in 100.0915ms
2023-05-18 11:23:12.618 +05:30 [INF] Executed endpoint 'ELMSApplication.Controllers.LeaveController.Index (ELMSApplication)'
2023-05-18 11:23:12.618 +05:30 [INF] Request finished HTTP/1.1 GET http://localhost:5279/Leave - - - 200 - text/html;+charset=utf-8 101.0784ms
2023-05-18 11:23:12.635 +05:30 [INF] Request starting HTTP/1.1 GET http://localhost:5279/Scripts/jquery-3.6.0.min.js - -
2023-05-18 11:23:12.635 +05:30 [INF] Request starting HTTP/1.1 GET http://localhost:5279/Scripts/jquery.validate.min.js - -
2023-05-18 11:23:12.635 +05:30 [INF] Request starting HTTP/1.1 GET http://localhost:5279/Scripts/jquery.validate.unobtrusive.min.js - -
2023-05-18 11:23:12.636 +05:30 [INF] Request finished HTTP/1.1 GET http://localhost:5279/Scripts/jquery-3.6.0.min.js - - - 404 0 - 0.6884ms
2023-05-18 11:23:12.636 +05:30 [INF] Request finished HTTP/1.1 GET http://localhost:5279/Scripts/jquery.validate.min.js - - - 404 0 - 0.5735ms
2023-05-18 11:23:12.636 +05:30 [INF] Request finished HTTP/1.1 GET http://localhost:5279/Scripts/jquery.validate.unobtrusive.min.js - - - 404 0 - 0.5041ms
2023-05-18 11:23:12.646 +05:30 [INF] Request starting HTTP/1.1 GET http://localhost:5279/_framework/aspnetcore-browser-refresh.js - -
2023-05-18 11:23:12.646 +05:30 [INF] Request finished HTTP/1.1 GET http://localhost:5279/_framework/aspnetcore-browser-refresh.js - - - 200 11966 application/javascript;+charset=utf-8 0.2379ms
2023-05-18 11:23:17.154 +05:30 [INF] Request starting HTTP/1.1 GET http://localhost:5279/Leave/Delete/23 - -
2023-05-18 11:23:17.154 +05:30 [INF] Executing endpoint 'ELMSApplication.Controllers.LeaveController.Delete (ELMSApplication)'
2023-05-18 11:23:17.162 +05:30 [INF] Route matched with {action = "Delete", controller = "Leave"}. Executing controller action with signature System.Threading.Tasks.Task`1[Microsoft.AspNetCore.Mvc.IActionResult] Delete(System.Nullable`1[System.Int32]) on controller ELMSApplication.Controllers.LeaveController (ELMSApplication).
2023-05-18 11:23:17.182 +05:30 [INF] Executed DbCommand (1ms) [Parameters=[@__id_0='?' (DbType = Int32)], CommandType='"Text"', CommandTimeout='30']
SELECT TOP(1) [l].[LeaveId], [l].[EmployeeId], [l].[EndDate], [l].[LeaveType], [l].[StartDate], [l].[Status]
FROM [Leave] AS [l]
WHERE [l].[LeaveId] = @__id_0
2023-05-18 11:23:17.192 +05:30 [INF] Executing ViewResult, running view Delete.
2023-05-18 11:23:17.219 +05:30 [INF] Executed ViewResult - view Delete executed in 27.7004ms.
2023-05-18 11:23:17.219 +05:30 [INF] Executed action ELMSApplication.Controllers.LeaveController.Delete (ELMSApplication) in 56.6121ms
2023-05-18 11:23:17.219 +05:30 [INF] Executed endpoint 'ELMSApplication.Controllers.LeaveController.Delete (ELMSApplication)'
2023-05-18 11:23:17.219 +05:30 [INF] Request finished HTTP/1.1 GET http://localhost:5279/Leave/Delete/23 - - - 200 - text/html;+charset=utf-8 65.2567ms
2023-05-18 11:23:17.255 +05:30 [INF] Request starting HTTP/1.1 GET http://localhost:5279/Scripts/jquery-3.6.0.min.js - -
2023-05-18 11:23:17.256 +05:30 [INF] Request starting HTTP/1.1 GET http://localhost:5279/Scripts/jquery.validate.min.js - -
2023-05-18 11:23:17.257 +05:30 [INF] Request finished HTTP/1.1 GET http://localhost:5279/Scripts/jquery.validate.min.js - - - 404 0 - 1.6840ms
2023-05-18 11:23:17.258 +05:30 [INF] Request finished HTTP/1.1 GET http://localhost:5279/Scripts/jquery-3.6.0.min.js - - - 404 0 - 2.1181ms
2023-05-18 11:23:17.258 +05:30 [INF] Request starting HTTP/1.1 GET http://localhost:5279/Scripts/jquery.validate.unobtrusive.min.js - -
2023-05-18 11:23:17.258 +05:30 [INF] Request finished HTTP/1.1 GET http://localhost:5279/Scripts/jquery.validate.unobtrusive.min.js - - - 404 0 - 0.8801ms
2023-05-18 11:23:17.264 +05:30 [INF] Request starting HTTP/1.1 GET http://localhost:5279/_framework/aspnetcore-browser-refresh.js - -
2023-05-18 11:23:17.265 +05:30 [INF] Request finished HTTP/1.1 GET http://localhost:5279/_framework/aspnetcore-browser-refresh.js - - - 200 11966 application/javascript;+charset=utf-8 0.1856ms
2023-05-18 11:23:18.494 +05:30 [INF] Request starting HTTP/1.1 POST http://localhost:5279/Leave/Delete/23 application/x-www-form-urlencoded 236
2023-05-18 11:23:18.494 +05:30 [INF] Executing endpoint 'ELMSApplication.Controllers.LeaveController.DeleteConfirmed (ELMSApplication)'
2023-05-18 11:23:18.500 +05:30 [INF] Route matched with {action = "Delete", controller = "Leave"}. Executing controller action with signature System.Threading.Tasks.Task`1[Microsoft.AspNetCore.Mvc.IActionResult] DeleteConfirmed(Int32) on controller ELMSApplication.Controllers.LeaveController (ELMSApplication).
2023-05-18 11:23:18.544 +05:30 [INF] Executed DbCommand (2ms) [Parameters=[@__p_0='?' (DbType = Int32)], CommandType='"Text"', CommandTimeout='30']
SELECT TOP(1) [l].[LeaveId], [l].[EmployeeId], [l].[EndDate], [l].[LeaveType], [l].[StartDate], [l].[Status]
FROM [Leave] AS [l]
WHERE [l].[LeaveId] = @__p_0
2023-05-18 11:23:18.649 +05:30 [INF] Executed DbCommand (55ms) [Parameters=[@p0='?' (DbType = Int32)], CommandType='"Text"', CommandTimeout='30']
SET IMPLICIT_TRANSACTIONS OFF;
SET NOCOUNT ON;
DELETE FROM [Leave]
OUTPUT 1
WHERE [LeaveId] = @p0;
2023-05-18 11:23:18.661 +05:30 [INF] Executing RedirectResult, redirecting to /Leave.
2023-05-18 11:23:18.661 +05:30 [INF] Executed action ELMSApplication.Controllers.LeaveController.DeleteConfirmed (ELMSApplication) in 160.8246ms
2023-05-18 11:23:18.661 +05:30 [INF] Executed endpoint 'ELMSApplication.Controllers.LeaveController.DeleteConfirmed (ELMSApplication)'
2023-05-18 11:23:18.662 +05:30 [INF] Request finished HTTP/1.1 POST http://localhost:5279/Leave/Delete/23 application/x-www-form-urlencoded 236 - 302 0 - 167.8059ms
2023-05-18 11:23:18.667 +05:30 [INF] Request starting HTTP/1.1 GET http://localhost:5279/Leave - -
2023-05-18 11:23:18.667 +05:30 [INF] Executing endpoint 'ELMSApplication.Controllers.LeaveController.Index (ELMSApplication)'
2023-05-18 11:23:18.667 +05:30 [INF] Route matched with {action = "Index", controller = "Leave"}. Executing controller action with signature System.Threading.Tasks.Task`1[Microsoft.AspNetCore.Mvc.IActionResult] Index() on controller ELMSApplication.Controllers.LeaveController (ELMSApplication).
2023-05-18 11:23:18.670 +05:30 [INF] Executed DbCommand (1ms) [Parameters=[@__employeeId_0='?' (Size = 6)], CommandType='"Text"', CommandTimeout='30']
SELECT [l].[LeaveId], [l].[EmployeeId], [l].[EndDate], [l].[LeaveType], [l].[StartDate], [l].[Status]
FROM [Leave] AS [l]
WHERE [l].[EmployeeId] = @__employeeId_0
2023-05-18 11:23:18.674 +05:30 [INF] Executing ViewResult, running view Index.
2023-05-18 11:23:18.710 +05:30 [INF] Executed ViewResult - view Index executed in 36.4944ms.
2023-05-18 11:23:18.710 +05:30 [INF] Executed action ELMSApplication.Controllers.LeaveController.Index (ELMSApplication) in 42.7404ms
2023-05-18 11:23:18.710 +05:30 [INF] Executed endpoint 'ELMSApplication.Controllers.LeaveController.Index (ELMSApplication)'
2023-05-18 11:23:18.710 +05:30 [INF] Request finished HTTP/1.1 GET http://localhost:5279/Leave - - - 200 - text/html;+charset=utf-8 43.5928ms
2023-05-18 11:23:18.732 +05:30 [INF] Request starting HTTP/1.1 GET http://localhost:5279/Scripts/jquery-3.6.0.min.js - -
2023-05-18 11:23:18.734 +05:30 [INF] Request finished HTTP/1.1 GET http://localhost:5279/Scripts/jquery-3.6.0.min.js - - - 404 0 - 1.9692ms
2023-05-18 11:23:18.735 +05:30 [INF] Request starting HTTP/1.1 GET http://localhost:5279/Scripts/jquery.validate.min.js - -
2023-05-18 11:23:18.735 +05:30 [INF] Request starting HTTP/1.1 GET http://localhost:5279/Scripts/jquery.validate.unobtrusive.min.js - -
2023-05-18 11:23:18.739 +05:30 [INF] Request finished HTTP/1.1 GET http://localhost:5279/Scripts/jquery.validate.min.js - - - 404 0 - 1.1184ms
2023-05-18 11:23:18.742 +05:30 [INF] Request finished HTTP/1.1 GET http://localhost:5279/Scripts/jquery.validate.unobtrusive.min.js - - - 404 0 - 6.2407ms
2023-05-18 11:23:18.744 +05:30 [INF] Request starting HTTP/1.1 GET http://localhost:5279/_framework/aspnetcore-browser-refresh.js - -
2023-05-18 11:23:18.744 +05:30 [INF] Request finished HTTP/1.1 GET http://localhost:5279/_framework/aspnetcore-browser-refresh.js - - - 200 11966 application/javascript;+charset=utf-8 0.1541ms
