2023-04-24 11:54:46.323 +05:30 [INF] User profile is available. Using 'C:\Users\skart\AppData\Local\ASP.NET\DataProtection-Keys' as key repository and Windows DPAPI to encrypt keys at rest.
2023-04-24 11:54:46.830 +05:30 [INF] Now listening on: http://localhost:5279
2023-04-24 11:54:46.841 +05:30 [INF] Application started. Press Ctrl+C to shut down.
2023-04-24 11:54:46.841 +05:30 [INF] Hosting environment: Development
2023-04-24 11:54:46.842 +05:30 [INF] Content root path: C:\Users\skart\ELMSApplication\ELMSApplication
2023-04-24 11:54:50.131 +05:30 [INF] Request starting HTTP/1.1 GET http://localhost:5279/ - -
2023-04-24 11:54:50.842 +05:30 [WRN] Failed to determine the https port for redirect.
2023-04-24 11:54:51.077 +05:30 [INF] Executing endpoint 'ELMSApplication.Controllers.HomeController.Index (ELMSApplication)'
2023-04-24 11:54:51.159 +05:30 [INF] Route matched with {action = "Index", controller = "Home"}. Executing controller action with signature Microsoft.AspNetCore.Mvc.IActionResult Index() on controller ELMSApplication.Controllers.HomeController (ELMSApplication).
2023-04-24 11:54:51.255 +05:30 [INF] Executing ViewResult, running view Index.
2023-04-24 11:54:51.779 +05:30 [INF] Executed ViewResult - view Index executed in 584.0565ms.
2023-04-24 11:54:51.780 +05:30 [INF] Executed action ELMSApplication.Controllers.HomeController.Index (ELMSApplication) in 620.8852ms
2023-04-24 11:54:51.780 +05:30 [INF] Executed endpoint 'ELMSApplication.Controllers.HomeController.Index (ELMSApplication)'
2023-04-24 11:54:51.786 +05:30 [INF] Request finished HTTP/1.1 GET http://localhost:5279/ - - - 200 - text/html;+charset=utf-8 1681.4320ms
2023-04-24 11:54:51.848 +05:30 [INF] Request starting HTTP/1.1 GET http://localhost:5279/_framework/aspnetcore-browser-refresh.js - -
2023-04-24 11:54:51.856 +05:30 [INF] Request finished HTTP/1.1 GET http://localhost:5279/_framework/aspnetcore-browser-refresh.js - - - 200 11966 application/javascript;+charset=utf-8 8.3671ms
2023-04-24 11:54:56.075 +05:30 [INF] Request starting HTTP/1.1 GET http://localhost:5279/Employee/Login - -
2023-04-24 11:54:56.081 +05:30 [INF] Executing endpoint 'ELMSApplication.Controllers.EmployeeController.Login (ELMSApplication)'
2023-04-24 11:54:56.085 +05:30 [INF] Route matched with {action = "Login", controller = "Employee"}. Executing controller action with signature Microsoft.AspNetCore.Mvc.IActionResult Login() on controller ELMSApplication.Controllers.EmployeeController (ELMSApplication).
2023-04-24 11:54:57.725 +05:30 [INF] Executing ViewResult, running view Login.
2023-04-24 11:54:57.890 +05:30 [INF] Executed ViewResult - view Login executed in 167.4224ms.
2023-04-24 11:54:57.891 +05:30 [INF] Executed action ELMSApplication.Controllers.EmployeeController.Login (ELMSApplication) in 1805.7473ms
2023-04-24 11:54:57.892 +05:30 [INF] Executed endpoint 'ELMSApplication.Controllers.EmployeeController.Login (ELMSApplication)'
2023-04-24 11:54:57.905 +05:30 [INF] Request finished HTTP/1.1 GET http://localhost:5279/Employee/Login - - - 200 - text/html;+charset=utf-8 1829.6764ms
2023-04-24 11:54:57.952 +05:30 [INF] Request starting HTTP/1.1 GET http://localhost:5279/_framework/aspnetcore-browser-refresh.js - -
2023-04-24 11:54:57.953 +05:30 [INF] Request finished HTTP/1.1 GET http://localhost:5279/_framework/aspnetcore-browser-refresh.js - - - 200 11966 application/javascript;+charset=utf-8 1.0729ms
2023-04-24 13:53:05.474 +05:30 [INF] Request starting HTTP/1.1 GET http://localhost:5279/Employee/Login - -
2023-04-24 13:53:05.477 +05:30 [INF] Executing endpoint 'ELMSApplication.Controllers.EmployeeController.Login (ELMSApplication)'
2023-04-24 13:53:05.479 +05:30 [INF] Route matched with {action = "Login", controller = "Employee"}. Executing controller action with signature Microsoft.AspNetCore.Mvc.IActionResult Login() on controller ELMSApplication.Controllers.EmployeeController (ELMSApplication).
2023-04-24 13:53:05.542 +05:30 [INF] Executing ViewResult, running view Login.
2023-04-24 13:53:05.672 +05:30 [INF] Executed ViewResult - view Login executed in 133.2728ms.
2023-04-24 13:53:05.672 +05:30 [INF] Executed action ELMSApplication.Controllers.EmployeeController.Login (ELMSApplication) in 193.0961ms
2023-04-24 13:53:05.672 +05:30 [INF] Executed endpoint 'ELMSApplication.Controllers.EmployeeController.Login (ELMSApplication)'
2023-04-24 13:53:05.673 +05:30 [INF] Request finished HTTP/1.1 GET http://localhost:5279/Employee/Login - - - 200 - text/html;+charset=utf-8 198.8527ms
2023-04-24 13:53:05.739 +05:30 [INF] Request starting HTTP/1.1 GET http://localhost:5279/_framework/aspnetcore-browser-refresh.js - -
2023-04-24 13:53:05.739 +05:30 [INF] Request finished HTTP/1.1 GET http://localhost:5279/_framework/aspnetcore-browser-refresh.js - - - 200 11966 application/javascript;+charset=utf-8 0.2557ms
2023-04-24 13:53:05.824 +05:30 [INF] Request starting HTTP/1.1 GET http://localhost:5279/favicon.ico - -
2023-04-24 13:53:05.912 +05:30 [INF] Sending file. Request path: '/favicon.ico'. Physical path: 'C:\Users\skart\ELMSApplication\ELMSApplication\wwwroot\favicon.ico'
2023-04-24 13:53:05.912 +05:30 [INF] Request finished HTTP/1.1 GET http://localhost:5279/favicon.ico - - - 200 5430 image/x-icon 88.5984ms
2023-04-24 13:53:43.335 +05:30 [INF] Request starting HTTP/1.1 GET http://localhost:5279/_framework/clear-browser-cache - -
2023-04-24 13:53:43.340 +05:30 [INF] Request finished HTTP/1.1 GET http://localhost:5279/_framework/clear-browser-cache - - - 200 0 - 5.2178ms
2023-04-24 13:53:49.458 +05:30 [INF] Request starting HTTP/1.1 GET http://localhost:5279/lib/bootstrap/dist/css/bootstrap.min.css?nonce=1682324629450 - -
2023-04-24 13:53:49.460 +05:30 [INF] Request starting HTTP/1.1 GET http://localhost:5279/css/site.css?nonce=1682324629452 - -
2023-04-24 13:53:49.462 +05:30 [INF] Request starting HTTP/1.1 GET http://localhost:5279/ELMSApplication.styles.css?nonce=1682324629452 - -
2023-04-24 13:53:49.530 +05:30 [INF] Sending file. Request path: '/css/site.css'. Physical path: 'C:\Users\skart\ELMSApplication\ELMSApplication\wwwroot\css\site.css'
2023-04-24 13:53:49.537 +05:30 [INF] Request finished HTTP/1.1 GET http://localhost:5279/css/site.css?nonce=1682324629452 - - - 200 362 text/css 76.8516ms
2023-04-24 13:53:49.582 +05:30 [INF] Sending file. Request path: '/ELMSApplication.styles.css'. Physical path: 'C:\Users\skart\ELMSApplication\ELMSApplication\obj\Debug\net7.0\scopedcss\bundle\ELMSApplication.styles.css'
2023-04-24 13:53:49.582 +05:30 [INF] Request finished HTTP/1.1 GET http://localhost:5279/ELMSApplication.styles.css?nonce=1682324629452 - - - 200 1536 text/css 120.7064ms
2023-04-24 13:53:49.701 +05:30 [INF] Sending file. Request path: '/lib/bootstrap/dist/css/bootstrap.min.css'. Physical path: 'C:\Users\skart\ELMSApplication\ELMSApplication\wwwroot\lib\bootstrap\dist\css\bootstrap.min.css'
2023-04-24 13:53:49.703 +05:30 [INF] Request finished HTTP/1.1 GET http://localhost:5279/lib/bootstrap/dist/css/bootstrap.min.css?nonce=1682324629450 - - - 200 162720 text/css 244.9018ms
2023-04-24 13:53:50.196 +05:30 [INF] Request starting HTTP/1.1 GET http://localhost:5279/Leave/Create - -
2023-04-24 13:53:50.197 +05:30 [INF] Executing endpoint 'ELMSApplication.Controllers.LeaveController.Create (ELMSApplication)'
2023-04-24 13:53:50.199 +05:30 [INF] Route matched with {action = "Create", controller = "Leave"}. Executing controller action with signature Microsoft.AspNetCore.Mvc.IActionResult Create() on controller ELMSApplication.Controllers.LeaveController (ELMSApplication).
2023-04-24 13:53:50.203 +05:30 [INF] Executing ViewResult, running view Create.
2023-04-24 13:53:50.348 +05:30 [INF] Executed ViewResult - view Create executed in 145.636ms.
2023-04-24 13:53:50.348 +05:30 [INF] Executed action ELMSApplication.Controllers.LeaveController.Create (ELMSApplication) in 149.068ms
2023-04-24 13:53:50.349 +05:30 [INF] Executed endpoint 'ELMSApplication.Controllers.LeaveController.Create (ELMSApplication)'
2023-04-24 13:53:50.349 +05:30 [INF] Request finished HTTP/1.1 GET http://localhost:5279/Leave/Create - - - 200 - text/html;+charset=utf-8 153.1844ms
2023-04-24 13:53:50.424 +05:30 [INF] Request starting HTTP/1.1 GET http://localhost:5279/lib/bootstrap/dist/css/bootstrap.min.css - -
2023-04-24 13:53:50.430 +05:30 [INF] Request starting HTTP/1.1 GET http://localhost:5279/css/site.css?v=pAGv4ietcJNk_EwsQZ5BN9-K4MuNYS2a9wl4Jw-q9D0 - -
2023-04-24 13:53:50.430 +05:30 [INF] Request starting HTTP/1.1 GET http://localhost:5279/ELMSApplication.styles.css?v=TO55c5p6gIvc-K67sCupy3rmL7OHj1w_leNmIwQ5SYU - -
2023-04-24 13:53:50.431 +05:30 [INF] Sending file. Request path: '/ELMSApplication.styles.css'. Physical path: 'C:\Users\skart\ELMSApplication\ELMSApplication\obj\Debug\net7.0\scopedcss\bundle\ELMSApplication.styles.css'
2023-04-24 13:53:50.431 +05:30 [INF] Sending file. Request path: '/css/site.css'. Physical path: 'C:\Users\skart\ELMSApplication\ELMSApplication\wwwroot\css\site.css'
2023-04-24 13:53:50.431 +05:30 [INF] Request finished HTTP/1.1 GET http://localhost:5279/css/site.css?v=pAGv4ietcJNk_EwsQZ5BN9-K4MuNYS2a9wl4Jw-q9D0 - - - 200 362 text/css 1.6635ms
2023-04-24 13:53:50.431 +05:30 [INF] Request finished HTTP/1.1 GET http://localhost:5279/ELMSApplication.styles.css?v=TO55c5p6gIvc-K67sCupy3rmL7OHj1w_leNmIwQ5SYU - - - 200 1536 text/css 1.6295ms
2023-04-24 13:53:50.432 +05:30 [INF] Request starting HTTP/1.1 GET http://localhost:5279/lib/jquery/dist/jquery.min.js - -
2023-04-24 13:53:50.435 +05:30 [INF] Request starting HTTP/1.1 GET http://localhost:5279/lib/bootstrap/dist/js/bootstrap.bundle.min.js - -
2023-04-24 13:53:50.435 +05:30 [INF] Request starting HTTP/1.1 GET http://localhost:5279/js/site.js?v=4q1jwFhaPaZgr8WAUSrux6hAuh0XDg9kPS3xIVq36I0 - -
2023-04-24 13:53:50.449 +05:30 [INF] Sending file. Request path: '/lib/bootstrap/dist/css/bootstrap.min.css'. Physical path: 'C:\Users\skart\ELMSApplication\ELMSApplication\wwwroot\lib\bootstrap\dist\css\bootstrap.min.css'
2023-04-24 13:53:50.449 +05:30 [INF] Request finished HTTP/1.1 GET http://localhost:5279/lib/bootstrap/dist/css/bootstrap.min.css - - - 200 162720 text/css 24.9892ms
2023-04-24 13:53:50.452 +05:30 [INF] Request starting HTTP/1.1 GET http://localhost:5279/lib/jquery-validation/dist/jquery.validate.min.js - -
2023-04-24 13:53:50.983 +05:30 [INF] Request starting HTTP/1.1 GET http://localhost:5279/lib/jquery-validation-unobtrusive/jquery.validate.unobtrusive.min.js - -
2023-04-24 13:53:51.011 +05:30 [INF] Sending file. Request path: '/js/site.js'. Physical path: 'C:\Users\skart\ELMSApplication\ELMSApplication\wwwroot\js\site.js'
2023-04-24 13:53:51.012 +05:30 [INF] Request finished HTTP/1.1 GET http://localhost:5279/js/site.js?v=4q1jwFhaPaZgr8WAUSrux6hAuh0XDg9kPS3xIVq36I0 - - - 200 230 text/javascript 576.5545ms
2023-04-24 13:53:51.012 +05:30 [INF] Request starting HTTP/1.1 GET http://localhost:5279/_framework/aspnetcore-browser-refresh.js - -
2023-04-24 13:53:51.012 +05:30 [INF] Request finished HTTP/1.1 GET http://localhost:5279/_framework/aspnetcore-browser-refresh.js - - - 200 11966 application/javascript;+charset=utf-8 0.3142ms
2023-04-24 13:53:51.720 +05:30 [INF] Sending file. Request path: '/lib/bootstrap/dist/js/bootstrap.bundle.min.js'. Physical path: 'C:\Users\skart\ELMSApplication\ELMSApplication\wwwroot\lib\bootstrap\dist\js\bootstrap.bundle.min.js'
2023-04-24 13:53:51.720 +05:30 [INF] Sending file. Request path: '/lib/jquery-validation/dist/jquery.validate.min.js'. Physical path: 'C:\Users\skart\ELMSApplication\ELMSApplication\wwwroot\lib\jquery-validation\dist\jquery.validate.min.js'
2023-04-24 13:53:51.720 +05:30 [INF] Request finished HTTP/1.1 GET http://localhost:5279/lib/jquery-validation/dist/jquery.validate.min.js - - - 200 23261 text/javascript 1268.2632ms
2023-04-24 13:53:51.720 +05:30 [INF] Request finished HTTP/1.1 GET http://localhost:5279/lib/bootstrap/dist/js/bootstrap.bundle.min.js - - - 200 78468 text/javascript 1285.1399ms
2023-04-24 13:53:51.724 +05:30 [INF] Sending file. Request path: '/lib/jquery-validation-unobtrusive/jquery.validate.unobtrusive.min.js'. Physical path: 'C:\Users\skart\ELMSApplication\ELMSApplication\wwwroot\lib\jquery-validation-unobtrusive\jquery.validate.unobtrusive.min.js'
2023-04-24 13:53:51.729 +05:30 [INF] Request finished HTTP/1.1 GET http://localhost:5279/lib/jquery-validation-unobtrusive/jquery.validate.unobtrusive.min.js - - - 200 5824 text/javascript 741.3276ms
2023-04-24 13:53:51.783 +05:30 [INF] Sending file. Request path: '/lib/jquery/dist/jquery.min.js'. Physical path: 'C:\Users\skart\ELMSApplication\ELMSApplication\wwwroot\lib\jquery\dist\jquery.min.js'
2023-04-24 13:53:51.783 +05:30 [INF] Request finished HTTP/1.1 GET http://localhost:5279/lib/jquery/dist/jquery.min.js - - - 200 89501 text/javascript 1351.4622ms
2023-04-24 13:53:51.875 +05:30 [INF] Request starting HTTP/1.1 GET http://localhost:5279/favicon.ico - -
2023-04-24 13:53:51.876 +05:30 [INF] Sending file. Request path: '/favicon.ico'. Physical path: 'C:\Users\skart\ELMSApplication\ELMSApplication\wwwroot\favicon.ico'
2023-04-24 13:53:51.876 +05:30 [INF] Request finished HTTP/1.1 GET http://localhost:5279/favicon.ico - - - 200 5430 image/x-icon 0.9948ms
2023-04-24 13:53:54.424 +05:30 [INF] Request starting HTTP/1.1 GET http://localhost:5279/Leave/Index - -
2023-04-24 13:53:54.426 +05:30 [INF] Executing endpoint 'ELMSApplication.Controllers.LeaveController.Index (ELMSApplication)'
2023-04-24 13:53:54.513 +05:30 [INF] Route matched with {action = "Index", controller = "Leave"}. Executing controller action with signature System.Threading.Tasks.Task`1[Microsoft.AspNetCore.Mvc.IActionResult] Index() on controller ELMSApplication.Controllers.LeaveController (ELMSApplication).
2023-04-24 13:53:54.547 +05:30 [INF] Accessing expired session, Key:5112f344-8b0c-c6ac-93e8-b0008f12ade8
2023-04-24 13:53:57.454 +05:30 [INF] Executed action ELMSApplication.Controllers.LeaveController.Index (ELMSApplication) in 2940.4378ms
2023-04-24 13:53:57.463 +05:30 [INF] Executed endpoint 'ELMSApplication.Controllers.LeaveController.Index (ELMSApplication)'
2023-04-24 13:53:57.762 +05:30 [ERR] An unhandled exception has occurred while executing the request.
System.NullReferenceException: Object reference not set to an instance of an object.
   at ELMSApplication.Controllers.LeaveController.Index()
   at Microsoft.AspNetCore.Mvc.Infrastructure.ActionMethodExecutor.TaskOfIActionResultExecutor.Execute(ActionContext actionContext, IActionResultTypeMapper mapper, ObjectMethodExecutor executor, Object controller, Object[] arguments)
   at Microsoft.AspNetCore.Mvc.Infrastructure.ControllerActionInvoker.<InvokeActionMethodAsync>g__Awaited|12_0(ControllerActionInvoker invoker, ValueTask`1 actionResultValueTask)
   at Microsoft.AspNetCore.Mvc.Infrastructure.ControllerActionInvoker.<InvokeNextActionFilterAsync>g__Awaited|10_0(ControllerActionInvoker invoker, Task lastTask, State next, Scope scope, Object state, Boolean isCompleted)
   at Microsoft.AspNetCore.Mvc.Infrastructure.ControllerActionInvoker.Rethrow(ActionExecutedContextSealed context)
   at Microsoft.AspNetCore.Mvc.Infrastructure.ControllerActionInvoker.Next(State& next, Scope& scope, Object& state, Boolean& isCompleted)
   at Microsoft.AspNetCore.Mvc.Infrastructure.ControllerActionInvoker.InvokeInnerFilterAsync()
--- End of stack trace from previous location ---
   at Microsoft.AspNetCore.Mvc.Infrastructure.ResourceInvoker.<InvokeNextResourceFilter>g__Awaited|25_0(ResourceInvoker invoker, Task lastTask, State next, Scope scope, Object state, Boolean isCompleted)
   at Microsoft.AspNetCore.Mvc.Infrastructure.ResourceInvoker.Rethrow(ResourceExecutedContextSealed context)
   at Microsoft.AspNetCore.Mvc.Infrastructure.ResourceInvoker.Next(State& next, Scope& scope, Object& state, Boolean& isCompleted)
   at Microsoft.AspNetCore.Mvc.Infrastructure.ResourceInvoker.InvokeFilterPipelineAsync()
--- End of stack trace from previous location ---
   at Microsoft.AspNetCore.Mvc.Infrastructure.ResourceInvoker.<InvokeAsync>g__Logged|17_1(ResourceInvoker invoker)
   at Microsoft.AspNetCore.Mvc.Infrastructure.ResourceInvoker.<InvokeAsync>g__Logged|17_1(ResourceInvoker invoker)
   at Microsoft.AspNetCore.Routing.EndpointMiddleware.<Invoke>g__AwaitRequestTask|6_0(Endpoint endpoint, Task requestTask, ILogger logger)
   at Microsoft.AspNetCore.Session.SessionMiddleware.Invoke(HttpContext context)
   at Microsoft.AspNetCore.Session.SessionMiddleware.Invoke(HttpContext context)
   at Microsoft.AspNetCore.Authorization.AuthorizationMiddleware.Invoke(HttpContext context)
   at Microsoft.AspNetCore.Authentication.AuthenticationMiddleware.Invoke(HttpContext context)
   at Microsoft.AspNetCore.Diagnostics.DeveloperExceptionPageMiddlewareImpl.Invoke(HttpContext context)
2023-04-24 13:53:57.928 +05:30 [INF] Request finished HTTP/1.1 GET http://localhost:5279/Leave/Index - - - 500 - text/html;+charset=utf-8 3503.9461ms
2023-04-24 13:53:57.933 +05:30 [INF] Request starting HTTP/1.1 GET http://localhost:5279/_framework/aspnetcore-browser-refresh.js - -
2023-04-24 13:53:57.933 +05:30 [INF] Request finished HTTP/1.1 GET http://localhost:5279/_framework/aspnetcore-browser-refresh.js - - - 200 11966 application/javascript;+charset=utf-8 0.2129ms
2023-04-24 13:54:29.199 +05:30 [INF] Request starting HTTP/1.1 POST http://localhost:5279/Employee/Login application/x-www-form-urlencoded 218
2023-04-24 13:54:29.202 +05:30 [INF] Executing endpoint 'ELMSApplication.Controllers.EmployeeController.Login (ELMSApplication)'
2023-04-24 13:54:29.343 +05:30 [INF] Route matched with {action = "Login", controller = "Employee"}. Executing controller action with signature System.Threading.Tasks.Task`1[Microsoft.AspNetCore.Mvc.IActionResult] Login(ELMSApplication.Employee) on controller ELMSApplication.Controllers.EmployeeController (ELMSApplication).
2023-04-24 13:54:38.152 +05:30 [INF] Executed DbCommand (434ms) [Parameters=[@__employee_EmployeeId_0='?' (Size = 75), @__employee_Password_1='?' (Size = 75)], CommandType='"Text"', CommandTimeout='30']
SELECT TOP(1) [e].[Id], [e].[EmployeeId], [e].[EmployeeName], [e].[IsAdmin], [e].[Password]
FROM [Employee] AS [e]
WHERE [e].[EmployeeId] = @__employee_EmployeeId_0 AND [e].[Password] = @__employee_Password_1
2023-04-24 13:54:38.360 +05:30 [INF] Accessing expired session, Key:5112f344-8b0c-c6ac-93e8-b0008f12ade8
2023-04-24 13:54:38.361 +05:30 [INF] Executing RedirectResult, redirecting to /Leave/Index.
2023-04-24 13:54:38.361 +05:30 [INF] Executed action ELMSApplication.Controllers.EmployeeController.Login (ELMSApplication) in 9018.0574ms
2023-04-24 13:54:38.362 +05:30 [INF] Executed endpoint 'ELMSApplication.Controllers.EmployeeController.Login (ELMSApplication)'
2023-04-24 13:54:38.370 +05:30 [INF] Session started; Key:5112f344-8b0c-c6ac-93e8-b0008f12ade8, Id:3dd3e8b3-2a14-afb5-c20c-e1f1450eb33d
2023-04-24 13:54:38.403 +05:30 [INF] Request finished HTTP/1.1 POST http://localhost:5279/Employee/Login application/x-www-form-urlencoded 218 - 302 0 - 9204.2955ms
2023-04-24 13:54:38.404 +05:30 [INF] Request starting HTTP/1.1 GET http://localhost:5279/Leave/Index - -
2023-04-24 13:54:38.404 +05:30 [INF] Executing endpoint 'ELMSApplication.Controllers.LeaveController.Index (ELMSApplication)'
2023-04-24 13:54:38.405 +05:30 [INF] Route matched with {action = "Index", controller = "Leave"}. Executing controller action with signature System.Threading.Tasks.Task`1[Microsoft.AspNetCore.Mvc.IActionResult] Index() on controller ELMSApplication.Controllers.LeaveController (ELMSApplication).
2023-04-24 13:54:38.753 +05:30 [INF] Executed DbCommand (113ms) [Parameters=[], CommandType='"Text"', CommandTimeout='30']
SELECT [l].[LeaveId], [l].[EmployeeId], [l].[EndDate], [l].[LeaveType], [l].[StartDate], [l].[Status]
FROM [Leave] AS [l]
2023-04-24 13:54:38.871 +05:30 [INF] Executing ViewResult, running view Index.
2023-04-24 13:54:39.056 +05:30 [INF] Executed ViewResult - view Index executed in 187.1225ms.
2023-04-24 13:54:39.060 +05:30 [INF] Executed action ELMSApplication.Controllers.LeaveController.Index (ELMSApplication) in 655.0459ms
2023-04-24 13:54:39.062 +05:30 [INF] Executed endpoint 'ELMSApplication.Controllers.LeaveController.Index (ELMSApplication)'
2023-04-24 13:54:39.069 +05:30 [INF] Request finished HTTP/1.1 GET http://localhost:5279/Leave/Index - - - 200 - text/html;+charset=utf-8 664.7168ms
2023-04-24 13:54:39.121 +05:30 [INF] Request starting HTTP/1.1 GET http://localhost:5279/ELMSApplication.styles.css?v=TO55c5p6gIvc-K67sCupy3rmL7OHj1w_leNmIwQ5SYU - -
2023-04-24 13:54:39.125 +05:30 [INF] The file /ELMSApplication.styles.css was not modified
2023-04-24 13:54:39.128 +05:30 [INF] Request finished HTTP/1.1 GET http://localhost:5279/ELMSApplication.styles.css?v=TO55c5p6gIvc-K67sCupy3rmL7OHj1w_leNmIwQ5SYU - - - 304 - text/css 6.9268ms
2023-04-24 13:54:39.129 +05:30 [INF] Request starting HTTP/1.1 GET http://localhost:5279/_framework/aspnetcore-browser-refresh.js - -
2023-04-24 13:54:39.130 +05:30 [INF] Request finished HTTP/1.1 GET http://localhost:5279/_framework/aspnetcore-browser-refresh.js - - - 200 11966 application/javascript;+charset=utf-8 0.7728ms
2023-04-24 13:55:02.218 +05:30 [INF] Request starting HTTP/1.1 GET http://localhost:5279/Employee/Login - -
2023-04-24 13:55:02.219 +05:30 [INF] Executing endpoint 'ELMSApplication.Controllers.EmployeeController.Login (ELMSApplication)'
2023-04-24 13:55:02.219 +05:30 [INF] Route matched with {action = "Login", controller = "Employee"}. Executing controller action with signature Microsoft.AspNetCore.Mvc.IActionResult Login() on controller ELMSApplication.Controllers.EmployeeController (ELMSApplication).
2023-04-24 13:55:02.219 +05:30 [INF] Executing ViewResult, running view Login.
2023-04-24 13:55:02.224 +05:30 [INF] Executed ViewResult - view Login executed in 4.4889ms.
2023-04-24 13:55:02.226 +05:30 [INF] Executed action ELMSApplication.Controllers.EmployeeController.Login (ELMSApplication) in 6.5097ms
2023-04-24 13:55:02.226 +05:30 [INF] Executed endpoint 'ELMSApplication.Controllers.EmployeeController.Login (ELMSApplication)'
2023-04-24 13:55:02.226 +05:30 [INF] Request finished HTTP/1.1 GET http://localhost:5279/Employee/Login - - - 200 - text/html;+charset=utf-8 7.4209ms
2023-04-24 13:55:02.244 +05:30 [INF] Request starting HTTP/1.1 GET http://localhost:5279/_framework/aspnetcore-browser-refresh.js - -
2023-04-24 13:55:02.244 +05:30 [INF] Request finished HTTP/1.1 GET http://localhost:5279/_framework/aspnetcore-browser-refresh.js - - - 200 11966 application/javascript;+charset=utf-8 0.1808ms
2023-04-24 13:55:11.912 +05:30 [INF] Request starting HTTP/1.1 POST http://localhost:5279/Employee/Login application/x-www-form-urlencoded 214
2023-04-24 13:55:11.912 +05:30 [INF] Executing endpoint 'ELMSApplication.Controllers.EmployeeController.Login (ELMSApplication)'
2023-04-24 13:55:11.912 +05:30 [INF] Route matched with {action = "Login", controller = "Employee"}. Executing controller action with signature System.Threading.Tasks.Task`1[Microsoft.AspNetCore.Mvc.IActionResult] Login(ELMSApplication.Employee) on controller ELMSApplication.Controllers.EmployeeController (ELMSApplication).
2023-04-24 13:55:11.926 +05:30 [INF] Executed DbCommand (2ms) [Parameters=[@__employee_EmployeeId_0='?' (Size = 75), @__employee_Password_1='?' (Size = 75)], CommandType='"Text"', CommandTimeout='30']
SELECT TOP(1) [e].[Id], [e].[EmployeeId], [e].[EmployeeName], [e].[IsAdmin], [e].[Password]
FROM [Employee] AS [e]
WHERE [e].[EmployeeId] = @__employee_EmployeeId_0 AND [e].[Password] = @__employee_Password_1
2023-04-24 13:55:11.929 +05:30 [INF] Executing RedirectResult, redirecting to /Leave/Index.
2023-04-24 13:55:11.930 +05:30 [INF] Executed action ELMSApplication.Controllers.EmployeeController.Login (ELMSApplication) in 17.2259ms
2023-04-24 13:55:11.930 +05:30 [INF] Executed endpoint 'ELMSApplication.Controllers.EmployeeController.Login (ELMSApplication)'
2023-04-24 13:55:11.930 +05:30 [INF] Request finished HTTP/1.1 POST http://localhost:5279/Employee/Login application/x-www-form-urlencoded 214 - 302 0 - 18.5410ms
2023-04-24 13:55:11.934 +05:30 [INF] Request starting HTTP/1.1 GET http://localhost:5279/Leave/Index - -
2023-04-24 13:55:11.935 +05:30 [INF] Executing endpoint 'ELMSApplication.Controllers.LeaveController.Index (ELMSApplication)'
2023-04-24 13:55:11.935 +05:30 [INF] Route matched with {action = "Index", controller = "Leave"}. Executing controller action with signature System.Threading.Tasks.Task`1[Microsoft.AspNetCore.Mvc.IActionResult] Index() on controller ELMSApplication.Controllers.LeaveController (ELMSApplication).
2023-04-24 13:55:12.106 +05:30 [INF] Executed DbCommand (23ms) [Parameters=[@__employeeId_0='?' (Size = 4000)], CommandType='"Text"', CommandTimeout='30']
SELECT [l].[LeaveId], [l].[EmployeeId], [l].[EndDate], [l].[LeaveType], [l].[StartDate], [l].[Status]
FROM [Leave] AS [l]
WHERE [l].[EmployeeId] = @__employeeId_0
2023-04-24 13:55:12.113 +05:30 [INF] Executing ViewResult, running view Index.
2023-04-24 13:55:12.192 +05:30 [INF] Executed ViewResult - view Index executed in 79.0254ms.
2023-04-24 13:55:12.192 +05:30 [INF] Executed action ELMSApplication.Controllers.LeaveController.Index (ELMSApplication) in 257.6456ms
2023-04-24 13:55:12.192 +05:30 [INF] Executed endpoint 'ELMSApplication.Controllers.LeaveController.Index (ELMSApplication)'
2023-04-24 13:55:12.193 +05:30 [INF] Request finished HTTP/1.1 GET http://localhost:5279/Leave/Index - - - 200 - text/html;+charset=utf-8 259.1225ms
2023-04-24 13:55:12.226 +05:30 [INF] Request starting HTTP/1.1 GET http://localhost:5279/ELMSApplication.styles.css?v=TO55c5p6gIvc-K67sCupy3rmL7OHj1w_leNmIwQ5SYU - -
2023-04-24 13:55:12.227 +05:30 [INF] The file /ELMSApplication.styles.css was not modified
2023-04-24 13:55:12.227 +05:30 [INF] Request starting HTTP/1.1 GET http://localhost:5279/_framework/aspnetcore-browser-refresh.js - -
2023-04-24 13:55:12.227 +05:30 [INF] Request finished HTTP/1.1 GET http://localhost:5279/ELMSApplication.styles.css?v=TO55c5p6gIvc-K67sCupy3rmL7OHj1w_leNmIwQ5SYU - - - 304 - text/css 1.0476ms
2023-04-24 13:55:12.228 +05:30 [INF] Request finished HTTP/1.1 GET http://localhost:5279/_framework/aspnetcore-browser-refresh.js - - - 200 11966 application/javascript;+charset=utf-8 0.2310ms
2023-04-24 13:55:13.899 +05:30 [INF] Request starting HTTP/1.1 GET http://localhost:5279/Leave/Create - -
2023-04-24 13:55:13.899 +05:30 [INF] Executing endpoint 'ELMSApplication.Controllers.LeaveController.Create (ELMSApplication)'
2023-04-24 13:55:13.899 +05:30 [INF] Route matched with {action = "Create", controller = "Leave"}. Executing controller action with signature Microsoft.AspNetCore.Mvc.IActionResult Create() on controller ELMSApplication.Controllers.LeaveController (ELMSApplication).
2023-04-24 13:55:13.900 +05:30 [INF] Executing ViewResult, running view Create.
2023-04-24 13:55:13.908 +05:30 [INF] Executed ViewResult - view Create executed in 8.4579ms.
2023-04-24 13:55:13.908 +05:30 [INF] Executed action ELMSApplication.Controllers.LeaveController.Create (ELMSApplication) in 8.8139ms
2023-04-24 13:55:13.908 +05:30 [INF] Executed endpoint 'ELMSApplication.Controllers.LeaveController.Create (ELMSApplication)'
2023-04-24 13:55:13.908 +05:30 [INF] Request finished HTTP/1.1 GET http://localhost:5279/Leave/Create - - - 200 - text/html;+charset=utf-8 9.7149ms
2023-04-24 13:55:13.941 +05:30 [INF] Request starting HTTP/1.1 GET http://localhost:5279/_framework/aspnetcore-browser-refresh.js - -
2023-04-24 13:55:13.941 +05:30 [INF] Request finished HTTP/1.1 GET http://localhost:5279/_framework/aspnetcore-browser-refresh.js - - - 200 11966 application/javascript;+charset=utf-8 0.2124ms
2023-04-24 13:55:29.508 +05:30 [INF] Request starting HTTP/1.1 POST http://localhost:5279/Leave/Create application/x-www-form-urlencoded 324
2023-04-24 13:55:29.509 +05:30 [INF] Executing endpoint 'ELMSApplication.Controllers.LeaveController.Create (ELMSApplication)'
2023-04-24 13:55:29.519 +05:30 [INF] Route matched with {action = "Create", controller = "Leave"}. Executing controller action with signature System.Threading.Tasks.Task`1[Microsoft.AspNetCore.Mvc.IActionResult] Create(ELMSApplication.Leave) on controller ELMSApplication.Controllers.LeaveController (ELMSApplication).
2023-04-24 13:55:30.258 +05:30 [INF] Executed DbCommand (85ms) [Parameters=[@p0='?' (Size = 4000), @p1='?' (DbType = DateTime2), @p2='?' (Size = 75), @p3='?' (DbType = DateTime2), @p4='?' (Size = 75)], CommandType='"Text"', CommandTimeout='30']
SET IMPLICIT_TRANSACTIONS OFF;
SET NOCOUNT ON;
INSERT INTO [Leave] ([EmployeeId], [EndDate], [LeaveType], [StartDate], [Status])
OUTPUT INSERTED.[LeaveId]
VALUES (@p0, @p1, @p2, @p3, @p4);
2023-04-24 13:55:30.423 +05:30 [INF] Executing RedirectResult, redirecting to /Leave.
2023-04-24 13:55:30.423 +05:30 [INF] Executed action ELMSApplication.Controllers.LeaveController.Create (ELMSApplication) in 903.7983ms
2023-04-24 13:55:30.423 +05:30 [INF] Executed endpoint 'ELMSApplication.Controllers.LeaveController.Create (ELMSApplication)'
2023-04-24 13:55:30.423 +05:30 [INF] Request finished HTTP/1.1 POST http://localhost:5279/Leave/Create application/x-www-form-urlencoded 324 - 302 0 - 914.8272ms
2023-04-24 13:55:30.427 +05:30 [INF] Request starting HTTP/1.1 GET http://localhost:5279/Leave - -
2023-04-24 13:55:30.427 +05:30 [INF] Executing endpoint 'ELMSApplication.Controllers.LeaveController.Index (ELMSApplication)'
2023-04-24 13:55:30.427 +05:30 [INF] Route matched with {action = "Index", controller = "Leave"}. Executing controller action with signature System.Threading.Tasks.Task`1[Microsoft.AspNetCore.Mvc.IActionResult] Index() on controller ELMSApplication.Controllers.LeaveController (ELMSApplication).
2023-04-24 13:55:30.430 +05:30 [INF] Executed DbCommand (1ms) [Parameters=[@__employeeId_0='?' (Size = 4000)], CommandType='"Text"', CommandTimeout='30']
SELECT [l].[LeaveId], [l].[EmployeeId], [l].[EndDate], [l].[LeaveType], [l].[StartDate], [l].[Status]
FROM [Leave] AS [l]
WHERE [l].[EmployeeId] = @__employeeId_0
2023-04-24 13:55:30.431 +05:30 [INF] Executing ViewResult, running view Index.
2023-04-24 13:55:30.507 +05:30 [INF] Executed ViewResult - view Index executed in 75.7385ms.
2023-04-24 13:55:30.507 +05:30 [INF] Executed action ELMSApplication.Controllers.LeaveController.Index (ELMSApplication) in 79.5865ms
2023-04-24 13:55:30.507 +05:30 [INF] Executed endpoint 'ELMSApplication.Controllers.LeaveController.Index (ELMSApplication)'
2023-04-24 13:55:30.508 +05:30 [INF] Request finished HTTP/1.1 GET http://localhost:5279/Leave - - - 200 - text/html;+charset=utf-8 80.5009ms
2023-04-24 13:55:30.525 +05:30 [INF] Request starting HTTP/1.1 GET http://localhost:5279/ELMSApplication.styles.css?v=TO55c5p6gIvc-K67sCupy3rmL7OHj1w_leNmIwQ5SYU - -
2023-04-24 13:55:30.525 +05:30 [INF] The file /ELMSApplication.styles.css was not modified
2023-04-24 13:55:30.525 +05:30 [INF] Request finished HTTP/1.1 GET http://localhost:5279/ELMSApplication.styles.css?v=TO55c5p6gIvc-K67sCupy3rmL7OHj1w_leNmIwQ5SYU - - - 304 - text/css 0.4024ms
2023-04-24 13:55:30.526 +05:30 [INF] Request starting HTTP/1.1 GET http://localhost:5279/_framework/aspnetcore-browser-refresh.js - -
2023-04-24 13:55:30.526 +05:30 [INF] Request finished HTTP/1.1 GET http://localhost:5279/_framework/aspnetcore-browser-refresh.js - - - 200 11966 application/javascript;+charset=utf-8 0.0912ms
2023-04-24 13:56:35.554 +05:30 [INF] Request starting HTTP/1.1 GET http://localhost:5279/Leave/Delete/40 - -
2023-04-24 13:56:35.554 +05:30 [INF] Executing endpoint 'ELMSApplication.Controllers.LeaveController.Delete (ELMSApplication)'
2023-04-24 13:56:35.565 +05:30 [INF] Route matched with {action = "Delete", controller = "Leave"}. Executing controller action with signature System.Threading.Tasks.Task`1[Microsoft.AspNetCore.Mvc.IActionResult] Delete(System.Nullable`1[System.Int32]) on controller ELMSApplication.Controllers.LeaveController (ELMSApplication).
2023-04-24 13:56:35.605 +05:30 [INF] Executed DbCommand (29ms) [Parameters=[@__id_0='?' (DbType = Int32)], CommandType='"Text"', CommandTimeout='30']
SELECT TOP(1) [l].[LeaveId], [l].[EmployeeId], [l].[EndDate], [l].[LeaveType], [l].[StartDate], [l].[Status]
FROM [Leave] AS [l]
WHERE [l].[LeaveId] = @__id_0
2023-04-24 13:56:35.615 +05:30 [INF] Executing ViewResult, running view Delete.
2023-04-24 13:56:35.649 +05:30 [INF] Executed ViewResult - view Delete executed in 37.9273ms.
2023-04-24 13:56:35.650 +05:30 [INF] Executed action ELMSApplication.Controllers.LeaveController.Delete (ELMSApplication) in 84.2954ms
2023-04-24 13:56:35.650 +05:30 [INF] Executed endpoint 'ELMSApplication.Controllers.LeaveController.Delete (ELMSApplication)'
2023-04-24 13:56:35.651 +05:30 [INF] Request finished HTTP/1.1 GET http://localhost:5279/Leave/Delete/40 - - - 200 - text/html;+charset=utf-8 97.5501ms
2023-04-24 13:56:35.673 +05:30 [INF] Request starting HTTP/1.1 GET http://localhost:5279/ELMSApplication.styles.css?v=TO55c5p6gIvc-K67sCupy3rmL7OHj1w_leNmIwQ5SYU - -
2023-04-24 13:56:35.674 +05:30 [INF] The file /ELMSApplication.styles.css was not modified
2023-04-24 13:56:35.674 +05:30 [INF] Request starting HTTP/1.1 GET http://localhost:5279/_framework/aspnetcore-browser-refresh.js - -
2023-04-24 13:56:35.674 +05:30 [INF] Request finished HTTP/1.1 GET http://localhost:5279/ELMSApplication.styles.css?v=TO55c5p6gIvc-K67sCupy3rmL7OHj1w_leNmIwQ5SYU - - - 304 - text/css 1.3627ms
2023-04-24 13:56:35.674 +05:30 [INF] Request finished HTTP/1.1 GET http://localhost:5279/_framework/aspnetcore-browser-refresh.js - - - 200 11966 application/javascript;+charset=utf-8 0.2456ms
2023-04-24 13:56:37.674 +05:30 [INF] Request starting HTTP/1.1 POST http://localhost:5279/Leave/Delete/40 application/x-www-form-urlencoded 193
2023-04-24 13:56:37.675 +05:30 [INF] Executing endpoint 'ELMSApplication.Controllers.LeaveController.DeleteConfirmed (ELMSApplication)'
2023-04-24 13:56:37.683 +05:30 [INF] Route matched with {action = "Delete", controller = "Leave"}. Executing controller action with signature System.Threading.Tasks.Task`1[Microsoft.AspNetCore.Mvc.IActionResult] DeleteConfirmed(Int32) on controller ELMSApplication.Controllers.LeaveController (ELMSApplication).
2023-04-24 13:56:37.724 +05:30 [INF] Executed DbCommand (1ms) [Parameters=[@__p_0='?' (DbType = Int32)], CommandType='"Text"', CommandTimeout='30']
SELECT TOP(1) [l].[LeaveId], [l].[EmployeeId], [l].[EndDate], [l].[LeaveType], [l].[StartDate], [l].[Status]
FROM [Leave] AS [l]
WHERE [l].[LeaveId] = @__p_0
2023-04-24 13:56:37.801 +05:30 [INF] Executed DbCommand (41ms) [Parameters=[@p0='?' (DbType = Int32)], CommandType='"Text"', CommandTimeout='30']
SET IMPLICIT_TRANSACTIONS OFF;
SET NOCOUNT ON;
DELETE FROM [Leave]
OUTPUT 1
WHERE [LeaveId] = @p0;
2023-04-24 13:56:37.818 +05:30 [INF] Executing RedirectResult, redirecting to /Leave.
2023-04-24 13:56:37.818 +05:30 [INF] Executed action ELMSApplication.Controllers.LeaveController.DeleteConfirmed (ELMSApplication) in 134.6641ms
2023-04-24 13:56:37.818 +05:30 [INF] Executed endpoint 'ELMSApplication.Controllers.LeaveController.DeleteConfirmed (ELMSApplication)'
2023-04-24 13:56:37.818 +05:30 [INF] Request finished HTTP/1.1 POST http://localhost:5279/Leave/Delete/40 application/x-www-form-urlencoded 193 - 302 0 - 143.9993ms
2023-04-24 13:56:37.823 +05:30 [INF] Request starting HTTP/1.1 GET http://localhost:5279/Leave - -
2023-04-24 13:56:37.823 +05:30 [INF] Executing endpoint 'ELMSApplication.Controllers.LeaveController.Index (ELMSApplication)'
2023-04-24 13:56:37.823 +05:30 [INF] Route matched with {action = "Index", controller = "Leave"}. Executing controller action with signature System.Threading.Tasks.Task`1[Microsoft.AspNetCore.Mvc.IActionResult] Index() on controller ELMSApplication.Controllers.LeaveController (ELMSApplication).
2023-04-24 13:56:37.823 +05:30 [INF] Accessing expired session, Key:5112f344-8b0c-c6ac-93e8-b0008f12ade8
2023-04-24 13:56:37.825 +05:30 [INF] Executed action ELMSApplication.Controllers.LeaveController.Index (ELMSApplication) in 2.1693ms
2023-04-24 13:56:37.826 +05:30 [INF] Executed endpoint 'ELMSApplication.Controllers.LeaveController.Index (ELMSApplication)'
2023-04-24 13:56:37.844 +05:30 [ERR] An unhandled exception has occurred while executing the request.
System.NullReferenceException: Object reference not set to an instance of an object.
   at ELMSApplication.Controllers.LeaveController.Index()
   at Microsoft.AspNetCore.Mvc.Infrastructure.ActionMethodExecutor.TaskOfIActionResultExecutor.Execute(ActionContext actionContext, IActionResultTypeMapper mapper, ObjectMethodExecutor executor, Object controller, Object[] arguments)
   at Microsoft.AspNetCore.Mvc.Infrastructure.ControllerActionInvoker.<InvokeActionMethodAsync>g__Awaited|12_0(ControllerActionInvoker invoker, ValueTask`1 actionResultValueTask)
   at Microsoft.AspNetCore.Mvc.Infrastructure.ControllerActionInvoker.<InvokeNextActionFilterAsync>g__Awaited|10_0(ControllerActionInvoker invoker, Task lastTask, State next, Scope scope, Object state, Boolean isCompleted)
   at Microsoft.AspNetCore.Mvc.Infrastructure.ControllerActionInvoker.Rethrow(ActionExecutedContextSealed context)
   at Microsoft.AspNetCore.Mvc.Infrastructure.ControllerActionInvoker.Next(State& next, Scope& scope, Object& state, Boolean& isCompleted)
   at Microsoft.AspNetCore.Mvc.Infrastructure.ControllerActionInvoker.InvokeInnerFilterAsync()
--- End of stack trace from previous location ---
   at Microsoft.AspNetCore.Mvc.Infrastructure.ResourceInvoker.<InvokeNextResourceFilter>g__Awaited|25_0(ResourceInvoker invoker, Task lastTask, State next, Scope scope, Object state, Boolean isCompleted)
   at Microsoft.AspNetCore.Mvc.Infrastructure.ResourceInvoker.Rethrow(ResourceExecutedContextSealed context)
   at Microsoft.AspNetCore.Mvc.Infrastructure.ResourceInvoker.Next(State& next, Scope& scope, Object& state, Boolean& isCompleted)
   at Microsoft.AspNetCore.Mvc.Infrastructure.ResourceInvoker.InvokeFilterPipelineAsync()
--- End of stack trace from previous location ---
   at Microsoft.AspNetCore.Mvc.Infrastructure.ResourceInvoker.<InvokeAsync>g__Logged|17_1(ResourceInvoker invoker)
   at Microsoft.AspNetCore.Mvc.Infrastructure.ResourceInvoker.<InvokeAsync>g__Logged|17_1(ResourceInvoker invoker)
   at Microsoft.AspNetCore.Routing.EndpointMiddleware.<Invoke>g__AwaitRequestTask|6_0(Endpoint endpoint, Task requestTask, ILogger logger)
   at Microsoft.AspNetCore.Session.SessionMiddleware.Invoke(HttpContext context)
   at Microsoft.AspNetCore.Session.SessionMiddleware.Invoke(HttpContext context)
   at Microsoft.AspNetCore.Authorization.AuthorizationMiddleware.Invoke(HttpContext context)
   at Microsoft.AspNetCore.Authentication.AuthenticationMiddleware.Invoke(HttpContext context)
   at Microsoft.AspNetCore.Diagnostics.DeveloperExceptionPageMiddlewareImpl.Invoke(HttpContext context)
2023-04-24 13:56:37.860 +05:30 [INF] Request finished HTTP/1.1 GET http://localhost:5279/Leave - - - 500 - text/html;+charset=utf-8 37.4074ms
2023-04-24 13:56:37.900 +05:30 [INF] Request starting HTTP/1.1 GET http://localhost:5279/_framework/aspnetcore-browser-refresh.js - -
2023-04-24 13:56:37.900 +05:30 [INF] Request finished HTTP/1.1 GET http://localhost:5279/_framework/aspnetcore-browser-refresh.js - - - 200 11966 application/javascript;+charset=utf-8 0.1232ms
2023-04-24 13:56:46.337 +05:30 [INF] Request starting HTTP/1.1 GET http://localhost:5279/Leave/Delete/40 - -
2023-04-24 13:56:46.338 +05:30 [INF] Executing endpoint 'ELMSApplication.Controllers.LeaveController.Delete (ELMSApplication)'
2023-04-24 13:56:46.338 +05:30 [INF] Route matched with {action = "Delete", controller = "Leave"}. Executing controller action with signature System.Threading.Tasks.Task`1[Microsoft.AspNetCore.Mvc.IActionResult] Delete(System.Nullable`1[System.Int32]) on controller ELMSApplication.Controllers.LeaveController (ELMSApplication).
2023-04-24 13:56:46.342 +05:30 [INF] Executed DbCommand (2ms) [Parameters=[@__id_0='?' (DbType = Int32)], CommandType='"Text"', CommandTimeout='30']
SELECT TOP(1) [l].[LeaveId], [l].[EmployeeId], [l].[EndDate], [l].[LeaveType], [l].[StartDate], [l].[Status]
FROM [Leave] AS [l]
WHERE [l].[LeaveId] = @__id_0
2023-04-24 13:56:46.351 +05:30 [INF] Executing StatusCodeResult, setting HTTP status code 404
2023-04-24 13:56:46.351 +05:30 [INF] Executed action ELMSApplication.Controllers.LeaveController.Delete (ELMSApplication) in 12.5429ms
2023-04-24 13:56:46.351 +05:30 [INF] Executed endpoint 'ELMSApplication.Controllers.LeaveController.Delete (ELMSApplication)'
2023-04-24 13:56:46.351 +05:30 [INF] Request finished HTTP/1.1 GET http://localhost:5279/Leave/Delete/40 - - - 404 0 - 13.6212ms
2023-04-24 13:56:48.137 +05:30 [INF] Request starting HTTP/1.1 GET http://localhost:5279/Leave/Delete/40 - -
2023-04-24 13:56:48.137 +05:30 [INF] Executing endpoint 'ELMSApplication.Controllers.LeaveController.Delete (ELMSApplication)'
2023-04-24 13:56:48.137 +05:30 [INF] Route matched with {action = "Delete", controller = "Leave"}. Executing controller action with signature System.Threading.Tasks.Task`1[Microsoft.AspNetCore.Mvc.IActionResult] Delete(System.Nullable`1[System.Int32]) on controller ELMSApplication.Controllers.LeaveController (ELMSApplication).
2023-04-24 13:56:48.147 +05:30 [INF] Executed DbCommand (8ms) [Parameters=[@__id_0='?' (DbType = Int32)], CommandType='"Text"', CommandTimeout='30']
SELECT TOP(1) [l].[LeaveId], [l].[EmployeeId], [l].[EndDate], [l].[LeaveType], [l].[StartDate], [l].[Status]
FROM [Leave] AS [l]
WHERE [l].[LeaveId] = @__id_0
2023-04-24 13:56:48.148 +05:30 [INF] Executing StatusCodeResult, setting HTTP status code 404
2023-04-24 13:56:48.150 +05:30 [INF] Executed action ELMSApplication.Controllers.LeaveController.Delete (ELMSApplication) in 12.6033ms
2023-04-24 13:56:48.150 +05:30 [INF] Executed endpoint 'ELMSApplication.Controllers.LeaveController.Delete (ELMSApplication)'
2023-04-24 13:56:48.150 +05:30 [INF] Request finished HTTP/1.1 GET http://localhost:5279/Leave/Delete/40 - - - 404 0 - 13.4353ms
2023-04-24 13:56:53.071 +05:30 [INF] Request starting HTTP/1.1 GET http://localhost:5279/Leave/Delete/40 - -
2023-04-24 13:56:53.071 +05:30 [INF] Executing endpoint 'ELMSApplication.Controllers.LeaveController.Delete (ELMSApplication)'
2023-04-24 13:56:53.072 +05:30 [INF] Route matched with {action = "Delete", controller = "Leave"}. Executing controller action with signature System.Threading.Tasks.Task`1[Microsoft.AspNetCore.Mvc.IActionResult] Delete(System.Nullable`1[System.Int32]) on controller ELMSApplication.Controllers.LeaveController (ELMSApplication).
2023-04-24 13:56:53.085 +05:30 [INF] Executed DbCommand (11ms) [Parameters=[@__id_0='?' (DbType = Int32)], CommandType='"Text"', CommandTimeout='30']
SELECT TOP(1) [l].[LeaveId], [l].[EmployeeId], [l].[EndDate], [l].[LeaveType], [l].[StartDate], [l].[Status]
FROM [Leave] AS [l]
WHERE [l].[LeaveId] = @__id_0
2023-04-24 13:56:53.087 +05:30 [INF] Executing StatusCodeResult, setting HTTP status code 404
2023-04-24 13:56:53.088 +05:30 [INF] Executed action ELMSApplication.Controllers.LeaveController.Delete (ELMSApplication) in 15.8968ms
2023-04-24 13:56:53.088 +05:30 [INF] Executed endpoint 'ELMSApplication.Controllers.LeaveController.Delete (ELMSApplication)'
2023-04-24 13:56:53.088 +05:30 [INF] Request finished HTTP/1.1 GET http://localhost:5279/Leave/Delete/40 - - - 404 0 - 17.1612ms
2023-04-24 13:58:02.911 +05:30 [INF] User profile is available. Using 'C:\Users\skart\AppData\Local\ASP.NET\DataProtection-Keys' as key repository and Windows DPAPI to encrypt keys at rest.
2023-04-24 13:58:03.043 +05:30 [INF] Now listening on: http://localhost:5279
2023-04-24 13:58:03.048 +05:30 [INF] Application started. Press Ctrl+C to shut down.
2023-04-24 13:58:03.048 +05:30 [INF] Hosting environment: Development
2023-04-24 13:58:03.049 +05:30 [INF] Content root path: C:\Users\skart\ELMSApplication\ELMSApplication
2023-04-24 13:58:04.313 +05:30 [INF] Request starting HTTP/1.1 GET http://localhost:5279/ - -
2023-04-24 13:58:04.366 +05:30 [WRN] Failed to determine the https port for redirect.
2023-04-24 13:58:04.434 +05:30 [INF] Executing endpoint 'ELMSApplication.Controllers.HomeController.Index (ELMSApplication)'
2023-04-24 13:58:04.652 +05:30 [INF] Route matched with {action = "Index", controller = "Home"}. Executing controller action with signature Microsoft.AspNetCore.Mvc.IActionResult Index() on controller ELMSApplication.Controllers.HomeController (ELMSApplication).
2023-04-24 13:58:04.687 +05:30 [INF] Executing ViewResult, running view Index.
2023-04-24 13:58:04.884 +05:30 [INF] Executed ViewResult - view Index executed in 203.8439ms.
2023-04-24 13:58:04.888 +05:30 [INF] Executed action ELMSApplication.Controllers.HomeController.Index (ELMSApplication) in 234.0902ms
2023-04-24 13:58:04.889 +05:30 [INF] Executed endpoint 'ELMSApplication.Controllers.HomeController.Index (ELMSApplication)'
2023-04-24 13:58:04.906 +05:30 [INF] Request starting HTTP/1.1 GET http://localhost:5279/ELMSApplication.styles.css?v=elOSKWD_5wpVMlxSFsQY-04UAvD5H845yrwkjIGX5Xg - -
2023-04-24 13:58:04.915 +05:30 [INF] Request finished HTTP/1.1 GET http://localhost:5279/ - - - 200 - text/html;+charset=utf-8 609.6351ms
2023-04-24 13:58:04.916 +05:30 [INF] Request starting HTTP/1.1 GET http://localhost:5279/_framework/aspnetcore-browser-refresh.js - -
2023-04-24 13:58:04.919 +05:30 [INF] Request finished HTTP/1.1 GET http://localhost:5279/_framework/aspnetcore-browser-refresh.js - - - 200 11966 application/javascript;+charset=utf-8 3.2948ms
2023-04-24 13:58:04.931 +05:30 [INF] Sending file. Request path: '/ELMSApplication.styles.css'. Physical path: 'C:\Users\skart\ELMSApplication\ELMSApplication\obj\Debug\net7.0\scopedcss\bundle\ELMSApplication.styles.css'
2023-04-24 13:58:04.931 +05:30 [INF] Request finished HTTP/1.1 GET http://localhost:5279/ELMSApplication.styles.css?v=elOSKWD_5wpVMlxSFsQY-04UAvD5H845yrwkjIGX5Xg - - - 200 1536 text/css 25.4903ms
2023-04-24 13:58:18.696 +05:30 [INF] Request starting HTTP/1.1 GET http://localhost:5279/Employee/Login - -
2023-04-24 13:58:18.703 +05:30 [INF] Executing endpoint 'ELMSApplication.Controllers.EmployeeController.Login (ELMSApplication)'
2023-04-24 13:58:18.706 +05:30 [INF] Route matched with {action = "Login", controller = "Employee"}. Executing controller action with signature Microsoft.AspNetCore.Mvc.IActionResult Login() on controller ELMSApplication.Controllers.EmployeeController (ELMSApplication).
2023-04-24 13:58:18.973 +05:30 [INF] Executing ViewResult, running view Login.
2023-04-24 13:58:19.066 +05:30 [INF] Executed ViewResult - view Login executed in 95.5983ms.
2023-04-24 13:58:19.066 +05:30 [INF] Executed action ELMSApplication.Controllers.EmployeeController.Login (ELMSApplication) in 359.6667ms
2023-04-24 13:58:19.066 +05:30 [INF] Executed endpoint 'ELMSApplication.Controllers.EmployeeController.Login (ELMSApplication)'
2023-04-24 13:58:19.072 +05:30 [INF] Request finished HTTP/1.1 GET http://localhost:5279/Employee/Login - - - 200 - text/html;+charset=utf-8 375.4902ms
2023-04-24 13:58:19.111 +05:30 [INF] Request starting HTTP/1.1 GET http://localhost:5279/_framework/aspnetcore-browser-refresh.js - -
2023-04-24 13:58:19.111 +05:30 [INF] Request finished HTTP/1.1 GET http://localhost:5279/_framework/aspnetcore-browser-refresh.js - - - 200 11966 application/javascript;+charset=utf-8 0.5315ms
2023-04-24 13:58:43.477 +05:30 [INF] Request starting HTTP/1.1 POST http://localhost:5279/Employee/Login application/x-www-form-urlencoded 218
2023-04-24 13:58:43.483 +05:30 [INF] Executing endpoint 'ELMSApplication.Controllers.EmployeeController.Login (ELMSApplication)'
2023-04-24 13:58:43.508 +05:30 [INF] Route matched with {action = "Login", controller = "Employee"}. Executing controller action with signature System.Threading.Tasks.Task`1[Microsoft.AspNetCore.Mvc.IActionResult] Login(ELMSApplication.Employee) on controller ELMSApplication.Controllers.EmployeeController (ELMSApplication).
2023-04-24 13:58:45.360 +05:30 [INF] Executed DbCommand (116ms) [Parameters=[@__employee_EmployeeId_0='?' (Size = 75), @__employee_Password_1='?' (Size = 75)], CommandType='"Text"', CommandTimeout='30']
SELECT TOP(1) [e].[Id], [e].[EmployeeId], [e].[EmployeeName], [e].[IsAdmin], [e].[Password]
FROM [Employee] AS [e]
WHERE [e].[EmployeeId] = @__employee_EmployeeId_0 AND [e].[Password] = @__employee_Password_1
2023-04-24 13:58:45.532 +05:30 [INF] Accessing expired session, Key:5112f344-8b0c-c6ac-93e8-b0008f12ade8
2023-04-24 13:58:45.533 +05:30 [INF] Executing RedirectResult, redirecting to /Leave/Index.
2023-04-24 13:58:45.533 +05:30 [INF] Executed action ELMSApplication.Controllers.EmployeeController.Login (ELMSApplication) in 2025.6295ms
2023-04-24 13:58:45.534 +05:30 [INF] Executed endpoint 'ELMSApplication.Controllers.EmployeeController.Login (ELMSApplication)'
2023-04-24 13:58:45.534 +05:30 [INF] Session started; Key:5112f344-8b0c-c6ac-93e8-b0008f12ade8, Id:89b6b956-6cbe-c474-25dc-84fa161dba9a
2023-04-24 13:58:45.543 +05:30 [INF] Request finished HTTP/1.1 POST http://localhost:5279/Employee/Login application/x-www-form-urlencoded 218 - 302 0 - 2065.6461ms
2023-04-24 13:58:45.543 +05:30 [INF] Request starting HTTP/1.1 GET http://localhost:5279/Leave/Index - -
2023-04-24 13:58:45.543 +05:30 [INF] Executing endpoint 'ELMSApplication.Controllers.LeaveController.Index (ELMSApplication)'
2023-04-24 13:58:45.547 +05:30 [INF] Route matched with {action = "Index", controller = "Leave"}. Executing controller action with signature System.Threading.Tasks.Task`1[Microsoft.AspNetCore.Mvc.IActionResult] Index() on controller ELMSApplication.Controllers.LeaveController (ELMSApplication).
2023-04-24 13:58:45.649 +05:30 [INF] Executed DbCommand (30ms) [Parameters=[], CommandType='"Text"', CommandTimeout='30']
SELECT [l].[LeaveId], [l].[EmployeeId], [l].[EndDate], [l].[LeaveType], [l].[StartDate], [l].[Status]
FROM [Leave] AS [l]
2023-04-24 13:58:45.721 +05:30 [INF] Executing ViewResult, running view Index.
2023-04-24 13:58:45.803 +05:30 [INF] Executed ViewResult - view Index executed in 127.3465ms.
2023-04-24 13:58:45.806 +05:30 [INF] Executed action ELMSApplication.Controllers.LeaveController.Index (ELMSApplication) in 258.4068ms
2023-04-24 13:58:45.807 +05:30 [INF] Executed endpoint 'ELMSApplication.Controllers.LeaveController.Index (ELMSApplication)'
2023-04-24 13:58:45.815 +05:30 [INF] Request finished HTTP/1.1 GET http://localhost:5279/Leave/Index - - - 200 - text/html;+charset=utf-8 271.9414ms
2023-04-24 13:58:45.830 +05:30 [INF] Request starting HTTP/1.1 GET http://localhost:5279/ELMSApplication.styles.css?v=elOSKWD_5wpVMlxSFsQY-04UAvD5H845yrwkjIGX5Xg - -
2023-04-24 13:58:45.833 +05:30 [INF] Request starting HTTP/1.1 GET http://localhost:5279/_framework/aspnetcore-browser-refresh.js - -
2023-04-24 13:58:45.833 +05:30 [INF] Request finished HTTP/1.1 GET http://localhost:5279/_framework/aspnetcore-browser-refresh.js - - - 200 11966 application/javascript;+charset=utf-8 0.2957ms
2023-04-24 13:58:45.840 +05:30 [INF] The file /ELMSApplication.styles.css was not modified
2023-04-24 13:58:45.840 +05:30 [INF] Request finished HTTP/1.1 GET http://localhost:5279/ELMSApplication.styles.css?v=elOSKWD_5wpVMlxSFsQY-04UAvD5H845yrwkjIGX5Xg - - - 304 - text/css 10.3702ms
2023-04-24 14:02:04.444 +05:30 [INF] Request starting HTTP/1.1 GET http://localhost:5279/Employee/Login - -
2023-04-24 14:02:04.445 +05:30 [INF] Executing endpoint 'ELMSApplication.Controllers.EmployeeController.Login (ELMSApplication)'
2023-04-24 14:02:04.446 +05:30 [INF] Route matched with {action = "Login", controller = "Employee"}. Executing controller action with signature Microsoft.AspNetCore.Mvc.IActionResult Login() on controller ELMSApplication.Controllers.EmployeeController (ELMSApplication).
2023-04-24 14:02:04.447 +05:30 [INF] Executing ViewResult, running view Login.
2023-04-24 14:02:04.453 +05:30 [INF] Executed ViewResult - view Login executed in 7.0214ms.
2023-04-24 14:02:04.454 +05:30 [INF] Executed action ELMSApplication.Controllers.EmployeeController.Login (ELMSApplication) in 7.7939ms
2023-04-24 14:02:04.454 +05:30 [INF] Executed endpoint 'ELMSApplication.Controllers.EmployeeController.Login (ELMSApplication)'
2023-04-24 14:02:04.454 +05:30 [INF] Request finished HTTP/1.1 GET http://localhost:5279/Employee/Login - - - 200 - text/html;+charset=utf-8 9.6011ms
2023-04-24 14:02:04.477 +05:30 [INF] Request starting HTTP/1.1 GET http://localhost:5279/_framework/aspnetcore-browser-refresh.js - -
2023-04-24 14:02:04.477 +05:30 [INF] Request finished HTTP/1.1 GET http://localhost:5279/_framework/aspnetcore-browser-refresh.js - - - 200 11966 application/javascript;+charset=utf-8 0.5395ms
2023-04-24 14:02:05.765 +05:30 [INF] Request starting HTTP/1.1 GET http://localhost:5279/_framework/aspnetcore-browser-refresh.js - -
2023-04-24 14:02:05.765 +05:30 [INF] Request finished HTTP/1.1 GET http://localhost:5279/_framework/aspnetcore-browser-refresh.js - - - 200 11966 application/javascript;+charset=utf-8 0.1734ms
2023-04-24 14:04:41.220 +05:30 [INF] Request starting HTTP/1.1 GET http://localhost:5279/ - -
2023-04-24 14:04:41.221 +05:30 [INF] Executing endpoint 'ELMSApplication.Controllers.HomeController.Index (ELMSApplication)'
2023-04-24 14:04:41.223 +05:30 [INF] Route matched with {action = "Index", controller = "Home"}. Executing controller action with signature Microsoft.AspNetCore.Mvc.IActionResult Index() on controller ELMSApplication.Controllers.HomeController (ELMSApplication).
2023-04-24 14:04:41.228 +05:30 [INF] Executing ViewResult, running view Index.
2023-04-24 14:04:41.232 +05:30 [INF] Executed ViewResult - view Index executed in 9.194ms.
2023-04-24 14:04:41.232 +05:30 [INF] Executed action ELMSApplication.Controllers.HomeController.Index (ELMSApplication) in 9.5841ms
2023-04-24 14:04:41.232 +05:30 [INF] Executed endpoint 'ELMSApplication.Controllers.HomeController.Index (ELMSApplication)'
2023-04-24 14:04:41.233 +05:30 [INF] Request finished HTTP/1.1 GET http://localhost:5279/ - - - 200 - text/html;+charset=utf-8 12.2258ms
2023-04-24 14:04:41.247 +05:30 [INF] Request starting HTTP/1.1 GET http://localhost:5279/ELMSApplication.styles.css?v=elOSKWD_5wpVMlxSFsQY-04UAvD5H845yrwkjIGX5Xg - -
2023-04-24 14:04:41.247 +05:30 [INF] Request starting HTTP/1.1 GET http://localhost:5279/_framework/aspnetcore-browser-refresh.js - -
2023-04-24 14:04:41.247 +05:30 [INF] Request finished HTTP/1.1 GET http://localhost:5279/_framework/aspnetcore-browser-refresh.js - - - 200 11966 application/javascript;+charset=utf-8 0.2637ms
2023-04-24 14:04:41.248 +05:30 [INF] The file /ELMSApplication.styles.css was not modified
2023-04-24 14:04:41.248 +05:30 [INF] Request finished HTTP/1.1 GET http://localhost:5279/ELMSApplication.styles.css?v=elOSKWD_5wpVMlxSFsQY-04UAvD5H845yrwkjIGX5Xg - - - 304 - text/css 0.9432ms
2023-04-24 14:04:53.208 +05:30 [INF] Request starting HTTP/1.1 GET http://localhost:5279/ - -
2023-04-24 14:04:53.209 +05:30 [INF] Executing endpoint 'ELMSApplication.Controllers.HomeController.Index (ELMSApplication)'
2023-04-24 14:04:53.209 +05:30 [INF] Route matched with {action = "Index", controller = "Home"}. Executing controller action with signature Microsoft.AspNetCore.Mvc.IActionResult Index() on controller ELMSApplication.Controllers.HomeController (ELMSApplication).
2023-04-24 14:04:53.209 +05:30 [INF] Executing ViewResult, running view Index.
2023-04-24 14:04:53.210 +05:30 [INF] Executed ViewResult - view Index executed in 0.6546ms.
2023-04-24 14:04:53.210 +05:30 [INF] Executed action ELMSApplication.Controllers.HomeController.Index (ELMSApplication) in 0.8279ms
2023-04-24 14:04:53.210 +05:30 [INF] Executed endpoint 'ELMSApplication.Controllers.HomeController.Index (ELMSApplication)'
2023-04-24 14:04:53.210 +05:30 [INF] Request finished HTTP/1.1 GET http://localhost:5279/ - - - 200 - text/html;+charset=utf-8 1.8089ms
2023-04-24 14:04:53.226 +05:30 [INF] Request starting HTTP/1.1 GET http://localhost:5279/_framework/aspnetcore-browser-refresh.js - -
2023-04-24 14:04:53.226 +05:30 [INF] Request finished HTTP/1.1 GET http://localhost:5279/_framework/aspnetcore-browser-refresh.js - - - 200 11966 application/javascript;+charset=utf-8 0.1648ms
2023-04-24 14:04:54.792 +05:30 [INF] Request starting HTTP/1.1 GET http://localhost:5279/ - -
2023-04-24 14:04:54.792 +05:30 [INF] Executing endpoint 'ELMSApplication.Controllers.HomeController.Index (ELMSApplication)'
2023-04-24 14:04:54.792 +05:30 [INF] Route matched with {action = "Index", controller = "Home"}. Executing controller action with signature Microsoft.AspNetCore.Mvc.IActionResult Index() on controller ELMSApplication.Controllers.HomeController (ELMSApplication).
2023-04-24 14:04:54.793 +05:30 [INF] Executing ViewResult, running view Index.
2023-04-24 14:04:54.793 +05:30 [INF] Executed ViewResult - view Index executed in 0.4084ms.
2023-04-24 14:04:54.793 +05:30 [INF] Executed action ELMSApplication.Controllers.HomeController.Index (ELMSApplication) in 0.6318ms
2023-04-24 14:04:54.793 +05:30 [INF] Executed endpoint 'ELMSApplication.Controllers.HomeController.Index (ELMSApplication)'
2023-04-24 14:04:54.793 +05:30 [INF] Request finished HTTP/1.1 GET http://localhost:5279/ - - - 200 - text/html;+charset=utf-8 1.2318ms
2023-04-24 14:04:54.808 +05:30 [INF] Request starting HTTP/1.1 GET http://localhost:5279/_framework/aspnetcore-browser-refresh.js - -
2023-04-24 14:04:54.808 +05:30 [INF] Request finished HTTP/1.1 GET http://localhost:5279/_framework/aspnetcore-browser-refresh.js - - - 200 11966 application/javascript;+charset=utf-8 0.1397ms
2023-04-24 14:06:07.639 +05:30 [INF] User profile is available. Using 'C:\Users\skart\AppData\Local\ASP.NET\DataProtection-Keys' as key repository and Windows DPAPI to encrypt keys at rest.
2023-04-24 14:06:07.734 +05:30 [INF] Now listening on: http://localhost:5279
2023-04-24 14:06:07.738 +05:30 [INF] Application started. Press Ctrl+C to shut down.
2023-04-24 14:06:07.739 +05:30 [INF] Hosting environment: Development
2023-04-24 14:06:07.739 +05:30 [INF] Content root path: C:\Users\skart\ELMSApplication\ELMSApplication
2023-04-24 14:06:08.258 +05:30 [INF] Request starting HTTP/1.1 GET http://localhost:5279/ - -
2023-04-24 14:06:08.296 +05:30 [WRN] Failed to determine the https port for redirect.
2023-04-24 14:06:08.369 +05:30 [INF] Executing endpoint 'ELMSApplication.Controllers.HomeController.Index (ELMSApplication)'
2023-04-24 14:06:08.412 +05:30 [INF] Route matched with {action = "Index", controller = "Home"}. Executing controller action with signature Microsoft.AspNetCore.Mvc.IActionResult Index() on controller ELMSApplication.Controllers.HomeController (ELMSApplication).
2023-04-24 14:06:08.428 +05:30 [INF] Executing ViewResult, running view Index.
2023-04-24 14:06:08.596 +05:30 [INF] Executed ViewResult - view Index executed in 168.3224ms.
2023-04-24 14:06:08.614 +05:30 [INF] Executed action ELMSApplication.Controllers.HomeController.Index (ELMSApplication) in 201.6182ms
2023-04-24 14:06:08.614 +05:30 [INF] Executed endpoint 'ELMSApplication.Controllers.HomeController.Index (ELMSApplication)'
2023-04-24 14:06:08.630 +05:30 [INF] Request starting HTTP/1.1 GET http://localhost:5279/ELMSApplication.styles.css?v=elOSKWD_5wpVMlxSFsQY-04UAvD5H845yrwkjIGX5Xg - -
2023-04-24 14:06:08.635 +05:30 [INF] Request starting HTTP/1.1 GET http://localhost:5279/_framework/aspnetcore-browser-refresh.js - -
2023-04-24 14:06:08.643 +05:30 [INF] Request finished HTTP/1.1 GET http://localhost:5279/_framework/aspnetcore-browser-refresh.js - - - 200 11966 application/javascript;+charset=utf-8 5.8424ms
2023-04-24 14:06:08.661 +05:30 [INF] The file /ELMSApplication.styles.css was not modified
2023-04-24 14:06:08.663 +05:30 [INF] Request finished HTTP/1.1 GET http://localhost:5279/ - - - 200 - text/html;+charset=utf-8 413.2617ms
2023-04-24 14:06:08.663 +05:30 [INF] Request finished HTTP/1.1 GET http://localhost:5279/ELMSApplication.styles.css?v=elOSKWD_5wpVMlxSFsQY-04UAvD5H845yrwkjIGX5Xg - - - 304 - text/css 33.6004ms
2023-04-24 14:06:51.272 +05:30 [INF] Request starting HTTP/1.1 GET http://localhost:5279/ - -
2023-04-24 14:06:51.274 +05:30 [INF] Executing endpoint 'ELMSApplication.Controllers.HomeController.Index (ELMSApplication)'
2023-04-24 14:06:51.275 +05:30 [INF] Route matched with {action = "Index", controller = "Home"}. Executing controller action with signature Microsoft.AspNetCore.Mvc.IActionResult Index() on controller ELMSApplication.Controllers.HomeController (ELMSApplication).
2023-04-24 14:06:51.276 +05:30 [INF] Executing ViewResult, running view Index.
2023-04-24 14:06:51.283 +05:30 [INF] Executed ViewResult - view Index executed in 7.1873ms.
2023-04-24 14:06:51.283 +05:30 [INF] Executed action ELMSApplication.Controllers.HomeController.Index (ELMSApplication) in 8.2364ms
2023-04-24 14:06:51.283 +05:30 [INF] Executed endpoint 'ELMSApplication.Controllers.HomeController.Index (ELMSApplication)'
2023-04-24 14:06:51.284 +05:30 [INF] Request finished HTTP/1.1 GET http://localhost:5279/ - - - 200 - text/html;+charset=utf-8 11.6862ms
2023-04-24 14:06:51.304 +05:30 [INF] Request starting HTTP/1.1 GET http://localhost:5279/_framework/aspnetcore-browser-refresh.js - -
2023-04-24 14:06:51.305 +05:30 [INF] Request finished HTTP/1.1 GET http://localhost:5279/_framework/aspnetcore-browser-refresh.js - - - 200 11966 application/javascript;+charset=utf-8 0.6571ms
2023-04-24 14:06:52.854 +05:30 [INF] Request starting HTTP/1.1 GET http://localhost:5279/ - -
2023-04-24 14:06:52.855 +05:30 [INF] Executing endpoint 'ELMSApplication.Controllers.HomeController.Index (ELMSApplication)'
2023-04-24 14:06:52.855 +05:30 [INF] Route matched with {action = "Index", controller = "Home"}. Executing controller action with signature Microsoft.AspNetCore.Mvc.IActionResult Index() on controller ELMSApplication.Controllers.HomeController (ELMSApplication).
2023-04-24 14:06:52.855 +05:30 [INF] Executing ViewResult, running view Index.
2023-04-24 14:06:52.857 +05:30 [INF] Executed ViewResult - view Index executed in 1.532ms.
2023-04-24 14:06:52.857 +05:30 [INF] Executed action ELMSApplication.Controllers.HomeController.Index (ELMSApplication) in 1.9351ms
2023-04-24 14:06:52.857 +05:30 [INF] Executed endpoint 'ELMSApplication.Controllers.HomeController.Index (ELMSApplication)'
2023-04-24 14:06:52.858 +05:30 [INF] Request finished HTTP/1.1 GET http://localhost:5279/ - - - 200 - text/html;+charset=utf-8 3.1924ms
2023-04-24 14:06:52.879 +05:30 [INF] Request starting HTTP/1.1 GET http://localhost:5279/_framework/aspnetcore-browser-refresh.js - -
2023-04-24 14:06:52.879 +05:30 [INF] Request finished HTTP/1.1 GET http://localhost:5279/_framework/aspnetcore-browser-refresh.js - - - 200 11966 application/javascript;+charset=utf-8 0.2144ms
2023-04-24 14:07:37.989 +05:30 [INF] Request starting HTTP/1.1 GET http://localhost:5279/ - -
2023-04-24 14:07:37.989 +05:30 [INF] Executing endpoint 'ELMSApplication.Controllers.HomeController.Index (ELMSApplication)'
2023-04-24 14:07:37.991 +05:30 [INF] Route matched with {action = "Index", controller = "Home"}. Executing controller action with signature Microsoft.AspNetCore.Mvc.IActionResult Index() on controller ELMSApplication.Controllers.HomeController (ELMSApplication).
2023-04-24 14:07:37.998 +05:30 [INF] Executing ViewResult, running view Index.
2023-04-24 14:07:38.007 +05:30 [INF] Executed ViewResult - view Index executed in 15.789ms.
2023-04-24 14:07:38.008 +05:30 [INF] Executed action ELMSApplication.Controllers.HomeController.Index (ELMSApplication) in 16.0177ms
2023-04-24 14:07:38.008 +05:30 [INF] Executed endpoint 'ELMSApplication.Controllers.HomeController.Index (ELMSApplication)'
2023-04-24 14:07:38.008 +05:30 [INF] Request finished HTTP/1.1 GET http://localhost:5279/ - - - 200 - text/html;+charset=utf-8 19.0109ms
2023-04-24 14:07:38.020 +05:30 [INF] Request starting HTTP/1.1 GET http://localhost:5279/ELMSApplication.styles.css?v=elOSKWD_5wpVMlxSFsQY-04UAvD5H845yrwkjIGX5Xg - -
2023-04-24 14:07:38.021 +05:30 [INF] The file /ELMSApplication.styles.css was not modified
2023-04-24 14:07:38.022 +05:30 [INF] Request finished HTTP/1.1 GET http://localhost:5279/ELMSApplication.styles.css?v=elOSKWD_5wpVMlxSFsQY-04UAvD5H845yrwkjIGX5Xg - - - 304 - text/css 1.4371ms
2023-04-24 14:07:38.029 +05:30 [INF] Request starting HTTP/1.1 GET http://localhost:5279/_framework/aspnetcore-browser-refresh.js - -
2023-04-24 14:07:38.029 +05:30 [INF] Request finished HTTP/1.1 GET http://localhost:5279/_framework/aspnetcore-browser-refresh.js - - - 200 11966 application/javascript;+charset=utf-8 0.1335ms
2023-04-24 14:09:12.480 +05:30 [INF] Request starting HTTP/1.1 GET http://localhost:5279/ - -
2023-04-24 14:09:12.480 +05:30 [INF] Executing endpoint 'ELMSApplication.Controllers.HomeController.Index (ELMSApplication)'
2023-04-24 14:09:12.481 +05:30 [INF] Route matched with {action = "Index", controller = "Home"}. Executing controller action with signature Microsoft.AspNetCore.Mvc.IActionResult Index() on controller ELMSApplication.Controllers.HomeController (ELMSApplication).
2023-04-24 14:09:12.483 +05:30 [INF] Executing ViewResult, running view Index.
2023-04-24 14:09:12.493 +05:30 [INF] Executed ViewResult - view Index executed in 11.0551ms.
2023-04-24 14:09:12.493 +05:30 [INF] Executed action ELMSApplication.Controllers.HomeController.Index (ELMSApplication) in 11.2433ms
2023-04-24 14:09:12.493 +05:30 [INF] Executed endpoint 'ELMSApplication.Controllers.HomeController.Index (ELMSApplication)'
2023-04-24 14:09:12.493 +05:30 [INF] Request finished HTTP/1.1 GET http://localhost:5279/ - - - 200 - text/html;+charset=utf-8 13.2625ms
2023-04-24 14:09:12.501 +05:30 [INF] Request starting HTTP/1.1 GET http://localhost:5279/ - -
2023-04-24 14:09:12.502 +05:30 [INF] Executing endpoint 'ELMSApplication.Controllers.HomeController.Index (ELMSApplication)'
2023-04-24 14:09:12.503 +05:30 [INF] Route matched with {action = "Index", controller = "Home"}. Executing controller action with signature Microsoft.AspNetCore.Mvc.IActionResult Index() on controller ELMSApplication.Controllers.HomeController (ELMSApplication).
2023-04-24 14:09:12.503 +05:30 [INF] Executing ViewResult, running view Index.
2023-04-24 14:09:12.506 +05:30 [INF] Executed ViewResult - view Index executed in 3.7027ms.
2023-04-24 14:09:12.507 +05:30 [INF] Executed action ELMSApplication.Controllers.HomeController.Index (ELMSApplication) in 4.0989ms
2023-04-24 14:09:12.507 +05:30 [INF] Executed endpoint 'ELMSApplication.Controllers.HomeController.Index (ELMSApplication)'
2023-04-24 14:09:12.508 +05:30 [INF] Request finished HTTP/1.1 GET http://localhost:5279/ - - - 200 - text/html;+charset=utf-8 6.4537ms
2023-04-24 14:09:12.530 +05:30 [INF] Request starting HTTP/1.1 GET http://localhost:5279/ELMSApplication.styles.css?v=elOSKWD_5wpVMlxSFsQY-04UAvD5H845yrwkjIGX5Xg - -
2023-04-24 14:09:12.531 +05:30 [INF] The file /ELMSApplication.styles.css was not modified
2023-04-24 14:09:12.531 +05:30 [INF] Request finished HTTP/1.1 GET http://localhost:5279/ELMSApplication.styles.css?v=elOSKWD_5wpVMlxSFsQY-04UAvD5H845yrwkjIGX5Xg - - - 304 - text/css 1.4319ms
2023-04-24 14:09:12.541 +05:30 [INF] Request starting HTTP/1.1 GET http://localhost:5279/_framework/aspnetcore-browser-refresh.js - -
2023-04-24 14:09:12.541 +05:30 [INF] Request finished HTTP/1.1 GET http://localhost:5279/_framework/aspnetcore-browser-refresh.js - - - 200 11966 application/javascript;+charset=utf-8 0.1441ms
2023-04-24 14:09:28.993 +05:30 [INF] Request starting HTTP/1.1 GET http://localhost:5279/ - -
2023-04-24 14:09:28.993 +05:30 [INF] Executing endpoint 'ELMSApplication.Controllers.HomeController.Index (ELMSApplication)'
2023-04-24 14:09:28.995 +05:30 [INF] Route matched with {action = "Index", controller = "Home"}. Executing controller action with signature Microsoft.AspNetCore.Mvc.IActionResult Index() on controller ELMSApplication.Controllers.HomeController (ELMSApplication).
2023-04-24 14:09:28.996 +05:30 [INF] Executing ViewResult, running view Index.
2023-04-24 14:09:29.002 +05:30 [INF] Executed ViewResult - view Index executed in 6.4357ms.
2023-04-24 14:09:29.002 +05:30 [INF] Executed action ELMSApplication.Controllers.HomeController.Index (ELMSApplication) in 6.8034ms
2023-04-24 14:09:29.002 +05:30 [INF] Executed endpoint 'ELMSApplication.Controllers.HomeController.Index (ELMSApplication)'
2023-04-24 14:09:29.003 +05:30 [INF] Request finished HTTP/1.1 GET http://localhost:5279/ - - - 200 - text/html;+charset=utf-8 9.6925ms
2023-04-24 14:09:29.041 +05:30 [INF] Request starting HTTP/1.1 GET http://localhost:5279/_framework/aspnetcore-browser-refresh.js - -
2023-04-24 14:09:29.041 +05:30 [INF] Request finished HTTP/1.1 GET http://localhost:5279/_framework/aspnetcore-browser-refresh.js - - - 200 11966 application/javascript;+charset=utf-8 0.2726ms
2023-04-24 14:09:34.802 +05:30 [INF] Request starting HTTP/1.1 GET http://localhost:5279/ - -
2023-04-24 14:09:34.802 +05:30 [INF] Executing endpoint 'ELMSApplication.Controllers.HomeController.Index (ELMSApplication)'
2023-04-24 14:09:34.803 +05:30 [INF] Route matched with {action = "Index", controller = "Home"}. Executing controller action with signature Microsoft.AspNetCore.Mvc.IActionResult Index() on controller ELMSApplication.Controllers.HomeController (ELMSApplication).
2023-04-24 14:09:34.810 +05:30 [INF] Executing ViewResult, running view Index.
2023-04-24 14:09:34.816 +05:30 [INF] Executed ViewResult - view Index executed in 12.2057ms.
2023-04-24 14:09:34.816 +05:30 [INF] Executed action ELMSApplication.Controllers.HomeController.Index (ELMSApplication) in 12.3636ms
2023-04-24 14:09:34.816 +05:30 [INF] Executed endpoint 'ELMSApplication.Controllers.HomeController.Index (ELMSApplication)'
2023-04-24 14:09:34.816 +05:30 [INF] Request finished HTTP/1.1 GET http://localhost:5279/ - - - 200 - text/html;+charset=utf-8 14.4233ms
2023-04-24 14:09:34.868 +05:30 [INF] Request starting HTTP/1.1 GET http://localhost:5279/_framework/aspnetcore-browser-refresh.js - -
2023-04-24 14:09:34.868 +05:30 [INF] Request finished HTTP/1.1 GET http://localhost:5279/_framework/aspnetcore-browser-refresh.js - - - 200 11966 application/javascript;+charset=utf-8 0.1429ms
