2023-04-22 15:52:08.698 +05:30 [INF] User profile is available. Using 'C:\Users\skart\AppData\Local\ASP.NET\DataProtection-Keys' as key repository and Windows DPAPI to encrypt keys at rest.
2023-04-22 15:52:09.127 +05:30 [INF] Now listening on: http://localhost:5279
2023-04-22 15:52:09.132 +05:30 [INF] Application started. Press Ctrl+C to shut down.
2023-04-22 15:52:09.133 +05:30 [INF] Hosting environment: Development
2023-04-22 15:52:09.133 +05:30 [INF] Content root path: C:\Users\skart\ELMSApplication
2023-04-22 15:52:53.650 +05:30 [INF] Request starting HTTP/1.1 GET http://localhost:5279/ - -
2023-04-22 15:52:54.020 +05:30 [WRN] Failed to determine the https port for redirect.
2023-04-22 15:52:54.295 +05:30 [INF] Executing endpoint 'ELMSApplication.Controllers.HomeController.Index (ELMSApplication)'
2023-04-22 15:52:54.833 +05:30 [INF] Route matched with {action = "Index", controller = "Home"}. Executing controller action with signature Microsoft.AspNetCore.Mvc.IActionResult Index() on controller ELMSApplication.Controllers.HomeController (ELMSApplication).
2023-04-22 15:52:55.397 +05:30 [INF] Executing ViewResult, running view Index.
2023-04-22 15:52:56.676 +05:30 [INF] Executed ViewResult - view Index executed in 1529.4176ms.
2023-04-22 15:52:56.676 +05:30 [INF] Request starting HTTP/1.1 GET http://localhost:5279/ - -
2023-04-22 15:52:56.679 +05:30 [INF] Executed action ELMSApplication.Controllers.HomeController.Index (ELMSApplication) in 1844.0288ms
2023-04-22 15:52:56.679 +05:30 [INF] Executed endpoint 'ELMSApplication.Controllers.HomeController.Index (ELMSApplication)'
2023-04-22 15:52:56.681 +05:30 [INF] Executing endpoint 'ELMSApplication.Controllers.HomeController.Index (ELMSApplication)'
2023-04-22 15:52:56.682 +05:30 [INF] Route matched with {action = "Index", controller = "Home"}. Executing controller action with signature Microsoft.AspNetCore.Mvc.IActionResult Index() on controller ELMSApplication.Controllers.HomeController (ELMSApplication).
2023-04-22 15:52:56.684 +05:30 [INF] Executing ViewResult, running view Index.
2023-04-22 15:52:56.687 +05:30 [INF] Executed ViewResult - view Index executed in 4.3633ms.
2023-04-22 15:52:56.687 +05:30 [INF] Request finished HTTP/1.1 GET http://localhost:5279/ - - - 200 - text/html;+charset=utf-8 3053.0466ms
2023-04-22 15:52:56.688 +05:30 [INF] Executed action ELMSApplication.Controllers.HomeController.Index (ELMSApplication) in 5.8626ms
2023-04-22 15:52:56.688 +05:30 [INF] Executed endpoint 'ELMSApplication.Controllers.HomeController.Index (ELMSApplication)'
2023-04-22 15:52:56.688 +05:30 [INF] Request finished HTTP/1.1 GET http://localhost:5279/ - - - 200 - text/html;+charset=utf-8 12.3825ms
2023-04-22 15:53:00.956 +05:30 [INF] Request starting HTTP/1.1 GET http://localhost:5279/_framework/aspnetcore-browser-refresh.js - -
2023-04-22 15:53:00.959 +05:30 [INF] Request finished HTTP/1.1 GET http://localhost:5279/_framework/aspnetcore-browser-refresh.js - - - 200 11966 application/javascript;+charset=utf-8 2.3156ms
2023-04-22 15:53:01.245 +05:30 [INF] Request starting HTTP/1.1 GET http://localhost:5279/ELMSApplication.styles.css?v=o2_qsMhbGj8E9a2yUEBKBQWvaBXbWqzblTrp_OA3EXY - -
2023-04-22 15:53:01.288 +05:30 [INF] The file /ELMSApplication.styles.css was not modified
2023-04-22 15:53:01.288 +05:30 [INF] Request finished HTTP/1.1 GET http://localhost:5279/ELMSApplication.styles.css?v=o2_qsMhbGj8E9a2yUEBKBQWvaBXbWqzblTrp_OA3EXY - - - 304 - text/css 45.7160ms
2023-04-22 15:53:01.397 +05:30 [INF] Request starting HTTP/1.1 GET http://localhost:5279/_framework/aspnetcore-browser-refresh.js - -
2023-04-22 15:53:01.398 +05:30 [INF] Request finished HTTP/1.1 GET http://localhost:5279/_framework/aspnetcore-browser-refresh.js - - - 200 11966 application/javascript;+charset=utf-8 0.3260ms
2023-04-22 15:56:41.964 +05:30 [INF] Request starting HTTP/1.1 GET http://localhost:5279/Employee/Login - -
2023-04-22 15:56:41.967 +05:30 [INF] Executing endpoint 'ELMSApplication.Controllers.EmployeeController.Login (ELMSApplication)'
2023-04-22 15:56:41.972 +05:30 [INF] Route matched with {action = "Login", controller = "Employee"}. Executing controller action with signature Microsoft.AspNetCore.Mvc.IActionResult Login() on controller ELMSApplication.Controllers.EmployeeController (ELMSApplication).
2023-04-22 15:56:44.583 +05:30 [INF] Executing ViewResult, running view Login.
2023-04-22 15:56:44.845 +05:30 [INF] Executed ViewResult - view Login executed in 264.3113ms.
2023-04-22 15:56:44.845 +05:30 [INF] Executed action ELMSApplication.Controllers.EmployeeController.Login (ELMSApplication) in 2872.5348ms
2023-04-22 15:56:44.845 +05:30 [INF] Executed endpoint 'ELMSApplication.Controllers.EmployeeController.Login (ELMSApplication)'
2023-04-22 15:56:44.849 +05:30 [INF] Request finished HTTP/1.1 GET http://localhost:5279/Employee/Login - - - 200 - text/html;+charset=utf-8 2884.9818ms
2023-04-22 15:56:44.869 +05:30 [INF] Request starting HTTP/1.1 GET http://localhost:5279/_framework/aspnetcore-browser-refresh.js - -
2023-04-22 15:56:44.871 +05:30 [INF] Request finished HTTP/1.1 GET http://localhost:5279/_framework/aspnetcore-browser-refresh.js - - - 200 11966 application/javascript;+charset=utf-8 0.5414ms
2023-04-22 16:03:14.261 +05:30 [INF] Request starting HTTP/1.1 POST http://localhost:5279/Employee/Login application/x-www-form-urlencoded 218
2023-04-22 16:03:14.374 +05:30 [INF] Executing endpoint 'ELMSApplication.Controllers.EmployeeController.Login (ELMSApplication)'
2023-04-22 16:03:14.585 +05:30 [INF] Route matched with {action = "Login", controller = "Employee"}. Executing controller action with signature System.Threading.Tasks.Task`1[Microsoft.AspNetCore.Mvc.IActionResult] Login(ELMSApplication.Employee) on controller ELMSApplication.Controllers.EmployeeController (ELMSApplication).
2023-04-22 16:03:20.035 +05:30 [INF] Executed DbCommand (126ms) [Parameters=[@__employee_EmployeeId_0='?' (Size = 75), @__employee_Password_1='?' (Size = 75)], CommandType='"Text"', CommandTimeout='30']
SELECT TOP(1) [e].[Id], [e].[EmployeeId], [e].[EmployeeName], [e].[IsAdmin], [e].[Password]
FROM [Employee] AS [e]
WHERE [e].[EmployeeId] = @__employee_EmployeeId_0 AND [e].[Password] = @__employee_Password_1
2023-04-22 16:03:20.150 +05:30 [INF] Executing RedirectResult, redirecting to /Leave/Index.
2023-04-22 16:03:20.150 +05:30 [INF] Executed action ELMSApplication.Controllers.EmployeeController.Login (ELMSApplication) in 5564.9678ms
2023-04-22 16:03:20.150 +05:30 [INF] Executed endpoint 'ELMSApplication.Controllers.EmployeeController.Login (ELMSApplication)'
2023-04-22 16:03:20.153 +05:30 [INF] Session started; Key:dcd31bb5-7a44-1a87-debd-a32afe9281ce, Id:93f2f80a-0d4c-9659-76ec-cd30c4a03610
2023-04-22 16:03:20.166 +05:30 [INF] Request finished HTTP/1.1 POST http://localhost:5279/Employee/Login application/x-www-form-urlencoded 218 - 302 0 - 5905.9256ms
2023-04-22 16:03:20.176 +05:30 [INF] Request starting HTTP/1.1 GET http://localhost:5279/Leave/Index - -
2023-04-22 16:03:20.176 +05:30 [INF] Executing endpoint 'ELMSApplication.Controllers.LeaveController.Index (ELMSApplication)'
2023-04-22 16:03:20.179 +05:30 [INF] Route matched with {action = "Index", controller = "Leave"}. Executing controller action with signature System.Threading.Tasks.Task`1[Microsoft.AspNetCore.Mvc.IActionResult] Index() on controller ELMSApplication.Controllers.LeaveController (ELMSApplication).
2023-04-22 16:03:20.295 +05:30 [INF] Executed DbCommand (38ms) [Parameters=[], CommandType='"Text"', CommandTimeout='30']
SELECT [l].[LeaveId], [l].[EmployeeId], [l].[EndDate], [l].[LeaveType], [l].[StartDate], [l].[Status]
FROM [Leave] AS [l]
2023-04-22 16:03:20.346 +05:30 [INF] Executing ViewResult, running view Index.
2023-04-22 16:03:20.690 +05:30 [INF] Executed ViewResult - view Index executed in 345.3525ms.
2023-04-22 16:03:20.694 +05:30 [INF] Executed action ELMSApplication.Controllers.LeaveController.Index (ELMSApplication) in 515.6841ms
2023-04-22 16:03:20.696 +05:30 [INF] Executed endpoint 'ELMSApplication.Controllers.LeaveController.Index (ELMSApplication)'
2023-04-22 16:03:20.706 +05:30 [INF] Request finished HTTP/1.1 GET http://localhost:5279/Leave/Index - - - 200 - text/html;+charset=utf-8 529.7914ms
2023-04-22 16:03:20.740 +05:30 [INF] Request starting HTTP/1.1 GET http://localhost:5279/_framework/aspnetcore-browser-refresh.js - -
2023-04-22 16:03:20.741 +05:30 [INF] Request finished HTTP/1.1 GET http://localhost:5279/_framework/aspnetcore-browser-refresh.js - - - 200 11966 application/javascript;+charset=utf-8 0.7053ms
2023-04-22 16:03:54.407 +05:30 [INF] Request starting HTTP/1.1 GET http://localhost:5279/_framework/aspnetcore-browser-refresh.js - -
2023-04-22 16:03:54.407 +05:30 [INF] Request finished HTTP/1.1 GET http://localhost:5279/_framework/aspnetcore-browser-refresh.js - - - 200 11966 application/javascript;+charset=utf-8 0.2375ms
2023-04-22 16:03:57.234 +05:30 [INF] Request starting HTTP/1.1 GET http://localhost:5279/Leave/Approved/1 - -
2023-04-22 16:03:57.248 +05:30 [INF] Executing endpoint 'ELMSApplication.Controllers.LeaveController.ApprovedAsync (ELMSApplication)'
2023-04-22 16:03:57.255 +05:30 [INF] Route matched with {action = "Approved", controller = "Leave"}. Executing controller action with signature System.Threading.Tasks.Task`1[Microsoft.AspNetCore.Mvc.IActionResult] ApprovedAsync(Int32) on controller ELMSApplication.Controllers.LeaveController (ELMSApplication).
2023-04-22 16:03:57.398 +05:30 [INF] Executed DbCommand (21ms) [Parameters=[@__p_0='?' (DbType = Int32)], CommandType='"Text"', CommandTimeout='30']
SELECT TOP(1) [l].[LeaveId], [l].[EmployeeId], [l].[EndDate], [l].[LeaveType], [l].[StartDate], [l].[Status]
FROM [Leave] AS [l]
WHERE [l].[LeaveId] = @__p_0
2023-04-22 16:03:57.594 +05:30 [INF] Executed DbCommand (59ms) [Parameters=[@p5='?' (DbType = Int32), @p0='?' (Size = 4000), @p1='?' (DbType = DateTime2), @p2='?' (Size = 75), @p3='?' (DbType = DateTime2), @p4='?' (Size = 75)], CommandType='"Text"', CommandTimeout='30']
SET IMPLICIT_TRANSACTIONS OFF;
SET NOCOUNT ON;
UPDATE [Leave] SET [EmployeeId] = @p0, [EndDate] = @p1, [LeaveType] = @p2, [StartDate] = @p3, [Status] = @p4
OUTPUT 1
WHERE [LeaveId] = @p5;
2023-04-22 16:03:57.639 +05:30 [INF] Executing RedirectResult, redirecting to /Leave.
2023-04-22 16:03:57.639 +05:30 [INF] Executed action ELMSApplication.Controllers.LeaveController.ApprovedAsync (ELMSApplication) in 384.4205ms
2023-04-22 16:03:57.639 +05:30 [INF] Executed endpoint 'ELMSApplication.Controllers.LeaveController.ApprovedAsync (ELMSApplication)'
2023-04-22 16:03:57.640 +05:30 [INF] Request finished HTTP/1.1 GET http://localhost:5279/Leave/Approved/1 - - - 302 0 - 405.8693ms
2023-04-22 16:03:57.642 +05:30 [INF] Request starting HTTP/1.1 GET http://localhost:5279/Leave - -
2023-04-22 16:03:57.642 +05:30 [INF] Executing endpoint 'ELMSApplication.Controllers.LeaveController.Index (ELMSApplication)'
2023-04-22 16:03:57.642 +05:30 [INF] Route matched with {action = "Index", controller = "Leave"}. Executing controller action with signature System.Threading.Tasks.Task`1[Microsoft.AspNetCore.Mvc.IActionResult] Index() on controller ELMSApplication.Controllers.LeaveController (ELMSApplication).
2023-04-22 16:03:57.649 +05:30 [INF] Executed DbCommand (2ms) [Parameters=[], CommandType='"Text"', CommandTimeout='30']
SELECT [l].[LeaveId], [l].[EmployeeId], [l].[EndDate], [l].[LeaveType], [l].[StartDate], [l].[Status]
FROM [Leave] AS [l]
2023-04-22 16:03:57.650 +05:30 [INF] Executing ViewResult, running view Index.
2023-04-22 16:03:57.688 +05:30 [INF] Executed ViewResult - view Index executed in 37.9159ms.
2023-04-22 16:03:57.688 +05:30 [INF] Executed action ELMSApplication.Controllers.LeaveController.Index (ELMSApplication) in 45.539ms
2023-04-22 16:03:57.688 +05:30 [INF] Executed endpoint 'ELMSApplication.Controllers.LeaveController.Index (ELMSApplication)'
2023-04-22 16:03:57.688 +05:30 [INF] Request finished HTTP/1.1 GET http://localhost:5279/Leave - - - 200 - text/html;+charset=utf-8 46.1609ms
2023-04-22 16:03:57.749 +05:30 [INF] Request starting HTTP/1.1 GET http://localhost:5279/_framework/aspnetcore-browser-refresh.js - -
2023-04-22 16:03:57.749 +05:30 [INF] Request finished HTTP/1.1 GET http://localhost:5279/_framework/aspnetcore-browser-refresh.js - - - 200 11966 application/javascript;+charset=utf-8 0.1485ms
2023-04-22 16:04:05.755 +05:30 [INF] Request starting HTTP/1.1 GET http://localhost:5279/Leave/Rejected/36 - -
2023-04-22 16:04:05.755 +05:30 [INF] Executing endpoint 'ELMSApplication.Controllers.LeaveController.RejectedAsync (ELMSApplication)'
2023-04-22 16:04:05.766 +05:30 [INF] Route matched with {action = "Rejected", controller = "Leave"}. Executing controller action with signature System.Threading.Tasks.Task`1[Microsoft.AspNetCore.Mvc.IActionResult] RejectedAsync(Int32) on controller ELMSApplication.Controllers.LeaveController (ELMSApplication).
2023-04-22 16:04:05.775 +05:30 [INF] Executed DbCommand (3ms) [Parameters=[@__p_0='?' (DbType = Int32)], CommandType='"Text"', CommandTimeout='30']
SELECT TOP(1) [l].[LeaveId], [l].[EmployeeId], [l].[EndDate], [l].[LeaveType], [l].[StartDate], [l].[Status]
FROM [Leave] AS [l]
WHERE [l].[LeaveId] = @__p_0
2023-04-22 16:04:05.801 +05:30 [INF] Executed DbCommand (16ms) [Parameters=[@p5='?' (DbType = Int32), @p0='?' (Size = 4000), @p1='?' (DbType = DateTime2), @p2='?' (Size = 75), @p3='?' (DbType = DateTime2), @p4='?' (Size = 75)], CommandType='"Text"', CommandTimeout='30']
SET IMPLICIT_TRANSACTIONS OFF;
SET NOCOUNT ON;
UPDATE [Leave] SET [EmployeeId] = @p0, [EndDate] = @p1, [LeaveType] = @p2, [StartDate] = @p3, [Status] = @p4
OUTPUT 1
WHERE [LeaveId] = @p5;
2023-04-22 16:04:05.803 +05:30 [INF] Executing RedirectResult, redirecting to /Leave.
2023-04-22 16:04:05.803 +05:30 [INF] Executed action ELMSApplication.Controllers.LeaveController.RejectedAsync (ELMSApplication) in 36.8598ms
2023-04-22 16:04:05.804 +05:30 [INF] Executed endpoint 'ELMSApplication.Controllers.LeaveController.RejectedAsync (ELMSApplication)'
2023-04-22 16:04:05.811 +05:30 [INF] Request finished HTTP/1.1 GET http://localhost:5279/Leave/Rejected/36 - - - 302 0 - 52.1282ms
2023-04-22 16:04:05.933 +05:30 [INF] Request starting HTTP/1.1 GET http://localhost:5279/Leave - -
2023-04-22 16:04:05.933 +05:30 [INF] Executing endpoint 'ELMSApplication.Controllers.LeaveController.Index (ELMSApplication)'
2023-04-22 16:04:05.933 +05:30 [INF] Route matched with {action = "Index", controller = "Leave"}. Executing controller action with signature System.Threading.Tasks.Task`1[Microsoft.AspNetCore.Mvc.IActionResult] Index() on controller ELMSApplication.Controllers.LeaveController (ELMSApplication).
2023-04-22 16:04:05.935 +05:30 [INF] Executed DbCommand (1ms) [Parameters=[], CommandType='"Text"', CommandTimeout='30']
SELECT [l].[LeaveId], [l].[EmployeeId], [l].[EndDate], [l].[LeaveType], [l].[StartDate], [l].[Status]
FROM [Leave] AS [l]
2023-04-22 16:04:05.936 +05:30 [INF] Executing ViewResult, running view Index.
2023-04-22 16:04:05.988 +05:30 [INF] Executed ViewResult - view Index executed in 51.9966ms.
2023-04-22 16:04:05.988 +05:30 [INF] Executed action ELMSApplication.Controllers.LeaveController.Index (ELMSApplication) in 54.4513ms
2023-04-22 16:04:05.988 +05:30 [INF] Executed endpoint 'ELMSApplication.Controllers.LeaveController.Index (ELMSApplication)'
2023-04-22 16:04:05.988 +05:30 [INF] Request finished HTTP/1.1 GET http://localhost:5279/Leave - - - 200 - text/html;+charset=utf-8 55.1592ms
2023-04-22 16:04:06.005 +05:30 [INF] Request starting HTTP/1.1 GET http://localhost:5279/_framework/aspnetcore-browser-refresh.js - -
2023-04-22 16:04:06.005 +05:30 [INF] Request finished HTTP/1.1 GET http://localhost:5279/_framework/aspnetcore-browser-refresh.js - - - 200 11966 application/javascript;+charset=utf-8 0.1915ms
2023-04-22 16:04:10.198 +05:30 [INF] Request starting HTTP/1.1 GET http://localhost:5279/Leave/Approved/46 - -
2023-04-22 16:04:10.198 +05:30 [INF] Executing endpoint 'ELMSApplication.Controllers.LeaveController.ApprovedAsync (ELMSApplication)'
2023-04-22 16:04:10.198 +05:30 [INF] Route matched with {action = "Approved", controller = "Leave"}. Executing controller action with signature System.Threading.Tasks.Task`1[Microsoft.AspNetCore.Mvc.IActionResult] ApprovedAsync(Int32) on controller ELMSApplication.Controllers.LeaveController (ELMSApplication).
2023-04-22 16:04:10.202 +05:30 [INF] Executed DbCommand (1ms) [Parameters=[@__p_0='?' (DbType = Int32)], CommandType='"Text"', CommandTimeout='30']
SELECT TOP(1) [l].[LeaveId], [l].[EmployeeId], [l].[EndDate], [l].[LeaveType], [l].[StartDate], [l].[Status]
FROM [Leave] AS [l]
WHERE [l].[LeaveId] = @__p_0
2023-04-22 16:04:10.211 +05:30 [INF] Executed DbCommand (2ms) [Parameters=[@p5='?' (DbType = Int32), @p0='?' (Size = 4000), @p1='?' (DbType = DateTime2), @p2='?' (Size = 75), @p3='?' (DbType = DateTime2), @p4='?' (Size = 75)], CommandType='"Text"', CommandTimeout='30']
SET IMPLICIT_TRANSACTIONS OFF;
SET NOCOUNT ON;
UPDATE [Leave] SET [EmployeeId] = @p0, [EndDate] = @p1, [LeaveType] = @p2, [StartDate] = @p3, [Status] = @p4
OUTPUT 1
WHERE [LeaveId] = @p5;
2023-04-22 16:04:10.211 +05:30 [INF] Executing RedirectResult, redirecting to /Leave.
2023-04-22 16:04:10.213 +05:30 [INF] Executed action ELMSApplication.Controllers.LeaveController.ApprovedAsync (ELMSApplication) in 12.8418ms
2023-04-22 16:04:10.213 +05:30 [INF] Executed endpoint 'ELMSApplication.Controllers.LeaveController.ApprovedAsync (ELMSApplication)'
2023-04-22 16:04:10.214 +05:30 [INF] Request finished HTTP/1.1 GET http://localhost:5279/Leave/Approved/46 - - - 302 0 - 15.7271ms
2023-04-22 16:04:10.216 +05:30 [INF] Request starting HTTP/1.1 GET http://localhost:5279/Leave - -
2023-04-22 16:04:10.216 +05:30 [INF] Executing endpoint 'ELMSApplication.Controllers.LeaveController.Index (ELMSApplication)'
2023-04-22 16:04:10.216 +05:30 [INF] Route matched with {action = "Index", controller = "Leave"}. Executing controller action with signature System.Threading.Tasks.Task`1[Microsoft.AspNetCore.Mvc.IActionResult] Index() on controller ELMSApplication.Controllers.LeaveController (ELMSApplication).
2023-04-22 16:04:10.219 +05:30 [INF] Executed DbCommand (2ms) [Parameters=[], CommandType='"Text"', CommandTimeout='30']
SELECT [l].[LeaveId], [l].[EmployeeId], [l].[EndDate], [l].[LeaveType], [l].[StartDate], [l].[Status]
FROM [Leave] AS [l]
2023-04-22 16:04:10.222 +05:30 [INF] Executing ViewResult, running view Index.
2023-04-22 16:04:10.265 +05:30 [INF] Executed ViewResult - view Index executed in 43.1234ms.
2023-04-22 16:04:10.265 +05:30 [INF] Executed action ELMSApplication.Controllers.LeaveController.Index (ELMSApplication) in 48.3352ms
2023-04-22 16:04:10.265 +05:30 [INF] Executed endpoint 'ELMSApplication.Controllers.LeaveController.Index (ELMSApplication)'
2023-04-22 16:04:10.265 +05:30 [INF] Request finished HTTP/1.1 GET http://localhost:5279/Leave - - - 200 - text/html;+charset=utf-8 48.9837ms
2023-04-22 16:04:10.286 +05:30 [INF] Request starting HTTP/1.1 GET http://localhost:5279/_framework/aspnetcore-browser-refresh.js - -
2023-04-22 16:04:10.287 +05:30 [INF] Request finished HTTP/1.1 GET http://localhost:5279/_framework/aspnetcore-browser-refresh.js - - - 200 11966 application/javascript;+charset=utf-8 0.1433ms
2023-04-22 16:04:15.388 +05:30 [INF] Request starting HTTP/1.1 GET http://localhost:5279/Leave/Approved/35 - -
2023-04-22 16:04:15.388 +05:30 [INF] Executing endpoint 'ELMSApplication.Controllers.LeaveController.ApprovedAsync (ELMSApplication)'
2023-04-22 16:04:15.388 +05:30 [INF] Route matched with {action = "Approved", controller = "Leave"}. Executing controller action with signature System.Threading.Tasks.Task`1[Microsoft.AspNetCore.Mvc.IActionResult] ApprovedAsync(Int32) on controller ELMSApplication.Controllers.LeaveController (ELMSApplication).
2023-04-22 16:04:15.390 +05:30 [INF] Executed DbCommand (1ms) [Parameters=[@__p_0='?' (DbType = Int32)], CommandType='"Text"', CommandTimeout='30']
SELECT TOP(1) [l].[LeaveId], [l].[EmployeeId], [l].[EndDate], [l].[LeaveType], [l].[StartDate], [l].[Status]
FROM [Leave] AS [l]
WHERE [l].[LeaveId] = @__p_0
2023-04-22 16:04:15.394 +05:30 [INF] Executed DbCommand (2ms) [Parameters=[@p5='?' (DbType = Int32), @p0='?' (Size = 4000), @p1='?' (DbType = DateTime2), @p2='?' (Size = 75), @p3='?' (DbType = DateTime2), @p4='?' (Size = 75)], CommandType='"Text"', CommandTimeout='30']
SET IMPLICIT_TRANSACTIONS OFF;
SET NOCOUNT ON;
UPDATE [Leave] SET [EmployeeId] = @p0, [EndDate] = @p1, [LeaveType] = @p2, [StartDate] = @p3, [Status] = @p4
OUTPUT 1
WHERE [LeaveId] = @p5;
2023-04-22 16:04:15.395 +05:30 [INF] Executing RedirectResult, redirecting to /Leave.
2023-04-22 16:04:15.395 +05:30 [INF] Executed action ELMSApplication.Controllers.LeaveController.ApprovedAsync (ELMSApplication) in 7.1589ms
2023-04-22 16:04:15.395 +05:30 [INF] Executed endpoint 'ELMSApplication.Controllers.LeaveController.ApprovedAsync (ELMSApplication)'
2023-04-22 16:04:15.396 +05:30 [INF] Request finished HTTP/1.1 GET http://localhost:5279/Leave/Approved/35 - - - 302 0 - 7.9937ms
2023-04-22 16:04:15.399 +05:30 [INF] Request starting HTTP/1.1 GET http://localhost:5279/Leave - -
2023-04-22 16:04:15.399 +05:30 [INF] Executing endpoint 'ELMSApplication.Controllers.LeaveController.Index (ELMSApplication)'
2023-04-22 16:04:15.399 +05:30 [INF] Route matched with {action = "Index", controller = "Leave"}. Executing controller action with signature System.Threading.Tasks.Task`1[Microsoft.AspNetCore.Mvc.IActionResult] Index() on controller ELMSApplication.Controllers.LeaveController (ELMSApplication).
2023-04-22 16:04:15.401 +05:30 [INF] Executed DbCommand (1ms) [Parameters=[], CommandType='"Text"', CommandTimeout='30']
SELECT [l].[LeaveId], [l].[EmployeeId], [l].[EndDate], [l].[LeaveType], [l].[StartDate], [l].[Status]
FROM [Leave] AS [l]
2023-04-22 16:04:15.401 +05:30 [INF] Executing ViewResult, running view Index.
2023-04-22 16:04:15.446 +05:30 [INF] Executed ViewResult - view Index executed in 44.456ms.
2023-04-22 16:04:15.446 +05:30 [INF] Executed action ELMSApplication.Controllers.LeaveController.Index (ELMSApplication) in 46.5031ms
2023-04-22 16:04:15.446 +05:30 [INF] Executed endpoint 'ELMSApplication.Controllers.LeaveController.Index (ELMSApplication)'
2023-04-22 16:04:15.446 +05:30 [INF] Request finished HTTP/1.1 GET http://localhost:5279/Leave - - - 200 - text/html;+charset=utf-8 47.3868ms
2023-04-22 16:04:18.777 +05:30 [INF] Request starting HTTP/1.1 GET http://localhost:5279/Leave/Rejected/32 - -
2023-04-22 16:04:18.777 +05:30 [INF] Executing endpoint 'ELMSApplication.Controllers.LeaveController.RejectedAsync (ELMSApplication)'
2023-04-22 16:04:18.777 +05:30 [INF] Route matched with {action = "Rejected", controller = "Leave"}. Executing controller action with signature System.Threading.Tasks.Task`1[Microsoft.AspNetCore.Mvc.IActionResult] RejectedAsync(Int32) on controller ELMSApplication.Controllers.LeaveController (ELMSApplication).
2023-04-22 16:04:18.780 +05:30 [INF] Executed DbCommand (1ms) [Parameters=[@__p_0='?' (DbType = Int32)], CommandType='"Text"', CommandTimeout='30']
SELECT TOP(1) [l].[LeaveId], [l].[EmployeeId], [l].[EndDate], [l].[LeaveType], [l].[StartDate], [l].[Status]
FROM [Leave] AS [l]
WHERE [l].[LeaveId] = @__p_0
2023-04-22 16:04:18.785 +05:30 [INF] Executed DbCommand (2ms) [Parameters=[@p5='?' (DbType = Int32), @p0='?' (Size = 4000), @p1='?' (DbType = DateTime2), @p2='?' (Size = 75), @p3='?' (DbType = DateTime2), @p4='?' (Size = 75)], CommandType='"Text"', CommandTimeout='30']
SET IMPLICIT_TRANSACTIONS OFF;
SET NOCOUNT ON;
UPDATE [Leave] SET [EmployeeId] = @p0, [EndDate] = @p1, [LeaveType] = @p2, [StartDate] = @p3, [Status] = @p4
OUTPUT 1
WHERE [LeaveId] = @p5;
2023-04-22 16:04:18.786 +05:30 [INF] Executing RedirectResult, redirecting to /Leave.
2023-04-22 16:04:18.786 +05:30 [INF] Executed action ELMSApplication.Controllers.LeaveController.RejectedAsync (ELMSApplication) in 8.8404ms
2023-04-22 16:04:18.786 +05:30 [INF] Executed endpoint 'ELMSApplication.Controllers.LeaveController.RejectedAsync (ELMSApplication)'
2023-04-22 16:04:18.788 +05:30 [INF] Request finished HTTP/1.1 GET http://localhost:5279/Leave/Rejected/32 - - - 302 0 - 10.9973ms
2023-04-22 16:04:18.791 +05:30 [INF] Request starting HTTP/1.1 GET http://localhost:5279/Leave - -
2023-04-22 16:04:18.792 +05:30 [INF] Executing endpoint 'ELMSApplication.Controllers.LeaveController.Index (ELMSApplication)'
2023-04-22 16:04:18.792 +05:30 [INF] Route matched with {action = "Index", controller = "Leave"}. Executing controller action with signature System.Threading.Tasks.Task`1[Microsoft.AspNetCore.Mvc.IActionResult] Index() on controller ELMSApplication.Controllers.LeaveController (ELMSApplication).
2023-04-22 16:04:18.797 +05:30 [INF] Executed DbCommand (1ms) [Parameters=[], CommandType='"Text"', CommandTimeout='30']
SELECT [l].[LeaveId], [l].[EmployeeId], [l].[EndDate], [l].[LeaveType], [l].[StartDate], [l].[Status]
FROM [Leave] AS [l]
2023-04-22 16:04:18.797 +05:30 [INF] Executing ViewResult, running view Index.
2023-04-22 16:04:18.833 +05:30 [INF] Executed ViewResult - view Index executed in 36.0596ms.
2023-04-22 16:04:18.834 +05:30 [INF] Executed action ELMSApplication.Controllers.LeaveController.Index (ELMSApplication) in 41.864ms
2023-04-22 16:04:18.834 +05:30 [INF] Executed endpoint 'ELMSApplication.Controllers.LeaveController.Index (ELMSApplication)'
2023-04-22 16:04:18.834 +05:30 [INF] Request finished HTTP/1.1 GET http://localhost:5279/Leave - - - 200 - text/html;+charset=utf-8 42.4612ms
2023-04-22 16:04:18.851 +05:30 [INF] Request starting HTTP/1.1 GET http://localhost:5279/_framework/aspnetcore-browser-refresh.js - -
2023-04-22 16:04:18.851 +05:30 [INF] Request finished HTTP/1.1 GET http://localhost:5279/_framework/aspnetcore-browser-refresh.js - - - 200 11966 application/javascript;+charset=utf-8 0.1485ms
2023-04-22 16:04:25.605 +05:30 [INF] Request starting HTTP/1.1 GET http://localhost:5279/Leave/Rejected/41 - -
2023-04-22 16:04:25.606 +05:30 [INF] Executing endpoint 'ELMSApplication.Controllers.LeaveController.RejectedAsync (ELMSApplication)'
2023-04-22 16:04:25.606 +05:30 [INF] Route matched with {action = "Rejected", controller = "Leave"}. Executing controller action with signature System.Threading.Tasks.Task`1[Microsoft.AspNetCore.Mvc.IActionResult] RejectedAsync(Int32) on controller ELMSApplication.Controllers.LeaveController (ELMSApplication).
2023-04-22 16:04:25.610 +05:30 [INF] Executed DbCommand (1ms) [Parameters=[@__p_0='?' (DbType = Int32)], CommandType='"Text"', CommandTimeout='30']
SELECT TOP(1) [l].[LeaveId], [l].[EmployeeId], [l].[EndDate], [l].[LeaveType], [l].[StartDate], [l].[Status]
FROM [Leave] AS [l]
WHERE [l].[LeaveId] = @__p_0
2023-04-22 16:04:25.619 +05:30 [INF] Executed DbCommand (6ms) [Parameters=[@p5='?' (DbType = Int32), @p0='?' (Size = 4000), @p1='?' (DbType = DateTime2), @p2='?' (Size = 75), @p3='?' (DbType = DateTime2), @p4='?' (Size = 75)], CommandType='"Text"', CommandTimeout='30']
SET IMPLICIT_TRANSACTIONS OFF;
SET NOCOUNT ON;
UPDATE [Leave] SET [EmployeeId] = @p0, [EndDate] = @p1, [LeaveType] = @p2, [StartDate] = @p3, [Status] = @p4
OUTPUT 1
WHERE [LeaveId] = @p5;
2023-04-22 16:04:25.626 +05:30 [INF] Executing RedirectResult, redirecting to /Leave.
2023-04-22 16:04:25.627 +05:30 [INF] Executed action ELMSApplication.Controllers.LeaveController.RejectedAsync (ELMSApplication) in 20.0103ms
2023-04-22 16:04:25.627 +05:30 [INF] Executed endpoint 'ELMSApplication.Controllers.LeaveController.RejectedAsync (ELMSApplication)'
2023-04-22 16:04:25.627 +05:30 [INF] Request finished HTTP/1.1 GET http://localhost:5279/Leave/Rejected/41 - - - 302 0 - 21.2702ms
2023-04-22 16:04:25.629 +05:30 [INF] Request starting HTTP/1.1 GET http://localhost:5279/Leave - -
2023-04-22 16:04:25.630 +05:30 [INF] Executing endpoint 'ELMSApplication.Controllers.LeaveController.Index (ELMSApplication)'
2023-04-22 16:04:25.630 +05:30 [INF] Route matched with {action = "Index", controller = "Leave"}. Executing controller action with signature System.Threading.Tasks.Task`1[Microsoft.AspNetCore.Mvc.IActionResult] Index() on controller ELMSApplication.Controllers.LeaveController (ELMSApplication).
2023-04-22 16:04:25.632 +05:30 [INF] Executed DbCommand (0ms) [Parameters=[], CommandType='"Text"', CommandTimeout='30']
SELECT [l].[LeaveId], [l].[EmployeeId], [l].[EndDate], [l].[LeaveType], [l].[StartDate], [l].[Status]
FROM [Leave] AS [l]
2023-04-22 16:04:25.635 +05:30 [INF] Executing ViewResult, running view Index.
2023-04-22 16:04:25.682 +05:30 [INF] Executed ViewResult - view Index executed in 47.0296ms.
2023-04-22 16:04:25.682 +05:30 [INF] Executed action ELMSApplication.Controllers.LeaveController.Index (ELMSApplication) in 51.8282ms
2023-04-22 16:04:25.682 +05:30 [INF] Executed endpoint 'ELMSApplication.Controllers.LeaveController.Index (ELMSApplication)'
2023-04-22 16:04:25.682 +05:30 [INF] Request finished HTTP/1.1 GET http://localhost:5279/Leave - - - 200 - text/html;+charset=utf-8 52.5288ms
2023-04-22 16:04:25.776 +05:30 [INF] Request starting HTTP/1.1 GET http://localhost:5279/_framework/aspnetcore-browser-refresh.js - -
2023-04-22 16:04:25.777 +05:30 [INF] Request finished HTTP/1.1 GET http://localhost:5279/_framework/aspnetcore-browser-refresh.js - - - 200 11966 application/javascript;+charset=utf-8 0.1602ms
2023-04-22 16:05:01.207 +05:30 [INF] Request starting HTTP/1.1 GET http://localhost:5279/_framework/aspnetcore-browser-refresh.js - -
2023-04-22 16:05:01.208 +05:30 [INF] Request finished HTTP/1.1 GET http://localhost:5279/_framework/aspnetcore-browser-refresh.js - - - 200 11966 application/javascript;+charset=utf-8 0.2368ms
2023-04-22 16:05:02.811 +05:30 [INF] Request starting HTTP/1.1 GET http://localhost:5279/_framework/aspnetcore-browser-refresh.js - -
2023-04-22 16:05:02.811 +05:30 [INF] Request finished HTTP/1.1 GET http://localhost:5279/_framework/aspnetcore-browser-refresh.js - - - 200 11966 application/javascript;+charset=utf-8 0.1637ms
2023-04-22 16:05:03.672 +05:30 [INF] Request starting HTTP/1.1 GET http://localhost:5279/_framework/aspnetcore-browser-refresh.js - -
2023-04-22 16:05:03.672 +05:30 [INF] Request finished HTTP/1.1 GET http://localhost:5279/_framework/aspnetcore-browser-refresh.js - - - 200 11966 application/javascript;+charset=utf-8 0.1615ms
2023-04-22 16:05:04.348 +05:30 [INF] Request starting HTTP/1.1 GET http://localhost:5279/_framework/aspnetcore-browser-refresh.js - -
2023-04-22 16:05:04.348 +05:30 [INF] Request finished HTTP/1.1 GET http://localhost:5279/_framework/aspnetcore-browser-refresh.js - - - 200 11966 application/javascript;+charset=utf-8 0.3121ms
2023-04-22 16:05:08.415 +05:30 [INF] Request starting HTTP/1.1 GET http://localhost:5279/Employee/Login - -
2023-04-22 16:05:08.415 +05:30 [INF] Executing endpoint 'ELMSApplication.Controllers.EmployeeController.Login (ELMSApplication)'
2023-04-22 16:05:08.415 +05:30 [INF] Route matched with {action = "Login", controller = "Employee"}. Executing controller action with signature Microsoft.AspNetCore.Mvc.IActionResult Login() on controller ELMSApplication.Controllers.EmployeeController (ELMSApplication).
2023-04-22 16:05:08.416 +05:30 [INF] Executing ViewResult, running view Login.
2023-04-22 16:05:08.421 +05:30 [INF] Executed ViewResult - view Login executed in 5.1185ms.
2023-04-22 16:05:08.421 +05:30 [INF] Executed action ELMSApplication.Controllers.EmployeeController.Login (ELMSApplication) in 5.8809ms
2023-04-22 16:05:08.421 +05:30 [INF] Executed endpoint 'ELMSApplication.Controllers.EmployeeController.Login (ELMSApplication)'
2023-04-22 16:05:08.421 +05:30 [INF] Request finished HTTP/1.1 GET http://localhost:5279/Employee/Login - - - 200 - text/html;+charset=utf-8 6.7065ms
2023-04-22 16:05:08.437 +05:30 [INF] Request starting HTTP/1.1 GET http://localhost:5279/_framework/aspnetcore-browser-refresh.js - -
2023-04-22 16:05:08.437 +05:30 [INF] Request finished HTTP/1.1 GET http://localhost:5279/_framework/aspnetcore-browser-refresh.js - - - 200 11966 application/javascript;+charset=utf-8 0.1255ms
2023-04-22 16:05:25.114 +05:30 [INF] Request starting HTTP/1.1 POST http://localhost:5279/Employee/Login application/x-www-form-urlencoded 214
2023-04-22 16:05:25.114 +05:30 [INF] Executing endpoint 'ELMSApplication.Controllers.EmployeeController.Login (ELMSApplication)'
2023-04-22 16:05:25.114 +05:30 [INF] Route matched with {action = "Login", controller = "Employee"}. Executing controller action with signature System.Threading.Tasks.Task`1[Microsoft.AspNetCore.Mvc.IActionResult] Login(ELMSApplication.Employee) on controller ELMSApplication.Controllers.EmployeeController (ELMSApplication).
2023-04-22 16:05:25.129 +05:30 [INF] Executed DbCommand (7ms) [Parameters=[@__employee_EmployeeId_0='?' (Size = 75), @__employee_Password_1='?' (Size = 75)], CommandType='"Text"', CommandTimeout='30']
SELECT TOP(1) [e].[Id], [e].[EmployeeId], [e].[EmployeeName], [e].[IsAdmin], [e].[Password]
FROM [Employee] AS [e]
WHERE [e].[EmployeeId] = @__employee_EmployeeId_0 AND [e].[Password] = @__employee_Password_1
2023-04-22 16:05:25.132 +05:30 [INF] Executing RedirectResult, redirecting to /Leave/Index.
2023-04-22 16:05:25.132 +05:30 [INF] Executed action ELMSApplication.Controllers.EmployeeController.Login (ELMSApplication) in 17.8025ms
2023-04-22 16:05:25.132 +05:30 [INF] Executed endpoint 'ELMSApplication.Controllers.EmployeeController.Login (ELMSApplication)'
2023-04-22 16:05:25.134 +05:30 [INF] Request finished HTTP/1.1 POST http://localhost:5279/Employee/Login application/x-www-form-urlencoded 214 - 302 0 - 19.8619ms
2023-04-22 16:05:25.142 +05:30 [INF] Request starting HTTP/1.1 GET http://localhost:5279/Leave/Index - -
2023-04-22 16:05:25.143 +05:30 [INF] Executing endpoint 'ELMSApplication.Controllers.LeaveController.Index (ELMSApplication)'
2023-04-22 16:05:25.143 +05:30 [INF] Route matched with {action = "Index", controller = "Leave"}. Executing controller action with signature System.Threading.Tasks.Task`1[Microsoft.AspNetCore.Mvc.IActionResult] Index() on controller ELMSApplication.Controllers.LeaveController (ELMSApplication).
2023-04-22 16:05:25.185 +05:30 [INF] Executed DbCommand (1ms) [Parameters=[@__employeeId_0='?' (Size = 4000)], CommandType='"Text"', CommandTimeout='30']
SELECT [l].[LeaveId], [l].[EmployeeId], [l].[EndDate], [l].[LeaveType], [l].[StartDate], [l].[Status]
FROM [Leave] AS [l]
WHERE [l].[EmployeeId] = @__employeeId_0
2023-04-22 16:05:25.185 +05:30 [INF] Executing ViewResult, running view Index.
2023-04-22 16:05:25.216 +05:30 [INF] Executed ViewResult - view Index executed in 30.7802ms.
2023-04-22 16:05:25.216 +05:30 [INF] Executed action ELMSApplication.Controllers.LeaveController.Index (ELMSApplication) in 72.544ms
2023-04-22 16:05:25.216 +05:30 [INF] Executed endpoint 'ELMSApplication.Controllers.LeaveController.Index (ELMSApplication)'
2023-04-22 16:05:25.216 +05:30 [INF] Request finished HTTP/1.1 GET http://localhost:5279/Leave/Index - - - 200 - text/html;+charset=utf-8 73.7744ms
2023-04-22 16:05:25.232 +05:30 [INF] Request starting HTTP/1.1 GET http://localhost:5279/_framework/aspnetcore-browser-refresh.js - -
2023-04-22 16:05:25.232 +05:30 [INF] Request finished HTTP/1.1 GET http://localhost:5279/_framework/aspnetcore-browser-refresh.js - - - 200 11966 application/javascript;+charset=utf-8 0.2726ms
2023-04-22 16:06:56.716 +05:30 [INF] Request starting HTTP/1.1 GET http://localhost:5279/Leave/Index - -
2023-04-22 16:06:56.716 +05:30 [INF] Executing endpoint 'ELMSApplication.Controllers.LeaveController.Index (ELMSApplication)'
2023-04-22 16:06:56.717 +05:30 [INF] Route matched with {action = "Index", controller = "Leave"}. Executing controller action with signature System.Threading.Tasks.Task`1[Microsoft.AspNetCore.Mvc.IActionResult] Index() on controller ELMSApplication.Controllers.LeaveController (ELMSApplication).
2023-04-22 16:06:56.718 +05:30 [INF] Accessing expired session, Key:dcd31bb5-7a44-1a87-debd-a32afe9281ce
2023-04-22 16:06:56.810 +05:30 [INF] Executed action ELMSApplication.Controllers.LeaveController.Index (ELMSApplication) in 92.9036ms
2023-04-22 16:06:56.825 +05:30 [INF] Executed endpoint 'ELMSApplication.Controllers.LeaveController.Index (ELMSApplication)'
2023-04-22 16:06:57.035 +05:30 [ERR] An unhandled exception has occurred while executing the request.
System.NullReferenceException: Object reference not set to an instance of an object.
   at ELMSApplication.Controllers.LeaveController.Index() in C:\Users\skart\ELMSApplication\Controllers\LeaveController.cs:line 33
   at Microsoft.AspNetCore.Mvc.Infrastructure.ActionMethodExecutor.TaskOfIActionResultExecutor.Execute(ActionContext actionContext, IActionResultTypeMapper mapper, ObjectMethodExecutor executor, Object controller, Object[] arguments)
   at Microsoft.AspNetCore.Mvc.Infrastructure.ControllerActionInvoker.<InvokeActionMethodAsync>g__Awaited|12_0(ControllerActionInvoker invoker, ValueTask`1 actionResultValueTask)
   at Microsoft.AspNetCore.Mvc.Infrastructure.ControllerActionInvoker.<InvokeNextActionFilterAsync>g__Awaited|10_0(ControllerActionInvoker invoker, Task lastTask, State next, Scope scope, Object state, Boolean isCompleted)
   at Microsoft.AspNetCore.Mvc.Infrastructure.ControllerActionInvoker.Rethrow(ActionExecutedContextSealed context)
   at Microsoft.AspNetCore.Mvc.Infrastructure.ControllerActionInvoker.Next(State& next, Scope& scope, Object& state, Boolean& isCompleted)
   at Microsoft.AspNetCore.Mvc.Infrastructure.ControllerActionInvoker.InvokeInnerFilterAsync()
--- End of stack trace from previous location ---
   at Microsoft.AspNetCore.Mvc.Infrastructure.ResourceInvoker.<InvokeNextResourceFilter>g__Awaited|25_0(ResourceInvoker invoker, Task lastTask, State next, Scope scope, Object state, Boolean isCompleted)
   at Microsoft.AspNetCore.Mvc.Infrastructure.ResourceInvoker.Rethrow(ResourceExecutedContextSealed context)
   at Microsoft.AspNetCore.Mvc.Infrastructure.ResourceInvoker.Next(State& next, Scope& scope, Object& state, Boolean& isCompleted)
   at Microsoft.AspNetCore.Mvc.Infrastructure.ResourceInvoker.InvokeFilterPipelineAsync()
--- End of stack trace from previous location ---
   at Microsoft.AspNetCore.Mvc.Infrastructure.ResourceInvoker.<InvokeAsync>g__Logged|17_1(ResourceInvoker invoker)
   at Microsoft.AspNetCore.Mvc.Infrastructure.ResourceInvoker.<InvokeAsync>g__Logged|17_1(ResourceInvoker invoker)
   at Microsoft.AspNetCore.Routing.EndpointMiddleware.<Invoke>g__AwaitRequestTask|6_0(Endpoint endpoint, Task requestTask, ILogger logger)
   at Microsoft.AspNetCore.Session.SessionMiddleware.Invoke(HttpContext context)
   at Microsoft.AspNetCore.Session.SessionMiddleware.Invoke(HttpContext context)
   at Microsoft.AspNetCore.Authorization.AuthorizationMiddleware.Invoke(HttpContext context)
   at Microsoft.AspNetCore.Authentication.AuthenticationMiddleware.Invoke(HttpContext context)
   at Microsoft.AspNetCore.Diagnostics.DeveloperExceptionPageMiddlewareImpl.Invoke(HttpContext context)
2023-04-22 16:06:57.158 +05:30 [INF] Request finished HTTP/1.1 GET http://localhost:5279/Leave/Index - - - 500 - text/html;+charset=utf-8 442.8246ms
2023-04-22 16:06:57.175 +05:30 [INF] Request starting HTTP/1.1 GET http://localhost:5279/_framework/aspnetcore-browser-refresh.js - -
2023-04-22 16:06:57.175 +05:30 [INF] Request finished HTTP/1.1 GET http://localhost:5279/_framework/aspnetcore-browser-refresh.js - - - 200 11966 application/javascript;+charset=utf-8 0.1630ms
2023-04-22 16:07:07.017 +05:30 [INF] Request starting HTTP/1.1 GET http://localhost:5279/Employee/Login - -
2023-04-22 16:07:07.018 +05:30 [INF] Executing endpoint 'ELMSApplication.Controllers.EmployeeController.Login (ELMSApplication)'
2023-04-22 16:07:07.018 +05:30 [INF] Route matched with {action = "Login", controller = "Employee"}. Executing controller action with signature Microsoft.AspNetCore.Mvc.IActionResult Login() on controller ELMSApplication.Controllers.EmployeeController (ELMSApplication).
2023-04-22 16:07:07.019 +05:30 [INF] Executing ViewResult, running view Login.
2023-04-22 16:07:07.022 +05:30 [INF] Executed ViewResult - view Login executed in 3.1267ms.
2023-04-22 16:07:07.022 +05:30 [INF] Executed action ELMSApplication.Controllers.EmployeeController.Login (ELMSApplication) in 4.2358ms
2023-04-22 16:07:07.022 +05:30 [INF] Executed endpoint 'ELMSApplication.Controllers.EmployeeController.Login (ELMSApplication)'
2023-04-22 16:07:07.023 +05:30 [INF] Request finished HTTP/1.1 GET http://localhost:5279/Employee/Login - - - 200 - text/html;+charset=utf-8 5.3700ms
2023-04-22 16:07:07.036 +05:30 [INF] Request starting HTTP/1.1 GET http://localhost:5279/_framework/aspnetcore-browser-refresh.js - -
2023-04-22 16:07:07.037 +05:30 [INF] Request finished HTTP/1.1 GET http://localhost:5279/_framework/aspnetcore-browser-refresh.js - - - 200 11966 application/javascript;+charset=utf-8 0.1490ms
2023-04-22 16:07:44.393 +05:30 [INF] Request starting HTTP/1.1 POST http://localhost:5279/Employee/Login application/x-www-form-urlencoded 216
2023-04-22 16:07:44.394 +05:30 [INF] Executing endpoint 'ELMSApplication.Controllers.EmployeeController.Login (ELMSApplication)'
2023-04-22 16:07:44.395 +05:30 [INF] Route matched with {action = "Login", controller = "Employee"}. Executing controller action with signature System.Threading.Tasks.Task`1[Microsoft.AspNetCore.Mvc.IActionResult] Login(ELMSApplication.Employee) on controller ELMSApplication.Controllers.EmployeeController (ELMSApplication).
2023-04-22 16:07:44.399 +05:30 [INF] Executed DbCommand (1ms) [Parameters=[@__employee_EmployeeId_0='?' (Size = 75), @__employee_Password_1='?' (Size = 75)], CommandType='"Text"', CommandTimeout='30']
SELECT TOP(1) [e].[Id], [e].[EmployeeId], [e].[EmployeeName], [e].[IsAdmin], [e].[Password]
FROM [Employee] AS [e]
WHERE [e].[EmployeeId] = @__employee_EmployeeId_0 AND [e].[Password] = @__employee_Password_1
2023-04-22 16:07:44.400 +05:30 [INF] Executing ViewResult, running view Login.
2023-04-22 16:07:44.404 +05:30 [INF] Executed ViewResult - view Login executed in 3.5205ms.
2023-04-22 16:07:44.404 +05:30 [INF] Executed action ELMSApplication.Controllers.EmployeeController.Login (ELMSApplication) in 8.7823ms
2023-04-22 16:07:44.404 +05:30 [INF] Executed endpoint 'ELMSApplication.Controllers.EmployeeController.Login (ELMSApplication)'
2023-04-22 16:07:44.404 +05:30 [INF] Request finished HTTP/1.1 POST http://localhost:5279/Employee/Login application/x-www-form-urlencoded 216 - 200 - text/html;+charset=utf-8 11.0272ms
2023-04-22 16:07:44.434 +05:30 [INF] Request starting HTTP/1.1 GET http://localhost:5279/_framework/aspnetcore-browser-refresh.js - -
2023-04-22 16:07:44.434 +05:30 [INF] Request finished HTTP/1.1 GET http://localhost:5279/_framework/aspnetcore-browser-refresh.js - - - 200 11966 application/javascript;+charset=utf-8 0.1388ms
2023-04-22 16:08:04.199 +05:30 [INF] Request starting HTTP/1.1 POST http://localhost:5279/Employee/Login application/x-www-form-urlencoded 216
2023-04-22 16:08:04.200 +05:30 [INF] Executing endpoint 'ELMSApplication.Controllers.EmployeeController.Login (ELMSApplication)'
2023-04-22 16:08:04.200 +05:30 [INF] Route matched with {action = "Login", controller = "Employee"}. Executing controller action with signature System.Threading.Tasks.Task`1[Microsoft.AspNetCore.Mvc.IActionResult] Login(ELMSApplication.Employee) on controller ELMSApplication.Controllers.EmployeeController (ELMSApplication).
2023-04-22 16:08:04.203 +05:30 [INF] Executed DbCommand (1ms) [Parameters=[@__employee_EmployeeId_0='?' (Size = 75), @__employee_Password_1='?' (Size = 75)], CommandType='"Text"', CommandTimeout='30']
SELECT TOP(1) [e].[Id], [e].[EmployeeId], [e].[EmployeeName], [e].[IsAdmin], [e].[Password]
FROM [Employee] AS [e]
WHERE [e].[EmployeeId] = @__employee_EmployeeId_0 AND [e].[Password] = @__employee_Password_1
2023-04-22 16:08:04.203 +05:30 [INF] Accessing expired session, Key:dcd31bb5-7a44-1a87-debd-a32afe9281ce
2023-04-22 16:08:04.204 +05:30 [INF] Executing RedirectResult, redirecting to /Leave/Index.
2023-04-22 16:08:04.204 +05:30 [INF] Executed action ELMSApplication.Controllers.EmployeeController.Login (ELMSApplication) in 3.8151ms
2023-04-22 16:08:04.204 +05:30 [INF] Executed endpoint 'ELMSApplication.Controllers.EmployeeController.Login (ELMSApplication)'
2023-04-22 16:08:04.204 +05:30 [INF] Session started; Key:dcd31bb5-7a44-1a87-debd-a32afe9281ce, Id:4073bd12-b556-9b36-9c95-c0ba8066c8e9
2023-04-22 16:08:04.204 +05:30 [INF] Request finished HTTP/1.1 POST http://localhost:5279/Employee/Login application/x-www-form-urlencoded 216 - 302 0 - 4.9463ms
2023-04-22 16:08:04.212 +05:30 [INF] Request starting HTTP/1.1 GET http://localhost:5279/Leave/Index - -
2023-04-22 16:08:04.213 +05:30 [INF] Executing endpoint 'ELMSApplication.Controllers.LeaveController.Index (ELMSApplication)'
2023-04-22 16:08:04.213 +05:30 [INF] Route matched with {action = "Index", controller = "Leave"}. Executing controller action with signature System.Threading.Tasks.Task`1[Microsoft.AspNetCore.Mvc.IActionResult] Index() on controller ELMSApplication.Controllers.LeaveController (ELMSApplication).
2023-04-22 16:08:04.214 +05:30 [INF] Executed DbCommand (0ms) [Parameters=[@__employeeId_0='?' (Size = 4000)], CommandType='"Text"', CommandTimeout='30']
SELECT [l].[LeaveId], [l].[EmployeeId], [l].[EndDate], [l].[LeaveType], [l].[StartDate], [l].[Status]
FROM [Leave] AS [l]
WHERE [l].[EmployeeId] = @__employeeId_0
2023-04-22 16:08:04.214 +05:30 [INF] Executing ViewResult, running view Index.
2023-04-22 16:08:04.217 +05:30 [INF] Executed ViewResult - view Index executed in 2.2951ms.
2023-04-22 16:08:04.217 +05:30 [INF] Executed action ELMSApplication.Controllers.LeaveController.Index (ELMSApplication) in 4.0869ms
2023-04-22 16:08:04.217 +05:30 [INF] Executed endpoint 'ELMSApplication.Controllers.LeaveController.Index (ELMSApplication)'
2023-04-22 16:08:04.217 +05:30 [INF] Request finished HTTP/1.1 GET http://localhost:5279/Leave/Index - - - 200 - text/html;+charset=utf-8 4.5898ms
2023-04-22 16:08:04.721 +05:30 [INF] Request starting HTTP/1.1 GET http://localhost:5279/_framework/aspnetcore-browser-refresh.js - -
2023-04-22 16:08:04.721 +05:30 [INF] Request finished HTTP/1.1 GET http://localhost:5279/_framework/aspnetcore-browser-refresh.js - - - 200 11966 application/javascript;+charset=utf-8 0.2603ms
2023-04-22 16:09:06.977 +05:30 [INF] Request starting HTTP/1.1 GET http://localhost:5279/Employee/Login - -
2023-04-22 16:09:06.978 +05:30 [INF] Executing endpoint 'ELMSApplication.Controllers.EmployeeController.Login (ELMSApplication)'
2023-04-22 16:09:06.979 +05:30 [INF] Route matched with {action = "Login", controller = "Employee"}. Executing controller action with signature Microsoft.AspNetCore.Mvc.IActionResult Login() on controller ELMSApplication.Controllers.EmployeeController (ELMSApplication).
2023-04-22 16:09:06.979 +05:30 [INF] Executing ViewResult, running view Login.
2023-04-22 16:09:06.983 +05:30 [INF] Executed ViewResult - view Login executed in 3.804ms.
2023-04-22 16:09:06.984 +05:30 [INF] Executed action ELMSApplication.Controllers.EmployeeController.Login (ELMSApplication) in 4.7572ms
2023-04-22 16:09:06.984 +05:30 [INF] Executed endpoint 'ELMSApplication.Controllers.EmployeeController.Login (ELMSApplication)'
2023-04-22 16:09:06.984 +05:30 [INF] Request finished HTTP/1.1 GET http://localhost:5279/Employee/Login - - - 200 - text/html;+charset=utf-8 6.9151ms
2023-04-22 16:09:07.014 +05:30 [INF] Request starting HTTP/1.1 GET http://localhost:5279/_framework/aspnetcore-browser-refresh.js - -
2023-04-22 16:09:07.014 +05:30 [INF] Request finished HTTP/1.1 GET http://localhost:5279/_framework/aspnetcore-browser-refresh.js - - - 200 11966 application/javascript;+charset=utf-8 0.1808ms
2023-04-22 16:09:33.033 +05:30 [INF] Request starting HTTP/1.1 POST http://localhost:5279/Employee/Login application/x-www-form-urlencoded 218
2023-04-22 16:09:33.034 +05:30 [INF] Executing endpoint 'ELMSApplication.Controllers.EmployeeController.Login (ELMSApplication)'
2023-04-22 16:09:33.034 +05:30 [INF] Route matched with {action = "Login", controller = "Employee"}. Executing controller action with signature System.Threading.Tasks.Task`1[Microsoft.AspNetCore.Mvc.IActionResult] Login(ELMSApplication.Employee) on controller ELMSApplication.Controllers.EmployeeController (ELMSApplication).
2023-04-22 16:09:33.040 +05:30 [INF] Executed DbCommand (3ms) [Parameters=[@__employee_EmployeeId_0='?' (Size = 75), @__employee_Password_1='?' (Size = 75)], CommandType='"Text"', CommandTimeout='30']
SELECT TOP(1) [e].[Id], [e].[EmployeeId], [e].[EmployeeName], [e].[IsAdmin], [e].[Password]
FROM [Employee] AS [e]
WHERE [e].[EmployeeId] = @__employee_EmployeeId_0 AND [e].[Password] = @__employee_Password_1
2023-04-22 16:09:33.041 +05:30 [INF] Accessing expired session, Key:dcd31bb5-7a44-1a87-debd-a32afe9281ce
2023-04-22 16:09:33.041 +05:30 [INF] Executing RedirectResult, redirecting to /Leave/Index.
2023-04-22 16:09:33.041 +05:30 [INF] Executed action ELMSApplication.Controllers.EmployeeController.Login (ELMSApplication) in 6.97ms
2023-04-22 16:09:33.041 +05:30 [INF] Executed endpoint 'ELMSApplication.Controllers.EmployeeController.Login (ELMSApplication)'
2023-04-22 16:09:33.041 +05:30 [INF] Session started; Key:dcd31bb5-7a44-1a87-debd-a32afe9281ce, Id:d6c3c137-d606-9caa-723d-065d2b5d0898
2023-04-22 16:09:33.041 +05:30 [INF] Request finished HTTP/1.1 POST http://localhost:5279/Employee/Login application/x-www-form-urlencoded 218 - 302 0 - 7.9363ms
2023-04-22 16:09:33.045 +05:30 [INF] Request starting HTTP/1.1 GET http://localhost:5279/Leave/Index - -
2023-04-22 16:09:33.045 +05:30 [INF] Executing endpoint 'ELMSApplication.Controllers.LeaveController.Index (ELMSApplication)'
2023-04-22 16:09:33.045 +05:30 [INF] Route matched with {action = "Index", controller = "Leave"}. Executing controller action with signature System.Threading.Tasks.Task`1[Microsoft.AspNetCore.Mvc.IActionResult] Index() on controller ELMSApplication.Controllers.LeaveController (ELMSApplication).
2023-04-22 16:09:33.048 +05:30 [INF] Executed DbCommand (2ms) [Parameters=[], CommandType='"Text"', CommandTimeout='30']
SELECT [l].[LeaveId], [l].[EmployeeId], [l].[EndDate], [l].[LeaveType], [l].[StartDate], [l].[Status]
FROM [Leave] AS [l]
2023-04-22 16:09:33.048 +05:30 [INF] Executing ViewResult, running view Index.
2023-04-22 16:09:33.094 +05:30 [INF] Executed ViewResult - view Index executed in 45.5764ms.
2023-04-22 16:09:33.094 +05:30 [INF] Executed action ELMSApplication.Controllers.LeaveController.Index (ELMSApplication) in 48.7182ms
2023-04-22 16:09:33.094 +05:30 [INF] Executed endpoint 'ELMSApplication.Controllers.LeaveController.Index (ELMSApplication)'
2023-04-22 16:09:33.094 +05:30 [INF] Request finished HTTP/1.1 GET http://localhost:5279/Leave/Index - - - 200 - text/html;+charset=utf-8 49.2445ms
2023-04-22 16:09:33.112 +05:30 [INF] Request starting HTTP/1.1 GET http://localhost:5279/_framework/aspnetcore-browser-refresh.js - -
2023-04-22 16:09:33.112 +05:30 [INF] Request finished HTTP/1.1 GET http://localhost:5279/_framework/aspnetcore-browser-refresh.js - - - 200 11966 application/javascript;+charset=utf-8 0.1485ms
2023-04-22 16:09:39.740 +05:30 [INF] Request starting HTTP/1.1 GET http://localhost:5279/Employee/Login - -
2023-04-22 16:09:39.740 +05:30 [INF] Executing endpoint 'ELMSApplication.Controllers.EmployeeController.Login (ELMSApplication)'
2023-04-22 16:09:39.741 +05:30 [INF] Route matched with {action = "Login", controller = "Employee"}. Executing controller action with signature Microsoft.AspNetCore.Mvc.IActionResult Login() on controller ELMSApplication.Controllers.EmployeeController (ELMSApplication).
2023-04-22 16:09:39.741 +05:30 [INF] Executing ViewResult, running view Login.
2023-04-22 16:09:39.743 +05:30 [INF] Executed ViewResult - view Login executed in 1.9303ms.
2023-04-22 16:09:39.743 +05:30 [INF] Executed action ELMSApplication.Controllers.EmployeeController.Login (ELMSApplication) in 2.5679ms
2023-04-22 16:09:39.744 +05:30 [INF] Executed endpoint 'ELMSApplication.Controllers.EmployeeController.Login (ELMSApplication)'
2023-04-22 16:09:39.744 +05:30 [INF] Request finished HTTP/1.1 GET http://localhost:5279/Employee/Login - - - 200 - text/html;+charset=utf-8 4.0888ms
2023-04-22 16:09:39.761 +05:30 [INF] Request starting HTTP/1.1 GET http://localhost:5279/_framework/aspnetcore-browser-refresh.js - -
2023-04-22 16:09:39.762 +05:30 [INF] Request finished HTTP/1.1 GET http://localhost:5279/_framework/aspnetcore-browser-refresh.js - - - 200 11966 application/javascript;+charset=utf-8 0.1179ms
2023-04-22 16:09:47.497 +05:30 [INF] Request starting HTTP/1.1 POST http://localhost:5279/Employee/Login application/x-www-form-urlencoded 214
2023-04-22 16:09:47.497 +05:30 [INF] Executing endpoint 'ELMSApplication.Controllers.EmployeeController.Login (ELMSApplication)'
2023-04-22 16:09:47.498 +05:30 [INF] Route matched with {action = "Login", controller = "Employee"}. Executing controller action with signature System.Threading.Tasks.Task`1[Microsoft.AspNetCore.Mvc.IActionResult] Login(ELMSApplication.Employee) on controller ELMSApplication.Controllers.EmployeeController (ELMSApplication).
2023-04-22 16:09:47.502 +05:30 [INF] Executed DbCommand (2ms) [Parameters=[@__employee_EmployeeId_0='?' (Size = 75), @__employee_Password_1='?' (Size = 75)], CommandType='"Text"', CommandTimeout='30']
SELECT TOP(1) [e].[Id], [e].[EmployeeId], [e].[EmployeeName], [e].[IsAdmin], [e].[Password]
FROM [Employee] AS [e]
WHERE [e].[EmployeeId] = @__employee_EmployeeId_0 AND [e].[Password] = @__employee_Password_1
2023-04-22 16:09:47.502 +05:30 [INF] Executing RedirectResult, redirecting to /Leave/Index.
2023-04-22 16:09:47.502 +05:30 [INF] Executed action ELMSApplication.Controllers.EmployeeController.Login (ELMSApplication) in 4.6115ms
2023-04-22 16:09:47.502 +05:30 [INF] Executed endpoint 'ELMSApplication.Controllers.EmployeeController.Login (ELMSApplication)'
2023-04-22 16:09:47.503 +05:30 [INF] Request finished HTTP/1.1 POST http://localhost:5279/Employee/Login application/x-www-form-urlencoded 214 - 302 0 - 5.6034ms
2023-04-22 16:09:48.018 +05:30 [INF] Request starting HTTP/1.1 GET http://localhost:5279/Leave/Index - -
2023-04-22 16:09:48.019 +05:30 [INF] Executing endpoint 'ELMSApplication.Controllers.LeaveController.Index (ELMSApplication)'
2023-04-22 16:09:48.019 +05:30 [INF] Route matched with {action = "Index", controller = "Leave"}. Executing controller action with signature System.Threading.Tasks.Task`1[Microsoft.AspNetCore.Mvc.IActionResult] Index() on controller ELMSApplication.Controllers.LeaveController (ELMSApplication).
2023-04-22 16:09:48.023 +05:30 [INF] Executed DbCommand (1ms) [Parameters=[@__employeeId_0='?' (Size = 4000)], CommandType='"Text"', CommandTimeout='30']
SELECT [l].[LeaveId], [l].[EmployeeId], [l].[EndDate], [l].[LeaveType], [l].[StartDate], [l].[Status]
FROM [Leave] AS [l]
WHERE [l].[EmployeeId] = @__employeeId_0
2023-04-22 16:09:48.024 +05:30 [INF] Executing ViewResult, running view Index.
2023-04-22 16:09:48.079 +05:30 [INF] Executed ViewResult - view Index executed in 55.1155ms.
2023-04-22 16:09:48.079 +05:30 [INF] Executed action ELMSApplication.Controllers.LeaveController.Index (ELMSApplication) in 59.8848ms
2023-04-22 16:09:48.079 +05:30 [INF] Executed endpoint 'ELMSApplication.Controllers.LeaveController.Index (ELMSApplication)'
2023-04-22 16:09:48.079 +05:30 [INF] Request finished HTTP/1.1 GET http://localhost:5279/Leave/Index - - - 200 - text/html;+charset=utf-8 61.3215ms
2023-04-22 16:09:48.094 +05:30 [INF] Request starting HTTP/1.1 GET http://localhost:5279/_framework/aspnetcore-browser-refresh.js - -
2023-04-22 16:09:48.094 +05:30 [INF] Request finished HTTP/1.1 GET http://localhost:5279/_framework/aspnetcore-browser-refresh.js - - - 200 11966 application/javascript;+charset=utf-8 0.1406ms
2023-04-22 16:15:25.213 +05:30 [INF] Request starting HTTP/1.1 GET http://localhost:5279/Leave/Index - -
2023-04-22 16:15:25.214 +05:30 [INF] Executing endpoint 'ELMSApplication.Controllers.LeaveController.Index (ELMSApplication)'
2023-04-22 16:15:25.219 +05:30 [INF] Route matched with {action = "Index", controller = "Leave"}. Executing controller action with signature System.Threading.Tasks.Task`1[Microsoft.AspNetCore.Mvc.IActionResult] Index() on controller ELMSApplication.Controllers.LeaveController (ELMSApplication).
2023-04-22 16:15:25.220 +05:30 [INF] Accessing expired session, Key:dcd31bb5-7a44-1a87-debd-a32afe9281ce
2023-04-22 16:15:25.221 +05:30 [INF] Executed action ELMSApplication.Controllers.LeaveController.Index (ELMSApplication) in 2.0628ms
2023-04-22 16:15:25.222 +05:30 [INF] Executed endpoint 'ELMSApplication.Controllers.LeaveController.Index (ELMSApplication)'
2023-04-22 16:15:25.238 +05:30 [ERR] An unhandled exception has occurred while executing the request.
System.NullReferenceException: Object reference not set to an instance of an object.
   at ELMSApplication.Controllers.LeaveController.Index()
   at Microsoft.AspNetCore.Mvc.Infrastructure.ActionMethodExecutor.TaskOfIActionResultExecutor.Execute(ActionContext actionContext, IActionResultTypeMapper mapper, ObjectMethodExecutor executor, Object controller, Object[] arguments)
   at Microsoft.AspNetCore.Mvc.Infrastructure.ControllerActionInvoker.<InvokeActionMethodAsync>g__Awaited|12_0(ControllerActionInvoker invoker, ValueTask`1 actionResultValueTask)
   at Microsoft.AspNetCore.Mvc.Infrastructure.ControllerActionInvoker.<InvokeNextActionFilterAsync>g__Awaited|10_0(ControllerActionInvoker invoker, Task lastTask, State next, Scope scope, Object state, Boolean isCompleted)
   at Microsoft.AspNetCore.Mvc.Infrastructure.ControllerActionInvoker.Rethrow(ActionExecutedContextSealed context)
   at Microsoft.AspNetCore.Mvc.Infrastructure.ControllerActionInvoker.Next(State& next, Scope& scope, Object& state, Boolean& isCompleted)
   at Microsoft.AspNetCore.Mvc.Infrastructure.ControllerActionInvoker.InvokeInnerFilterAsync()
--- End of stack trace from previous location ---
   at Microsoft.AspNetCore.Mvc.Infrastructure.ResourceInvoker.<InvokeNextResourceFilter>g__Awaited|25_0(ResourceInvoker invoker, Task lastTask, State next, Scope scope, Object state, Boolean isCompleted)
   at Microsoft.AspNetCore.Mvc.Infrastructure.ResourceInvoker.Rethrow(ResourceExecutedContextSealed context)
   at Microsoft.AspNetCore.Mvc.Infrastructure.ResourceInvoker.Next(State& next, Scope& scope, Object& state, Boolean& isCompleted)
   at Microsoft.AspNetCore.Mvc.Infrastructure.ResourceInvoker.InvokeFilterPipelineAsync()
--- End of stack trace from previous location ---
   at Microsoft.AspNetCore.Mvc.Infrastructure.ResourceInvoker.<InvokeAsync>g__Logged|17_1(ResourceInvoker invoker)
   at Microsoft.AspNetCore.Mvc.Infrastructure.ResourceInvoker.<InvokeAsync>g__Logged|17_1(ResourceInvoker invoker)
   at Microsoft.AspNetCore.Routing.EndpointMiddleware.<Invoke>g__AwaitRequestTask|6_0(Endpoint endpoint, Task requestTask, ILogger logger)
   at Microsoft.AspNetCore.Session.SessionMiddleware.Invoke(HttpContext context)
   at Microsoft.AspNetCore.Session.SessionMiddleware.Invoke(HttpContext context)
   at Microsoft.AspNetCore.Authorization.AuthorizationMiddleware.Invoke(HttpContext context)
   at Microsoft.AspNetCore.Authentication.AuthenticationMiddleware.Invoke(HttpContext context)
   at Microsoft.AspNetCore.Diagnostics.DeveloperExceptionPageMiddlewareImpl.Invoke(HttpContext context)
2023-04-22 16:15:25.244 +05:30 [INF] Request finished HTTP/1.1 GET http://localhost:5279/Leave/Index - - - 500 - text/html;+charset=utf-8 31.0319ms
2023-04-22 16:15:25.432 +05:30 [INF] Request starting HTTP/1.1 GET http://localhost:5279/_framework/aspnetcore-browser-refresh.js - -
2023-04-22 16:15:25.433 +05:30 [INF] Request finished HTTP/1.1 GET http://localhost:5279/_framework/aspnetcore-browser-refresh.js - - - 200 11966 application/javascript;+charset=utf-8 0.1971ms
2023-04-22 22:31:17.602 +05:30 [INF] Executed DbCommand (41ms) [Parameters=[], CommandType='"Text"', CommandTimeout='30']
SELECT 1
2023-04-22 22:31:17.788 +05:30 [INF] Executed DbCommand (94ms) [Parameters=[], CommandType='"Text"', CommandTimeout='30']
SELECT OBJECT_ID(N'[__EFMigrationsHistory]');
2023-04-22 22:31:17.944 +05:30 [INF] Executed DbCommand (48ms) [Parameters=[], CommandType='"Text"', CommandTimeout='30']
SELECT [MigrationId], [ProductVersion]
FROM [__EFMigrationsHistory]
ORDER BY [MigrationId];
2023-04-22 22:32:03.366 +05:30 [INF] Executed DbCommand (66ms) [Parameters=[], CommandType='"Text"', CommandTimeout='30']
SELECT 1
2023-04-22 22:32:03.601 +05:30 [INF] Executed DbCommand (59ms) [Parameters=[], CommandType='"Text"', CommandTimeout='30']
SELECT OBJECT_ID(N'[__EFMigrationsHistory]');
2023-04-22 22:32:03.608 +05:30 [INF] Executed DbCommand (2ms) [Parameters=[], CommandType='"Text"', CommandTimeout='30']
SELECT 1
2023-04-22 22:32:03.611 +05:30 [INF] Executed DbCommand (2ms) [Parameters=[], CommandType='"Text"', CommandTimeout='30']
SELECT OBJECT_ID(N'[__EFMigrationsHistory]');
2023-04-22 22:32:03.699 +05:30 [INF] Executed DbCommand (7ms) [Parameters=[], CommandType='"Text"', CommandTimeout='30']
SELECT [MigrationId], [ProductVersion]
FROM [__EFMigrationsHistory]
ORDER BY [MigrationId];
2023-04-22 22:32:03.792 +05:30 [INF] Applying migration '20230328195217_CreateDatabase'.
2023-04-22 22:32:04.496 +05:30 [ERR] Failed executing DbCommand (429ms) [Parameters=[], CommandType='"Text"', CommandTimeout='30']
CREATE TABLE [Employee] (
    [Id] bigint NOT NULL IDENTITY,
    [EmployeeName] nvarchar(max) NULL,
    [EmployeeId] nvarchar(max) NULL,
    [Password] nvarchar(max) NULL,
    [IsAdmin] bit NOT NULL,
    CONSTRAINT [PK_Employee] PRIMARY KEY ([Id])
);
2023-04-22 22:56:04.992 +05:30 [INF] User profile is available. Using 'C:\Users\skart\AppData\Local\ASP.NET\DataProtection-Keys' as key repository and Windows DPAPI to encrypt keys at rest.
2023-04-22 22:56:05.393 +05:30 [INF] Now listening on: http://localhost:5279
2023-04-22 22:56:05.401 +05:30 [INF] Application started. Press Ctrl+C to shut down.
2023-04-22 22:56:05.401 +05:30 [INF] Hosting environment: Development
2023-04-22 22:56:05.401 +05:30 [INF] Content root path: C:\Users\skart\ELMSApplication\ELMSApplication
2023-04-22 22:56:06.636 +05:30 [INF] Request starting HTTP/1.1 GET http://localhost:5279/ - -
2023-04-22 22:56:06.729 +05:30 [WRN] Failed to determine the https port for redirect.
2023-04-22 22:56:06.800 +05:30 [INF] Executing endpoint 'ELMSApplication.Controllers.HomeController.Index (ELMSApplication)'
2023-04-22 22:56:06.863 +05:30 [INF] Route matched with {action = "Index", controller = "Home"}. Executing controller action with signature Microsoft.AspNetCore.Mvc.IActionResult Index() on controller ELMSApplication.Controllers.HomeController (ELMSApplication).
2023-04-22 22:56:06.921 +05:30 [INF] Executing ViewResult, running view Index.
2023-04-22 22:56:07.293 +05:30 [INF] Executed ViewResult - view Index executed in 361.7771ms.
2023-04-22 22:56:07.301 +05:30 [INF] Executed action ELMSApplication.Controllers.HomeController.Index (ELMSApplication) in 436.6194ms
2023-04-22 22:56:07.302 +05:30 [INF] Executed endpoint 'ELMSApplication.Controllers.HomeController.Index (ELMSApplication)'
2023-04-22 22:56:07.320 +05:30 [INF] Request starting HTTP/1.1 GET http://localhost:5279/_framework/aspnetcore-browser-refresh.js - -
2023-04-22 22:56:07.321 +05:30 [INF] Request starting HTTP/1.1 GET http://localhost:5279/lib/bootstrap/dist/css/bootstrap.min.css - -
2023-04-22 22:56:07.324 +05:30 [INF] Request finished HTTP/1.1 GET http://localhost:5279/ - - - 200 - text/html;+charset=utf-8 689.3491ms
2023-04-22 22:56:07.324 +05:30 [INF] Request finished HTTP/1.1 GET http://localhost:5279/_framework/aspnetcore-browser-refresh.js - - - 200 11966 application/javascript;+charset=utf-8 3.7289ms
2023-04-22 22:56:07.325 +05:30 [INF] Request starting HTTP/1.1 GET http://localhost:5279/ELMSApplication.styles.css?v=TO55c5p6gIvc-K67sCupy3rmL7OHj1w_leNmIwQ5SYU - -
2023-04-22 22:56:07.326 +05:30 [INF] Request starting HTTP/1.1 GET http://localhost:5279/lib/jquery/dist/jquery.min.js - -
2023-04-22 22:56:07.329 +05:30 [INF] Request starting HTTP/1.1 GET http://localhost:5279/css/site.css?v=pAGv4ietcJNk_EwsQZ5BN9-K4MuNYS2a9wl4Jw-q9D0 - -
2023-04-22 22:56:07.332 +05:30 [INF] Request starting HTTP/1.1 GET http://localhost:5279/lib/bootstrap/dist/js/bootstrap.bundle.min.js - -
2023-04-22 22:56:07.404 +05:30 [INF] Request starting HTTP/1.1 GET http://localhost:5279/js/site.js?v=4q1jwFhaPaZgr8WAUSrux6hAuh0XDg9kPS3xIVq36I0 - -
2023-04-22 22:56:07.409 +05:30 [INF] Sending file. Request path: '/js/site.js'. Physical path: 'C:\Users\skart\ELMSApplication\ELMSApplication\wwwroot\js\site.js'
2023-04-22 22:56:07.409 +05:30 [INF] Sending file. Request path: '/css/site.css'. Physical path: 'C:\Users\skart\ELMSApplication\ELMSApplication\wwwroot\css\site.css'
2023-04-22 22:56:07.409 +05:30 [INF] Sending file. Request path: '/ELMSApplication.styles.css'. Physical path: 'C:\Users\skart\ELMSApplication\ELMSApplication\obj\Debug\net7.0\scopedcss\bundle\ELMSApplication.styles.css'
2023-04-22 22:56:07.412 +05:30 [INF] Request finished HTTP/1.1 GET http://localhost:5279/js/site.js?v=4q1jwFhaPaZgr8WAUSrux6hAuh0XDg9kPS3xIVq36I0 - - - 200 230 text/javascript 7.3071ms
2023-04-22 22:56:07.412 +05:30 [INF] Request finished HTTP/1.1 GET http://localhost:5279/css/site.css?v=pAGv4ietcJNk_EwsQZ5BN9-K4MuNYS2a9wl4Jw-q9D0 - - - 200 362 text/css 83.1587ms
2023-04-22 22:56:07.412 +05:30 [INF] Request finished HTTP/1.1 GET http://localhost:5279/ELMSApplication.styles.css?v=TO55c5p6gIvc-K67sCupy3rmL7OHj1w_leNmIwQ5SYU - - - 200 1132 text/css 86.7366ms
2023-04-22 22:56:07.435 +05:30 [INF] Sending file. Request path: '/lib/bootstrap/dist/js/bootstrap.bundle.min.js'. Physical path: 'C:\Users\skart\ELMSApplication\ELMSApplication\wwwroot\lib\bootstrap\dist\js\bootstrap.bundle.min.js'
2023-04-22 22:56:07.435 +05:30 [INF] Request finished HTTP/1.1 GET http://localhost:5279/lib/bootstrap/dist/js/bootstrap.bundle.min.js - - - 200 78468 text/javascript 103.5553ms
2023-04-22 22:56:07.503 +05:30 [INF] Sending file. Request path: '/lib/jquery/dist/jquery.min.js'. Physical path: 'C:\Users\skart\ELMSApplication\ELMSApplication\wwwroot\lib\jquery\dist\jquery.min.js'
2023-04-22 22:56:07.504 +05:30 [INF] Request finished HTTP/1.1 GET http://localhost:5279/lib/jquery/dist/jquery.min.js - - - 200 89501 text/javascript 177.3022ms
2023-04-22 22:56:07.516 +05:30 [INF] Sending file. Request path: '/lib/bootstrap/dist/css/bootstrap.min.css'. Physical path: 'C:\Users\skart\ELMSApplication\ELMSApplication\wwwroot\lib\bootstrap\dist\css\bootstrap.min.css'
2023-04-22 22:56:07.516 +05:30 [INF] Request finished HTTP/1.1 GET http://localhost:5279/lib/bootstrap/dist/css/bootstrap.min.css - - - 200 162720 text/css 195.2192ms
2023-04-22 22:56:13.613 +05:30 [INF] Request starting HTTP/1.1 GET http://localhost:5279/Employee/Login - -
2023-04-22 22:56:13.618 +05:30 [INF] Executing endpoint 'ELMSApplication.Controllers.EmployeeController.Login (ELMSApplication)'
2023-04-22 22:56:13.622 +05:30 [INF] Route matched with {action = "Login", controller = "Employee"}. Executing controller action with signature Microsoft.AspNetCore.Mvc.IActionResult Login() on controller ELMSApplication.Controllers.EmployeeController (ELMSApplication).
2023-04-22 22:56:13.754 +05:30 [INF] Executing ViewResult, running view Login.
2023-04-22 22:56:13.886 +05:30 [INF] Executed ViewResult - view Login executed in 133.3376ms.
2023-04-22 22:56:13.887 +05:30 [INF] Executed action ELMSApplication.Controllers.EmployeeController.Login (ELMSApplication) in 265.1459ms
2023-04-22 22:56:13.887 +05:30 [INF] Executed endpoint 'ELMSApplication.Controllers.EmployeeController.Login (ELMSApplication)'
2023-04-22 22:56:13.894 +05:30 [INF] Request finished HTTP/1.1 GET http://localhost:5279/Employee/Login - - - 200 - text/html;+charset=utf-8 281.0566ms
2023-04-22 22:56:13.917 +05:30 [INF] Request starting HTTP/1.1 GET http://localhost:5279/lib/jquery-validation/dist/jquery.validate.min.js - -
2023-04-22 22:56:13.918 +05:30 [INF] Request starting HTTP/1.1 GET http://localhost:5279/lib/jquery-validation-unobtrusive/jquery.validate.unobtrusive.min.js - -
2023-04-22 22:56:13.918 +05:30 [INF] Request starting HTTP/1.1 GET http://localhost:5279/_framework/aspnetcore-browser-refresh.js - -
2023-04-22 22:56:13.919 +05:30 [INF] Request finished HTTP/1.1 GET http://localhost:5279/_framework/aspnetcore-browser-refresh.js - - - 200 11966 application/javascript;+charset=utf-8 0.2092ms
2023-04-22 22:56:13.956 +05:30 [INF] Sending file. Request path: '/lib/jquery-validation/dist/jquery.validate.min.js'. Physical path: 'C:\Users\skart\ELMSApplication\ELMSApplication\wwwroot\lib\jquery-validation\dist\jquery.validate.min.js'
2023-04-22 22:56:13.956 +05:30 [INF] Request finished HTTP/1.1 GET http://localhost:5279/lib/jquery-validation/dist/jquery.validate.min.js - - - 200 23261 text/javascript 39.1001ms
2023-04-22 22:56:13.968 +05:30 [INF] Sending file. Request path: '/lib/jquery-validation-unobtrusive/jquery.validate.unobtrusive.min.js'. Physical path: 'C:\Users\skart\ELMSApplication\ELMSApplication\wwwroot\lib\jquery-validation-unobtrusive\jquery.validate.unobtrusive.min.js'
2023-04-22 22:56:13.968 +05:30 [INF] Request finished HTTP/1.1 GET http://localhost:5279/lib/jquery-validation-unobtrusive/jquery.validate.unobtrusive.min.js - - - 200 5824 text/javascript 50.2582ms
2023-04-22 22:56:29.896 +05:30 [INF] Request starting HTTP/1.1 POST http://localhost:5279/Employee/Login application/x-www-form-urlencoded 214
2023-04-22 22:56:29.913 +05:30 [INF] Executing endpoint 'ELMSApplication.Controllers.EmployeeController.Login (ELMSApplication)'
2023-04-22 22:56:30.068 +05:30 [INF] Route matched with {action = "Login", controller = "Employee"}. Executing controller action with signature System.Threading.Tasks.Task`1[Microsoft.AspNetCore.Mvc.IActionResult] Login(ELMSApplication.Employee) on controller ELMSApplication.Controllers.EmployeeController (ELMSApplication).
2023-04-22 22:56:32.758 +05:30 [INF] Executed DbCommand (203ms) [Parameters=[@__employee_EmployeeId_0='?' (Size = 75), @__employee_Password_1='?' (Size = 75)], CommandType='"Text"', CommandTimeout='30']
SELECT TOP(1) [e].[Id], [e].[EmployeeId], [e].[EmployeeName], [e].[IsAdmin], [e].[Password]
FROM [Employee] AS [e]
WHERE [e].[EmployeeId] = @__employee_EmployeeId_0 AND [e].[Password] = @__employee_Password_1
2023-04-22 22:56:32.799 +05:30 [INF] Request starting HTTP/1.1 POST http://localhost:5279/Employee/Login application/x-www-form-urlencoded 214
2023-04-22 22:56:32.801 +05:30 [INF] Executing endpoint 'ELMSApplication.Controllers.EmployeeController.Login (ELMSApplication)'
2023-04-22 22:56:32.801 +05:30 [INF] Route matched with {action = "Login", controller = "Employee"}. Executing controller action with signature System.Threading.Tasks.Task`1[Microsoft.AspNetCore.Mvc.IActionResult] Login(ELMSApplication.Employee) on controller ELMSApplication.Controllers.EmployeeController (ELMSApplication).
2023-04-22 22:56:32.995 +05:30 [INF] Executed DbCommand (0ms) [Parameters=[@__employee_EmployeeId_0='?' (Size = 75), @__employee_Password_1='?' (Size = 75)], CommandType='"Text"', CommandTimeout='30']
SELECT TOP(1) [e].[Id], [e].[EmployeeId], [e].[EmployeeName], [e].[IsAdmin], [e].[Password]
FROM [Employee] AS [e]
WHERE [e].[EmployeeId] = @__employee_EmployeeId_0 AND [e].[Password] = @__employee_Password_1
2023-04-22 22:56:33.078 +05:30 [INF] Executing RedirectResult, redirecting to /Leave/Index.
2023-04-22 22:56:33.078 +05:30 [INF] Executing RedirectResult, redirecting to /Leave/Index.
2023-04-22 22:56:33.078 +05:30 [INF] Executed action ELMSApplication.Controllers.EmployeeController.Login (ELMSApplication) in 3010.1143ms
2023-04-22 22:56:33.078 +05:30 [INF] Executed endpoint 'ELMSApplication.Controllers.EmployeeController.Login (ELMSApplication)'
2023-04-22 22:56:33.078 +05:30 [INF] Executed action ELMSApplication.Controllers.EmployeeController.Login (ELMSApplication) in 276.5581ms
2023-04-22 22:56:33.078 +05:30 [INF] Executed endpoint 'ELMSApplication.Controllers.EmployeeController.Login (ELMSApplication)'
2023-04-22 22:56:33.079 +05:30 [INF] Session started; Key:ab992b4b-5ebc-82d0-3538-c3d3e3bba5d4, Id:11b6297b-41d3-6fbc-c77d-47258574607b
2023-04-22 22:56:33.079 +05:30 [INF] Session started; Key:d422119d-f7f1-00f4-364b-a82bd1edb240, Id:4cd7bf75-5194-9ae0-7809-5ebac600bfa6
2023-04-22 22:56:33.091 +05:30 [INF] Request finished HTTP/1.1 POST http://localhost:5279/Employee/Login application/x-www-form-urlencoded 214 - 302 0 - 291.3291ms
2023-04-22 22:56:33.091 +05:30 [INF] Request finished HTTP/1.1 POST http://localhost:5279/Employee/Login application/x-www-form-urlencoded 214 - 0 - - 3194.7922ms
2023-04-22 22:56:33.091 +05:30 [INF] Request starting HTTP/1.1 GET http://localhost:5279/Leave/Index - -
2023-04-22 22:56:33.091 +05:30 [INF] Executing endpoint 'ELMSApplication.Controllers.LeaveController.Index (ELMSApplication)'
2023-04-22 22:56:33.096 +05:30 [INF] Route matched with {action = "Index", controller = "Leave"}. Executing controller action with signature System.Threading.Tasks.Task`1[Microsoft.AspNetCore.Mvc.IActionResult] Index() on controller ELMSApplication.Controllers.LeaveController (ELMSApplication).
2023-04-22 22:56:33.442 +05:30 [INF] Executed DbCommand (109ms) [Parameters=[@__employeeId_0='?' (Size = 4000)], CommandType='"Text"', CommandTimeout='30']
SELECT [l].[LeaveId], [l].[EmployeeId], [l].[EndDate], [l].[LeaveType], [l].[StartDate], [l].[Status]
FROM [Leave] AS [l]
WHERE [l].[EmployeeId] = @__employeeId_0
2023-04-22 22:56:33.530 +05:30 [INF] Executing ViewResult, running view Index.
2023-04-22 22:56:33.594 +05:30 [INF] Executed ViewResult - view Index executed in 65.1973ms.
2023-04-22 22:56:33.596 +05:30 [INF] Executed action ELMSApplication.Controllers.LeaveController.Index (ELMSApplication) in 499.7408ms
2023-04-22 22:56:33.596 +05:30 [INF] Executed endpoint 'ELMSApplication.Controllers.LeaveController.Index (ELMSApplication)'
2023-04-22 22:56:33.599 +05:30 [INF] Request finished HTTP/1.1 GET http://localhost:5279/Leave/Index - - - 200 - text/html;+charset=utf-8 508.4300ms
2023-04-22 22:56:33.615 +05:30 [INF] Request starting HTTP/1.1 GET http://localhost:5279/_framework/aspnetcore-browser-refresh.js - -
2023-04-22 22:56:33.616 +05:30 [INF] Request finished HTTP/1.1 GET http://localhost:5279/_framework/aspnetcore-browser-refresh.js - - - 200 11966 application/javascript;+charset=utf-8 0.9271ms
2023-04-22 22:56:36.469 +05:30 [INF] Request starting HTTP/1.1 GET http://localhost:5279/Leave/Create - -
2023-04-22 22:56:36.473 +05:30 [INF] Executing endpoint 'ELMSApplication.Controllers.LeaveController.Create (ELMSApplication)'
2023-04-22 22:56:36.475 +05:30 [INF] Route matched with {action = "Create", controller = "Leave"}. Executing controller action with signature Microsoft.AspNetCore.Mvc.IActionResult Create() on controller ELMSApplication.Controllers.LeaveController (ELMSApplication).
2023-04-22 22:56:36.477 +05:30 [INF] Executing ViewResult, running view Create.
2023-04-22 22:56:36.503 +05:30 [INF] Executed ViewResult - view Create executed in 27.0741ms.
2023-04-22 22:56:36.503 +05:30 [INF] Executed action ELMSApplication.Controllers.LeaveController.Create (ELMSApplication) in 27.924ms
2023-04-22 22:56:36.503 +05:30 [INF] Executed endpoint 'ELMSApplication.Controllers.LeaveController.Create (ELMSApplication)'
2023-04-22 22:56:36.503 +05:30 [INF] Request finished HTTP/1.1 GET http://localhost:5279/Leave/Create - - - 200 - text/html;+charset=utf-8 34.3540ms
2023-04-22 22:56:36.524 +05:30 [INF] Request starting HTTP/1.1 GET http://localhost:5279/_framework/aspnetcore-browser-refresh.js - -
2023-04-22 22:56:36.524 +05:30 [INF] Request finished HTTP/1.1 GET http://localhost:5279/_framework/aspnetcore-browser-refresh.js - - - 200 11966 application/javascript;+charset=utf-8 0.2021ms
2023-04-22 22:57:16.922 +05:30 [INF] Request starting HTTP/1.1 POST http://localhost:5279/Leave/Create application/x-www-form-urlencoded 324
2023-04-22 22:57:16.923 +05:30 [INF] Executing endpoint 'ELMSApplication.Controllers.LeaveController.Create (ELMSApplication)'
2023-04-22 22:57:16.933 +05:30 [INF] Route matched with {action = "Create", controller = "Leave"}. Executing controller action with signature System.Threading.Tasks.Task`1[Microsoft.AspNetCore.Mvc.IActionResult] Create(ELMSApplication.Leave) on controller ELMSApplication.Controllers.LeaveController (ELMSApplication).
2023-04-22 22:57:17.405 +05:30 [INF] Executed DbCommand (198ms) [Parameters=[@p0='?' (Size = 4000), @p1='?' (DbType = DateTime2), @p2='?' (Size = 75), @p3='?' (DbType = DateTime2), @p4='?' (Size = 75)], CommandType='"Text"', CommandTimeout='30']
SET IMPLICIT_TRANSACTIONS OFF;
SET NOCOUNT ON;
INSERT INTO [Leave] ([EmployeeId], [EndDate], [LeaveType], [StartDate], [Status])
OUTPUT INSERTED.[LeaveId]
VALUES (@p0, @p1, @p2, @p3, @p4);
2023-04-22 22:57:17.493 +05:30 [INF] Executing RedirectResult, redirecting to /Leave.
2023-04-22 22:57:17.493 +05:30 [INF] Executed action ELMSApplication.Controllers.LeaveController.Create (ELMSApplication) in 560.2851ms
2023-04-22 22:57:17.493 +05:30 [INF] Executed endpoint 'ELMSApplication.Controllers.LeaveController.Create (ELMSApplication)'
2023-04-22 22:57:17.496 +05:30 [INF] Request finished HTTP/1.1 POST http://localhost:5279/Leave/Create application/x-www-form-urlencoded 324 - 302 0 - 573.1104ms
2023-04-22 22:57:17.500 +05:30 [INF] Request starting HTTP/1.1 GET http://localhost:5279/Leave - -
2023-04-22 22:57:17.501 +05:30 [INF] Executing endpoint 'ELMSApplication.Controllers.LeaveController.Index (ELMSApplication)'
2023-04-22 22:57:17.501 +05:30 [INF] Route matched with {action = "Index", controller = "Leave"}. Executing controller action with signature System.Threading.Tasks.Task`1[Microsoft.AspNetCore.Mvc.IActionResult] Index() on controller ELMSApplication.Controllers.LeaveController (ELMSApplication).
2023-04-22 22:57:17.519 +05:30 [INF] Executed DbCommand (17ms) [Parameters=[@__employeeId_0='?' (Size = 4000)], CommandType='"Text"', CommandTimeout='30']
SELECT [l].[LeaveId], [l].[EmployeeId], [l].[EndDate], [l].[LeaveType], [l].[StartDate], [l].[Status]
FROM [Leave] AS [l]
WHERE [l].[EmployeeId] = @__employeeId_0
2023-04-22 22:57:17.521 +05:30 [INF] Executing ViewResult, running view Index.
2023-04-22 22:57:17.570 +05:30 [INF] Executed ViewResult - view Index executed in 48.7239ms.
2023-04-22 22:57:17.570 +05:30 [INF] Executed action ELMSApplication.Controllers.LeaveController.Index (ELMSApplication) in 68.898ms
2023-04-22 22:57:17.570 +05:30 [INF] Executed endpoint 'ELMSApplication.Controllers.LeaveController.Index (ELMSApplication)'
2023-04-22 22:57:17.570 +05:30 [INF] Request finished HTTP/1.1 GET http://localhost:5279/Leave - - - 200 - text/html;+charset=utf-8 69.6193ms
2023-04-22 22:57:17.589 +05:30 [INF] Request starting HTTP/1.1 GET http://localhost:5279/_framework/aspnetcore-browser-refresh.js - -
2023-04-22 22:57:17.590 +05:30 [INF] Request finished HTTP/1.1 GET http://localhost:5279/_framework/aspnetcore-browser-refresh.js - - - 200 11966 application/javascript;+charset=utf-8 0.1871ms
2023-04-22 22:57:23.208 +05:30 [INF] Request starting HTTP/1.1 GET http://localhost:5279/Leave/Create - -
2023-04-22 22:57:23.209 +05:30 [INF] Executing endpoint 'ELMSApplication.Controllers.LeaveController.Create (ELMSApplication)'
2023-04-22 22:57:23.209 +05:30 [INF] Route matched with {action = "Create", controller = "Leave"}. Executing controller action with signature Microsoft.AspNetCore.Mvc.IActionResult Create() on controller ELMSApplication.Controllers.LeaveController (ELMSApplication).
2023-04-22 22:57:23.210 +05:30 [INF] Executing ViewResult, running view Create.
2023-04-22 22:57:23.215 +05:30 [INF] Executed ViewResult - view Create executed in 4.3647ms.
2023-04-22 22:57:23.215 +05:30 [INF] Executed action ELMSApplication.Controllers.LeaveController.Create (ELMSApplication) in 5.8166ms
2023-04-22 22:57:23.215 +05:30 [INF] Executed endpoint 'ELMSApplication.Controllers.LeaveController.Create (ELMSApplication)'
2023-04-22 22:57:23.215 +05:30 [INF] Request finished HTTP/1.1 GET http://localhost:5279/Leave/Create - - - 200 - text/html;+charset=utf-8 6.5052ms
2023-04-22 22:57:23.229 +05:30 [INF] Request starting HTTP/1.1 GET http://localhost:5279/_framework/aspnetcore-browser-refresh.js - -
2023-04-22 22:57:23.229 +05:30 [INF] Request finished HTTP/1.1 GET http://localhost:5279/_framework/aspnetcore-browser-refresh.js - - - 200 11966 application/javascript;+charset=utf-8 0.2632ms
2023-04-22 22:57:25.131 +05:30 [INF] Request starting HTTP/1.1 GET http://localhost:5279/_framework/aspnetcore-browser-refresh.js - -
2023-04-22 22:57:25.132 +05:30 [INF] Request finished HTTP/1.1 GET http://localhost:5279/_framework/aspnetcore-browser-refresh.js - - - 200 11966 application/javascript;+charset=utf-8 0.3739ms
2023-04-22 22:57:25.808 +05:30 [INF] Request starting HTTP/1.1 GET http://localhost:5279/Employee/Login - -
2023-04-22 22:57:25.809 +05:30 [INF] Executing endpoint 'ELMSApplication.Controllers.EmployeeController.Login (ELMSApplication)'
2023-04-22 22:57:25.809 +05:30 [INF] Route matched with {action = "Login", controller = "Employee"}. Executing controller action with signature Microsoft.AspNetCore.Mvc.IActionResult Login() on controller ELMSApplication.Controllers.EmployeeController (ELMSApplication).
2023-04-22 22:57:25.810 +05:30 [INF] Executing ViewResult, running view Login.
2023-04-22 22:57:25.815 +05:30 [INF] Executed ViewResult - view Login executed in 4.8074ms.
2023-04-22 22:57:25.815 +05:30 [INF] Executed action ELMSApplication.Controllers.EmployeeController.Login (ELMSApplication) in 5.318ms
2023-04-22 22:57:25.815 +05:30 [INF] Executed endpoint 'ELMSApplication.Controllers.EmployeeController.Login (ELMSApplication)'
2023-04-22 22:57:25.815 +05:30 [INF] Request finished HTTP/1.1 GET http://localhost:5279/Employee/Login - - - 200 - text/html;+charset=utf-8 6.5394ms
2023-04-22 22:57:25.831 +05:30 [INF] Request starting HTTP/1.1 GET http://localhost:5279/_framework/aspnetcore-browser-refresh.js - -
2023-04-22 22:57:25.831 +05:30 [INF] Request finished HTTP/1.1 GET http://localhost:5279/_framework/aspnetcore-browser-refresh.js - - - 200 11966 application/javascript;+charset=utf-8 0.8178ms
2023-04-22 22:57:27.134 +05:30 [INF] Request starting HTTP/1.1 GET http://localhost:5279/_framework/aspnetcore-browser-refresh.js - -
2023-04-22 22:57:27.134 +05:30 [INF] Request finished HTTP/1.1 GET http://localhost:5279/_framework/aspnetcore-browser-refresh.js - - - 200 11966 application/javascript;+charset=utf-8 0.1347ms
2023-04-22 22:57:28.716 +05:30 [INF] Request starting HTTP/1.1 GET http://localhost:5279/Employee/Login - -
2023-04-22 22:57:28.717 +05:30 [INF] Executing endpoint 'ELMSApplication.Controllers.EmployeeController.Login (ELMSApplication)'
2023-04-22 22:57:28.717 +05:30 [INF] Route matched with {action = "Login", controller = "Employee"}. Executing controller action with signature Microsoft.AspNetCore.Mvc.IActionResult Login() on controller ELMSApplication.Controllers.EmployeeController (ELMSApplication).
2023-04-22 22:57:28.717 +05:30 [INF] Executing ViewResult, running view Login.
2023-04-22 22:57:28.719 +05:30 [INF] Executed ViewResult - view Login executed in 1.9877ms.
2023-04-22 22:57:28.719 +05:30 [INF] Executed action ELMSApplication.Controllers.EmployeeController.Login (ELMSApplication) in 2.4697ms
2023-04-22 22:57:28.719 +05:30 [INF] Executed endpoint 'ELMSApplication.Controllers.EmployeeController.Login (ELMSApplication)'
2023-04-22 22:57:28.720 +05:30 [INF] Request finished HTTP/1.1 GET http://localhost:5279/Employee/Login - - - 200 - text/html;+charset=utf-8 3.6531ms
2023-04-22 22:57:28.736 +05:30 [INF] Request starting HTTP/1.1 GET http://localhost:5279/_framework/aspnetcore-browser-refresh.js - -
2023-04-22 22:57:28.736 +05:30 [INF] Request finished HTTP/1.1 GET http://localhost:5279/_framework/aspnetcore-browser-refresh.js - - - 200 11966 application/javascript;+charset=utf-8 0.1688ms
2023-04-22 22:57:46.697 +05:30 [INF] Request starting HTTP/1.1 POST http://localhost:5279/Employee/Login application/x-www-form-urlencoded 218
2023-04-22 22:57:46.697 +05:30 [INF] Executing endpoint 'ELMSApplication.Controllers.EmployeeController.Login (ELMSApplication)'
2023-04-22 22:57:46.698 +05:30 [INF] Route matched with {action = "Login", controller = "Employee"}. Executing controller action with signature System.Threading.Tasks.Task`1[Microsoft.AspNetCore.Mvc.IActionResult] Login(ELMSApplication.Employee) on controller ELMSApplication.Controllers.EmployeeController (ELMSApplication).
2023-04-22 22:57:46.703 +05:30 [INF] Executed DbCommand (2ms) [Parameters=[@__employee_EmployeeId_0='?' (Size = 75), @__employee_Password_1='?' (Size = 75)], CommandType='"Text"', CommandTimeout='30']
SELECT TOP(1) [e].[Id], [e].[EmployeeId], [e].[EmployeeName], [e].[IsAdmin], [e].[Password]
FROM [Employee] AS [e]
WHERE [e].[EmployeeId] = @__employee_EmployeeId_0 AND [e].[Password] = @__employee_Password_1
2023-04-22 22:57:46.706 +05:30 [INF] Executing RedirectResult, redirecting to /Leave/Index.
2023-04-22 22:57:46.706 +05:30 [INF] Executed action ELMSApplication.Controllers.EmployeeController.Login (ELMSApplication) in 8.6234ms
2023-04-22 22:57:46.706 +05:30 [INF] Executed endpoint 'ELMSApplication.Controllers.EmployeeController.Login (ELMSApplication)'
2023-04-22 22:57:46.707 +05:30 [INF] Request finished HTTP/1.1 POST http://localhost:5279/Employee/Login application/x-www-form-urlencoded 218 - 302 0 - 10.0355ms
2023-04-22 22:57:46.709 +05:30 [INF] Request starting HTTP/1.1 GET http://localhost:5279/Leave/Index - -
2023-04-22 22:57:46.710 +05:30 [INF] Executing endpoint 'ELMSApplication.Controllers.LeaveController.Index (ELMSApplication)'
2023-04-22 22:57:46.710 +05:30 [INF] Route matched with {action = "Index", controller = "Leave"}. Executing controller action with signature System.Threading.Tasks.Task`1[Microsoft.AspNetCore.Mvc.IActionResult] Index() on controller ELMSApplication.Controllers.LeaveController (ELMSApplication).
2023-04-22 22:57:46.741 +05:30 [INF] Executed DbCommand (27ms) [Parameters=[], CommandType='"Text"', CommandTimeout='30']
SELECT [l].[LeaveId], [l].[EmployeeId], [l].[EndDate], [l].[LeaveType], [l].[StartDate], [l].[Status]
FROM [Leave] AS [l]
2023-04-22 22:57:46.742 +05:30 [INF] Executing ViewResult, running view Index.
2023-04-22 22:57:46.784 +05:30 [INF] Executed ViewResult - view Index executed in 41.8548ms.
2023-04-22 22:57:46.784 +05:30 [INF] Executed action ELMSApplication.Controllers.LeaveController.Index (ELMSApplication) in 73.8656ms
2023-04-22 22:57:46.784 +05:30 [INF] Executed endpoint 'ELMSApplication.Controllers.LeaveController.Index (ELMSApplication)'
2023-04-22 22:57:46.784 +05:30 [INF] Request finished HTTP/1.1 GET http://localhost:5279/Leave/Index - - - 200 - text/html;+charset=utf-8 74.4265ms
2023-04-22 22:57:46.800 +05:30 [INF] Request starting HTTP/1.1 GET http://localhost:5279/_framework/aspnetcore-browser-refresh.js - -
2023-04-22 22:57:46.800 +05:30 [INF] Request finished HTTP/1.1 GET http://localhost:5279/_framework/aspnetcore-browser-refresh.js - - - 200 11966 application/javascript;+charset=utf-8 0.1342ms
