2023-05-15 11:59:35.109 +05:30 [INF] User profile is available. Using 'C:\Users\skart\AppData\Local\ASP.NET\DataProtection-Keys' as key repository and Windows DPAPI to encrypt keys at rest.
2023-05-15 11:59:35.263 +05:30 [INF] Now listening on: http://localhost:5279
2023-05-15 11:59:35.268 +05:30 [INF] Application started. Press Ctrl+C to shut down.
2023-05-15 11:59:35.269 +05:30 [INF] Hosting environment: Development
2023-05-15 11:59:35.269 +05:30 [INF] Content root path: C:\Users\skart\ELMSApplication\ELMSApplication
2023-05-15 11:59:36.105 +05:30 [INF] Request starting HTTP/1.1 GET http://localhost:5279/ - -
2023-05-15 11:59:36.222 +05:30 [WRN] Failed to determine the https port for redirect.
2023-05-15 11:59:36.314 +05:30 [INF] Executing endpoint 'ELMSApplication.Controllers.HomeController.Index (ELMSApplication)'
2023-05-15 11:59:36.499 +05:30 [INF] Route matched with {action = "Index", controller = "Home"}. Executing controller action with signature Microsoft.AspNetCore.Mvc.IActionResult Index() on controller ELMSApplication.Controllers.HomeController (ELMSApplication).
2023-05-15 11:59:36.516 +05:30 [INF] Executing ViewResult, running view Index.
2023-05-15 11:59:36.759 +05:30 [INF] Executed ViewResult - view Index executed in 238.3764ms.
2023-05-15 11:59:36.763 +05:30 [INF] Executed action ELMSApplication.Controllers.HomeController.Index (ELMSApplication) in 257.2524ms
2023-05-15 11:59:36.763 +05:30 [INF] Executed endpoint 'ELMSApplication.Controllers.HomeController.Index (ELMSApplication)'
2023-05-15 11:59:36.778 +05:30 [INF] Request finished HTTP/1.1 GET http://localhost:5279/ - - - 200 - text/html;+charset=utf-8 674.8025ms
2023-05-15 11:59:36.908 +05:30 [INF] Request starting HTTP/1.1 GET http://localhost:5279/_framework/aspnetcore-browser-refresh.js - -
2023-05-15 11:59:37.002 +05:30 [INF] Request finished HTTP/1.1 GET http://localhost:5279/_framework/aspnetcore-browser-refresh.js - - - 200 11966 application/javascript;+charset=utf-8 93.5338ms
2023-05-15 11:59:40.348 +05:30 [INF] Request starting HTTP/1.1 GET http://localhost:5279/Account/Login - -
2023-05-15 11:59:40.354 +05:30 [INF] Executing endpoint 'ELMSApplication.Controllers.AccountController.Login (ELMSApplication)'
2023-05-15 11:59:40.357 +05:30 [INF] Route matched with {action = "Login", controller = "Account"}. Executing controller action with signature Microsoft.AspNetCore.Mvc.IActionResult Login() on controller ELMSApplication.Controllers.AccountController (ELMSApplication).
2023-05-15 11:59:40.362 +05:30 [INF] Executing ViewResult, running view Login.
2023-05-15 11:59:40.579 +05:30 [INF] Executed ViewResult - view Login executed in 219.1954ms.
2023-05-15 11:59:40.579 +05:30 [INF] Executed action ELMSApplication.Controllers.AccountController.Login (ELMSApplication) in 222.3354ms
2023-05-15 11:59:40.579 +05:30 [INF] Executed endpoint 'ELMSApplication.Controllers.AccountController.Login (ELMSApplication)'
2023-05-15 11:59:40.580 +05:30 [INF] Request finished HTTP/1.1 GET http://localhost:5279/Account/Login - - - 200 - text/html;+charset=utf-8 232.1819ms
2023-05-15 11:59:40.602 +05:30 [INF] Request starting HTTP/1.1 GET http://localhost:5279/_framework/aspnetcore-browser-refresh.js - -
2023-05-15 11:59:40.603 +05:30 [INF] Request finished HTTP/1.1 GET http://localhost:5279/_framework/aspnetcore-browser-refresh.js - - - 200 11966 application/javascript;+charset=utf-8 0.3607ms
2023-05-15 11:59:56.396 +05:30 [INF] Request starting HTTP/1.1 POST http://localhost:5279/Account/Login application/x-www-form-urlencoded 226
2023-05-15 11:59:56.403 +05:30 [INF] Executing endpoint 'ELMSApplication.Controllers.AccountController.Login (ELMSApplication)'
2023-05-15 11:59:56.462 +05:30 [INF] Route matched with {action = "Login", controller = "Account"}. Executing controller action with signature System.Threading.Tasks.Task`1[Microsoft.AspNetCore.Mvc.ActionResult] Login(ELMSApplication.Employee) on controller ELMSApplication.Controllers.AccountController (ELMSApplication).
2023-05-15 11:59:56.554 +05:30 [INF] Executing ViewResult, running view Login.
2023-05-15 11:59:56.558 +05:30 [INF] Executed ViewResult - view Login executed in 3.5577ms.
2023-05-15 11:59:56.558 +05:30 [INF] Executed action ELMSApplication.Controllers.AccountController.Login (ELMSApplication) in 95.4728ms
2023-05-15 11:59:56.558 +05:30 [INF] Executed endpoint 'ELMSApplication.Controllers.AccountController.Login (ELMSApplication)'
2023-05-15 11:59:56.558 +05:30 [INF] Request finished HTTP/1.1 POST http://localhost:5279/Account/Login application/x-www-form-urlencoded 226 - 200 - text/html;+charset=utf-8 161.7513ms
2023-05-15 11:59:56.571 +05:30 [INF] Request starting HTTP/1.1 GET http://localhost:5279/_framework/aspnetcore-browser-refresh.js - -
2023-05-15 11:59:56.572 +05:30 [INF] Request finished HTTP/1.1 GET http://localhost:5279/_framework/aspnetcore-browser-refresh.js - - - 200 11966 application/javascript;+charset=utf-8 0.3675ms
2023-05-15 12:00:22.181 +05:30 [INF] Request starting HTTP/1.1 POST http://localhost:5279/Account/Login application/x-www-form-urlencoded 232
2023-05-15 12:00:22.182 +05:30 [INF] Executing endpoint 'ELMSApplication.Controllers.AccountController.Login (ELMSApplication)'
2023-05-15 12:00:22.182 +05:30 [INF] Route matched with {action = "Login", controller = "Account"}. Executing controller action with signature System.Threading.Tasks.Task`1[Microsoft.AspNetCore.Mvc.ActionResult] Login(ELMSApplication.Employee) on controller ELMSApplication.Controllers.AccountController (ELMSApplication).
2023-05-15 12:00:22.185 +05:30 [INF] Executing ViewResult, running view Login.
2023-05-15 12:00:22.189 +05:30 [INF] Executed ViewResult - view Login executed in 4.2649ms.
2023-05-15 12:00:22.190 +05:30 [INF] Executed action ELMSApplication.Controllers.AccountController.Login (ELMSApplication) in 8.0392ms
2023-05-15 12:00:22.191 +05:30 [INF] Executed endpoint 'ELMSApplication.Controllers.AccountController.Login (ELMSApplication)'
2023-05-15 12:00:22.191 +05:30 [INF] Request finished HTTP/1.1 POST http://localhost:5279/Account/Login application/x-www-form-urlencoded 232 - 200 - text/html;+charset=utf-8 9.7143ms
2023-05-15 12:00:22.210 +05:30 [INF] Request starting HTTP/1.1 GET http://localhost:5279/_framework/aspnetcore-browser-refresh.js - -
2023-05-15 12:00:22.210 +05:30 [INF] Request finished HTTP/1.1 GET http://localhost:5279/_framework/aspnetcore-browser-refresh.js - - - 200 11966 application/javascript;+charset=utf-8 0.2940ms
2023-05-15 12:00:25.121 +05:30 [INF] Request starting HTTP/1.1 POST http://localhost:5279/Account/Login application/x-www-form-urlencoded 232
2023-05-15 12:00:25.122 +05:30 [INF] Executing endpoint 'ELMSApplication.Controllers.AccountController.Login (ELMSApplication)'
2023-05-15 12:00:25.122 +05:30 [INF] Route matched with {action = "Login", controller = "Account"}. Executing controller action with signature System.Threading.Tasks.Task`1[Microsoft.AspNetCore.Mvc.ActionResult] Login(ELMSApplication.Employee) on controller ELMSApplication.Controllers.AccountController (ELMSApplication).
2023-05-15 12:00:25.123 +05:30 [INF] Executing ViewResult, running view Login.
2023-05-15 12:00:25.126 +05:30 [INF] Executed ViewResult - view Login executed in 3.5226ms.
2023-05-15 12:00:25.126 +05:30 [INF] Executed action ELMSApplication.Controllers.AccountController.Login (ELMSApplication) in 4.2132ms
2023-05-15 12:00:25.126 +05:30 [INF] Executed endpoint 'ELMSApplication.Controllers.AccountController.Login (ELMSApplication)'
2023-05-15 12:00:25.127 +05:30 [INF] Request finished HTTP/1.1 POST http://localhost:5279/Account/Login application/x-www-form-urlencoded 232 - 200 - text/html;+charset=utf-8 5.0553ms
2023-05-15 12:00:25.143 +05:30 [INF] Request starting HTTP/1.1 GET http://localhost:5279/_framework/aspnetcore-browser-refresh.js - -
2023-05-15 12:00:25.143 +05:30 [INF] Request finished HTTP/1.1 GET http://localhost:5279/_framework/aspnetcore-browser-refresh.js - - - 200 11966 application/javascript;+charset=utf-8 0.1745ms
2023-05-15 12:00:41.973 +05:30 [INF] Request starting HTTP/1.1 POST http://localhost:5279/Account/Login application/x-www-form-urlencoded 229
2023-05-15 12:00:41.973 +05:30 [INF] Executing endpoint 'ELMSApplication.Controllers.AccountController.Login (ELMSApplication)'
2023-05-15 12:00:41.973 +05:30 [INF] Route matched with {action = "Login", controller = "Account"}. Executing controller action with signature System.Threading.Tasks.Task`1[Microsoft.AspNetCore.Mvc.ActionResult] Login(ELMSApplication.Employee) on controller ELMSApplication.Controllers.AccountController (ELMSApplication).
2023-05-15 12:00:41.974 +05:30 [INF] Executing ViewResult, running view Login.
2023-05-15 12:00:41.976 +05:30 [INF] Executed ViewResult - view Login executed in 2.0154ms.
2023-05-15 12:00:41.976 +05:30 [INF] Executed action ELMSApplication.Controllers.AccountController.Login (ELMSApplication) in 2.5757ms
2023-05-15 12:00:41.976 +05:30 [INF] Executed endpoint 'ELMSApplication.Controllers.AccountController.Login (ELMSApplication)'
2023-05-15 12:00:41.976 +05:30 [INF] Request finished HTTP/1.1 POST http://localhost:5279/Account/Login application/x-www-form-urlencoded 229 - 200 - text/html;+charset=utf-8 3.4100ms
2023-05-15 12:00:41.992 +05:30 [INF] Request starting HTTP/1.1 GET http://localhost:5279/_framework/aspnetcore-browser-refresh.js - -
2023-05-15 12:00:41.993 +05:30 [INF] Request finished HTTP/1.1 GET http://localhost:5279/_framework/aspnetcore-browser-refresh.js - - - 200 11966 application/javascript;+charset=utf-8 0.1352ms
2023-05-15 12:00:52.188 +05:30 [INF] Request starting HTTP/1.1 POST http://localhost:5279/Account/Login application/x-www-form-urlencoded 228
2023-05-15 12:00:52.188 +05:30 [INF] Executing endpoint 'ELMSApplication.Controllers.AccountController.Login (ELMSApplication)'
2023-05-15 12:00:52.188 +05:30 [INF] Route matched with {action = "Login", controller = "Account"}. Executing controller action with signature System.Threading.Tasks.Task`1[Microsoft.AspNetCore.Mvc.ActionResult] Login(ELMSApplication.Employee) on controller ELMSApplication.Controllers.AccountController (ELMSApplication).
2023-05-15 12:00:52.189 +05:30 [INF] Executing ViewResult, running view Login.
2023-05-15 12:00:52.190 +05:30 [INF] Executed ViewResult - view Login executed in 1.8478ms.
2023-05-15 12:00:52.191 +05:30 [INF] Executed action ELMSApplication.Controllers.AccountController.Login (ELMSApplication) in 2.5831ms
2023-05-15 12:00:52.192 +05:30 [INF] Executed endpoint 'ELMSApplication.Controllers.AccountController.Login (ELMSApplication)'
2023-05-15 12:00:52.192 +05:30 [INF] Request finished HTTP/1.1 POST http://localhost:5279/Account/Login application/x-www-form-urlencoded 228 - 200 - text/html;+charset=utf-8 4.1406ms
2023-05-15 12:00:52.208 +05:30 [INF] Request starting HTTP/1.1 GET http://localhost:5279/_framework/aspnetcore-browser-refresh.js - -
2023-05-15 12:00:52.208 +05:30 [INF] Request finished HTTP/1.1 GET http://localhost:5279/_framework/aspnetcore-browser-refresh.js - - - 200 11966 application/javascript;+charset=utf-8 0.1393ms
2023-05-15 12:01:19.093 +05:30 [INF] Request starting HTTP/1.1 POST http://localhost:5279/Account/Login application/x-www-form-urlencoded 258
2023-05-15 12:01:19.093 +05:30 [INF] Executing endpoint 'ELMSApplication.Controllers.AccountController.Login (ELMSApplication)'
2023-05-15 12:01:19.093 +05:30 [INF] Route matched with {action = "Login", controller = "Account"}. Executing controller action with signature System.Threading.Tasks.Task`1[Microsoft.AspNetCore.Mvc.ActionResult] Login(ELMSApplication.Employee) on controller ELMSApplication.Controllers.AccountController (ELMSApplication).
2023-05-15 12:01:19.670 +05:30 [INF] Accessing expired session, Key:5112f344-8b0c-c6ac-93e8-b0008f12ade8
2023-05-15 12:01:19.702 +05:30 [INF] AuthenticationScheme: Cookies signed in.
2023-05-15 12:01:19.713 +05:30 [INF] Executing RedirectResult, redirecting to /Leave.
2023-05-15 12:01:19.713 +05:30 [INF] Executed action ELMSApplication.Controllers.AccountController.Login (ELMSApplication) in 619.966ms
2023-05-15 12:01:19.713 +05:30 [INF] Executed endpoint 'ELMSApplication.Controllers.AccountController.Login (ELMSApplication)'
2023-05-15 12:01:19.719 +05:30 [INF] Session started; Key:5112f344-8b0c-c6ac-93e8-b0008f12ade8, Id:fe8423cf-be37-1ddc-e21f-5f732fe3291e
2023-05-15 12:01:19.720 +05:30 [INF] Request finished HTTP/1.1 POST http://localhost:5279/Account/Login application/x-www-form-urlencoded 258 - 302 0 - 627.1609ms
2023-05-15 12:01:19.762 +05:30 [INF] Request starting HTTP/1.1 GET http://localhost:5279/Leave - -
2023-05-15 12:01:19.774 +05:30 [INF] Executing endpoint 'ELMSApplication.Controllers.LeaveController.Index (ELMSApplication)'
2023-05-15 12:01:19.781 +05:30 [INF] Route matched with {action = "Index", controller = "Leave"}. Executing controller action with signature System.Threading.Tasks.Task`1[Microsoft.AspNetCore.Mvc.IActionResult] Index() on controller ELMSApplication.Controllers.LeaveController (ELMSApplication).
2023-05-15 12:01:21.453 +05:30 [INF] Executed DbCommand (75ms) [Parameters=[], CommandType='"Text"', CommandTimeout='30']
SELECT [l].[LeaveId], [l].[EmployeeId], [l].[EndDate], [l].[LeaveType], [l].[StartDate], [l].[Status]
FROM [Leave] AS [l]
2023-05-15 12:01:21.493 +05:30 [INF] Executing ViewResult, running view Index.
2023-05-15 12:01:21.533 +05:30 [INF] Executed ViewResult - view Index executed in 40.8313ms.
2023-05-15 12:01:21.534 +05:30 [INF] Executed action ELMSApplication.Controllers.LeaveController.Index (ELMSApplication) in 1752.9352ms
2023-05-15 12:01:21.534 +05:30 [INF] Executed endpoint 'ELMSApplication.Controllers.LeaveController.Index (ELMSApplication)'
2023-05-15 12:01:21.557 +05:30 [INF] Request finished HTTP/1.1 GET http://localhost:5279/Leave - - - 200 - text/html;+charset=utf-8 1794.5671ms
2023-05-15 12:01:21.557 +05:30 [INF] Request starting HTTP/1.1 GET http://localhost:5279/_framework/aspnetcore-browser-refresh.js - -
2023-05-15 12:01:21.557 +05:30 [INF] Request finished HTTP/1.1 GET http://localhost:5279/_framework/aspnetcore-browser-refresh.js - - - 200 11966 application/javascript;+charset=utf-8 0.1144ms
