2023-04-23 21:25:40.176 +05:30 [INF] User profile is available. Using 'C:\Users\skart\AppData\Local\ASP.NET\DataProtection-Keys' as key repository and Windows DPAPI to encrypt keys at rest.
2023-04-23 21:25:40.277 +05:30 [INF] Now listening on: http://localhost:5279
2023-04-23 21:25:40.282 +05:30 [INF] Application started. Press Ctrl+C to shut down.
2023-04-23 21:25:40.282 +05:30 [INF] Hosting environment: Development
2023-04-23 21:25:40.283 +05:30 [INF] Content root path: C:\Users\skart\ELMSApplication\ELMSApplication
2023-04-23 21:25:41.021 +05:30 [INF] Request starting HTTP/1.1 GET http://localhost:5279/ - -
2023-04-23 21:25:41.056 +05:30 [WRN] Failed to determine the https port for redirect.
2023-04-23 21:25:41.123 +05:30 [INF] Executing endpoint 'ELMSApplication.Controllers.HomeController.Index (ELMSApplication)'
2023-04-23 21:25:41.154 +05:30 [INF] Route matched with {action = "Index", controller = "Home"}. Executing controller action with signature Microsoft.AspNetCore.Mvc.IActionResult Index() on controller ELMSApplication.Controllers.HomeController (ELMSApplication).
2023-04-23 21:25:41.170 +05:30 [INF] Executing ViewResult, running view Index.
2023-04-23 21:25:41.314 +05:30 [INF] Executed ViewResult - view Index executed in 148.355ms.
2023-04-23 21:25:41.318 +05:30 [INF] Executed action ELMSApplication.Controllers.HomeController.Index (ELMSApplication) in 162.8628ms
2023-04-23 21:25:41.318 +05:30 [INF] Executed endpoint 'ELMSApplication.Controllers.HomeController.Index (ELMSApplication)'
2023-04-23 21:25:41.326 +05:30 [INF] Request finished HTTP/1.1 GET http://localhost:5279/ - - - 200 - text/html;+charset=utf-8 306.5827ms
2023-04-23 21:25:41.423 +05:30 [INF] Request starting HTTP/1.1 GET http://localhost:5279/_framework/aspnetcore-browser-refresh.js - -
2023-04-23 21:25:41.426 +05:30 [INF] Request finished HTTP/1.1 GET http://localhost:5279/_framework/aspnetcore-browser-refresh.js - - - 200 11966 application/javascript;+charset=utf-8 2.1329ms
2023-04-23 21:27:45.056 +05:30 [INF] Request starting HTTP/1.1 GET http://localhost:5279/Employee/Login - -
2023-04-23 21:27:45.062 +05:30 [INF] Executing endpoint 'ELMSApplication.Controllers.EmployeeController.Login (ELMSApplication)'
2023-04-23 21:27:45.064 +05:30 [INF] Route matched with {action = "Login", controller = "Employee"}. Executing controller action with signature Microsoft.AspNetCore.Mvc.IActionResult Login() on controller ELMSApplication.Controllers.EmployeeController (ELMSApplication).
2023-04-23 21:27:46.734 +05:30 [INF] Executing ViewResult, running view Login.
2023-04-23 21:27:46.896 +05:30 [INF] Executed ViewResult - view Login executed in 164.0562ms.
2023-04-23 21:27:46.897 +05:30 [INF] Executed action ELMSApplication.Controllers.EmployeeController.Login (ELMSApplication) in 1833.258ms
2023-04-23 21:27:46.897 +05:30 [INF] Executed endpoint 'ELMSApplication.Controllers.EmployeeController.Login (ELMSApplication)'
2023-04-23 21:27:46.906 +05:30 [INF] Request finished HTTP/1.1 GET http://localhost:5279/Employee/Login - - - 200 - text/html;+charset=utf-8 1850.6627ms
2023-04-23 21:27:46.923 +05:30 [INF] Request starting HTTP/1.1 GET http://localhost:5279/_framework/aspnetcore-browser-refresh.js - -
2023-04-23 21:27:46.926 +05:30 [INF] Request finished HTTP/1.1 GET http://localhost:5279/_framework/aspnetcore-browser-refresh.js - - - 200 11966 application/javascript;+charset=utf-8 0.8394ms
2023-04-23 21:29:13.536 +05:30 [INF] Request starting HTTP/1.1 POST http://localhost:5279/Employee/Login application/x-www-form-urlencoded 218
2023-04-23 21:29:13.539 +05:30 [INF] Executing endpoint 'ELMSApplication.Controllers.EmployeeController.Login (ELMSApplication)'
2023-04-23 21:29:13.867 +05:30 [INF] Route matched with {action = "Login", controller = "Employee"}. Executing controller action with signature System.Threading.Tasks.Task`1[Microsoft.AspNetCore.Mvc.IActionResult] Login(ELMSApplication.Employee) on controller ELMSApplication.Controllers.EmployeeController (ELMSApplication).
2023-04-23 21:29:23.548 +05:30 [INF] Executed DbCommand (151ms) [Parameters=[@__employee_EmployeeId_0='?' (Size = 75), @__employee_Password_1='?' (Size = 75)], CommandType='"Text"', CommandTimeout='30']
SELECT TOP(1) [e].[Id], [e].[EmployeeId], [e].[EmployeeName], [e].[IsAdmin], [e].[Password]
FROM [Employee] AS [e]
WHERE [e].[EmployeeId] = @__employee_EmployeeId_0 AND [e].[Password] = @__employee_Password_1
2023-04-23 21:29:23.692 +05:30 [INF] Executing RedirectResult, redirecting to /Leave/Index.
2023-04-23 21:29:23.692 +05:30 [INF] Executed action ELMSApplication.Controllers.EmployeeController.Login (ELMSApplication) in 9825.4504ms
2023-04-23 21:29:23.692 +05:30 [INF] Executed endpoint 'ELMSApplication.Controllers.EmployeeController.Login (ELMSApplication)'
2023-04-23 21:29:23.695 +05:30 [INF] Session started; Key:5112f344-8b0c-c6ac-93e8-b0008f12ade8, Id:90802f6c-fbed-b214-a70f-48b1b1cc11a5
2023-04-23 21:29:23.712 +05:30 [INF] Request finished HTTP/1.1 POST http://localhost:5279/Employee/Login application/x-www-form-urlencoded 218 - 302 0 - 10176.4340ms
2023-04-23 21:29:23.733 +05:30 [INF] Request starting HTTP/1.1 GET http://localhost:5279/Leave/Index - -
2023-04-23 21:29:23.734 +05:30 [INF] Executing endpoint 'ELMSApplication.Controllers.LeaveController.Index (ELMSApplication)'
2023-04-23 21:29:23.739 +05:30 [INF] Route matched with {action = "Index", controller = "Leave"}. Executing controller action with signature System.Threading.Tasks.Task`1[Microsoft.AspNetCore.Mvc.IActionResult] Index() on controller ELMSApplication.Controllers.LeaveController (ELMSApplication).
2023-04-23 21:29:24.396 +05:30 [INF] Executed DbCommand (556ms) [Parameters=[], CommandType='"Text"', CommandTimeout='30']
SELECT [l].[LeaveId], [l].[EmployeeId], [l].[EndDate], [l].[LeaveType], [l].[StartDate], [l].[Status]
FROM [Leave] AS [l]
2023-04-23 21:29:24.491 +05:30 [INF] Executing ViewResult, running view Index.
2023-04-23 21:29:24.620 +05:30 [INF] Executed ViewResult - view Index executed in 129.7222ms.
2023-04-23 21:29:24.622 +05:30 [INF] Executed action ELMSApplication.Controllers.LeaveController.Index (ELMSApplication) in 882.9066ms
2023-04-23 21:29:24.623 +05:30 [INF] Executed endpoint 'ELMSApplication.Controllers.LeaveController.Index (ELMSApplication)'
2023-04-23 21:29:24.627 +05:30 [INF] Request finished HTTP/1.1 GET http://localhost:5279/Leave/Index - - - 200 - text/html;+charset=utf-8 893.2852ms
2023-04-23 21:29:24.653 +05:30 [INF] Request starting HTTP/1.1 GET http://localhost:5279/_framework/aspnetcore-browser-refresh.js - -
2023-04-23 21:29:24.654 +05:30 [INF] Request finished HTTP/1.1 GET http://localhost:5279/_framework/aspnetcore-browser-refresh.js - - - 200 11966 application/javascript;+charset=utf-8 0.2690ms
2023-04-23 21:29:35.652 +05:30 [INF] Request starting HTTP/1.1 GET http://localhost:5279/Leave/Rejected/1 - -
2023-04-23 21:29:35.654 +05:30 [INF] Executing endpoint 'ELMSApplication.Controllers.LeaveController.RejectedAsync (ELMSApplication)'
2023-04-23 21:29:35.659 +05:30 [INF] Route matched with {action = "Rejected", controller = "Leave"}. Executing controller action with signature System.Threading.Tasks.Task`1[Microsoft.AspNetCore.Mvc.IActionResult] RejectedAsync(Int32) on controller ELMSApplication.Controllers.LeaveController (ELMSApplication).
2023-04-23 21:29:35.784 +05:30 [INF] Executed DbCommand (3ms) [Parameters=[@__p_0='?' (DbType = Int32)], CommandType='"Text"', CommandTimeout='30']
SELECT TOP(1) [l].[LeaveId], [l].[EmployeeId], [l].[EndDate], [l].[LeaveType], [l].[StartDate], [l].[Status]
FROM [Leave] AS [l]
WHERE [l].[LeaveId] = @__p_0
2023-04-23 21:29:36.014 +05:30 [INF] Executed DbCommand (5ms) [Parameters=[@p5='?' (DbType = Int32), @p0='?' (Size = 4000), @p1='?' (DbType = DateTime2), @p2='?' (Size = 75), @p3='?' (DbType = DateTime2), @p4='?' (Size = 75)], CommandType='"Text"', CommandTimeout='30']
SET IMPLICIT_TRANSACTIONS OFF;
SET NOCOUNT ON;
UPDATE [Leave] SET [EmployeeId] = @p0, [EndDate] = @p1, [LeaveType] = @p2, [StartDate] = @p3, [Status] = @p4
OUTPUT 1
WHERE [LeaveId] = @p5;
2023-04-23 21:29:36.069 +05:30 [INF] Executing RedirectResult, redirecting to /Leave.
2023-04-23 21:29:36.070 +05:30 [INF] Executed action ELMSApplication.Controllers.LeaveController.RejectedAsync (ELMSApplication) in 411.1459ms
2023-04-23 21:29:36.070 +05:30 [INF] Executed endpoint 'ELMSApplication.Controllers.LeaveController.RejectedAsync (ELMSApplication)'
2023-04-23 21:29:36.070 +05:30 [INF] Request finished HTTP/1.1 GET http://localhost:5279/Leave/Rejected/1 - - - 302 0 - 417.7288ms
2023-04-23 21:29:36.090 +05:30 [INF] Request starting HTTP/1.1 GET http://localhost:5279/Leave - -
2023-04-23 21:29:36.090 +05:30 [INF] Executing endpoint 'ELMSApplication.Controllers.LeaveController.Index (ELMSApplication)'
2023-04-23 21:29:36.090 +05:30 [INF] Route matched with {action = "Index", controller = "Leave"}. Executing controller action with signature System.Threading.Tasks.Task`1[Microsoft.AspNetCore.Mvc.IActionResult] Index() on controller ELMSApplication.Controllers.LeaveController (ELMSApplication).
2023-04-23 21:29:36.097 +05:30 [INF] Executed DbCommand (0ms) [Parameters=[], CommandType='"Text"', CommandTimeout='30']
SELECT [l].[LeaveId], [l].[EmployeeId], [l].[EndDate], [l].[LeaveType], [l].[StartDate], [l].[Status]
FROM [Leave] AS [l]
2023-04-23 21:29:36.098 +05:30 [INF] Executing ViewResult, running view Index.
2023-04-23 21:29:36.135 +05:30 [INF] Executed ViewResult - view Index executed in 37.3066ms.
2023-04-23 21:29:36.135 +05:30 [INF] Executed action ELMSApplication.Controllers.LeaveController.Index (ELMSApplication) in 45.4456ms
2023-04-23 21:29:36.135 +05:30 [INF] Executed endpoint 'ELMSApplication.Controllers.LeaveController.Index (ELMSApplication)'
2023-04-23 21:29:36.136 +05:30 [INF] Request finished HTTP/1.1 GET http://localhost:5279/Leave - - - 200 - text/html;+charset=utf-8 46.0640ms
2023-04-23 21:29:36.164 +05:30 [INF] Request starting HTTP/1.1 GET http://localhost:5279/_framework/aspnetcore-browser-refresh.js - -
2023-04-23 21:29:36.164 +05:30 [INF] Request finished HTTP/1.1 GET http://localhost:5279/_framework/aspnetcore-browser-refresh.js - - - 200 11966 application/javascript;+charset=utf-8 0.2117ms
2023-04-23 21:29:37.879 +05:30 [INF] Request starting HTTP/1.1 GET http://localhost:5279/Leave/Approved/1 - -
2023-04-23 21:29:37.879 +05:30 [INF] Executing endpoint 'ELMSApplication.Controllers.LeaveController.ApprovedAsync (ELMSApplication)'
2023-04-23 21:29:37.883 +05:30 [INF] Route matched with {action = "Approved", controller = "Leave"}. Executing controller action with signature System.Threading.Tasks.Task`1[Microsoft.AspNetCore.Mvc.IActionResult] ApprovedAsync(Int32) on controller ELMSApplication.Controllers.LeaveController (ELMSApplication).
2023-04-23 21:29:37.886 +05:30 [INF] Executed DbCommand (1ms) [Parameters=[@__p_0='?' (DbType = Int32)], CommandType='"Text"', CommandTimeout='30']
SELECT TOP(1) [l].[LeaveId], [l].[EmployeeId], [l].[EndDate], [l].[LeaveType], [l].[StartDate], [l].[Status]
FROM [Leave] AS [l]
WHERE [l].[LeaveId] = @__p_0
2023-04-23 21:29:37.910 +05:30 [INF] Executed DbCommand (19ms) [Parameters=[@p5='?' (DbType = Int32), @p0='?' (Size = 4000), @p1='?' (DbType = DateTime2), @p2='?' (Size = 75), @p3='?' (DbType = DateTime2), @p4='?' (Size = 75)], CommandType='"Text"', CommandTimeout='30']
SET IMPLICIT_TRANSACTIONS OFF;
SET NOCOUNT ON;
UPDATE [Leave] SET [EmployeeId] = @p0, [EndDate] = @p1, [LeaveType] = @p2, [StartDate] = @p3, [Status] = @p4
OUTPUT 1
WHERE [LeaveId] = @p5;
2023-04-23 21:29:37.914 +05:30 [INF] Executing RedirectResult, redirecting to /Leave.
2023-04-23 21:29:37.914 +05:30 [INF] Executed action ELMSApplication.Controllers.LeaveController.ApprovedAsync (ELMSApplication) in 31.2987ms
2023-04-23 21:29:37.914 +05:30 [INF] Executed endpoint 'ELMSApplication.Controllers.LeaveController.ApprovedAsync (ELMSApplication)'
2023-04-23 21:29:37.914 +05:30 [INF] Request finished HTTP/1.1 GET http://localhost:5279/Leave/Approved/1 - - - 302 0 - 35.4625ms
2023-04-23 21:29:37.918 +05:30 [INF] Request starting HTTP/1.1 GET http://localhost:5279/Leave - -
2023-04-23 21:29:37.919 +05:30 [INF] Executing endpoint 'ELMSApplication.Controllers.LeaveController.Index (ELMSApplication)'
2023-04-23 21:29:37.919 +05:30 [INF] Route matched with {action = "Index", controller = "Leave"}. Executing controller action with signature System.Threading.Tasks.Task`1[Microsoft.AspNetCore.Mvc.IActionResult] Index() on controller ELMSApplication.Controllers.LeaveController (ELMSApplication).
2023-04-23 21:29:37.920 +05:30 [INF] Executed DbCommand (0ms) [Parameters=[], CommandType='"Text"', CommandTimeout='30']
SELECT [l].[LeaveId], [l].[EmployeeId], [l].[EndDate], [l].[LeaveType], [l].[StartDate], [l].[Status]
FROM [Leave] AS [l]
2023-04-23 21:29:37.920 +05:30 [INF] Executing ViewResult, running view Index.
2023-04-23 21:29:37.956 +05:30 [INF] Executed ViewResult - view Index executed in 35.8478ms.
2023-04-23 21:29:37.956 +05:30 [INF] Executed action ELMSApplication.Controllers.LeaveController.Index (ELMSApplication) in 37.3713ms
2023-04-23 21:29:37.956 +05:30 [INF] Executed endpoint 'ELMSApplication.Controllers.LeaveController.Index (ELMSApplication)'
2023-04-23 21:29:37.956 +05:30 [INF] Request finished HTTP/1.1 GET http://localhost:5279/Leave - - - 200 - text/html;+charset=utf-8 37.8471ms
2023-04-23 21:29:37.972 +05:30 [INF] Request starting HTTP/1.1 GET http://localhost:5279/_framework/aspnetcore-browser-refresh.js - -
2023-04-23 21:29:37.972 +05:30 [INF] Request finished HTTP/1.1 GET http://localhost:5279/_framework/aspnetcore-browser-refresh.js - - - 200 11966 application/javascript;+charset=utf-8 0.1289ms
2023-04-23 21:33:37.583 +05:30 [INF] Request starting HTTP/1.1 GET http://localhost:5279/_framework/aspnetcore-browser-refresh.js - -
2023-04-23 21:33:37.583 +05:30 [INF] Request finished HTTP/1.1 GET http://localhost:5279/_framework/aspnetcore-browser-refresh.js - - - 200 11966 application/javascript;+charset=utf-8 0.4187ms
2023-04-23 21:33:39.837 +05:30 [INF] Request starting HTTP/1.1 GET http://localhost:5279/_framework/aspnetcore-browser-refresh.js - -
2023-04-23 21:33:39.837 +05:30 [INF] Request finished HTTP/1.1 GET http://localhost:5279/_framework/aspnetcore-browser-refresh.js - - - 200 11966 application/javascript;+charset=utf-8 0.2145ms
2023-04-23 21:33:41.408 +05:30 [INF] Request starting HTTP/1.1 GET http://localhost:5279/Employee/Login - -
2023-04-23 21:33:41.409 +05:30 [INF] Executing endpoint 'ELMSApplication.Controllers.EmployeeController.Login (ELMSApplication)'
2023-04-23 21:33:41.409 +05:30 [INF] Route matched with {action = "Login", controller = "Employee"}. Executing controller action with signature Microsoft.AspNetCore.Mvc.IActionResult Login() on controller ELMSApplication.Controllers.EmployeeController (ELMSApplication).
2023-04-23 21:33:41.409 +05:30 [INF] Executing ViewResult, running view Login.
2023-04-23 21:33:41.415 +05:30 [INF] Executed ViewResult - view Login executed in 5.8527ms.
2023-04-23 21:33:41.415 +05:30 [INF] Executed action ELMSApplication.Controllers.EmployeeController.Login (ELMSApplication) in 6.5154ms
2023-04-23 21:33:41.415 +05:30 [INF] Executed endpoint 'ELMSApplication.Controllers.EmployeeController.Login (ELMSApplication)'
2023-04-23 21:33:41.416 +05:30 [INF] Request finished HTTP/1.1 GET http://localhost:5279/Employee/Login - - - 200 - text/html;+charset=utf-8 7.9862ms
2023-04-23 21:33:41.435 +05:30 [INF] Request starting HTTP/1.1 GET http://localhost:5279/_framework/aspnetcore-browser-refresh.js - -
2023-04-23 21:33:41.435 +05:30 [INF] Request finished HTTP/1.1 GET http://localhost:5279/_framework/aspnetcore-browser-refresh.js - - - 200 11966 application/javascript;+charset=utf-8 0.1940ms
2023-04-23 21:34:04.969 +05:30 [INF] Request starting HTTP/1.1 POST http://localhost:5279/Employee/Login application/x-www-form-urlencoded 214
2023-04-23 21:34:04.969 +05:30 [INF] Executing endpoint 'ELMSApplication.Controllers.EmployeeController.Login (ELMSApplication)'
2023-04-23 21:34:04.969 +05:30 [INF] Route matched with {action = "Login", controller = "Employee"}. Executing controller action with signature System.Threading.Tasks.Task`1[Microsoft.AspNetCore.Mvc.IActionResult] Login(ELMSApplication.Employee) on controller ELMSApplication.Controllers.EmployeeController (ELMSApplication).
2023-04-23 21:34:04.980 +05:30 [INF] Executed DbCommand (4ms) [Parameters=[@__employee_EmployeeId_0='?' (Size = 75), @__employee_Password_1='?' (Size = 75)], CommandType='"Text"', CommandTimeout='30']
SELECT TOP(1) [e].[Id], [e].[EmployeeId], [e].[EmployeeName], [e].[IsAdmin], [e].[Password]
FROM [Employee] AS [e]
WHERE [e].[EmployeeId] = @__employee_EmployeeId_0 AND [e].[Password] = @__employee_Password_1
2023-04-23 21:34:04.982 +05:30 [INF] Accessing expired session, Key:5112f344-8b0c-c6ac-93e8-b0008f12ade8
2023-04-23 21:34:04.982 +05:30 [INF] Executing RedirectResult, redirecting to /Leave/Index.
2023-04-23 21:34:04.982 +05:30 [INF] Executed action ELMSApplication.Controllers.EmployeeController.Login (ELMSApplication) in 12.8592ms
2023-04-23 21:34:04.983 +05:30 [INF] Executed endpoint 'ELMSApplication.Controllers.EmployeeController.Login (ELMSApplication)'
2023-04-23 21:34:04.983 +05:30 [INF] Session started; Key:5112f344-8b0c-c6ac-93e8-b0008f12ade8, Id:0df95fe3-adee-1cc7-90c6-ce2354093605
2023-04-23 21:34:04.983 +05:30 [INF] Request finished HTTP/1.1 POST http://localhost:5279/Employee/Login application/x-www-form-urlencoded 214 - 302 0 - 14.8745ms
2023-04-23 21:34:04.987 +05:30 [INF] Request starting HTTP/1.1 GET http://localhost:5279/Leave/Index - -
2023-04-23 21:34:04.988 +05:30 [INF] Executing endpoint 'ELMSApplication.Controllers.LeaveController.Index (ELMSApplication)'
2023-04-23 21:34:04.988 +05:30 [INF] Route matched with {action = "Index", controller = "Leave"}. Executing controller action with signature System.Threading.Tasks.Task`1[Microsoft.AspNetCore.Mvc.IActionResult] Index() on controller ELMSApplication.Controllers.LeaveController (ELMSApplication).
2023-04-23 21:34:05.289 +05:30 [INF] Executed DbCommand (18ms) [Parameters=[@__employeeId_0='?' (Size = 4000)], CommandType='"Text"', CommandTimeout='30']
SELECT [l].[LeaveId], [l].[EmployeeId], [l].[EndDate], [l].[LeaveType], [l].[StartDate], [l].[Status]
FROM [Leave] AS [l]
WHERE [l].[EmployeeId] = @__employeeId_0
2023-04-23 21:34:05.290 +05:30 [INF] Executing ViewResult, running view Index.
2023-04-23 21:34:05.339 +05:30 [INF] Executed ViewResult - view Index executed in 49.0054ms.
2023-04-23 21:34:05.339 +05:30 [INF] Executed action ELMSApplication.Controllers.LeaveController.Index (ELMSApplication) in 350.9758ms
2023-04-23 21:34:05.339 +05:30 [INF] Executed endpoint 'ELMSApplication.Controllers.LeaveController.Index (ELMSApplication)'
2023-04-23 21:34:05.339 +05:30 [INF] Request finished HTTP/1.1 GET http://localhost:5279/Leave/Index - - - 200 - text/html;+charset=utf-8 351.5733ms
2023-04-23 21:34:05.357 +05:30 [INF] Request starting HTTP/1.1 GET http://localhost:5279/_framework/aspnetcore-browser-refresh.js - -
2023-04-23 21:34:05.357 +05:30 [INF] Request finished HTTP/1.1 GET http://localhost:5279/_framework/aspnetcore-browser-refresh.js - - - 200 11966 application/javascript;+charset=utf-8 0.1814ms
2023-04-23 21:34:10.782 +05:30 [INF] Request starting HTTP/1.1 GET http://localhost:5279/Leave/Create - -
2023-04-23 21:34:10.842 +05:30 [INF] Executing endpoint 'ELMSApplication.Controllers.LeaveController.Create (ELMSApplication)'
2023-04-23 21:34:10.846 +05:30 [INF] Route matched with {action = "Create", controller = "Leave"}. Executing controller action with signature Microsoft.AspNetCore.Mvc.IActionResult Create() on controller ELMSApplication.Controllers.LeaveController (ELMSApplication).
2023-04-23 21:34:10.848 +05:30 [INF] Executing ViewResult, running view Create.
2023-04-23 21:34:11.177 +05:30 [INF] Executed ViewResult - view Create executed in 330.0743ms.
2023-04-23 21:34:11.177 +05:30 [INF] Executed action ELMSApplication.Controllers.LeaveController.Create (ELMSApplication) in 331.4229ms
2023-04-23 21:34:11.178 +05:30 [INF] Executed endpoint 'ELMSApplication.Controllers.LeaveController.Create (ELMSApplication)'
2023-04-23 21:34:11.179 +05:30 [INF] Request finished HTTP/1.1 GET http://localhost:5279/Leave/Create - - - 200 - text/html;+charset=utf-8 396.9373ms
2023-04-23 21:34:11.197 +05:30 [INF] Request starting HTTP/1.1 GET http://localhost:5279/_framework/aspnetcore-browser-refresh.js - -
2023-04-23 21:34:11.197 +05:30 [INF] Request finished HTTP/1.1 GET http://localhost:5279/_framework/aspnetcore-browser-refresh.js - - - 200 11966 application/javascript;+charset=utf-8 0.1654ms
