2023-06-01 08:36:30.194 +05:30 [INF] Request starting HTTP/1.1 GET http://localhost:5279/Leave/LogOut?area=left - -
2023-06-01 08:36:30.223 +05:30 [INF] Cookies was not authenticated. Failure message: Ticket expired
2023-06-01 08:36:30.227 +05:30 [INF] Authorization failed. These requirements were not met:
DenyAnonymousAuthorizationRequirement: Requires an authenticated user.
2023-06-01 08:36:30.351 +05:30 [INF] AuthenticationScheme: Cookies was challenged.
2023-06-01 08:36:30.351 +05:30 [INF] Request finished HTTP/1.1 GET http://localhost:5279/Leave/LogOut?area=left - - - 302 0 - 157.4365ms
2023-06-01 08:36:30.358 +05:30 [INF] Request starting HTTP/1.1 GET http://localhost:5279/Account/Login?ReturnUrl=%2FLeave%2FLogOut%3Farea%3Dleft - -
2023-06-01 08:36:30.358 +05:30 [INF] Cookies was not authenticated. Failure message: Ticket expired
2023-06-01 08:36:30.359 +05:30 [INF] Executing endpoint 'ELMSApplication.Controllers.AccountController.Login (ELMSApplication)'
2023-06-01 08:36:30.360 +05:30 [INF] Route matched with {action = "Login", controller = "Account"}. Executing controller action with signature Microsoft.AspNetCore.Mvc.IActionResult Login() on controller ELMSApplication.Controllers.AccountController (ELMSApplication).
2023-06-01 08:36:30.367 +05:30 [INF] Executing ViewResult, running view Login.
2023-06-01 08:36:30.380 +05:30 [INF] Executed ViewResult - view Login executed in 16.9567ms.
2023-06-01 08:36:30.381 +05:30 [INF] Executed action ELMSApplication.Controllers.AccountController.Login (ELMSApplication) in 20.4558ms
2023-06-01 08:36:30.381 +05:30 [INF] Executed endpoint 'ELMSApplication.Controllers.AccountController.Login (ELMSApplication)'
2023-06-01 08:36:30.383 +05:30 [INF] Request finished HTTP/1.1 GET http://localhost:5279/Account/Login?ReturnUrl=%2FLeave%2FLogOut%3Farea%3Dleft - - - 200 - text/html;+charset=utf-8 23.3732ms
2023-06-01 08:36:30.518 +05:30 [INF] Request starting HTTP/1.1 GET http://localhost:5279/Scripts/jquery-3.6.0.min.js - -
2023-06-01 08:36:30.523 +05:30 [INF] Request starting HTTP/1.1 GET http://localhost:5279/Scripts/jquery.validate.min.js - -
2023-06-01 08:36:30.525 +05:30 [INF] Cookies was not authenticated. Failure message: Ticket expired
2023-06-01 08:36:30.525 +05:30 [INF] Request starting HTTP/1.1 GET http://localhost:5279/Scripts/jquery.validate.unobtrusive.min.js - -
2023-06-01 08:36:30.525 +05:30 [INF] Request finished HTTP/1.1 GET http://localhost:5279/Scripts/jquery.validate.min.js - - - 404 0 - 3.8337ms
2023-06-01 08:36:30.526 +05:30 [INF] Cookies was not authenticated. Failure message: Ticket expired
2023-06-01 08:36:30.527 +05:30 [INF] Request finished HTTP/1.1 GET http://localhost:5279/Scripts/jquery.validate.unobtrusive.min.js - - - 404 0 - 1.8235ms
2023-06-01 08:36:30.535 +05:30 [INF] Request starting HTTP/1.1 GET http://localhost:5279/_framework/aspnetcore-browser-refresh.js - -
2023-06-01 08:36:30.536 +05:30 [INF] Request finished HTTP/1.1 GET http://localhost:5279/_framework/aspnetcore-browser-refresh.js - - - 200 11966 application/javascript;+charset=utf-8 0.6720ms
2023-06-01 08:36:30.546 +05:30 [INF] Cookies was not authenticated. Failure message: Ticket expired
2023-06-01 08:36:30.551 +05:30 [INF] Request finished HTTP/1.1 GET http://localhost:5279/Scripts/jquery-3.6.0.min.js - - - 404 0 - 33.2671ms
2023-06-01 08:36:34.247 +05:30 [INF] Request starting HTTP/1.1 POST http://localhost:5279/Account/Login application/x-www-form-urlencoded 240
2023-06-01 08:36:34.248 +05:30 [INF] Cookies was not authenticated. Failure message: Ticket expired
2023-06-01 08:36:34.248 +05:30 [INF] Executing endpoint 'ELMSApplication.Controllers.AccountController.Login (ELMSApplication)'
2023-06-01 08:36:34.248 +05:30 [INF] Route matched with {action = "Login", controller = "Account"}. Executing controller action with signature System.Threading.Tasks.Task`1[Microsoft.AspNetCore.Mvc.ActionResult] Login(ELMSApplication.Employee) on controller ELMSApplication.Controllers.AccountController (ELMSApplication).
2023-06-01 08:36:34.776 +05:30 [INF] Accessing expired session, Key:fe77820e-6bad-198f-4bc8-608c5cb33e5c
2023-06-01 08:36:34.778 +05:30 [INF] AuthenticationScheme: Cookies signed in.
2023-06-01 08:36:34.779 +05:30 [INF] Executing RedirectResult, redirecting to /Leave.
2023-06-01 08:36:34.779 +05:30 [INF] Executed action ELMSApplication.Controllers.AccountController.Login (ELMSApplication) in 531.1619ms
2023-06-01 08:36:34.779 +05:30 [INF] Executed endpoint 'ELMSApplication.Controllers.AccountController.Login (ELMSApplication)'
2023-06-01 08:36:34.779 +05:30 [INF] Session started; Key:fe77820e-6bad-198f-4bc8-608c5cb33e5c, Id:e2131e57-c1e0-5a1d-d140-7b700fadcca1
2023-06-01 08:36:34.780 +05:30 [INF] Request finished HTTP/1.1 POST http://localhost:5279/Account/Login application/x-www-form-urlencoded 240 - 302 0 - 532.5043ms
2023-06-01 08:36:34.789 +05:30 [INF] Request starting HTTP/1.1 GET http://localhost:5279/Leave - -
2023-06-01 08:36:34.790 +05:30 [INF] Executing endpoint 'ELMSApplication.Controllers.LeaveController.Index (ELMSApplication)'
2023-06-01 08:36:34.790 +05:30 [INF] Route matched with {action = "Index", controller = "Leave"}. Executing controller action with signature System.Threading.Tasks.Task`1[Microsoft.AspNetCore.Mvc.IActionResult] Index() on controller ELMSApplication.Controllers.LeaveController (ELMSApplication).
2023-06-01 08:36:34.874 +05:30 [INF] Executed DbCommand (38ms) [Parameters=[], CommandType='"Text"', CommandTimeout='30']
SELECT [l].[LeaveId], [l].[EmployeeId], [l].[EndDate], [l].[LeaveType], [l].[StartDate], [l].[Status]
FROM [Leave] AS [l]
2023-06-01 08:36:34.879 +05:30 [INF] Executing ViewResult, running view Index.
2023-06-01 08:36:34.949 +05:30 [INF] Executed ViewResult - view Index executed in 74.2091ms.
2023-06-01 08:36:34.950 +05:30 [INF] Executed action ELMSApplication.Controllers.LeaveController.Index (ELMSApplication) in 159.2775ms
2023-06-01 08:36:34.950 +05:30 [INF] Executed endpoint 'ELMSApplication.Controllers.LeaveController.Index (ELMSApplication)'
2023-06-01 08:36:34.950 +05:30 [INF] Request finished HTTP/1.1 GET http://localhost:5279/Leave - - - 200 - text/html;+charset=utf-8 161.0816ms
2023-06-01 08:36:34.974 +05:30 [INF] Request starting HTTP/1.1 GET http://localhost:5279/Scripts/jquery-3.6.0.min.js - -
2023-06-01 08:36:34.975 +05:30 [INF] Request finished HTTP/1.1 GET http://localhost:5279/Scripts/jquery-3.6.0.min.js - - - 404 0 - 0.4784ms
2023-06-01 08:36:34.979 +05:30 [INF] Request starting HTTP/1.1 GET http://localhost:5279/Scripts/jquery.validate.min.js - -
2023-06-01 08:36:34.979 +05:30 [INF] Request starting HTTP/1.1 GET http://localhost:5279/Scripts/jquery.validate.unobtrusive.min.js - -
2023-06-01 08:36:34.980 +05:30 [INF] Request finished HTTP/1.1 GET http://localhost:5279/Scripts/jquery.validate.min.js - - - 404 0 - 0.6715ms
2023-06-01 08:36:34.980 +05:30 [INF] Request finished HTTP/1.1 GET http://localhost:5279/Scripts/jquery.validate.unobtrusive.min.js - - - 404 0 - 0.6687ms
2023-06-01 08:36:34.983 +05:30 [INF] Request starting HTTP/1.1 GET http://localhost:5279/_framework/aspnetcore-browser-refresh.js - -
2023-06-01 08:36:34.983 +05:30 [INF] Request finished HTTP/1.1 GET http://localhost:5279/_framework/aspnetcore-browser-refresh.js - - - 200 11966 application/javascript;+charset=utf-8 0.2110ms
2023-06-01 18:32:49.574 +05:30 [INF] User profile is available. Using 'C:\Users\skart\AppData\Local\ASP.NET\DataProtection-Keys' as key repository and Windows DPAPI to encrypt keys at rest.
2023-06-01 18:32:49.718 +05:30 [INF] Now listening on: http://localhost:5279
2023-06-01 18:32:49.724 +05:30 [INF] Application started. Press Ctrl+C to shut down.
2023-06-01 18:32:49.724 +05:30 [INF] Hosting environment: Development
2023-06-01 18:32:49.724 +05:30 [INF] Content root path: C:\Users\skart\ELMSApplication\ELMSApplication
2023-06-01 18:32:50.226 +05:30 [INF] Request starting HTTP/1.1 GET http://localhost:5279/ - -
2023-06-01 18:32:50.260 +05:30 [WRN] Failed to determine the https port for redirect.
2023-06-01 18:32:50.343 +05:30 [INF] Cookies was not authenticated. Failure message: Ticket expired
2023-06-01 18:32:50.400 +05:30 [INF] Executing endpoint 'ELMSApplication.Controllers.HomeController.Index (ELMSApplication)'
2023-06-01 18:32:50.444 +05:30 [INF] Route matched with {action = "Index", controller = "Home"}. Executing controller action with signature Microsoft.AspNetCore.Mvc.IActionResult Index() on controller ELMSApplication.Controllers.HomeController (ELMSApplication).
2023-06-01 18:32:50.461 +05:30 [INF] Executing ViewResult, running view Index.
2023-06-01 18:32:50.597 +05:30 [INF] Executed ViewResult - view Index executed in 141.0633ms.
2023-06-01 18:32:50.600 +05:30 [INF] Executed action ELMSApplication.Controllers.HomeController.Index (ELMSApplication) in 155.2869ms
2023-06-01 18:32:50.600 +05:30 [INF] Executed endpoint 'ELMSApplication.Controllers.HomeController.Index (ELMSApplication)'
2023-06-01 18:32:50.618 +05:30 [INF] Request starting HTTP/1.1 GET http://localhost:5279/Scripts/jquery-3.6.0.min.js - -
2023-06-01 18:32:50.618 +05:30 [INF] Request starting HTTP/1.1 GET http://localhost:5279/Scripts/jquery.validate.min.js - -
2023-06-01 18:32:50.627 +05:30 [INF] Cookies was not authenticated. Failure message: Ticket expired
2023-06-01 18:32:50.627 +05:30 [INF] Request finished HTTP/1.1 GET http://localhost:5279/ - - - 200 - text/html;+charset=utf-8 410.7013ms
2023-06-01 18:32:50.627 +05:30 [INF] Cookies was not authenticated. Failure message: Ticket expired
2023-06-01 18:32:50.628 +05:30 [INF] Request finished HTTP/1.1 GET http://localhost:5279/Scripts/jquery-3.6.0.min.js - - - 404 0 - 10.3171ms
2023-06-01 18:32:50.628 +05:30 [INF] Request finished HTTP/1.1 GET http://localhost:5279/Scripts/jquery.validate.min.js - - - 404 0 - 10.2371ms
2023-06-01 18:32:50.630 +05:30 [INF] Request starting HTTP/1.1 GET http://localhost:5279/Scripts/jquery.validate.unobtrusive.min.js - -
2023-06-01 18:32:50.634 +05:30 [INF] Cookies was not authenticated. Failure message: Ticket expired
2023-06-01 18:32:50.634 +05:30 [INF] Request finished HTTP/1.1 GET http://localhost:5279/Scripts/jquery.validate.unobtrusive.min.js - - - 404 0 - 4.8727ms
2023-06-01 18:32:50.661 +05:30 [INF] Request starting HTTP/1.1 GET http://localhost:5279/_framework/aspnetcore-browser-refresh.js - -
2023-06-01 18:32:50.664 +05:30 [INF] Request finished HTTP/1.1 GET http://localhost:5279/_framework/aspnetcore-browser-refresh.js - - - 200 11966 application/javascript;+charset=utf-8 3.6929ms
2023-06-01 18:32:54.717 +05:30 [INF] Request starting HTTP/1.1 GET http://localhost:5279/Account/Login - -
2023-06-01 18:32:54.722 +05:30 [INF] Cookies was not authenticated. Failure message: Ticket expired
2023-06-01 18:32:54.722 +05:30 [INF] Executing endpoint 'ELMSApplication.Controllers.AccountController.Login (ELMSApplication)'
2023-06-01 18:32:54.726 +05:30 [INF] Route matched with {action = "Login", controller = "Account"}. Executing controller action with signature Microsoft.AspNetCore.Mvc.IActionResult Login() on controller ELMSApplication.Controllers.AccountController (ELMSApplication).
2023-06-01 18:32:54.729 +05:30 [INF] Executing ViewResult, running view Login.
2023-06-01 18:32:54.778 +05:30 [INF] Executed ViewResult - view Login executed in 50.3711ms.
2023-06-01 18:32:54.778 +05:30 [INF] Executed action ELMSApplication.Controllers.AccountController.Login (ELMSApplication) in 52.1665ms
2023-06-01 18:32:54.778 +05:30 [INF] Executed endpoint 'ELMSApplication.Controllers.AccountController.Login (ELMSApplication)'
2023-06-01 18:32:54.779 +05:30 [INF] Request finished HTTP/1.1 GET http://localhost:5279/Account/Login - - - 200 - text/html;+charset=utf-8 61.9034ms
2023-06-01 18:32:54.794 +05:30 [INF] Request starting HTTP/1.1 GET http://localhost:5279/Scripts/jquery-3.6.0.min.js - -
2023-06-01 18:32:54.795 +05:30 [INF] Cookies was not authenticated. Failure message: Ticket expired
2023-06-01 18:32:54.795 +05:30 [INF] Request finished HTTP/1.1 GET http://localhost:5279/Scripts/jquery-3.6.0.min.js - - - 404 0 - 0.7906ms
2023-06-01 18:32:54.803 +05:30 [INF] Request starting HTTP/1.1 GET http://localhost:5279/Scripts/jquery.validate.unobtrusive.min.js - -
2023-06-01 18:32:54.803 +05:30 [INF] Request starting HTTP/1.1 GET http://localhost:5279/Scripts/jquery.validate.min.js - -
2023-06-01 18:32:54.804 +05:30 [INF] Cookies was not authenticated. Failure message: Ticket expired
2023-06-01 18:32:54.804 +05:30 [INF] Cookies was not authenticated. Failure message: Ticket expired
2023-06-01 18:32:54.804 +05:30 [INF] Request finished HTTP/1.1 GET http://localhost:5279/Scripts/jquery.validate.unobtrusive.min.js - - - 404 0 - 1.6474ms
2023-06-01 18:32:54.804 +05:30 [INF] Request finished HTTP/1.1 GET http://localhost:5279/Scripts/jquery.validate.min.js - - - 404 0 - 1.8200ms
2023-06-01 18:32:54.808 +05:30 [INF] Request starting HTTP/1.1 GET http://localhost:5279/_framework/aspnetcore-browser-refresh.js - -
2023-06-01 18:32:54.810 +05:30 [INF] Request finished HTTP/1.1 GET http://localhost:5279/_framework/aspnetcore-browser-refresh.js - - - 200 11966 application/javascript;+charset=utf-8 0.6695ms
2023-06-01 18:33:05.029 +05:30 [INF] Request starting HTTP/1.1 POST http://localhost:5279/Account/Login application/x-www-form-urlencoded 240
2023-06-01 18:33:05.029 +05:30 [INF] Cookies was not authenticated. Failure message: Ticket expired
2023-06-01 18:33:05.029 +05:30 [INF] Executing endpoint 'ELMSApplication.Controllers.AccountController.Login (ELMSApplication)'
2023-06-01 18:33:05.058 +05:30 [INF] Route matched with {action = "Login", controller = "Account"}. Executing controller action with signature System.Threading.Tasks.Task`1[Microsoft.AspNetCore.Mvc.IActionResult] Login(ELMSApplication.Employee) on controller ELMSApplication.Controllers.AccountController (ELMSApplication).
2023-06-01 18:33:06.044 +05:30 [INF] Accessing expired session, Key:b3b6a9e9-5c97-9dd7-c5a3-7a010959aad7
2023-06-01 18:33:06.057 +05:30 [INF] AuthenticationScheme: Cookies signed in.
2023-06-01 18:33:06.083 +05:30 [INF] Executing RedirectResult, redirecting to /Leave.
2023-06-01 18:33:06.087 +05:30 [INF] Executed action ELMSApplication.Controllers.AccountController.Login (ELMSApplication) in 1028.6301ms
2023-06-01 18:33:06.088 +05:30 [INF] Executed endpoint 'ELMSApplication.Controllers.AccountController.Login (ELMSApplication)'
2023-06-01 18:33:06.091 +05:30 [INF] Session started; Key:b3b6a9e9-5c97-9dd7-c5a3-7a010959aad7, Id:94e48fb5-099c-b47b-da9a-c0ba8c40b8c8
2023-06-01 18:33:06.097 +05:30 [INF] Request finished HTTP/1.1 POST http://localhost:5279/Account/Login application/x-www-form-urlencoded 240 - 302 0 - 1068.3754ms
2023-06-01 18:33:06.107 +05:30 [INF] Request starting HTTP/1.1 GET http://localhost:5279/Leave - -
2023-06-01 18:33:06.123 +05:30 [INF] Executing endpoint 'ELMSApplication.Controllers.LeaveController.Index (ELMSApplication)'
2023-06-01 18:33:06.134 +05:30 [INF] Route matched with {action = "Index", controller = "Leave"}. Executing controller action with signature System.Threading.Tasks.Task`1[Microsoft.AspNetCore.Mvc.IActionResult] Index() on controller ELMSApplication.Controllers.LeaveController (ELMSApplication).
2023-06-01 18:33:07.493 +05:30 [INF] Executed DbCommand (114ms) [Parameters=[], CommandType='"Text"', CommandTimeout='30']
SELECT [l].[LeaveId], [l].[EmployeeId], [l].[EndDate], [l].[LeaveType], [l].[StartDate], [l].[Status]
FROM [Leave] AS [l]
2023-06-01 18:33:07.557 +05:30 [INF] Executing ViewResult, running view Index.
2023-06-01 18:33:07.695 +05:30 [INF] Executed ViewResult - view Index executed in 138.8455ms.
2023-06-01 18:33:07.695 +05:30 [INF] Executed action ELMSApplication.Controllers.LeaveController.Index (ELMSApplication) in 1560.8868ms
2023-06-01 18:33:07.696 +05:30 [INF] Executed endpoint 'ELMSApplication.Controllers.LeaveController.Index (ELMSApplication)'
2023-06-01 18:33:07.727 +05:30 [INF] Request starting HTTP/1.1 GET http://localhost:5279/Scripts/jquery.validate.min.js - -
2023-06-01 18:33:07.727 +05:30 [INF] Request starting HTTP/1.1 GET http://localhost:5279/Scripts/jquery.validate.unobtrusive.min.js - -
2023-06-01 18:33:07.729 +05:30 [INF] Request finished HTTP/1.1 GET http://localhost:5279/Scripts/jquery.validate.min.js - - - 404 0 - 1.9838ms
2023-06-01 18:33:07.729 +05:30 [INF] Request finished HTTP/1.1 GET http://localhost:5279/Leave - - - 200 - text/html;+charset=utf-8 1622.5574ms
2023-06-01 18:33:07.729 +05:30 [INF] Request starting HTTP/1.1 GET http://localhost:5279/Scripts/jquery-3.6.0.min.js - -
2023-06-01 18:33:07.730 +05:30 [INF] Request finished HTTP/1.1 GET http://localhost:5279/Scripts/jquery.validate.unobtrusive.min.js - - - 404 0 - 2.7052ms
2023-06-01 18:33:07.732 +05:30 [INF] Request finished HTTP/1.1 GET http://localhost:5279/Scripts/jquery-3.6.0.min.js - - - 404 0 - 2.3577ms
2023-06-01 18:33:07.736 +05:30 [INF] Request starting HTTP/1.1 GET http://localhost:5279/_framework/aspnetcore-browser-refresh.js - -
2023-06-01 18:33:07.737 +05:30 [INF] Request finished HTTP/1.1 GET http://localhost:5279/_framework/aspnetcore-browser-refresh.js - - - 200 11966 application/javascript;+charset=utf-8 0.2298ms
2023-06-01 18:33:10.723 +05:30 [INF] Request starting HTTP/1.1 GET http://localhost:5279/Leave/Rejected/1 - -
2023-06-01 18:33:10.728 +05:30 [INF] Executing endpoint 'ELMSApplication.Controllers.LeaveController.RejectedAsync (ELMSApplication)'
2023-06-01 18:33:10.734 +05:30 [INF] Route matched with {action = "Rejected", controller = "Leave"}. Executing controller action with signature System.Threading.Tasks.Task`1[Microsoft.AspNetCore.Mvc.IActionResult] RejectedAsync(Int32) on controller ELMSApplication.Controllers.LeaveController (ELMSApplication).
2023-06-01 18:33:10.936 +05:30 [INF] Executed DbCommand (21ms) [Parameters=[@__p_0='?' (DbType = Int32)], CommandType='"Text"', CommandTimeout='30']
SELECT TOP(1) [l].[LeaveId], [l].[EmployeeId], [l].[EndDate], [l].[LeaveType], [l].[StartDate], [l].[Status]
FROM [Leave] AS [l]
WHERE [l].[LeaveId] = @__p_0
2023-06-01 18:33:11.175 +05:30 [INF] Executed DbCommand (34ms) [Parameters=[@p5='?' (DbType = Int32), @p0='?' (Size = 6), @p1='?' (DbType = DateTime2), @p2='?' (Size = 75), @p3='?' (DbType = DateTime2), @p4='?' (Size = 75)], CommandType='"Text"', CommandTimeout='30']
SET IMPLICIT_TRANSACTIONS OFF;
SET NOCOUNT ON;
UPDATE [Leave] SET [EmployeeId] = @p0, [EndDate] = @p1, [LeaveType] = @p2, [StartDate] = @p3, [Status] = @p4
OUTPUT 1
WHERE [LeaveId] = @p5;
2023-06-01 18:33:11.235 +05:30 [INF] Executing RedirectResult, redirecting to /Leave.
2023-06-01 18:33:11.236 +05:30 [INF] Executed action ELMSApplication.Controllers.LeaveController.RejectedAsync (ELMSApplication) in 501.1955ms
2023-06-01 18:33:11.236 +05:30 [INF] Executed endpoint 'ELMSApplication.Controllers.LeaveController.RejectedAsync (ELMSApplication)'
2023-06-01 18:33:11.237 +05:30 [INF] Request finished HTTP/1.1 GET http://localhost:5279/Leave/Rejected/1 - - - 302 0 - 513.9823ms
2023-06-01 18:33:11.254 +05:30 [INF] Request starting HTTP/1.1 GET http://localhost:5279/Leave - -
2023-06-01 18:33:11.256 +05:30 [INF] Executing endpoint 'ELMSApplication.Controllers.LeaveController.Index (ELMSApplication)'
2023-06-01 18:33:11.256 +05:30 [INF] Route matched with {action = "Index", controller = "Leave"}. Executing controller action with signature System.Threading.Tasks.Task`1[Microsoft.AspNetCore.Mvc.IActionResult] Index() on controller ELMSApplication.Controllers.LeaveController (ELMSApplication).
2023-06-01 18:33:11.340 +05:30 [INF] Executed DbCommand (0ms) [Parameters=[], CommandType='"Text"', CommandTimeout='30']
SELECT [l].[LeaveId], [l].[EmployeeId], [l].[EndDate], [l].[LeaveType], [l].[StartDate], [l].[Status]
FROM [Leave] AS [l]
2023-06-01 18:33:11.341 +05:30 [INF] Executing ViewResult, running view Index.
2023-06-01 18:33:11.363 +05:30 [INF] Executed ViewResult - view Index executed in 22.4079ms.
2023-06-01 18:33:11.363 +05:30 [INF] Executed action ELMSApplication.Controllers.LeaveController.Index (ELMSApplication) in 106.5596ms
2023-06-01 18:33:11.365 +05:30 [INF] Executed endpoint 'ELMSApplication.Controllers.LeaveController.Index (ELMSApplication)'
2023-06-01 18:33:11.366 +05:30 [INF] Request finished HTTP/1.1 GET http://localhost:5279/Leave - - - 200 - text/html;+charset=utf-8 112.3955ms
2023-06-01 18:33:11.383 +05:30 [INF] Request starting HTTP/1.1 GET http://localhost:5279/Scripts/jquery-3.6.0.min.js - -
2023-06-01 18:33:11.383 +05:30 [INF] Request starting HTTP/1.1 GET http://localhost:5279/Scripts/jquery.validate.min.js - -
2023-06-01 18:33:11.384 +05:30 [INF] Request finished HTTP/1.1 GET http://localhost:5279/Scripts/jquery-3.6.0.min.js - - - 404 0 - 0.7958ms
2023-06-01 18:33:11.384 +05:30 [INF] Request finished HTTP/1.1 GET http://localhost:5279/Scripts/jquery.validate.min.js - - - 404 0 - 0.4505ms
2023-06-01 18:33:11.384 +05:30 [INF] Request starting HTTP/1.1 GET http://localhost:5279/Scripts/jquery.validate.unobtrusive.min.js - -
2023-06-01 18:33:11.388 +05:30 [INF] Request finished HTTP/1.1 GET http://localhost:5279/Scripts/jquery.validate.unobtrusive.min.js - - - 404 0 - 4.3716ms
2023-06-01 18:33:11.390 +05:30 [INF] Request starting HTTP/1.1 GET http://localhost:5279/_framework/aspnetcore-browser-refresh.js - -
2023-06-01 18:33:11.390 +05:30 [INF] Request finished HTTP/1.1 GET http://localhost:5279/_framework/aspnetcore-browser-refresh.js - - - 200 11966 application/javascript;+charset=utf-8 0.2270ms
2023-06-01 18:33:13.284 +05:30 [INF] Request starting HTTP/1.1 GET http://localhost:5279/Leave/Approved/1 - -
2023-06-01 18:33:13.287 +05:30 [INF] Executing endpoint 'ELMSApplication.Controllers.LeaveController.Approved (ELMSApplication)'
2023-06-01 18:33:13.293 +05:30 [INF] Route matched with {action = "Approved", controller = "Leave"}. Executing controller action with signature System.Threading.Tasks.Task`1[Microsoft.AspNetCore.Mvc.IActionResult] Approved(System.Nullable`1[System.Int32]) on controller ELMSApplication.Controllers.LeaveController (ELMSApplication).
2023-06-01 18:33:13.300 +05:30 [INF] Executed DbCommand (1ms) [Parameters=[@__p_0='?' (DbType = Int32)], CommandType='"Text"', CommandTimeout='30']
SELECT TOP(1) [l].[LeaveId], [l].[EmployeeId], [l].[EndDate], [l].[LeaveType], [l].[StartDate], [l].[Status]
FROM [Leave] AS [l]
WHERE [l].[LeaveId] = @__p_0
2023-06-01 18:33:13.311 +05:30 [INF] Executed DbCommand (1ms) [Parameters=[@p5='?' (DbType = Int32), @p0='?' (Size = 6), @p1='?' (DbType = DateTime2), @p2='?' (Size = 75), @p3='?' (DbType = DateTime2), @p4='?' (Size = 75)], CommandType='"Text"', CommandTimeout='30']
SET IMPLICIT_TRANSACTIONS OFF;
SET NOCOUNT ON;
UPDATE [Leave] SET [EmployeeId] = @p0, [EndDate] = @p1, [LeaveType] = @p2, [StartDate] = @p3, [Status] = @p4
OUTPUT 1
WHERE [LeaveId] = @p5;
2023-06-01 18:33:13.312 +05:30 [INF] Executing RedirectResult, redirecting to /Leave.
2023-06-01 18:33:13.312 +05:30 [INF] Executed action ELMSApplication.Controllers.LeaveController.Approved (ELMSApplication) in 18.5522ms
2023-06-01 18:33:13.314 +05:30 [INF] Executed endpoint 'ELMSApplication.Controllers.LeaveController.Approved (ELMSApplication)'
2023-06-01 18:33:13.315 +05:30 [INF] Request finished HTTP/1.1 GET http://localhost:5279/Leave/Approved/1 - - - 302 0 - 30.4561ms
2023-06-01 18:33:13.318 +05:30 [INF] Request starting HTTP/1.1 GET http://localhost:5279/Leave - -
2023-06-01 18:33:13.318 +05:30 [INF] Executing endpoint 'ELMSApplication.Controllers.LeaveController.Index (ELMSApplication)'
2023-06-01 18:33:13.318 +05:30 [INF] Route matched with {action = "Index", controller = "Leave"}. Executing controller action with signature System.Threading.Tasks.Task`1[Microsoft.AspNetCore.Mvc.IActionResult] Index() on controller ELMSApplication.Controllers.LeaveController (ELMSApplication).
2023-06-01 18:33:13.320 +05:30 [INF] Executed DbCommand (1ms) [Parameters=[], CommandType='"Text"', CommandTimeout='30']
SELECT [l].[LeaveId], [l].[EmployeeId], [l].[EndDate], [l].[LeaveType], [l].[StartDate], [l].[Status]
FROM [Leave] AS [l]
2023-06-01 18:33:13.320 +05:30 [INF] Executing ViewResult, running view Index.
2023-06-01 18:33:13.365 +05:30 [INF] Executed ViewResult - view Index executed in 45.4271ms.
2023-06-01 18:33:13.366 +05:30 [INF] Executed action ELMSApplication.Controllers.LeaveController.Index (ELMSApplication) in 47.2523ms
2023-06-01 18:33:13.366 +05:30 [INF] Executed endpoint 'ELMSApplication.Controllers.LeaveController.Index (ELMSApplication)'
2023-06-01 18:33:13.366 +05:30 [INF] Request finished HTTP/1.1 GET http://localhost:5279/Leave - - - 200 - text/html;+charset=utf-8 48.2352ms
2023-06-01 18:33:13.389 +05:30 [INF] Request starting HTTP/1.1 GET http://localhost:5279/Scripts/jquery-3.6.0.min.js - -
2023-06-01 18:33:13.389 +05:30 [INF] Request starting HTTP/1.1 GET http://localhost:5279/Scripts/jquery.validate.unobtrusive.min.js - -
2023-06-01 18:33:13.389 +05:30 [INF] Request starting HTTP/1.1 GET http://localhost:5279/Scripts/jquery.validate.min.js - -
2023-06-01 18:33:13.390 +05:30 [INF] Request finished HTTP/1.1 GET http://localhost:5279/Scripts/jquery-3.6.0.min.js - - - 404 0 - 1.0865ms
2023-06-01 18:33:13.390 +05:30 [INF] Request finished HTTP/1.1 GET http://localhost:5279/Scripts/jquery.validate.min.js - - - 404 0 - 0.8399ms
2023-06-01 18:33:13.392 +05:30 [INF] Request finished HTTP/1.1 GET http://localhost:5279/Scripts/jquery.validate.unobtrusive.min.js - - - 404 0 - 2.8209ms
2023-06-01 18:33:13.398 +05:30 [INF] Request starting HTTP/1.1 GET http://localhost:5279/_framework/aspnetcore-browser-refresh.js - -
2023-06-01 18:33:13.398 +05:30 [INF] Request finished HTTP/1.1 GET http://localhost:5279/_framework/aspnetcore-browser-refresh.js - - - 200 11966 application/javascript;+charset=utf-8 0.1781ms
2023-06-01 18:52:04.460 +05:30 [INF] Request starting HTTP/1.1 GET http://localhost:5279/Leave/LogOut?area=left - -
2023-06-01 18:52:04.461 +05:30 [INF] Cookies was not authenticated. Failure message: Ticket expired
2023-06-01 18:52:04.462 +05:30 [INF] Authorization failed. These requirements were not met:
DenyAnonymousAuthorizationRequirement: Requires an authenticated user.
2023-06-01 18:52:04.471 +05:30 [INF] AuthenticationScheme: Cookies was challenged.
2023-06-01 18:52:04.471 +05:30 [INF] Request finished HTTP/1.1 GET http://localhost:5279/Leave/LogOut?area=left - - - 302 0 - 11.0241ms
2023-06-01 18:52:04.473 +05:30 [INF] Request starting HTTP/1.1 GET http://localhost:5279/Account/Login?ReturnUrl=%2FLeave%2FLogOut%3Farea%3Dleft - -
2023-06-01 18:52:04.473 +05:30 [INF] Cookies was not authenticated. Failure message: Ticket expired
2023-06-01 18:52:04.473 +05:30 [INF] Executing endpoint 'ELMSApplication.Controllers.AccountController.Login (ELMSApplication)'
2023-06-01 18:52:04.474 +05:30 [INF] Route matched with {action = "Login", controller = "Account"}. Executing controller action with signature Microsoft.AspNetCore.Mvc.IActionResult Login() on controller ELMSApplication.Controllers.AccountController (ELMSApplication).
2023-06-01 18:52:04.474 +05:30 [INF] Executing ViewResult, running view Login.
2023-06-01 18:52:04.477 +05:30 [INF] Executed ViewResult - view Login executed in 3.7487ms.
2023-06-01 18:52:04.478 +05:30 [INF] Executed action ELMSApplication.Controllers.AccountController.Login (ELMSApplication) in 4.0082ms
2023-06-01 18:52:04.478 +05:30 [INF] Executed endpoint 'ELMSApplication.Controllers.AccountController.Login (ELMSApplication)'
2023-06-01 18:52:04.478 +05:30 [INF] Request finished HTTP/1.1 GET http://localhost:5279/Account/Login?ReturnUrl=%2FLeave%2FLogOut%3Farea%3Dleft - - - 200 - text/html;+charset=utf-8 4.6687ms
2023-06-01 18:52:04.494 +05:30 [INF] Request starting HTTP/1.1 GET http://localhost:5279/Scripts/jquery-3.6.0.min.js - -
2023-06-01 18:52:04.497 +05:30 [INF] Cookies was not authenticated. Failure message: Ticket expired
2023-06-01 18:52:04.497 +05:30 [INF] Request finished HTTP/1.1 GET http://localhost:5279/Scripts/jquery-3.6.0.min.js - - - 404 0 - 3.3665ms
2023-06-01 18:52:04.501 +05:30 [INF] Request starting HTTP/1.1 GET http://localhost:5279/Scripts/jquery.validate.min.js - -
2023-06-01 18:52:04.504 +05:30 [INF] Cookies was not authenticated. Failure message: Ticket expired
2023-06-01 18:52:04.505 +05:30 [INF] Request starting HTTP/1.1 GET http://localhost:5279/Scripts/jquery.validate.unobtrusive.min.js - -
2023-06-01 18:52:04.505 +05:30 [INF] Request finished HTTP/1.1 GET http://localhost:5279/Scripts/jquery.validate.min.js - - - 404 0 - 3.7446ms
2023-06-01 18:52:04.508 +05:30 [INF] Cookies was not authenticated. Failure message: Ticket expired
2023-06-01 18:52:04.508 +05:30 [INF] Request finished HTTP/1.1 GET http://localhost:5279/Scripts/jquery.validate.unobtrusive.min.js - - - 404 0 - 3.0451ms
2023-06-01 18:52:04.511 +05:30 [INF] Request starting HTTP/1.1 GET http://localhost:5279/_framework/aspnetcore-browser-refresh.js - -
2023-06-01 18:52:04.511 +05:30 [INF] Request finished HTTP/1.1 GET http://localhost:5279/_framework/aspnetcore-browser-refresh.js - - - 200 11966 application/javascript;+charset=utf-8 0.1705ms
2023-06-01 18:52:21.517 +05:30 [INF] Request starting HTTP/1.1 POST http://localhost:5279/Account/Login application/x-www-form-urlencoded 239
2023-06-01 18:52:21.517 +05:30 [INF] Cookies was not authenticated. Failure message: Ticket expired
2023-06-01 18:52:21.517 +05:30 [INF] Executing endpoint 'ELMSApplication.Controllers.AccountController.Login (ELMSApplication)'
2023-06-01 18:52:21.518 +05:30 [INF] Route matched with {action = "Login", controller = "Account"}. Executing controller action with signature System.Threading.Tasks.Task`1[Microsoft.AspNetCore.Mvc.IActionResult] Login(ELMSApplication.Employee) on controller ELMSApplication.Controllers.AccountController (ELMSApplication).
2023-06-01 18:52:21.914 +05:30 [INF] AuthenticationScheme: Cookies signed in.
2023-06-01 18:52:21.915 +05:30 [INF] Executing RedirectResult, redirecting to /Leave.
2023-06-01 18:52:21.915 +05:30 [INF] Executed action ELMSApplication.Controllers.AccountController.Login (ELMSApplication) in 397.0226ms
2023-06-01 18:52:21.915 +05:30 [INF] Executed endpoint 'ELMSApplication.Controllers.AccountController.Login (ELMSApplication)'
2023-06-01 18:52:21.916 +05:30 [INF] Request finished HTTP/1.1 POST http://localhost:5279/Account/Login application/x-www-form-urlencoded 239 - 302 0 - 399.5570ms
2023-06-01 18:52:21.925 +05:30 [INF] Request starting HTTP/1.1 GET http://localhost:5279/Leave - -
2023-06-01 18:52:21.926 +05:30 [INF] Executing endpoint 'ELMSApplication.Controllers.LeaveController.Index (ELMSApplication)'
2023-06-01 18:52:21.926 +05:30 [INF] Route matched with {action = "Index", controller = "Leave"}. Executing controller action with signature System.Threading.Tasks.Task`1[Microsoft.AspNetCore.Mvc.IActionResult] Index() on controller ELMSApplication.Controllers.LeaveController (ELMSApplication).
2023-06-01 18:52:22.099 +05:30 [INF] Executed DbCommand (47ms) [Parameters=[@__employeeId_0='?' (Size = 6)], CommandType='"Text"', CommandTimeout='30']
SELECT [l].[LeaveId], [l].[EmployeeId], [l].[EndDate], [l].[LeaveType], [l].[StartDate], [l].[Status]
FROM [Leave] AS [l]
WHERE [l].[EmployeeId] = @__employeeId_0
2023-06-01 18:52:22.100 +05:30 [INF] Executing ViewResult, running view Index.
2023-06-01 18:52:22.143 +05:30 [INF] Executed ViewResult - view Index executed in 42.8681ms.
2023-06-01 18:52:22.143 +05:30 [INF] Executed action ELMSApplication.Controllers.LeaveController.Index (ELMSApplication) in 216.8927ms
2023-06-01 18:52:22.143 +05:30 [INF] Executed endpoint 'ELMSApplication.Controllers.LeaveController.Index (ELMSApplication)'
2023-06-01 18:52:22.143 +05:30 [INF] Request finished HTTP/1.1 GET http://localhost:5279/Leave - - - 200 - text/html;+charset=utf-8 218.4563ms
2023-06-01 18:52:22.186 +05:30 [INF] Request starting HTTP/1.1 GET http://localhost:5279/Scripts/jquery.validate.min.js - -
2023-06-01 18:52:22.186 +05:30 [INF] Request starting HTTP/1.1 GET http://localhost:5279/Scripts/jquery.validate.unobtrusive.min.js - -
2023-06-01 18:52:22.186 +05:30 [INF] Request starting HTTP/1.1 GET http://localhost:5279/Scripts/jquery-3.6.0.min.js - -
2023-06-01 18:52:22.187 +05:30 [INF] Request finished HTTP/1.1 GET http://localhost:5279/Scripts/jquery-3.6.0.min.js - - - 404 0 - 0.7822ms
2023-06-01 18:52:22.187 +05:30 [INF] Request finished HTTP/1.1 GET http://localhost:5279/Scripts/jquery.validate.min.js - - - 404 0 - 0.7821ms
2023-06-01 18:52:22.188 +05:30 [INF] Request finished HTTP/1.1 GET http://localhost:5279/Scripts/jquery.validate.unobtrusive.min.js - - - 404 0 - 1.3165ms
2023-06-01 18:52:22.191 +05:30 [INF] Request starting HTTP/1.1 GET http://localhost:5279/_framework/aspnetcore-browser-refresh.js - -
2023-06-01 18:52:22.191 +05:30 [INF] Request finished HTTP/1.1 GET http://localhost:5279/_framework/aspnetcore-browser-refresh.js - - - 200 11966 application/javascript;+charset=utf-8 0.1610ms
2023-06-01 18:52:29.268 +05:30 [INF] Request starting HTTP/1.1 GET http://localhost:5279/Leave/Delete/76 - -
2023-06-01 18:52:29.268 +05:30 [INF] Executing endpoint 'ELMSApplication.Controllers.LeaveController.Delete (ELMSApplication)'
2023-06-01 18:52:29.276 +05:30 [INF] Route matched with {action = "Delete", controller = "Leave"}. Executing controller action with signature System.Threading.Tasks.Task`1[Microsoft.AspNetCore.Mvc.IActionResult] Delete(System.Nullable`1[System.Int32]) on controller ELMSApplication.Controllers.LeaveController (ELMSApplication).
2023-06-01 18:52:29.285 +05:30 [INF] Executed DbCommand (1ms) [Parameters=[@__id_0='?' (DbType = Int32)], CommandType='"Text"', CommandTimeout='30']
SELECT TOP(1) [l].[LeaveId], [l].[EmployeeId], [l].[EndDate], [l].[LeaveType], [l].[StartDate], [l].[Status]
FROM [Leave] AS [l]
WHERE [l].[LeaveId] = @__id_0
2023-06-01 18:52:29.288 +05:30 [INF] Executing ViewResult, running view Delete.
2023-06-01 18:52:29.337 +05:30 [INF] Executed ViewResult - view Delete executed in 51.3979ms.
2023-06-01 18:52:29.337 +05:30 [INF] Executed action ELMSApplication.Controllers.LeaveController.Delete (ELMSApplication) in 61.0841ms
2023-06-01 18:52:29.337 +05:30 [INF] Executed endpoint 'ELMSApplication.Controllers.LeaveController.Delete (ELMSApplication)'
2023-06-01 18:52:29.338 +05:30 [INF] Request finished HTTP/1.1 GET http://localhost:5279/Leave/Delete/76 - - - 200 - text/html;+charset=utf-8 70.0526ms
2023-06-01 18:52:29.381 +05:30 [INF] Request starting HTTP/1.1 GET http://localhost:5279/Scripts/jquery-3.6.0.min.js - -
2023-06-01 18:52:29.382 +05:30 [INF] Request starting HTTP/1.1 GET http://localhost:5279/Scripts/jquery.validate.min.js - -
2023-06-01 18:52:29.382 +05:30 [INF] Request starting HTTP/1.1 GET http://localhost:5279/Scripts/jquery.validate.unobtrusive.min.js - -
2023-06-01 18:52:29.383 +05:30 [INF] Request finished HTTP/1.1 GET http://localhost:5279/Scripts/jquery.validate.min.js - - - 404 0 - 1.1133ms
2023-06-01 18:52:29.384 +05:30 [INF] Request finished HTTP/1.1 GET http://localhost:5279/Scripts/jquery.validate.unobtrusive.min.js - - - 404 0 - 1.6508ms
2023-06-01 18:52:29.384 +05:30 [INF] Request finished HTTP/1.1 GET http://localhost:5279/Scripts/jquery-3.6.0.min.js - - - 404 0 - 3.8268ms
2023-06-01 18:52:29.390 +05:30 [INF] Request starting HTTP/1.1 GET http://localhost:5279/_framework/aspnetcore-browser-refresh.js - -
2023-06-01 18:52:29.390 +05:30 [INF] Request finished HTTP/1.1 GET http://localhost:5279/_framework/aspnetcore-browser-refresh.js - - - 200 11966 application/javascript;+charset=utf-8 0.1637ms
2023-06-01 18:52:31.057 +05:30 [INF] Request starting HTTP/1.1 POST http://localhost:5279/Leave/Delete/76 application/x-www-form-urlencoded 236
2023-06-01 18:52:31.057 +05:30 [INF] Executing endpoint 'ELMSApplication.Controllers.LeaveController.DeleteConfirmed (ELMSApplication)'
2023-06-01 18:52:31.066 +05:30 [INF] Route matched with {action = "Delete", controller = "Leave"}. Executing controller action with signature System.Threading.Tasks.Task`1[Microsoft.AspNetCore.Mvc.IActionResult] DeleteConfirmed(Int32) on controller ELMSApplication.Controllers.LeaveController (ELMSApplication).
2023-06-01 18:52:31.071 +05:30 [INF] Executed DbCommand (1ms) [Parameters=[@__p_0='?' (DbType = Int32)], CommandType='"Text"', CommandTimeout='30']
SELECT TOP(1) [l].[LeaveId], [l].[EmployeeId], [l].[EndDate], [l].[LeaveType], [l].[StartDate], [l].[Status]
FROM [Leave] AS [l]
WHERE [l].[LeaveId] = @__p_0
2023-06-01 18:52:31.116 +05:30 [INF] Executed DbCommand (3ms) [Parameters=[@p0='?' (DbType = Int32)], CommandType='"Text"', CommandTimeout='30']
SET IMPLICIT_TRANSACTIONS OFF;
SET NOCOUNT ON;
DELETE FROM [Leave]
OUTPUT 1
WHERE [LeaveId] = @p0;
2023-06-01 18:52:31.130 +05:30 [INF] Executing RedirectResult, redirecting to /Leave.
2023-06-01 18:52:31.130 +05:30 [INF] Executed action ELMSApplication.Controllers.LeaveController.DeleteConfirmed (ELMSApplication) in 64.6112ms
2023-06-01 18:52:31.130 +05:30 [INF] Executed endpoint 'ELMSApplication.Controllers.LeaveController.DeleteConfirmed (ELMSApplication)'
2023-06-01 18:52:31.131 +05:30 [INF] Request finished HTTP/1.1 POST http://localhost:5279/Leave/Delete/76 application/x-www-form-urlencoded 236 - 302 0 - 74.0147ms
2023-06-01 18:52:31.135 +05:30 [INF] Request starting HTTP/1.1 GET http://localhost:5279/Leave - -
2023-06-01 18:52:31.135 +05:30 [INF] Executing endpoint 'ELMSApplication.Controllers.LeaveController.Index (ELMSApplication)'
2023-06-01 18:52:31.135 +05:30 [INF] Route matched with {action = "Index", controller = "Leave"}. Executing controller action with signature System.Threading.Tasks.Task`1[Microsoft.AspNetCore.Mvc.IActionResult] Index() on controller ELMSApplication.Controllers.LeaveController (ELMSApplication).
2023-06-01 18:52:31.138 +05:30 [INF] Executed DbCommand (1ms) [Parameters=[@__employeeId_0='?' (Size = 6)], CommandType='"Text"', CommandTimeout='30']
SELECT [l].[LeaveId], [l].[EmployeeId], [l].[EndDate], [l].[LeaveType], [l].[StartDate], [l].[Status]
FROM [Leave] AS [l]
WHERE [l].[EmployeeId] = @__employeeId_0
2023-06-01 18:52:31.142 +05:30 [INF] Executing ViewResult, running view Index.
2023-06-01 18:52:31.161 +05:30 [INF] Executed ViewResult - view Index executed in 18.3387ms.
2023-06-01 18:52:31.161 +05:30 [INF] Executed action ELMSApplication.Controllers.LeaveController.Index (ELMSApplication) in 25.459ms
2023-06-01 18:52:31.161 +05:30 [INF] Executed endpoint 'ELMSApplication.Controllers.LeaveController.Index (ELMSApplication)'
2023-06-01 18:52:31.161 +05:30 [INF] Request finished HTTP/1.1 GET http://localhost:5279/Leave - - - 200 - text/html;+charset=utf-8 26.2311ms
2023-06-01 18:52:31.200 +05:30 [INF] Request starting HTTP/1.1 GET http://localhost:5279/Scripts/jquery-3.6.0.min.js - -
2023-06-01 18:52:31.201 +05:30 [INF] Request starting HTTP/1.1 GET http://localhost:5279/Scripts/jquery.validate.min.js - -
2023-06-01 18:52:31.202 +05:30 [INF] Request finished HTTP/1.1 GET http://localhost:5279/Scripts/jquery-3.6.0.min.js - - - 404 0 - 1.5468ms
2023-06-01 18:52:31.202 +05:30 [INF] Request finished HTTP/1.1 GET http://localhost:5279/Scripts/jquery.validate.min.js - - - 404 0 - 0.5706ms
2023-06-01 18:52:31.202 +05:30 [INF] Request starting HTTP/1.1 GET http://localhost:5279/Scripts/jquery.validate.unobtrusive.min.js - -
2023-06-01 18:52:31.202 +05:30 [INF] Request finished HTTP/1.1 GET http://localhost:5279/Scripts/jquery.validate.unobtrusive.min.js - - - 404 0 - 0.5416ms
2023-06-01 18:52:31.207 +05:30 [INF] Request starting HTTP/1.1 GET http://localhost:5279/_framework/aspnetcore-browser-refresh.js - -
2023-06-01 18:52:31.208 +05:30 [INF] Request finished HTTP/1.1 GET http://localhost:5279/_framework/aspnetcore-browser-refresh.js - - - 200 11966 application/javascript;+charset=utf-8 0.1829ms
