2023-08-02 08:31:58.533 +05:30 [INF] User profile is available. Using 'C:\Users\skart\AppData\Local\ASP.NET\DataProtection-Keys' as key repository and Windows DPAPI to encrypt keys at rest.
2023-08-02 08:32:01.823 +05:30 [INF] Now listening on: http://localhost:5279
2023-08-02 08:32:01.827 +05:30 [INF] Application started. Press Ctrl+C to shut down.
2023-08-02 08:32:01.827 +05:30 [INF] Hosting environment: Development
2023-08-02 08:32:01.827 +05:30 [INF] Content root path: C:\Users\skart\ELMSApplication\ELMSApplication
2023-08-02 08:32:10.111 +05:30 [INF] Request starting HTTP/1.1 GET http://localhost:5279/ - -
2023-08-02 08:32:10.319 +05:30 [WRN] Failed to determine the https port for redirect.
2023-08-02 08:32:10.764 +05:30 [INF] Executing endpoint 'ELMSApplication.Controllers.HomeController.Index (ELMSApplication)'
2023-08-02 08:32:11.164 +05:30 [INF] Route matched with {action = "Index", controller = "Home"}. Executing controller action with signature Microsoft.AspNetCore.Mvc.IActionResult Index() on controller ELMSApplication.Controllers.HomeController (ELMSApplication).
2023-08-02 08:32:12.235 +05:30 [INF] Executing ViewResult, running view Index.
2023-08-02 08:32:13.782 +05:30 [INF] Executed ViewResult - view Index executed in 1940.5087ms.
2023-08-02 08:32:13.791 +05:30 [INF] Executed action ELMSApplication.Controllers.HomeController.Index (ELMSApplication) in 2506.8888ms
2023-08-02 08:32:13.792 +05:30 [INF] Executed endpoint 'ELMSApplication.Controllers.HomeController.Index (ELMSApplication)'
2023-08-02 08:32:13.802 +05:30 [INF] Request finished HTTP/1.1 GET http://localhost:5279/ - - - 200 - text/html;+charset=utf-8 3836.4607ms
2023-08-02 08:32:13.810 +05:30 [INF] Request starting HTTP/1.1 GET http://localhost:5279/css/site.css?v=pAGv4ietcJNk_EwsQZ5BN9-K4MuNYS2a9wl4Jw-q9D0 - -
2023-08-02 08:32:13.811 +05:30 [INF] Request starting HTTP/1.1 GET http://localhost:5279/Scripts/jquery-3.6.0.min.js - -
2023-08-02 08:32:13.812 +05:30 [INF] Request starting HTTP/1.1 GET http://localhost:5279/ELMSApplication.styles.css?v=elOSKWD_5wpVMlxSFsQY-04UAvD5H845yrwkjIGX5Xg - -
2023-08-02 08:32:13.813 +05:30 [INF] Request starting HTTP/1.1 GET http://localhost:5279/Scripts/jquery.validate.min.js - -
2023-08-02 08:32:13.816 +05:30 [INF] Request starting HTTP/1.1 GET http://localhost:5279/lib/bootstrap/dist/css/bootstrap.min.css - -
2023-08-02 08:32:13.820 +05:30 [INF] Request finished HTTP/1.1 GET http://localhost:5279/Scripts/jquery-3.6.0.min.js - - - 404 0 - 9.8547ms
2023-08-02 08:32:13.820 +05:30 [INF] Request finished HTTP/1.1 GET http://localhost:5279/Scripts/jquery.validate.min.js - - - 404 0 - 7.1382ms
2023-08-02 08:32:13.821 +05:30 [INF] Request starting HTTP/1.1 GET http://localhost:5279/Scripts/jquery.validate.unobtrusive.min.js - -
2023-08-02 08:32:13.821 +05:30 [INF] Request finished HTTP/1.1 GET http://localhost:5279/Scripts/jquery.validate.unobtrusive.min.js - - - 404 0 - 0.5330ms
2023-08-02 08:32:13.838 +05:30 [INF] Sending file. Request path: '/ELMSApplication.styles.css'. Physical path: 'C:\Users\skart\ELMSApplication\ELMSApplication\obj\Debug\net7.0\scopedcss\bundle\ELMSApplication.styles.css'
2023-08-02 08:32:13.838 +05:30 [INF] Sending file. Request path: '/css/site.css'. Physical path: 'C:\Users\skart\ELMSApplication\ELMSApplication\wwwroot\css\site.css'
2023-08-02 08:32:13.839 +05:30 [INF] Request finished HTTP/1.1 GET http://localhost:5279/ELMSApplication.styles.css?v=elOSKWD_5wpVMlxSFsQY-04UAvD5H845yrwkjIGX5Xg - - - 200 1536 text/css 26.8127ms
2023-08-02 08:32:13.839 +05:30 [INF] Request finished HTTP/1.1 GET http://localhost:5279/css/site.css?v=pAGv4ietcJNk_EwsQZ5BN9-K4MuNYS2a9wl4Jw-q9D0 - - - 200 362 text/css 28.9006ms
2023-08-02 08:32:13.873 +05:30 [INF] Sending file. Request path: '/lib/bootstrap/dist/css/bootstrap.min.css'. Physical path: 'C:\Users\skart\ELMSApplication\ELMSApplication\wwwroot\lib\bootstrap\dist\css\bootstrap.min.css'
2023-08-02 08:32:13.873 +05:30 [INF] Request finished HTTP/1.1 GET http://localhost:5279/lib/bootstrap/dist/css/bootstrap.min.css - - - 200 162720 text/css 57.2506ms
2023-08-02 08:32:13.922 +05:30 [INF] Request starting HTTP/1.1 GET http://localhost:5279/lib/jquery/dist/jquery.min.js - -
2023-08-02 08:32:13.922 +05:30 [INF] Request starting HTTP/1.1 GET http://localhost:5279/lib/bootstrap/dist/js/bootstrap.bundle.min.js - -
2023-08-02 08:32:13.925 +05:30 [INF] Request starting HTTP/1.1 GET http://localhost:5279/js/site.js?v=4q1jwFhaPaZgr8WAUSrux6hAuh0XDg9kPS3xIVq36I0 - -
2023-08-02 08:32:13.925 +05:30 [INF] Sending file. Request path: '/js/site.js'. Physical path: 'C:\Users\skart\ELMSApplication\ELMSApplication\wwwroot\js\site.js'
2023-08-02 08:32:13.925 +05:30 [INF] Request finished HTTP/1.1 GET http://localhost:5279/js/site.js?v=4q1jwFhaPaZgr8WAUSrux6hAuh0XDg9kPS3xIVq36I0 - - - 200 230 text/javascript 0.7089ms
2023-08-02 08:32:13.980 +05:30 [INF] Sending file. Request path: '/lib/bootstrap/dist/js/bootstrap.bundle.min.js'. Physical path: 'C:\Users\skart\ELMSApplication\ELMSApplication\wwwroot\lib\bootstrap\dist\js\bootstrap.bundle.min.js'
2023-08-02 08:32:13.980 +05:30 [INF] Request finished HTTP/1.1 GET http://localhost:5279/lib/bootstrap/dist/js/bootstrap.bundle.min.js - - - 200 78468 text/javascript 57.8816ms
2023-08-02 08:32:14.225 +05:30 [INF] Sending file. Request path: '/lib/jquery/dist/jquery.min.js'. Physical path: 'C:\Users\skart\ELMSApplication\ELMSApplication\wwwroot\lib\jquery\dist\jquery.min.js'
2023-08-02 08:32:14.225 +05:30 [INF] Request finished HTTP/1.1 GET http://localhost:5279/lib/jquery/dist/jquery.min.js - - - 200 89501 text/javascript 302.9753ms
2023-08-02 08:32:15.560 +05:30 [INF] Request starting HTTP/1.1 GET http://localhost:5279/favicon.ico - -
2023-08-02 08:32:15.587 +05:30 [INF] Sending file. Request path: '/favicon.ico'. Physical path: 'C:\Users\skart\ELMSApplication\ELMSApplication\wwwroot\favicon.ico'
2023-08-02 08:32:15.587 +05:30 [INF] Request finished HTTP/1.1 GET http://localhost:5279/favicon.ico - - - 200 5430 image/x-icon 26.5472ms
2023-08-02 08:32:17.481 +05:30 [INF] Request starting HTTP/1.1 GET http://localhost:5279/Account/Login - -
2023-08-02 08:32:17.513 +05:30 [INF] Executing endpoint 'ELMSApplication.Controllers.AccountController.Login (ELMSApplication)'
2023-08-02 08:32:17.518 +05:30 [INF] Route matched with {action = "Login", controller = "Account"}. Executing controller action with signature Microsoft.AspNetCore.Mvc.IActionResult Login() on controller ELMSApplication.Controllers.AccountController (ELMSApplication).
2023-08-02 08:32:17.526 +05:30 [INF] Executing ViewResult, running view Login.
2023-08-02 08:32:17.873 +05:30 [INF] Executed ViewResult - view Login executed in 349.9513ms.
2023-08-02 08:32:17.873 +05:30 [INF] Executed action ELMSApplication.Controllers.AccountController.Login (ELMSApplication) in 354.7569ms
2023-08-02 08:32:17.873 +05:30 [INF] Executed endpoint 'ELMSApplication.Controllers.AccountController.Login (ELMSApplication)'
2023-08-02 08:32:17.874 +05:30 [INF] Request finished HTTP/1.1 GET http://localhost:5279/Account/Login - - - 200 - text/html;+charset=utf-8 392.9664ms
2023-08-02 08:32:17.888 +05:30 [INF] Request starting HTTP/1.1 GET http://localhost:5279/Scripts/jquery-3.6.0.min.js - -
2023-08-02 08:32:17.888 +05:30 [INF] Request starting HTTP/1.1 GET http://localhost:5279/Scripts/jquery.validate.min.js - -
2023-08-02 08:32:17.889 +05:30 [INF] Request starting HTTP/1.1 GET http://localhost:5279/Scripts/jquery.validate.unobtrusive.min.js - -
2023-08-02 08:32:17.927 +05:30 [INF] Request finished HTTP/1.1 GET http://localhost:5279/Scripts/jquery-3.6.0.min.js - - - 404 0 - 39.5881ms
2023-08-02 08:32:17.927 +05:30 [INF] Request finished HTTP/1.1 GET http://localhost:5279/Scripts/jquery.validate.unobtrusive.min.js - - - 404 0 - 38.1422ms
2023-08-02 08:32:17.927 +05:30 [INF] Request finished HTTP/1.1 GET http://localhost:5279/Scripts/jquery.validate.min.js - - - 404 0 - 38.7224ms
2023-08-02 08:32:58.503 +05:30 [INF] Request starting HTTP/1.1 POST http://localhost:5279/Account/Login application/x-www-form-urlencoded 237
2023-08-02 08:32:58.504 +05:30 [INF] Executing endpoint 'ELMSApplication.Controllers.AccountController.Login (ELMSApplication)'
2023-08-02 08:32:59.051 +05:30 [INF] Route matched with {action = "Login", controller = "Account"}. Executing controller action with signature System.Threading.Tasks.Task`1[Microsoft.AspNetCore.Mvc.IActionResult] Login(ELMSApplication.Employee) on controller ELMSApplication.Controllers.AccountController (ELMSApplication).
2023-08-02 08:32:59.381 +05:30 [INF] Executing ViewResult, running view Login.
2023-08-02 08:32:59.404 +05:30 [INF] Executed ViewResult - view Login executed in 23.5277ms.
2023-08-02 08:32:59.404 +05:30 [INF] Executed action ELMSApplication.Controllers.AccountController.Login (ELMSApplication) in 352.8724ms
2023-08-02 08:32:59.405 +05:30 [INF] Executed endpoint 'ELMSApplication.Controllers.AccountController.Login (ELMSApplication)'
2023-08-02 08:32:59.405 +05:30 [INF] Request finished HTTP/1.1 POST http://localhost:5279/Account/Login application/x-www-form-urlencoded 237 - 200 - text/html;+charset=utf-8 901.9704ms
2023-08-02 08:32:59.428 +05:30 [INF] Request starting HTTP/1.1 GET http://localhost:5279/Scripts/jquery-3.6.0.min.js - -
2023-08-02 08:32:59.429 +05:30 [INF] Request finished HTTP/1.1 GET http://localhost:5279/Scripts/jquery-3.6.0.min.js - - - 404 0 - 0.7161ms
2023-08-02 08:32:59.429 +05:30 [INF] Request starting HTTP/1.1 GET http://localhost:5279/Scripts/jquery.validate.unobtrusive.min.js - -
2023-08-02 08:32:59.430 +05:30 [INF] Request starting HTTP/1.1 GET http://localhost:5279/Scripts/jquery.validate.min.js - -
2023-08-02 08:32:59.431 +05:30 [INF] Request finished HTTP/1.1 GET http://localhost:5279/Scripts/jquery.validate.unobtrusive.min.js - - - 404 0 - 1.9152ms
2023-08-02 08:32:59.431 +05:30 [INF] Request finished HTTP/1.1 GET http://localhost:5279/Scripts/jquery.validate.min.js - - - 404 0 - 1.6085ms
2023-08-02 08:33:25.964 +05:30 [INF] Request starting HTTP/1.1 POST http://localhost:5279/Account/Login application/x-www-form-urlencoded 240
2023-08-02 08:33:25.965 +05:30 [INF] Executing endpoint 'ELMSApplication.Controllers.AccountController.Login (ELMSApplication)'
2023-08-02 08:33:25.965 +05:30 [INF] Route matched with {action = "Login", controller = "Account"}. Executing controller action with signature System.Threading.Tasks.Task`1[Microsoft.AspNetCore.Mvc.IActionResult] Login(ELMSApplication.Employee) on controller ELMSApplication.Controllers.AccountController (ELMSApplication).
2023-08-02 08:33:26.731 +05:30 [INF] AuthenticationScheme: Cookies signed in.
2023-08-02 08:33:26.748 +05:30 [INF] Executing RedirectResult, redirecting to /Leave.
2023-08-02 08:33:26.749 +05:30 [INF] Executed action ELMSApplication.Controllers.AccountController.Login (ELMSApplication) in 783.5568ms
2023-08-02 08:33:26.749 +05:30 [INF] Executed endpoint 'ELMSApplication.Controllers.AccountController.Login (ELMSApplication)'
2023-08-02 08:33:26.750 +05:30 [INF] Session started; Key:9949542c-adcf-11ca-b9f9-337d04e41e3e, Id:5c074e79-8288-91ce-1a7f-a1f0d6d39f51
2023-08-02 08:33:26.751 +05:30 [INF] Request finished HTTP/1.1 POST http://localhost:5279/Account/Login application/x-www-form-urlencoded 240 - 302 0 - 787.0212ms
2023-08-02 08:33:26.754 +05:30 [INF] Request starting HTTP/1.1 GET http://localhost:5279/Leave - -
2023-08-02 08:33:26.760 +05:30 [INF] Executing endpoint 'ELMSApplication.Controllers.LeaveController.Index (ELMSApplication)'
2023-08-02 08:33:26.763 +05:30 [INF] Route matched with {action = "Index", controller = "Leave"}. Executing controller action with signature System.Threading.Tasks.Task`1[Microsoft.AspNetCore.Mvc.IActionResult] Index() on controller ELMSApplication.Controllers.LeaveController (ELMSApplication).
2023-08-02 08:33:28.568 +05:30 [INF] Request starting HTTP/1.1 POST http://localhost:5279/Account/Login application/x-www-form-urlencoded 240
2023-08-02 08:33:28.569 +05:30 [INF] Executing endpoint 'ELMSApplication.Controllers.AccountController.Login (ELMSApplication)'
2023-08-02 08:33:28.570 +05:30 [INF] Route matched with {action = "Login", controller = "Account"}. Executing controller action with signature System.Threading.Tasks.Task`1[Microsoft.AspNetCore.Mvc.IActionResult] Login(ELMSApplication.Employee) on controller ELMSApplication.Controllers.AccountController (ELMSApplication).
2023-08-02 08:33:28.593 +05:30 [INF] AuthenticationScheme: Cookies signed in.
2023-08-02 08:33:28.593 +05:30 [INF] Executing RedirectResult, redirecting to /Leave.
2023-08-02 08:33:28.594 +05:30 [INF] Executed action ELMSApplication.Controllers.AccountController.Login (ELMSApplication) in 23.9357ms
2023-08-02 08:33:28.594 +05:30 [INF] Executed endpoint 'ELMSApplication.Controllers.AccountController.Login (ELMSApplication)'
2023-08-02 08:33:28.594 +05:30 [INF] Request finished HTTP/1.1 POST http://localhost:5279/Account/Login application/x-www-form-urlencoded 240 - 302 0 - 26.3321ms
2023-08-02 08:33:28.596 +05:30 [INF] Request starting HTTP/1.1 GET http://localhost:5279/Leave - -
2023-08-02 08:33:28.598 +05:30 [INF] Executing endpoint 'ELMSApplication.Controllers.LeaveController.Index (ELMSApplication)'
2023-08-02 08:33:28.598 +05:30 [INF] Route matched with {action = "Index", controller = "Leave"}. Executing controller action with signature System.Threading.Tasks.Task`1[Microsoft.AspNetCore.Mvc.IActionResult] Index() on controller ELMSApplication.Controllers.LeaveController (ELMSApplication).
2023-08-02 08:33:32.000 +05:30 [INF] Executed DbCommand (223ms) [Parameters=[], CommandType='"Text"', CommandTimeout='30']
SELECT [l].[LeaveId], [l].[EmployeeId], [l].[EndDate], [l].[LeaveType], [l].[StartDate], [l].[Status]
FROM [Leave] AS [l]
2023-08-02 08:33:32.000 +05:30 [INF] Executed DbCommand (223ms) [Parameters=[], CommandType='"Text"', CommandTimeout='30']
SELECT [l].[LeaveId], [l].[EmployeeId], [l].[EndDate], [l].[LeaveType], [l].[StartDate], [l].[Status]
FROM [Leave] AS [l]
2023-08-02 08:33:32.094 +05:30 [INF] Executing ViewResult, running view Index.
2023-08-02 08:33:32.094 +05:30 [INF] Executing ViewResult, running view Index.
2023-08-02 08:33:32.200 +05:30 [INF] Executed ViewResult - view Index executed in 106.8408ms.
2023-08-02 08:33:32.200 +05:30 [INF] Executed ViewResult - view Index executed in 106.8687ms.
2023-08-02 08:33:32.200 +05:30 [INF] Executed action ELMSApplication.Controllers.LeaveController.Index (ELMSApplication) in 5438.5221ms
2023-08-02 08:33:32.200 +05:30 [INF] Executed endpoint 'ELMSApplication.Controllers.LeaveController.Index (ELMSApplication)'
2023-08-02 08:33:32.200 +05:30 [INF] Executed action ELMSApplication.Controllers.LeaveController.Index (ELMSApplication) in 3602.5265ms
2023-08-02 08:33:32.200 +05:30 [INF] Executed endpoint 'ELMSApplication.Controllers.LeaveController.Index (ELMSApplication)'
2023-08-02 08:33:32.211 +05:30 [INF] Request finished HTTP/1.1 GET http://localhost:5279/Leave - - - 200 - text/html;+charset=utf-8 5458.3851ms
2023-08-02 08:33:32.211 +05:30 [INF] Request finished HTTP/1.1 GET http://localhost:5279/Leave - - - 200 - text/html;+charset=utf-8 3615.7854ms
2023-08-02 08:33:32.216 +05:30 [INF] Request starting HTTP/1.1 GET http://localhost:5279/Scripts/jquery-3.6.0.min.js - -
2023-08-02 08:33:32.216 +05:30 [INF] Request starting HTTP/1.1 GET http://localhost:5279/Scripts/jquery.validate.min.js - -
2023-08-02 08:33:32.216 +05:30 [INF] Request starting HTTP/1.1 GET http://localhost:5279/Scripts/jquery.validate.unobtrusive.min.js - -
2023-08-02 08:33:32.217 +05:30 [INF] Request finished HTTP/1.1 GET http://localhost:5279/Scripts/jquery-3.6.0.min.js - - - 404 0 - 0.6243ms
2023-08-02 08:33:32.217 +05:30 [INF] Request finished HTTP/1.1 GET http://localhost:5279/Scripts/jquery.validate.unobtrusive.min.js - - - 404 0 - 0.3690ms
2023-08-02 08:33:32.217 +05:30 [INF] Request finished HTTP/1.1 GET http://localhost:5279/Scripts/jquery.validate.min.js - - - 404 0 - 0.5526ms
2023-08-02 08:33:39.194 +05:30 [INF] Request starting HTTP/1.1 GET http://localhost:5279/Leave/Rejected/1 - -
2023-08-02 08:33:39.227 +05:30 [INF] Executing endpoint 'ELMSApplication.Controllers.LeaveController.RejectedAsync (ELMSApplication)'
2023-08-02 08:33:39.231 +05:30 [INF] Route matched with {action = "Rejected", controller = "Leave"}. Executing controller action with signature System.Threading.Tasks.Task`1[Microsoft.AspNetCore.Mvc.IActionResult] RejectedAsync(Int32) on controller ELMSApplication.Controllers.LeaveController (ELMSApplication).
2023-08-02 08:33:39.511 +05:30 [INF] Executed DbCommand (42ms) [Parameters=[@__p_0='?' (DbType = Int32)], CommandType='"Text"', CommandTimeout='30']
SELECT TOP(1) [l].[LeaveId], [l].[EmployeeId], [l].[EndDate], [l].[LeaveType], [l].[StartDate], [l].[Status]
FROM [Leave] AS [l]
WHERE [l].[LeaveId] = @__p_0
2023-08-02 08:33:40.059 +05:30 [INF] Executed DbCommand (180ms) [Parameters=[@p5='?' (DbType = Int32), @p0='?' (Size = 6), @p1='?' (DbType = DateTime2), @p2='?' (Size = 75), @p3='?' (DbType = DateTime2), @p4='?' (Size = 75)], CommandType='"Text"', CommandTimeout='30']
SET IMPLICIT_TRANSACTIONS OFF;
SET NOCOUNT ON;
UPDATE [Leave] SET [EmployeeId] = @p0, [EndDate] = @p1, [LeaveType] = @p2, [StartDate] = @p3, [Status] = @p4
OUTPUT 1
WHERE [LeaveId] = @p5;
2023-08-02 08:33:40.099 +05:30 [INF] Executing RedirectResult, redirecting to /Leave.
2023-08-02 08:33:40.099 +05:30 [INF] Executed action ELMSApplication.Controllers.LeaveController.RejectedAsync (ELMSApplication) in 868.3334ms
2023-08-02 08:33:40.099 +05:30 [INF] Executed endpoint 'ELMSApplication.Controllers.LeaveController.RejectedAsync (ELMSApplication)'
2023-08-02 08:33:40.100 +05:30 [INF] Request finished HTTP/1.1 GET http://localhost:5279/Leave/Rejected/1 - - - 302 0 - 906.1006ms
2023-08-02 08:33:40.105 +05:30 [INF] Request starting HTTP/1.1 GET http://localhost:5279/Leave - -
2023-08-02 08:33:40.106 +05:30 [INF] Executing endpoint 'ELMSApplication.Controllers.LeaveController.Index (ELMSApplication)'
2023-08-02 08:33:40.106 +05:30 [INF] Route matched with {action = "Index", controller = "Leave"}. Executing controller action with signature System.Threading.Tasks.Task`1[Microsoft.AspNetCore.Mvc.IActionResult] Index() on controller ELMSApplication.Controllers.LeaveController (ELMSApplication).
2023-08-02 08:33:40.107 +05:30 [INF] Executed DbCommand (0ms) [Parameters=[], CommandType='"Text"', CommandTimeout='30']
SELECT [l].[LeaveId], [l].[EmployeeId], [l].[EndDate], [l].[LeaveType], [l].[StartDate], [l].[Status]
FROM [Leave] AS [l]
2023-08-02 08:33:40.109 +05:30 [INF] Executing ViewResult, running view Index.
2023-08-02 08:33:40.129 +05:30 [INF] Executed ViewResult - view Index executed in 21.241ms.
2023-08-02 08:33:40.129 +05:30 [INF] Executed action ELMSApplication.Controllers.LeaveController.Index (ELMSApplication) in 23.4162ms
2023-08-02 08:33:40.129 +05:30 [INF] Executed endpoint 'ELMSApplication.Controllers.LeaveController.Index (ELMSApplication)'
2023-08-02 08:33:40.129 +05:30 [INF] Request finished HTTP/1.1 GET http://localhost:5279/Leave - - - 200 - text/html;+charset=utf-8 24.3078ms
2023-08-02 08:33:40.144 +05:30 [INF] Request starting HTTP/1.1 GET http://localhost:5279/Scripts/jquery-3.6.0.min.js - -
2023-08-02 08:33:40.145 +05:30 [INF] Request finished HTTP/1.1 GET http://localhost:5279/Scripts/jquery-3.6.0.min.js - - - 404 0 - 0.5807ms
2023-08-02 08:33:40.192 +05:30 [INF] Request starting HTTP/1.1 GET http://localhost:5279/Scripts/jquery.validate.min.js - -
2023-08-02 08:33:40.192 +05:30 [INF] Request starting HTTP/1.1 GET http://localhost:5279/Scripts/jquery.validate.unobtrusive.min.js - -
2023-08-02 08:33:40.192 +05:30 [INF] Request finished HTTP/1.1 GET http://localhost:5279/Scripts/jquery.validate.unobtrusive.min.js - - - 404 0 - 0.4881ms
2023-08-02 08:33:40.193 +05:30 [INF] Request finished HTTP/1.1 GET http://localhost:5279/Scripts/jquery.validate.min.js - - - 404 0 - 0.5080ms
2023-08-02 08:33:41.897 +05:30 [INF] Request starting HTTP/1.1 GET http://localhost:5279/Leave/Approved/1 - -
2023-08-02 08:33:41.901 +05:30 [INF] Executing endpoint 'ELMSApplication.Controllers.LeaveController.Approved (ELMSApplication)'
2023-08-02 08:33:41.908 +05:30 [INF] Route matched with {action = "Approved", controller = "Leave"}. Executing controller action with signature System.Threading.Tasks.Task`1[Microsoft.AspNetCore.Mvc.IActionResult] Approved(System.Nullable`1[System.Int32]) on controller ELMSApplication.Controllers.LeaveController (ELMSApplication).
2023-08-02 08:33:41.914 +05:30 [INF] Executed DbCommand (0ms) [Parameters=[@__p_0='?' (DbType = Int32)], CommandType='"Text"', CommandTimeout='30']
SELECT TOP(1) [l].[LeaveId], [l].[EmployeeId], [l].[EndDate], [l].[LeaveType], [l].[StartDate], [l].[Status]
FROM [Leave] AS [l]
WHERE [l].[LeaveId] = @__p_0
2023-08-02 08:33:41.924 +05:30 [INF] Executed DbCommand (1ms) [Parameters=[@p5='?' (DbType = Int32), @p0='?' (Size = 6), @p1='?' (DbType = DateTime2), @p2='?' (Size = 75), @p3='?' (DbType = DateTime2), @p4='?' (Size = 75)], CommandType='"Text"', CommandTimeout='30']
SET IMPLICIT_TRANSACTIONS OFF;
SET NOCOUNT ON;
UPDATE [Leave] SET [EmployeeId] = @p0, [EndDate] = @p1, [LeaveType] = @p2, [StartDate] = @p3, [Status] = @p4
OUTPUT 1
WHERE [LeaveId] = @p5;
2023-08-02 08:33:41.924 +05:30 [INF] Executing RedirectResult, redirecting to /Leave.
2023-08-02 08:33:41.927 +05:30 [INF] Executed action ELMSApplication.Controllers.LeaveController.Approved (ELMSApplication) in 18.5059ms
2023-08-02 08:33:41.927 +05:30 [INF] Executed endpoint 'ELMSApplication.Controllers.LeaveController.Approved (ELMSApplication)'
2023-08-02 08:33:41.928 +05:30 [INF] Request finished HTTP/1.1 GET http://localhost:5279/Leave/Approved/1 - - - 302 0 - 30.2615ms
2023-08-02 08:33:41.931 +05:30 [INF] Request starting HTTP/1.1 GET http://localhost:5279/Leave - -
2023-08-02 08:33:41.931 +05:30 [INF] Executing endpoint 'ELMSApplication.Controllers.LeaveController.Index (ELMSApplication)'
2023-08-02 08:33:41.931 +05:30 [INF] Route matched with {action = "Index", controller = "Leave"}. Executing controller action with signature System.Threading.Tasks.Task`1[Microsoft.AspNetCore.Mvc.IActionResult] Index() on controller ELMSApplication.Controllers.LeaveController (ELMSApplication).
2023-08-02 08:33:41.932 +05:30 [INF] Executed DbCommand (0ms) [Parameters=[], CommandType='"Text"', CommandTimeout='30']
SELECT [l].[LeaveId], [l].[EmployeeId], [l].[EndDate], [l].[LeaveType], [l].[StartDate], [l].[Status]
FROM [Leave] AS [l]
2023-08-02 08:33:41.933 +05:30 [INF] Executing ViewResult, running view Index.
2023-08-02 08:33:41.954 +05:30 [INF] Executed ViewResult - view Index executed in 21.7924ms.
2023-08-02 08:33:41.955 +05:30 [INF] Executed action ELMSApplication.Controllers.LeaveController.Index (ELMSApplication) in 23.2699ms
2023-08-02 08:33:41.955 +05:30 [INF] Executed endpoint 'ELMSApplication.Controllers.LeaveController.Index (ELMSApplication)'
2023-08-02 08:33:41.955 +05:30 [INF] Request finished HTTP/1.1 GET http://localhost:5279/Leave - - - 200 - text/html;+charset=utf-8 24.0219ms
2023-08-02 08:33:42.004 +05:30 [INF] Request starting HTTP/1.1 GET http://localhost:5279/Scripts/jquery-3.6.0.min.js - -
2023-08-02 08:33:42.004 +05:30 [INF] Request starting HTTP/1.1 GET http://localhost:5279/Scripts/jquery.validate.min.js - -
2023-08-02 08:33:42.004 +05:30 [INF] Request starting HTTP/1.1 GET http://localhost:5279/Scripts/jquery.validate.unobtrusive.min.js - -
2023-08-02 08:33:42.004 +05:30 [INF] Request finished HTTP/1.1 GET http://localhost:5279/Scripts/jquery.validate.min.js - - - 404 0 - 0.5281ms
2023-08-02 08:33:42.004 +05:30 [INF] Request finished HTTP/1.1 GET http://localhost:5279/Scripts/jquery.validate.unobtrusive.min.js - - - 404 0 - 0.4342ms
2023-08-02 08:33:42.004 +05:30 [INF] Request finished HTTP/1.1 GET http://localhost:5279/Scripts/jquery-3.6.0.min.js - - - 404 0 - 0.5778ms
2023-08-02 20:09:57.237 +05:30 [INF] User profile is available. Using 'C:\Users\skart\AppData\Local\ASP.NET\DataProtection-Keys' as key repository and Windows DPAPI to encrypt keys at rest.
2023-08-02 20:09:57.775 +05:30 [INF] Now listening on: http://localhost:5279
2023-08-02 20:09:57.783 +05:30 [INF] Application started. Press Ctrl+C to shut down.
2023-08-02 20:09:57.783 +05:30 [INF] Hosting environment: Development
2023-08-02 20:09:57.783 +05:30 [INF] Content root path: C:\Users\skart\ELMSApplication\ELMSApplication
2023-08-02 20:10:02.505 +05:30 [INF] Request starting HTTP/1.1 GET http://localhost:5279/ - -
2023-08-02 20:10:02.725 +05:30 [WRN] Failed to determine the https port for redirect.
2023-08-02 20:10:03.258 +05:30 [INF] Cookies was not authenticated. Failure message: Ticket expired
2023-08-02 20:10:03.289 +05:30 [INF] Executing endpoint 'ELMSApplication.Controllers.HomeController.Index (ELMSApplication)'
2023-08-02 20:10:03.678 +05:30 [INF] Route matched with {action = "Index", controller = "Home"}. Executing controller action with signature Microsoft.AspNetCore.Mvc.IActionResult Index() on controller ELMSApplication.Controllers.HomeController (ELMSApplication).
2023-08-02 20:10:03.936 +05:30 [INF] Executing ViewResult, running view Index.
2023-08-02 20:10:04.610 +05:30 [INF] Executed ViewResult - view Index executed in 862.0144ms.
2023-08-02 20:10:04.617 +05:30 [INF] Executed action ELMSApplication.Controllers.HomeController.Index (ELMSApplication) in 937.1417ms
2023-08-02 20:10:04.617 +05:30 [INF] Executed endpoint 'ELMSApplication.Controllers.HomeController.Index (ELMSApplication)'
2023-08-02 20:10:04.634 +05:30 [INF] Request finished HTTP/1.1 GET http://localhost:5279/ - - - 200 - text/html;+charset=utf-8 2133.1820ms
2023-08-02 20:10:04.648 +05:30 [INF] Request starting HTTP/1.1 GET http://localhost:5279/Scripts/jquery.validate.unobtrusive.min.js - -
2023-08-02 20:10:04.648 +05:30 [INF] Request starting HTTP/1.1 GET http://localhost:5279/Scripts/jquery.validate.min.js - -
2023-08-02 20:10:04.651 +05:30 [INF] Request starting HTTP/1.1 GET http://localhost:5279/Scripts/jquery-3.6.0.min.js - -
2023-08-02 20:10:04.652 +05:30 [INF] Cookies was not authenticated. Failure message: Ticket expired
2023-08-02 20:10:04.652 +05:30 [INF] Cookies was not authenticated. Failure message: Ticket expired
2023-08-02 20:10:04.653 +05:30 [INF] Request finished HTTP/1.1 GET http://localhost:5279/Scripts/jquery.validate.unobtrusive.min.js - - - 404 0 - 5.4644ms
2023-08-02 20:10:04.653 +05:30 [INF] Request finished HTTP/1.1 GET http://localhost:5279/Scripts/jquery.validate.min.js - - - 404 0 - 5.4641ms
2023-08-02 20:10:04.654 +05:30 [INF] Cookies was not authenticated. Failure message: Ticket expired
2023-08-02 20:10:04.655 +05:30 [INF] Request finished HTTP/1.1 GET http://localhost:5279/Scripts/jquery-3.6.0.min.js - - - 404 0 - 3.4264ms
2023-08-02 20:10:04.849 +05:30 [INF] Request starting HTTP/1.1 GET http://localhost:5279/_framework/aspnetcore-browser-refresh.js - -
2023-08-02 20:10:04.942 +05:30 [INF] Request finished HTTP/1.1 GET http://localhost:5279/_framework/aspnetcore-browser-refresh.js - - - 200 11966 application/javascript;+charset=utf-8 92.2569ms
2023-08-02 20:10:07.589 +05:30 [INF] Request starting HTTP/1.1 GET http://localhost:5279/Account/Login - -
2023-08-02 20:10:07.592 +05:30 [INF] Cookies was not authenticated. Failure message: Ticket expired
2023-08-02 20:10:07.593 +05:30 [INF] Executing endpoint 'ELMSApplication.Controllers.AccountController.Login (ELMSApplication)'
2023-08-02 20:10:07.598 +05:30 [INF] Route matched with {action = "Login", controller = "Account"}. Executing controller action with signature Microsoft.AspNetCore.Mvc.IActionResult Login() on controller ELMSApplication.Controllers.AccountController (ELMSApplication).
2023-08-02 20:10:07.602 +05:30 [INF] Executing ViewResult, running view Login.
2023-08-02 20:10:07.865 +05:30 [INF] Executed ViewResult - view Login executed in 264.7843ms.
2023-08-02 20:10:07.866 +05:30 [INF] Executed action ELMSApplication.Controllers.AccountController.Login (ELMSApplication) in 267.8722ms
2023-08-02 20:10:07.866 +05:30 [INF] Executed endpoint 'ELMSApplication.Controllers.AccountController.Login (ELMSApplication)'
2023-08-02 20:10:07.866 +05:30 [INF] Request finished HTTP/1.1 GET http://localhost:5279/Account/Login - - - 200 - text/html;+charset=utf-8 276.9901ms
2023-08-02 20:10:07.927 +05:30 [INF] Request starting HTTP/1.1 GET http://localhost:5279/Scripts/jquery-3.6.0.min.js - -
2023-08-02 20:10:07.927 +05:30 [INF] Request starting HTTP/1.1 GET http://localhost:5279/Scripts/jquery.validate.min.js - -
2023-08-02 20:10:07.928 +05:30 [INF] Cookies was not authenticated. Failure message: Ticket expired
2023-08-02 20:10:07.928 +05:30 [INF] Cookies was not authenticated. Failure message: Ticket expired
2023-08-02 20:10:07.928 +05:30 [INF] Request finished HTTP/1.1 GET http://localhost:5279/Scripts/jquery-3.6.0.min.js - - - 404 0 - 0.8852ms
2023-08-02 20:10:07.928 +05:30 [INF] Request finished HTTP/1.1 GET http://localhost:5279/Scripts/jquery.validate.min.js - - - 404 0 - 0.8152ms
2023-08-02 20:10:07.928 +05:30 [INF] Request starting HTTP/1.1 GET http://localhost:5279/Scripts/jquery.validate.unobtrusive.min.js - -
2023-08-02 20:10:07.929 +05:30 [INF] Cookies was not authenticated. Failure message: Ticket expired
2023-08-02 20:10:07.929 +05:30 [INF] Request finished HTTP/1.1 GET http://localhost:5279/Scripts/jquery.validate.unobtrusive.min.js - - - 404 0 - 0.7847ms
2023-08-02 20:10:07.988 +05:30 [INF] Request starting HTTP/1.1 GET http://localhost:5279/_framework/aspnetcore-browser-refresh.js - -
2023-08-02 20:10:07.988 +05:30 [INF] Request finished HTTP/1.1 GET http://localhost:5279/_framework/aspnetcore-browser-refresh.js - - - 200 11966 application/javascript;+charset=utf-8 0.5479ms
2023-08-02 20:10:20.148 +05:30 [INF] Request starting HTTP/1.1 POST http://localhost:5279/Account/Login application/x-www-form-urlencoded 240
2023-08-02 20:10:20.149 +05:30 [INF] Cookies was not authenticated. Failure message: Ticket expired
2023-08-02 20:10:20.149 +05:30 [INF] Executing endpoint 'ELMSApplication.Controllers.AccountController.Login (ELMSApplication)'
2023-08-02 20:10:20.421 +05:30 [INF] Route matched with {action = "Login", controller = "Account"}. Executing controller action with signature System.Threading.Tasks.Task`1[Microsoft.AspNetCore.Mvc.IActionResult] Login(ELMSApplication.Employee) on controller ELMSApplication.Controllers.AccountController (ELMSApplication).
2023-08-02 20:10:22.256 +05:30 [INF] Accessing expired session, Key:9949542c-adcf-11ca-b9f9-337d04e41e3e
2023-08-02 20:10:22.301 +05:30 [INF] AuthenticationScheme: Cookies signed in.
2023-08-02 20:10:22.335 +05:30 [INF] Executing RedirectResult, redirecting to /Leave.
2023-08-02 20:10:22.338 +05:30 [INF] Executed action ELMSApplication.Controllers.AccountController.Login (ELMSApplication) in 1916.1594ms
2023-08-02 20:10:22.340 +05:30 [INF] Executed endpoint 'ELMSApplication.Controllers.AccountController.Login (ELMSApplication)'
2023-08-02 20:10:22.353 +05:30 [INF] Session started; Key:9949542c-adcf-11ca-b9f9-337d04e41e3e, Id:d3ca723b-ca3a-3cf4-844e-854a232b4deb
2023-08-02 20:10:22.360 +05:30 [INF] Request finished HTTP/1.1 POST http://localhost:5279/Account/Login application/x-www-form-urlencoded 240 - 302 0 - 2211.7366ms
2023-08-02 20:10:22.367 +05:30 [INF] Request starting HTTP/1.1 GET http://localhost:5279/Leave - -
2023-08-02 20:10:22.386 +05:30 [INF] Executing endpoint 'ELMSApplication.Controllers.LeaveController.Index (ELMSApplication)'
2023-08-02 20:10:22.399 +05:30 [INF] Route matched with {action = "Index", controller = "Leave"}. Executing controller action with signature System.Threading.Tasks.Task`1[Microsoft.AspNetCore.Mvc.IActionResult] Index() on controller ELMSApplication.Controllers.LeaveController (ELMSApplication).
2023-08-02 20:10:27.125 +05:30 [INF] Executed DbCommand (256ms) [Parameters=[], CommandType='"Text"', CommandTimeout='30']
SELECT [l].[LeaveId], [l].[EmployeeId], [l].[EndDate], [l].[LeaveType], [l].[StartDate], [l].[Status]
FROM [Leave] AS [l]
2023-08-02 20:10:27.277 +05:30 [INF] Executing ViewResult, running view Index.
2023-08-02 20:10:27.478 +05:30 [INF] Executed ViewResult - view Index executed in 201.8467ms.
2023-08-02 20:10:27.478 +05:30 [INF] Executed action ELMSApplication.Controllers.LeaveController.Index (ELMSApplication) in 5078.9385ms
2023-08-02 20:10:27.478 +05:30 [INF] Executed endpoint 'ELMSApplication.Controllers.LeaveController.Index (ELMSApplication)'
2023-08-02 20:10:27.517 +05:30 [INF] Request finished HTTP/1.1 GET http://localhost:5279/Leave - - - 200 - text/html;+charset=utf-8 5148.8393ms
2023-08-02 20:10:27.537 +05:30 [INF] Request starting HTTP/1.1 GET http://localhost:5279/Scripts/jquery-3.6.0.min.js - -
2023-08-02 20:10:27.540 +05:30 [INF] Request starting HTTP/1.1 GET http://localhost:5279/Scripts/jquery.validate.min.js - -
2023-08-02 20:10:27.540 +05:30 [INF] Request finished HTTP/1.1 GET http://localhost:5279/Scripts/jquery-3.6.0.min.js - - - 404 0 - 3.2448ms
2023-08-02 20:10:27.541 +05:30 [INF] Request starting HTTP/1.1 GET http://localhost:5279/Scripts/jquery.validate.unobtrusive.min.js - -
2023-08-02 20:10:27.542 +05:30 [INF] Request finished HTTP/1.1 GET http://localhost:5279/Scripts/jquery.validate.min.js - - - 404 0 - 2.5145ms
2023-08-02 20:10:27.543 +05:30 [INF] Request finished HTTP/1.1 GET http://localhost:5279/Scripts/jquery.validate.unobtrusive.min.js - - - 404 0 - 2.1801ms
2023-08-02 20:10:27.602 +05:30 [INF] Request starting HTTP/1.1 GET http://localhost:5279/_framework/aspnetcore-browser-refresh.js - -
2023-08-02 20:10:27.602 +05:30 [INF] Request finished HTTP/1.1 GET http://localhost:5279/_framework/aspnetcore-browser-refresh.js - - - 200 11966 application/javascript;+charset=utf-8 0.2291ms
2023-08-02 20:38:19.660 +05:30 [INF] Request starting HTTP/1.1 GET http://localhost:5279/Leave - -
2023-08-02 20:38:19.660 +05:30 [INF] Cookies was not authenticated. Failure message: Ticket expired
2023-08-02 20:38:19.672 +05:30 [INF] Authorization failed. These requirements were not met:
DenyAnonymousAuthorizationRequirement: Requires an authenticated user.
2023-08-02 20:38:19.702 +05:30 [INF] AuthenticationScheme: Cookies was challenged.
2023-08-02 20:38:19.703 +05:30 [INF] Request finished HTTP/1.1 GET http://localhost:5279/Leave - - - 302 0 - 43.4002ms
2023-08-02 20:38:19.710 +05:30 [INF] Request starting HTTP/1.1 GET http://localhost:5279/Account/Login?ReturnUrl=%2FLeave - -
2023-08-02 20:38:19.712 +05:30 [INF] Cookies was not authenticated. Failure message: Ticket expired
2023-08-02 20:38:19.712 +05:30 [INF] Executing endpoint 'ELMSApplication.Controllers.AccountController.Login (ELMSApplication)'
2023-08-02 20:38:19.713 +05:30 [INF] Route matched with {action = "Login", controller = "Account"}. Executing controller action with signature Microsoft.AspNetCore.Mvc.IActionResult Login() on controller ELMSApplication.Controllers.AccountController (ELMSApplication).
2023-08-02 20:38:19.714 +05:30 [INF] Executing ViewResult, running view Login.
2023-08-02 20:38:19.737 +05:30 [INF] Executed ViewResult - view Login executed in 23.865ms.
2023-08-02 20:38:19.737 +05:30 [INF] Executed action ELMSApplication.Controllers.AccountController.Login (ELMSApplication) in 24.0544ms
2023-08-02 20:38:19.737 +05:30 [INF] Executed endpoint 'ELMSApplication.Controllers.AccountController.Login (ELMSApplication)'
2023-08-02 20:38:19.738 +05:30 [INF] Request finished HTTP/1.1 GET http://localhost:5279/Account/Login?ReturnUrl=%2FLeave - - - 200 - text/html;+charset=utf-8 27.4245ms
2023-08-02 20:38:19.749 +05:30 [INF] Request starting HTTP/1.1 GET http://localhost:5279/Scripts/jquery-3.6.0.min.js - -
2023-08-02 20:38:19.750 +05:30 [INF] Cookies was not authenticated. Failure message: Ticket expired
2023-08-02 20:38:19.750 +05:30 [INF] Request finished HTTP/1.1 GET http://localhost:5279/Scripts/jquery-3.6.0.min.js - - - 404 0 - 1.0585ms
2023-08-02 20:38:19.755 +05:30 [INF] Request starting HTTP/1.1 GET http://localhost:5279/Scripts/jquery.validate.unobtrusive.min.js - -
2023-08-02 20:38:19.755 +05:30 [INF] Request starting HTTP/1.1 GET http://localhost:5279/Scripts/jquery.validate.min.js - -
2023-08-02 20:38:19.756 +05:30 [INF] Cookies was not authenticated. Failure message: Ticket expired
2023-08-02 20:38:19.756 +05:30 [INF] Cookies was not authenticated. Failure message: Ticket expired
2023-08-02 20:38:19.756 +05:30 [INF] Request finished HTTP/1.1 GET http://localhost:5279/Scripts/jquery.validate.min.js - - - 404 0 - 0.9253ms
2023-08-02 20:38:19.756 +05:30 [INF] Request finished HTTP/1.1 GET http://localhost:5279/Scripts/jquery.validate.unobtrusive.min.js - - - 404 0 - 0.9253ms
2023-08-02 20:38:19.761 +05:30 [INF] Request starting HTTP/1.1 GET http://localhost:5279/_framework/aspnetcore-browser-refresh.js - -
2023-08-02 20:38:19.761 +05:30 [INF] Request finished HTTP/1.1 GET http://localhost:5279/_framework/aspnetcore-browser-refresh.js - - - 200 11966 application/javascript;+charset=utf-8 0.1796ms
2023-08-02 20:40:13.818 +05:30 [INF] User profile is available. Using 'C:\Users\skart\AppData\Local\ASP.NET\DataProtection-Keys' as key repository and Windows DPAPI to encrypt keys at rest.
2023-08-02 20:40:13.946 +05:30 [INF] Now listening on: http://localhost:5279
2023-08-02 20:40:13.955 +05:30 [INF] Application started. Press Ctrl+C to shut down.
2023-08-02 20:40:13.955 +05:30 [INF] Hosting environment: Development
2023-08-02 20:40:13.955 +05:30 [INF] Content root path: C:\Users\skart\ELMSApplication\ELMSApplication
2023-08-02 20:40:14.486 +05:30 [INF] Request starting HTTP/1.1 GET http://localhost:5279/ - -
2023-08-02 20:40:14.518 +05:30 [WRN] Failed to determine the https port for redirect.
2023-08-02 20:40:14.604 +05:30 [INF] Cookies was not authenticated. Failure message: Ticket expired
2023-08-02 20:40:14.614 +05:30 [INF] Executing endpoint 'ELMSApplication.Controllers.HomeController.Index (ELMSApplication)'
2023-08-02 20:40:14.645 +05:30 [INF] Route matched with {action = "Index", controller = "Home"}. Executing controller action with signature Microsoft.AspNetCore.Mvc.IActionResult Index() on controller ELMSApplication.Controllers.HomeController (ELMSApplication).
2023-08-02 20:40:14.669 +05:30 [INF] Executing ViewResult, running view Index.
2023-08-02 20:40:14.840 +05:30 [INF] Executed ViewResult - view Index executed in 178.6525ms.
2023-08-02 20:40:14.846 +05:30 [INF] Executed action ELMSApplication.Controllers.HomeController.Index (ELMSApplication) in 199.8084ms
2023-08-02 20:40:14.846 +05:30 [INF] Executed endpoint 'ELMSApplication.Controllers.HomeController.Index (ELMSApplication)'
2023-08-02 20:40:14.868 +05:30 [INF] Request finished HTTP/1.1 GET http://localhost:5279/ - - - 200 - text/html;+charset=utf-8 374.8118ms
2023-08-02 20:40:14.883 +05:30 [INF] Request starting HTTP/1.1 GET http://localhost:5279/Scripts/jquery.validate.min.js - -
2023-08-02 20:40:14.884 +05:30 [INF] Request starting HTTP/1.1 GET http://localhost:5279/Scripts/jquery-3.6.0.min.js - -
2023-08-02 20:40:14.886 +05:30 [INF] Request starting HTTP/1.1 GET http://localhost:5279/Scripts/jquery.validate.unobtrusive.min.js - -
2023-08-02 20:40:14.888 +05:30 [INF] Cookies was not authenticated. Failure message: Ticket expired
2023-08-02 20:40:14.888 +05:30 [INF] Cookies was not authenticated. Failure message: Ticket expired
2023-08-02 20:40:14.889 +05:30 [INF] Request finished HTTP/1.1 GET http://localhost:5279/Scripts/jquery.validate.min.js - - - 404 0 - 6.0166ms
2023-08-02 20:40:14.889 +05:30 [INF] Request finished HTTP/1.1 GET http://localhost:5279/Scripts/jquery-3.6.0.min.js - - - 404 0 - 4.6640ms
2023-08-02 20:40:14.890 +05:30 [INF] Cookies was not authenticated. Failure message: Ticket expired
2023-08-02 20:40:14.890 +05:30 [INF] Request finished HTTP/1.1 GET http://localhost:5279/Scripts/jquery.validate.unobtrusive.min.js - - - 404 0 - 4.2065ms
2023-08-02 20:40:14.905 +05:30 [INF] Request starting HTTP/1.1 GET http://localhost:5279/_framework/aspnetcore-browser-refresh.js - -
2023-08-02 20:40:14.911 +05:30 [INF] Request finished HTTP/1.1 GET http://localhost:5279/_framework/aspnetcore-browser-refresh.js - - - 200 11966 application/javascript;+charset=utf-8 6.0203ms
2023-08-02 20:40:22.194 +05:30 [INF] Request starting HTTP/1.1 GET http://localhost:5279/Account/Login - -
2023-08-02 20:40:22.200 +05:30 [INF] Cookies was not authenticated. Failure message: Ticket expired
2023-08-02 20:40:22.200 +05:30 [INF] Executing endpoint 'ELMSApplication.Controllers.AccountController.Login (ELMSApplication)'
2023-08-02 20:40:22.203 +05:30 [INF] Route matched with {action = "Login", controller = "Account"}. Executing controller action with signature Microsoft.AspNetCore.Mvc.IActionResult Login() on controller ELMSApplication.Controllers.AccountController (ELMSApplication).
2023-08-02 20:40:22.205 +05:30 [INF] Executing ViewResult, running view Login.
2023-08-02 20:40:22.269 +05:30 [INF] Executed ViewResult - view Login executed in 64.6143ms.
2023-08-02 20:40:22.269 +05:30 [INF] Executed action ELMSApplication.Controllers.AccountController.Login (ELMSApplication) in 66.5698ms
2023-08-02 20:40:22.270 +05:30 [INF] Executed endpoint 'ELMSApplication.Controllers.AccountController.Login (ELMSApplication)'
2023-08-02 20:40:22.270 +05:30 [INF] Request finished HTTP/1.1 GET http://localhost:5279/Account/Login - - - 200 - text/html;+charset=utf-8 75.9509ms
2023-08-02 20:40:22.309 +05:30 [INF] Request starting HTTP/1.1 GET http://localhost:5279/Scripts/jquery-3.6.0.min.js - -
2023-08-02 20:40:22.309 +05:30 [INF] Request starting HTTP/1.1 GET http://localhost:5279/Scripts/jquery.validate.min.js - -
2023-08-02 20:40:22.309 +05:30 [INF] Request starting HTTP/1.1 GET http://localhost:5279/Scripts/jquery.validate.unobtrusive.min.js - -
2023-08-02 20:40:22.310 +05:30 [INF] Cookies was not authenticated. Failure message: Ticket expired
2023-08-02 20:40:22.310 +05:30 [INF] Cookies was not authenticated. Failure message: Ticket expired
2023-08-02 20:40:22.310 +05:30 [INF] Cookies was not authenticated. Failure message: Ticket expired
2023-08-02 20:40:22.311 +05:30 [INF] Request finished HTTP/1.1 GET http://localhost:5279/Scripts/jquery.validate.unobtrusive.min.js - - - 404 0 - 1.1039ms
2023-08-02 20:40:22.311 +05:30 [INF] Request finished HTTP/1.1 GET http://localhost:5279/Scripts/jquery-3.6.0.min.js - - - 404 0 - 1.4059ms
2023-08-02 20:40:22.311 +05:30 [INF] Request finished HTTP/1.1 GET http://localhost:5279/Scripts/jquery.validate.min.js - - - 404 0 - 1.2661ms
2023-08-02 20:40:22.366 +05:30 [INF] Request starting HTTP/1.1 GET http://localhost:5279/_framework/aspnetcore-browser-refresh.js - -
2023-08-02 20:40:22.367 +05:30 [INF] Request finished HTTP/1.1 GET http://localhost:5279/_framework/aspnetcore-browser-refresh.js - - - 200 11966 application/javascript;+charset=utf-8 0.7393ms
2023-08-02 20:40:33.005 +05:30 [INF] Request starting HTTP/1.1 POST http://localhost:5279/Account/Login application/x-www-form-urlencoded 240
2023-08-02 20:40:33.006 +05:30 [INF] Cookies was not authenticated. Failure message: Ticket expired
2023-08-02 20:40:33.006 +05:30 [INF] Executing endpoint 'ELMSApplication.Controllers.AccountController.Login (ELMSApplication)'
2023-08-02 20:40:33.040 +05:30 [INF] Route matched with {action = "Login", controller = "Account"}. Executing controller action with signature System.Threading.Tasks.Task`1[Microsoft.AspNetCore.Mvc.IActionResult] Login(ELMSApplication.Employee) on controller ELMSApplication.Controllers.AccountController (ELMSApplication).
2023-08-02 20:40:33.732 +05:30 [INF] Accessing expired session, Key:9949542c-adcf-11ca-b9f9-337d04e41e3e
2023-08-02 20:40:33.740 +05:30 [INF] AuthenticationScheme: Cookies signed in.
2023-08-02 20:40:33.754 +05:30 [INF] Executing RedirectResult, redirecting to /Leave.
2023-08-02 20:40:33.757 +05:30 [INF] Executed action ELMSApplication.Controllers.AccountController.Login (ELMSApplication) in 716.8484ms
2023-08-02 20:40:33.758 +05:30 [INF] Executed endpoint 'ELMSApplication.Controllers.AccountController.Login (ELMSApplication)'
2023-08-02 20:40:33.760 +05:30 [INF] Session started; Key:9949542c-adcf-11ca-b9f9-337d04e41e3e, Id:c28e40e2-d63f-48ff-455f-0412354dea5d
2023-08-02 20:40:33.764 +05:30 [INF] Request finished HTTP/1.1 POST http://localhost:5279/Account/Login application/x-www-form-urlencoded 240 - 302 0 - 758.0977ms
2023-08-02 20:40:33.768 +05:30 [INF] Request starting HTTP/1.1 GET http://localhost:5279/Leave - -
2023-08-02 20:40:33.780 +05:30 [INF] Executing endpoint 'ELMSApplication.Controllers.LeaveController.Index (ELMSApplication)'
2023-08-02 20:40:33.787 +05:30 [INF] Route matched with {action = "Index", controller = "Leave"}. Executing controller action with signature System.Threading.Tasks.Task`1[Microsoft.AspNetCore.Mvc.IActionResult] Index() on controller ELMSApplication.Controllers.LeaveController (ELMSApplication).
2023-08-02 20:40:35.340 +05:30 [INF] Executed DbCommand (85ms) [Parameters=[], CommandType='"Text"', CommandTimeout='30']
SELECT [l].[LeaveId], [l].[EmployeeId], [l].[EndDate], [l].[LeaveType], [l].[StartDate], [l].[Status]
FROM [Leave] AS [l]
2023-08-02 20:40:35.449 +05:30 [INF] Executing ViewResult, running view Index.
2023-08-02 20:40:35.494 +05:30 [INF] Executed ViewResult - view Index executed in 45.7479ms.
2023-08-02 20:40:35.494 +05:30 [INF] Executed action ELMSApplication.Controllers.LeaveController.Index (ELMSApplication) in 1707.1683ms
2023-08-02 20:40:35.494 +05:30 [INF] Executed endpoint 'ELMSApplication.Controllers.LeaveController.Index (ELMSApplication)'
2023-08-02 20:40:35.500 +05:30 [INF] Request finished HTTP/1.1 GET http://localhost:5279/Leave - - - 200 - text/html;+charset=utf-8 1732.1053ms
2023-08-02 20:40:35.528 +05:30 [INF] Request starting HTTP/1.1 GET http://localhost:5279/Scripts/jquery-3.6.0.min.js - -
2023-08-02 20:40:35.529 +05:30 [INF] Request finished HTTP/1.1 GET http://localhost:5279/Scripts/jquery-3.6.0.min.js - - - 404 0 - 1.3615ms
2023-08-02 20:40:35.531 +05:30 [INF] Request starting HTTP/1.1 GET http://localhost:5279/Scripts/jquery.validate.min.js - -
2023-08-02 20:40:35.532 +05:30 [INF] Request finished HTTP/1.1 GET http://localhost:5279/Scripts/jquery.validate.min.js - - - 404 0 - 0.8815ms
2023-08-02 20:40:35.544 +05:30 [INF] Request starting HTTP/1.1 GET http://localhost:5279/Scripts/jquery.validate.unobtrusive.min.js - -
2023-08-02 20:40:35.545 +05:30 [INF] Request finished HTTP/1.1 GET http://localhost:5279/Scripts/jquery.validate.unobtrusive.min.js - - - 404 0 - 0.6644ms
2023-08-02 20:40:35.589 +05:30 [INF] Request starting HTTP/1.1 GET http://localhost:5279/_framework/aspnetcore-browser-refresh.js - -
2023-08-02 20:40:35.589 +05:30 [INF] Request finished HTTP/1.1 GET http://localhost:5279/_framework/aspnetcore-browser-refresh.js - - - 200 11966 application/javascript;+charset=utf-8 0.4077ms
