2023-05-29 10:41:19.456 +05:30 [INF] User profile is available. Using 'C:\Users\skart\AppData\Local\ASP.NET\DataProtection-Keys' as key repository and Windows DPAPI to encrypt keys at rest.
2023-05-29 10:41:19.950 +05:30 [INF] Now listening on: http://localhost:5279
2023-05-29 10:41:19.956 +05:30 [INF] Application started. Press Ctrl+C to shut down.
2023-05-29 10:41:19.957 +05:30 [INF] Hosting environment: Development
2023-05-29 10:41:19.957 +05:30 [INF] Content root path: C:\Users\skart\ELMSApplication\ELMSApplication
2023-05-29 12:13:59.606 +05:30 [INF] User profile is available. Using 'C:\Users\skart\AppData\Local\ASP.NET\DataProtection-Keys' as key repository and Windows DPAPI to encrypt keys at rest.
2023-05-29 12:13:59.733 +05:30 [INF] Now listening on: http://localhost:5279
2023-05-29 12:13:59.741 +05:30 [INF] Application started. Press Ctrl+C to shut down.
2023-05-29 12:13:59.742 +05:30 [INF] Hosting environment: Development
2023-05-29 12:13:59.742 +05:30 [INF] Content root path: C:\Users\skart\ELMSApplication\ELMSApplication
2023-05-29 12:14:01.548 +05:30 [INF] Request starting HTTP/1.1 GET http://localhost:5279/ - -
2023-05-29 12:14:01.621 +05:30 [WRN] Failed to determine the https port for redirect.
2023-05-29 12:14:01.725 +05:30 [INF] Cookies was not authenticated. Failure message: Ticket expired
2023-05-29 12:14:01.737 +05:30 [INF] Executing endpoint 'ELMSApplication.Controllers.HomeController.Index (ELMSApplication)'
2023-05-29 12:14:01.757 +05:30 [INF] Executed endpoint 'ELMSApplication.Controllers.HomeController.Index (ELMSApplication)'
2023-05-29 12:14:01.951 +05:30 [ERR] An unhandled exception has occurred while executing the request.
System.InvalidOperationException: No service for type 'ELMSApplication.Filter.ExceptionLogFilter' has been registered.
   at Microsoft.Extensions.DependencyInjection.ServiceProviderServiceExtensions.GetRequiredService(IServiceProvider provider, Type serviceType)
   at Microsoft.AspNetCore.Mvc.ServiceFilterAttribute.CreateInstance(IServiceProvider serviceProvider)
   at Microsoft.AspNetCore.Mvc.Filters.DefaultFilterProvider.ProvideFilter(FilterProviderContext context, FilterItem filterItem)
   at Microsoft.AspNetCore.Mvc.Filters.DefaultFilterProvider.OnProvidersExecuting(FilterProviderContext context)
   at Microsoft.AspNetCore.Mvc.Filters.FilterFactory.CreateUncachedFiltersCore(IFilterProvider[] filterProviders, ActionContext actionContext, List`1 filterItems)
   at Microsoft.AspNetCore.Mvc.Filters.FilterFactory.GetAllFilters(IFilterProvider[] filterProviders, ActionContext actionContext)
   at Microsoft.AspNetCore.Mvc.Infrastructure.ControllerActionInvokerCache.GetCachedResult(ControllerContext controllerContext)
   at Microsoft.AspNetCore.Mvc.Routing.ControllerRequestDelegateFactory.<>c__DisplayClass12_0.<CreateRequestDelegate>b__0(HttpContext context)
   at Microsoft.AspNetCore.Routing.EndpointMiddleware.Invoke(HttpContext httpContext)
--- End of stack trace from previous location ---
   at Microsoft.AspNetCore.Session.SessionMiddleware.Invoke(HttpContext context)
   at Microsoft.AspNetCore.Session.SessionMiddleware.Invoke(HttpContext context)
   at Microsoft.AspNetCore.Authorization.AuthorizationMiddleware.Invoke(HttpContext context)
   at Microsoft.AspNetCore.Authentication.AuthenticationMiddleware.Invoke(HttpContext context)
   at Microsoft.AspNetCore.Diagnostics.DeveloperExceptionPageMiddlewareImpl.Invoke(HttpContext context)
2023-05-29 12:14:02.312 +05:30 [INF] Request finished HTTP/1.1 GET http://localhost:5279/ - - - 500 - text/html;+charset=utf-8 770.0695ms
2023-05-29 12:14:02.338 +05:30 [INF] Request starting HTTP/1.1 GET http://localhost:5279/_framework/aspnetcore-browser-refresh.js - -
2023-05-29 12:14:02.341 +05:30 [INF] Request finished HTTP/1.1 GET http://localhost:5279/_framework/aspnetcore-browser-refresh.js - - - 200 11966 application/javascript;+charset=utf-8 3.0164ms
2023-05-29 12:22:50.718 +05:30 [INF] User profile is available. Using 'C:\Users\skart\AppData\Local\ASP.NET\DataProtection-Keys' as key repository and Windows DPAPI to encrypt keys at rest.
2023-05-29 12:22:50.842 +05:30 [INF] Now listening on: http://localhost:5279
2023-05-29 12:22:50.854 +05:30 [INF] Application started. Press Ctrl+C to shut down.
2023-05-29 12:22:50.855 +05:30 [INF] Hosting environment: Development
2023-05-29 12:22:50.855 +05:30 [INF] Content root path: C:\Users\skart\ELMSApplication\ELMSApplication
2023-05-29 12:22:59.574 +05:30 [INF] Request starting HTTP/1.1 GET http://localhost:5279/ - -
2023-05-29 12:22:59.609 +05:30 [WRN] Failed to determine the https port for redirect.
2023-05-29 12:22:59.724 +05:30 [INF] Executing endpoint 'ELMSApplication.Controllers.HomeController.Index (ELMSApplication)'
2023-05-29 12:22:59.727 +05:30 [INF] Executed endpoint 'ELMSApplication.Controllers.HomeController.Index (ELMSApplication)'
2023-05-29 12:22:59.748 +05:30 [ERR] An unhandled exception has occurred while executing the request.
System.InvalidOperationException: No service for type 'ELMSApplication.Filter.ExceptionLogFilter' has been registered.
   at Microsoft.Extensions.DependencyInjection.ServiceProviderServiceExtensions.GetRequiredService(IServiceProvider provider, Type serviceType)
   at Microsoft.AspNetCore.Mvc.ServiceFilterAttribute.CreateInstance(IServiceProvider serviceProvider)
   at Microsoft.AspNetCore.Mvc.Filters.DefaultFilterProvider.ProvideFilter(FilterProviderContext context, FilterItem filterItem)
   at Microsoft.AspNetCore.Mvc.Filters.DefaultFilterProvider.OnProvidersExecuting(FilterProviderContext context)
   at Microsoft.AspNetCore.Mvc.Filters.FilterFactory.CreateUncachedFiltersCore(IFilterProvider[] filterProviders, ActionContext actionContext, List`1 filterItems)
   at Microsoft.AspNetCore.Mvc.Filters.FilterFactory.GetAllFilters(IFilterProvider[] filterProviders, ActionContext actionContext)
   at Microsoft.AspNetCore.Mvc.Infrastructure.ControllerActionInvokerCache.GetCachedResult(ControllerContext controllerContext)
   at Microsoft.AspNetCore.Mvc.Routing.ControllerRequestDelegateFactory.<>c__DisplayClass12_0.<CreateRequestDelegate>b__0(HttpContext context)
   at Microsoft.AspNetCore.Routing.EndpointMiddleware.Invoke(HttpContext httpContext)
--- End of stack trace from previous location ---
   at Microsoft.AspNetCore.Session.SessionMiddleware.Invoke(HttpContext context)
   at Microsoft.AspNetCore.Session.SessionMiddleware.Invoke(HttpContext context)
   at Microsoft.AspNetCore.Authorization.AuthorizationMiddleware.Invoke(HttpContext context)
   at Microsoft.AspNetCore.Authentication.AuthenticationMiddleware.Invoke(HttpContext context)
   at Microsoft.AspNetCore.Diagnostics.DeveloperExceptionPageMiddlewareImpl.Invoke(HttpContext context)
2023-05-29 12:22:59.797 +05:30 [INF] Request finished HTTP/1.1 GET http://localhost:5279/ - - - 500 - text/html;+charset=utf-8 231.8843ms
2023-05-29 12:24:33.856 +05:30 [INF] User profile is available. Using 'C:\Users\skart\AppData\Local\ASP.NET\DataProtection-Keys' as key repository and Windows DPAPI to encrypt keys at rest.
2023-05-29 12:24:33.983 +05:30 [INF] Now listening on: http://localhost:5279
2023-05-29 12:24:33.986 +05:30 [INF] Application started. Press Ctrl+C to shut down.
2023-05-29 12:24:33.986 +05:30 [INF] Hosting environment: Development
2023-05-29 12:24:33.986 +05:30 [INF] Content root path: C:\Users\skart\ELMSApplication\ELMSApplication
2023-05-29 12:24:34.467 +05:30 [INF] Request starting HTTP/1.1 GET http://localhost:5279/ - -
2023-05-29 12:24:34.501 +05:30 [WRN] Failed to determine the https port for redirect.
2023-05-29 12:24:34.590 +05:30 [INF] Executing endpoint 'ELMSApplication.Controllers.HomeController.Index (ELMSApplication)'
2023-05-29 12:24:34.597 +05:30 [INF] Executed endpoint 'ELMSApplication.Controllers.HomeController.Index (ELMSApplication)'
2023-05-29 12:24:34.670 +05:30 [ERR] An unhandled exception has occurred while executing the request.
System.InvalidOperationException: No service for type 'ELMSApplication.Filter.ExceptionLogFilter' has been registered.
   at Microsoft.Extensions.DependencyInjection.ServiceProviderServiceExtensions.GetRequiredService(IServiceProvider provider, Type serviceType)
   at Microsoft.AspNetCore.Mvc.ServiceFilterAttribute.CreateInstance(IServiceProvider serviceProvider)
   at Microsoft.AspNetCore.Mvc.Filters.DefaultFilterProvider.ProvideFilter(FilterProviderContext context, FilterItem filterItem)
   at Microsoft.AspNetCore.Mvc.Filters.DefaultFilterProvider.OnProvidersExecuting(FilterProviderContext context)
   at Microsoft.AspNetCore.Mvc.Filters.FilterFactory.CreateUncachedFiltersCore(IFilterProvider[] filterProviders, ActionContext actionContext, List`1 filterItems)
   at Microsoft.AspNetCore.Mvc.Filters.FilterFactory.GetAllFilters(IFilterProvider[] filterProviders, ActionContext actionContext)
   at Microsoft.AspNetCore.Mvc.Infrastructure.ControllerActionInvokerCache.GetCachedResult(ControllerContext controllerContext)
   at Microsoft.AspNetCore.Mvc.Routing.ControllerRequestDelegateFactory.<>c__DisplayClass12_0.<CreateRequestDelegate>b__0(HttpContext context)
   at Microsoft.AspNetCore.Routing.EndpointMiddleware.Invoke(HttpContext httpContext)
--- End of stack trace from previous location ---
   at Microsoft.AspNetCore.Session.SessionMiddleware.Invoke(HttpContext context)
   at Microsoft.AspNetCore.Session.SessionMiddleware.Invoke(HttpContext context)
   at Microsoft.AspNetCore.Authorization.AuthorizationMiddleware.Invoke(HttpContext context)
   at Microsoft.AspNetCore.Authentication.AuthenticationMiddleware.Invoke(HttpContext context)
   at Microsoft.AspNetCore.Diagnostics.DeveloperExceptionPageMiddlewareImpl.Invoke(HttpContext context)
2023-05-29 12:24:34.772 +05:30 [INF] Request finished HTTP/1.1 GET http://localhost:5279/ - - - 500 - text/html;+charset=utf-8 308.0447ms
2023-05-29 12:24:34.804 +05:30 [INF] Request starting HTTP/1.1 GET http://localhost:5279/_framework/aspnetcore-browser-refresh.js - -
2023-05-29 12:24:34.806 +05:30 [INF] Request finished HTTP/1.1 GET http://localhost:5279/_framework/aspnetcore-browser-refresh.js - - - 200 11966 application/javascript;+charset=utf-8 2.6435ms
2023-05-29 12:27:37.125 +05:30 [INF] Request starting HTTP/1.1 GET http://localhost:5279/ - -
2023-05-29 12:27:37.132 +05:30 [INF] Executing endpoint 'ELMSApplication.Controllers.HomeController.Index (ELMSApplication)'
2023-05-29 12:27:37.132 +05:30 [INF] Executed endpoint 'ELMSApplication.Controllers.HomeController.Index (ELMSApplication)'
2023-05-29 12:27:37.136 +05:30 [ERR] An unhandled exception has occurred while executing the request.
System.InvalidOperationException: No service for type 'ELMSApplication.Filter.ExceptionLogFilter' has been registered.
   at Microsoft.Extensions.DependencyInjection.ServiceProviderServiceExtensions.GetRequiredService(IServiceProvider provider, Type serviceType)
   at Microsoft.AspNetCore.Mvc.ServiceFilterAttribute.CreateInstance(IServiceProvider serviceProvider)
   at Microsoft.AspNetCore.Mvc.Filters.DefaultFilterProvider.ProvideFilter(FilterProviderContext context, FilterItem filterItem)
   at Microsoft.AspNetCore.Mvc.Filters.DefaultFilterProvider.OnProvidersExecuting(FilterProviderContext context)
   at Microsoft.AspNetCore.Mvc.Filters.FilterFactory.CreateUncachedFiltersCore(IFilterProvider[] filterProviders, ActionContext actionContext, List`1 filterItems)
   at Microsoft.AspNetCore.Mvc.Filters.FilterFactory.GetAllFilters(IFilterProvider[] filterProviders, ActionContext actionContext)
   at Microsoft.AspNetCore.Mvc.Infrastructure.ControllerActionInvokerCache.GetCachedResult(ControllerContext controllerContext)
   at Microsoft.AspNetCore.Mvc.Routing.ControllerRequestDelegateFactory.<>c__DisplayClass12_0.<CreateRequestDelegate>b__0(HttpContext context)
   at Microsoft.AspNetCore.Routing.EndpointMiddleware.Invoke(HttpContext httpContext)
--- End of stack trace from previous location ---
   at Microsoft.AspNetCore.Session.SessionMiddleware.Invoke(HttpContext context)
   at Microsoft.AspNetCore.Session.SessionMiddleware.Invoke(HttpContext context)
   at Microsoft.AspNetCore.Authorization.AuthorizationMiddleware.Invoke(HttpContext context)
   at Microsoft.AspNetCore.Authentication.AuthenticationMiddleware.Invoke(HttpContext context)
   at Microsoft.AspNetCore.Diagnostics.DeveloperExceptionPageMiddlewareImpl.Invoke(HttpContext context)
2023-05-29 12:27:37.143 +05:30 [INF] Request finished HTTP/1.1 GET http://localhost:5279/ - - - 500 - text/html;+charset=utf-8 17.8722ms
2023-05-29 12:27:37.160 +05:30 [INF] Request starting HTTP/1.1 GET http://localhost:5279/_framework/aspnetcore-browser-refresh.js - -
2023-05-29 12:27:37.160 +05:30 [INF] Request finished HTTP/1.1 GET http://localhost:5279/_framework/aspnetcore-browser-refresh.js - - - 200 11966 application/javascript;+charset=utf-8 0.4966ms
2023-05-29 12:28:08.903 +05:30 [INF] User profile is available. Using 'C:\Users\skart\AppData\Local\ASP.NET\DataProtection-Keys' as key repository and Windows DPAPI to encrypt keys at rest.
2023-05-29 12:28:09.020 +05:30 [INF] Now listening on: http://localhost:5279
2023-05-29 12:28:09.026 +05:30 [INF] Application started. Press Ctrl+C to shut down.
2023-05-29 12:28:09.026 +05:30 [INF] Hosting environment: Development
2023-05-29 12:28:09.026 +05:30 [INF] Content root path: C:\Users\skart\ELMSApplication\ELMSApplication
2023-05-29 12:28:09.465 +05:30 [INF] Request starting HTTP/1.1 GET http://localhost:5279/ - -
2023-05-29 12:28:09.501 +05:30 [WRN] Failed to determine the https port for redirect.
2023-05-29 12:28:09.590 +05:30 [INF] Executing endpoint 'ELMSApplication.Controllers.HomeController.Index (ELMSApplication)'
2023-05-29 12:28:09.672 +05:30 [INF] Route matched with {action = "Index", controller = "Home"}. Executing controller action with signature Microsoft.AspNetCore.Mvc.IActionResult Index() on controller ELMSApplication.Controllers.HomeController (ELMSApplication).
2023-05-29 12:28:11.855 +05:30 [ERR] An error occued while accessing the web API
System.Net.Internals.SocketExceptionFactory+ExtendedSocketException (10061): No connection could be made because the target machine actively refused it. [::ffff:127.0.0.1]:8080
   at System.Net.Sockets.Socket.DoConnect(EndPoint endPointSnapshot, SocketAddress socketAddress)
   at System.Net.Sockets.Socket.Connect(EndPoint remoteEP)
   at System.Net.Sockets.Socket.Connect(String host, Int32 port)
   at System.Net.Sockets.TcpClient.Connect(String hostname, Int32 port)
   at ELMSApplication.Controllers.HomeController.Index() in C:\Users\skart\ELMSApplication\ELMSApplication\Controllers\HomeController.cs:line 26
   at lambda_method1(Closure, Object, Object[])
   at Microsoft.AspNetCore.Mvc.Infrastructure.ActionMethodExecutor.SyncActionResultExecutor.Execute(ActionContext actionContext, IActionResultTypeMapper mapper, ObjectMethodExecutor executor, Object controller, Object[] arguments)
   at Microsoft.AspNetCore.Mvc.Infrastructure.ControllerActionInvoker.InvokeActionMethodAsync()
   at Microsoft.AspNetCore.Mvc.Infrastructure.ControllerActionInvoker.Next(State& next, Scope& scope, Object& state, Boolean& isCompleted)
   at Microsoft.AspNetCore.Mvc.Infrastructure.ControllerActionInvoker.InvokeNextActionFilterAsync()
--- End of stack trace from previous location ---
   at Microsoft.AspNetCore.Mvc.Infrastructure.ControllerActionInvoker.Rethrow(ActionExecutedContextSealed context)
   at Microsoft.AspNetCore.Mvc.Infrastructure.ControllerActionInvoker.Next(State& next, Scope& scope, Object& state, Boolean& isCompleted)
   at Microsoft.AspNetCore.Mvc.Infrastructure.ControllerActionInvoker.InvokeInnerFilterAsync()
--- End of stack trace from previous location ---
   at Microsoft.AspNetCore.Mvc.Infrastructure.ResourceInvoker.<InvokeNextExceptionFilterAsync>g__Awaited|26_0(ResourceInvoker invoker, Task lastTask, State next, Scope scope, Object state, Boolean isCompleted)
2023-05-29 12:28:11.913 +05:30 [INF] Executing ViewResult, running view Error.
2023-05-29 12:28:12.009 +05:30 [INF] Executed action ELMSApplication.Controllers.HomeController.Index (ELMSApplication) in 2332.2539ms
2023-05-29 12:28:12.022 +05:30 [INF] Executed endpoint 'ELMSApplication.Controllers.HomeController.Index (ELMSApplication)'
2023-05-29 12:28:12.086 +05:30 [ERR] An unhandled exception has occurred while executing the request.
System.NullReferenceException: Object reference not set to an instance of an object.
   at AspNetCoreGeneratedDocument.Views_Shared_Error.ExecuteAsync() in C:\Users\skart\ELMSApplication\ELMSApplication\Views\Shared\Error.cshtml:line 9
   at Microsoft.AspNetCore.Mvc.Razor.RazorView.RenderPageCoreAsync(IRazorPage page, ViewContext context)
   at Microsoft.AspNetCore.Mvc.Razor.RazorView.RenderPageAsync(IRazorPage page, ViewContext context, Boolean invokeViewStarts)
   at Microsoft.AspNetCore.Mvc.Razor.RazorView.RenderAsync(ViewContext context)
   at Microsoft.AspNetCore.Mvc.ViewFeatures.ViewExecutor.ExecuteAsync(ViewContext viewContext, String contentType, Nullable`1 statusCode)
   at Microsoft.AspNetCore.Mvc.ViewFeatures.ViewExecutor.ExecuteAsync(ViewContext viewContext, String contentType, Nullable`1 statusCode)
   at Microsoft.AspNetCore.Mvc.ViewFeatures.ViewExecutor.ExecuteAsync(ActionContext actionContext, IView view, ViewDataDictionary viewData, ITempDataDictionary tempData, String contentType, Nullable`1 statusCode)
   at Microsoft.AspNetCore.Mvc.ViewFeatures.ViewResultExecutor.ExecuteAsync(ActionContext context, ViewResult result)
   at Microsoft.AspNetCore.Mvc.ViewResult.ExecuteResultAsync(ActionContext context)
   at Microsoft.AspNetCore.Mvc.Infrastructure.ResourceInvoker.<InvokeAlwaysRunResultFilters>g__Awaited|27_0(ResourceInvoker invoker, Task lastTask, State next, Scope scope, Object state, Boolean isCompleted)
   at Microsoft.AspNetCore.Mvc.Infrastructure.ResourceInvoker.<InvokeNextResourceFilter>g__Awaited|25_0(ResourceInvoker invoker, Task lastTask, State next, Scope scope, Object state, Boolean isCompleted)
   at Microsoft.AspNetCore.Mvc.Infrastructure.ResourceInvoker.Rethrow(ResourceExecutedContextSealed context)
   at Microsoft.AspNetCore.Mvc.Infrastructure.ResourceInvoker.Next(State& next, Scope& scope, Object& state, Boolean& isCompleted)
   at Microsoft.AspNetCore.Mvc.Infrastructure.ResourceInvoker.InvokeFilterPipelineAsync()
--- End of stack trace from previous location ---
   at Microsoft.AspNetCore.Mvc.Infrastructure.ResourceInvoker.<InvokeAsync>g__Logged|17_1(ResourceInvoker invoker)
   at Microsoft.AspNetCore.Mvc.Infrastructure.ResourceInvoker.<InvokeAsync>g__Logged|17_1(ResourceInvoker invoker)
   at Microsoft.AspNetCore.Routing.EndpointMiddleware.<Invoke>g__AwaitRequestTask|6_0(Endpoint endpoint, Task requestTask, ILogger logger)
   at Microsoft.AspNetCore.Session.SessionMiddleware.Invoke(HttpContext context)
   at Microsoft.AspNetCore.Session.SessionMiddleware.Invoke(HttpContext context)
   at Microsoft.AspNetCore.Authorization.AuthorizationMiddleware.Invoke(HttpContext context)
   at Microsoft.AspNetCore.Authentication.AuthenticationMiddleware.Invoke(HttpContext context)
   at Microsoft.AspNetCore.Diagnostics.DeveloperExceptionPageMiddlewareImpl.Invoke(HttpContext context)
2023-05-29 12:28:12.212 +05:30 [INF] Request finished HTTP/1.1 GET http://localhost:5279/ - - - 500 - text/html;+charset=utf-8 2752.9306ms
2023-05-29 12:28:12.235 +05:30 [INF] Request starting HTTP/1.1 GET http://localhost:5279/_framework/aspnetcore-browser-refresh.js - -
2023-05-29 12:28:12.237 +05:30 [INF] Request finished HTTP/1.1 GET http://localhost:5279/_framework/aspnetcore-browser-refresh.js - - - 200 11966 application/javascript;+charset=utf-8 3.3053ms
2023-05-29 12:41:47.313 +05:30 [INF] User profile is available. Using 'C:\Users\skart\AppData\Local\ASP.NET\DataProtection-Keys' as key repository and Windows DPAPI to encrypt keys at rest.
2023-05-29 12:41:47.418 +05:30 [INF] Now listening on: http://localhost:5279
2023-05-29 12:41:47.421 +05:30 [INF] Application started. Press Ctrl+C to shut down.
2023-05-29 12:41:47.422 +05:30 [INF] Hosting environment: Development
2023-05-29 12:41:47.422 +05:30 [INF] Content root path: C:\Users\skart\ELMSApplication\ELMSApplication
2023-05-29 12:41:47.968 +05:30 [INF] Request starting HTTP/1.1 GET http://localhost:5279/ - -
2023-05-29 12:41:48.006 +05:30 [WRN] Failed to determine the https port for redirect.
2023-05-29 12:41:48.110 +05:30 [INF] Executing endpoint 'ELMSApplication.Controllers.HomeController.Index (ELMSApplication)'
2023-05-29 12:41:48.174 +05:30 [INF] Route matched with {action = "Index", controller = "Home"}. Executing controller action with signature Microsoft.AspNetCore.Mvc.IActionResult Index() on controller ELMSApplication.Controllers.HomeController (ELMSApplication).
2023-05-29 12:41:50.234 +05:30 [ERR] An error occued while accessing the web API
System.Net.Internals.SocketExceptionFactory+ExtendedSocketException (10061): No connection could be made because the target machine actively refused it. [::ffff:127.0.0.1]:8080
   at System.Net.Sockets.Socket.DoConnect(EndPoint endPointSnapshot, SocketAddress socketAddress)
   at System.Net.Sockets.Socket.Connect(EndPoint remoteEP)
   at System.Net.Sockets.Socket.Connect(String host, Int32 port)
   at System.Net.Sockets.TcpClient.Connect(String hostname, Int32 port)
   at ELMSApplication.Controllers.HomeController.Index() in C:\Users\skart\ELMSApplication\ELMSApplication\Controllers\HomeController.cs:line 26
   at lambda_method1(Closure, Object, Object[])
   at Microsoft.AspNetCore.Mvc.Infrastructure.ActionMethodExecutor.SyncActionResultExecutor.Execute(ActionContext actionContext, IActionResultTypeMapper mapper, ObjectMethodExecutor executor, Object controller, Object[] arguments)
   at Microsoft.AspNetCore.Mvc.Infrastructure.ControllerActionInvoker.InvokeActionMethodAsync()
   at Microsoft.AspNetCore.Mvc.Infrastructure.ControllerActionInvoker.Next(State& next, Scope& scope, Object& state, Boolean& isCompleted)
   at Microsoft.AspNetCore.Mvc.Infrastructure.ControllerActionInvoker.InvokeNextActionFilterAsync()
--- End of stack trace from previous location ---
   at Microsoft.AspNetCore.Mvc.Infrastructure.ControllerActionInvoker.Rethrow(ActionExecutedContextSealed context)
   at Microsoft.AspNetCore.Mvc.Infrastructure.ControllerActionInvoker.Next(State& next, Scope& scope, Object& state, Boolean& isCompleted)
   at Microsoft.AspNetCore.Mvc.Infrastructure.ControllerActionInvoker.InvokeInnerFilterAsync()
--- End of stack trace from previous location ---
   at Microsoft.AspNetCore.Mvc.Infrastructure.ResourceInvoker.<InvokeNextExceptionFilterAsync>g__Awaited|26_0(ResourceInvoker invoker, Task lastTask, State next, Scope scope, Object state, Boolean isCompleted)
2023-05-29 12:41:50.255 +05:30 [INF] Executing ViewResult, running view Error.
2023-05-29 12:41:50.656 +05:30 [INF] Executed ViewResult - view Error executed in 395.2575ms.
2023-05-29 12:41:50.659 +05:30 [INF] Executed action ELMSApplication.Controllers.HomeController.Index (ELMSApplication) in 2484.8367ms
2023-05-29 12:41:50.659 +05:30 [INF] Executed endpoint 'ELMSApplication.Controllers.HomeController.Index (ELMSApplication)'
2023-05-29 12:41:50.664 +05:30 [INF] Request starting HTTP/1.1 GET http://localhost:5279/_framework/aspnetcore-browser-refresh.js - -
2023-05-29 12:41:50.667 +05:30 [INF] Request finished HTTP/1.1 GET http://localhost:5279/ - - - 200 - text/html;+charset=utf-8 2706.6913ms
2023-05-29 12:41:50.667 +05:30 [INF] Request finished HTTP/1.1 GET http://localhost:5279/_framework/aspnetcore-browser-refresh.js - - - 200 11966 application/javascript;+charset=utf-8 2.8007ms
2023-05-29 12:42:39.844 +05:30 [INF] Request starting HTTP/1.1 GET http://localhost:5279/ - -
2023-05-29 12:42:39.846 +05:30 [INF] Executing endpoint 'ELMSApplication.Controllers.HomeController.Index (ELMSApplication)'
2023-05-29 12:42:39.848 +05:30 [INF] Route matched with {action = "Index", controller = "Home"}. Executing controller action with signature Microsoft.AspNetCore.Mvc.IActionResult Index() on controller ELMSApplication.Controllers.HomeController (ELMSApplication).
2023-05-29 12:42:39.854 +05:30 [INF] Executing ViewResult, running view Index.
2023-05-29 12:42:40.445 +05:30 [INF] Executed ViewResult - view Index executed in 595.4967ms.
2023-05-29 12:42:40.445 +05:30 [INF] Executed action ELMSApplication.Controllers.HomeController.Index (ELMSApplication) in 596.547ms
2023-05-29 12:42:40.445 +05:30 [INF] Executed endpoint 'ELMSApplication.Controllers.HomeController.Index (ELMSApplication)'
2023-05-29 12:42:40.447 +05:30 [INF] Request finished HTTP/1.1 GET http://localhost:5279/ - - - 200 - text/html;+charset=utf-8 602.8071ms
2023-05-29 12:42:40.521 +05:30 [INF] Request starting HTTP/1.1 GET http://localhost:5279/ELMSApplication.styles.css?v=elOSKWD_5wpVMlxSFsQY-04UAvD5H845yrwkjIGX5Xg - -
2023-05-29 12:42:40.521 +05:30 [INF] Request starting HTTP/1.1 GET http://localhost:5279/Scripts/jquery-3.6.0.min.js - -
2023-05-29 12:42:40.523 +05:30 [INF] Request starting HTTP/1.1 GET http://localhost:5279/Scripts/jquery.validate.min.js - -
2023-05-29 12:42:40.526 +05:30 [INF] Request finished HTTP/1.1 GET http://localhost:5279/Scripts/jquery.validate.min.js - - - 404 0 - 2.5750ms
2023-05-29 12:42:40.526 +05:30 [INF] Request starting HTTP/1.1 GET http://localhost:5279/Scripts/jquery.validate.unobtrusive.min.js - -
2023-05-29 12:42:40.527 +05:30 [INF] Request finished HTTP/1.1 GET http://localhost:5279/Scripts/jquery.validate.unobtrusive.min.js - - - 404 0 - 0.6599ms
2023-05-29 12:42:40.548 +05:30 [INF] The file /ELMSApplication.styles.css was not modified
2023-05-29 12:42:40.549 +05:30 [INF] Request finished HTTP/1.1 GET http://localhost:5279/ELMSApplication.styles.css?v=elOSKWD_5wpVMlxSFsQY-04UAvD5H845yrwkjIGX5Xg - - - 304 - text/css 27.9850ms
2023-05-29 12:42:40.551 +05:30 [INF] Request finished HTTP/1.1 GET http://localhost:5279/Scripts/jquery-3.6.0.min.js - - - 404 0 - 29.6169ms
2023-05-29 12:42:40.636 +05:30 [INF] Request starting HTTP/1.1 GET http://localhost:5279/_framework/aspnetcore-browser-refresh.js - -
2023-05-29 12:42:40.636 +05:30 [INF] Request finished HTTP/1.1 GET http://localhost:5279/_framework/aspnetcore-browser-refresh.js - - - 200 11966 application/javascript;+charset=utf-8 0.6622ms
2023-05-29 12:42:44.496 +05:30 [INF] Request starting HTTP/1.1 GET http://localhost:5279/Account/Login - -
2023-05-29 12:42:44.497 +05:30 [INF] Executing endpoint 'ELMSApplication.Controllers.AccountController.Login (ELMSApplication)'
2023-05-29 12:42:44.498 +05:30 [INF] Route matched with {action = "Login", controller = "Account"}. Executing controller action with signature Microsoft.AspNetCore.Mvc.IActionResult Login() on controller ELMSApplication.Controllers.AccountController (ELMSApplication).
2023-05-29 12:42:44.504 +05:30 [INF] Executing ViewResult, running view Login.
2023-05-29 12:42:44.568 +05:30 [INF] Executed ViewResult - view Login executed in 67.7758ms.
2023-05-29 12:42:44.568 +05:30 [INF] Executed action ELMSApplication.Controllers.AccountController.Login (ELMSApplication) in 69.8386ms
2023-05-29 12:42:44.568 +05:30 [INF] Executed endpoint 'ELMSApplication.Controllers.AccountController.Login (ELMSApplication)'
2023-05-29 12:42:44.568 +05:30 [INF] Request finished HTTP/1.1 GET http://localhost:5279/Account/Login - - - 200 - text/html;+charset=utf-8 71.8652ms
2023-05-29 12:42:44.598 +05:30 [INF] Request starting HTTP/1.1 GET http://localhost:5279/Scripts/jquery-3.6.0.min.js - -
2023-05-29 12:42:44.604 +05:30 [INF] Request starting HTTP/1.1 GET http://localhost:5279/Scripts/jquery.validate.min.js - -
2023-05-29 12:42:44.606 +05:30 [INF] Request finished HTTP/1.1 GET http://localhost:5279/Scripts/jquery.validate.min.js - - - 404 0 - 1.5638ms
2023-05-29 12:42:44.606 +05:30 [INF] Request finished HTTP/1.1 GET http://localhost:5279/Scripts/jquery-3.6.0.min.js - - - 404 0 - 7.3689ms
2023-05-29 12:42:44.606 +05:30 [INF] Request starting HTTP/1.1 GET http://localhost:5279/Scripts/jquery.validate.unobtrusive.min.js - -
2023-05-29 12:42:44.607 +05:30 [INF] Request finished HTTP/1.1 GET http://localhost:5279/Scripts/jquery.validate.unobtrusive.min.js - - - 404 0 - 0.7485ms
2023-05-29 12:42:44.614 +05:30 [INF] Request starting HTTP/1.1 GET http://localhost:5279/_framework/aspnetcore-browser-refresh.js - -
2023-05-29 12:42:44.615 +05:30 [INF] Request finished HTTP/1.1 GET http://localhost:5279/_framework/aspnetcore-browser-refresh.js - - - 200 11966 application/javascript;+charset=utf-8 0.3042ms
2023-05-29 12:42:47.694 +05:30 [INF] Request starting HTTP/1.1 POST http://localhost:5279/Account/Login application/x-www-form-urlencoded 257
2023-05-29 12:42:47.694 +05:30 [INF] Executing endpoint 'ELMSApplication.Controllers.AccountController.Login (ELMSApplication)'
2023-05-29 12:42:47.905 +05:30 [INF] Route matched with {action = "Login", controller = "Account"}. Executing controller action with signature System.Threading.Tasks.Task`1[Microsoft.AspNetCore.Mvc.ActionResult] Login(ELMSApplication.Employee) on controller ELMSApplication.Controllers.AccountController (ELMSApplication).
2023-05-29 12:42:50.531 +05:30 [INF] AuthenticationScheme: Cookies signed in.
2023-05-29 12:42:50.554 +05:30 [INF] Executing RedirectResult, redirecting to /Leave.
2023-05-29 12:42:50.554 +05:30 [INF] Executed action ELMSApplication.Controllers.AccountController.Login (ELMSApplication) in 2648.9445ms
2023-05-29 12:42:50.554 +05:30 [INF] Executed endpoint 'ELMSApplication.Controllers.AccountController.Login (ELMSApplication)'
2023-05-29 12:42:50.567 +05:30 [INF] Session started; Key:db218b08-286b-4a57-48ee-1455d1f0cb67, Id:d1ea8e29-b6c2-3bb9-b3a3-5844f3864edc
2023-05-29 12:42:50.569 +05:30 [INF] Request finished HTTP/1.1 POST http://localhost:5279/Account/Login application/x-www-form-urlencoded 257 - 302 0 - 2875.7538ms
2023-05-29 12:42:50.578 +05:30 [INF] Request starting HTTP/1.1 GET http://localhost:5279/Leave - -
2023-05-29 12:42:50.608 +05:30 [INF] Executing endpoint 'ELMSApplication.Controllers.LeaveController.Index (ELMSApplication)'
2023-05-29 12:42:50.621 +05:30 [INF] Route matched with {action = "Index", controller = "Leave"}. Executing controller action with signature System.Threading.Tasks.Task`1[Microsoft.AspNetCore.Mvc.IActionResult] Index() on controller ELMSApplication.Controllers.LeaveController (ELMSApplication).
2023-05-29 12:42:54.678 +05:30 [INF] Executed DbCommand (280ms) [Parameters=[@__employeeId_0='?' (Size = 6)], CommandType='"Text"', CommandTimeout='30']
SELECT [l].[LeaveId], [l].[EmployeeId], [l].[EndDate], [l].[LeaveType], [l].[StartDate], [l].[Status]
FROM [Leave] AS [l]
WHERE [l].[EmployeeId] = @__employeeId_0
2023-05-29 12:42:54.783 +05:30 [INF] Executing ViewResult, running view Index.
2023-05-29 12:42:54.855 +05:30 [INF] Executed ViewResult - view Index executed in 73.5044ms.
2023-05-29 12:42:54.857 +05:30 [INF] Executed action ELMSApplication.Controllers.LeaveController.Index (ELMSApplication) in 4235.9198ms
2023-05-29 12:42:54.858 +05:30 [INF] Executed endpoint 'ELMSApplication.Controllers.LeaveController.Index (ELMSApplication)'
2023-05-29 12:42:54.885 +05:30 [INF] Request finished HTTP/1.1 GET http://localhost:5279/Leave - - - 200 - text/html;+charset=utf-8 4307.1390ms
2023-05-29 12:42:54.886 +05:30 [INF] Request starting HTTP/1.1 GET http://localhost:5279/Scripts/jquery-3.6.0.min.js - -
2023-05-29 12:42:54.886 +05:30 [INF] Request starting HTTP/1.1 GET http://localhost:5279/Scripts/jquery.validate.min.js - -
2023-05-29 12:42:54.886 +05:30 [INF] Request starting HTTP/1.1 GET http://localhost:5279/Scripts/jquery.validate.unobtrusive.min.js - -
2023-05-29 12:42:54.887 +05:30 [INF] Request finished HTTP/1.1 GET http://localhost:5279/Scripts/jquery.validate.unobtrusive.min.js - - - 404 0 - 1.0227ms
2023-05-29 12:42:54.887 +05:30 [INF] Request finished HTTP/1.1 GET http://localhost:5279/Scripts/jquery-3.6.0.min.js - - - 404 0 - 1.7780ms
2023-05-29 12:42:54.887 +05:30 [INF] Request finished HTTP/1.1 GET http://localhost:5279/Scripts/jquery.validate.min.js - - - 404 0 - 1.1734ms
2023-05-29 12:42:54.894 +05:30 [INF] Request starting HTTP/1.1 GET http://localhost:5279/_framework/aspnetcore-browser-refresh.js - -
2023-05-29 12:42:54.894 +05:30 [INF] Request finished HTTP/1.1 GET http://localhost:5279/_framework/aspnetcore-browser-refresh.js - - - 200 11966 application/javascript;+charset=utf-8 0.3523ms
