2023-06-16 22:04:53.825 +05:30 [INF] User profile is available. Using 'C:\Users\skart\AppData\Local\ASP.NET\DataProtection-Keys' as key repository and Windows DPAPI to encrypt keys at rest.
2023-06-16 22:04:54.106 +05:30 [INF] Now listening on: http://localhost:5279
2023-06-16 22:04:54.117 +05:30 [INF] Application started. Press Ctrl+C to shut down.
2023-06-16 22:04:54.117 +05:30 [INF] Hosting environment: Development
2023-06-16 22:04:54.117 +05:30 [INF] Content root path: C:\Users\skart\ELMSApplication\ELMSApplication
2023-06-16 22:04:54.736 +05:30 [INF] Request starting HTTP/1.1 GET http://localhost:5279/ - -
2023-06-16 22:04:54.868 +05:30 [WRN] Failed to determine the https port for redirect.
2023-06-16 22:04:54.952 +05:30 [INF] Executing endpoint 'ELMSApplication.Controllers.HomeController.Index (ELMSApplication)'
2023-06-16 22:04:55.011 +05:30 [INF] Route matched with {action = "Index", controller = "Home"}. Executing controller action with signature Microsoft.AspNetCore.Mvc.IActionResult Index() on controller ELMSApplication.Controllers.HomeController (ELMSApplication).
2023-06-16 22:04:55.049 +05:30 [INF] Executing ViewResult, running view Index.
2023-06-16 22:04:55.400 +05:30 [INF] Executed ViewResult - view Index executed in 358.2942ms.
2023-06-16 22:04:55.402 +05:30 [INF] Executed action ELMSApplication.Controllers.HomeController.Index (ELMSApplication) in 390.0974ms
2023-06-16 22:04:55.402 +05:30 [INF] Executed endpoint 'ELMSApplication.Controllers.HomeController.Index (ELMSApplication)'
2023-06-16 22:04:55.434 +05:30 [INF] Request finished HTTP/1.1 GET http://localhost:5279/ - - - 200 - text/html;+charset=utf-8 700.8048ms
2023-06-16 22:04:55.439 +05:30 [INF] Request starting HTTP/1.1 GET http://localhost:5279/css/site.css?v=pAGv4ietcJNk_EwsQZ5BN9-K4MuNYS2a9wl4Jw-q9D0 - -
2023-06-16 22:04:55.444 +05:30 [INF] Request starting HTTP/1.1 GET http://localhost:5279/lib/bootstrap/dist/css/bootstrap.min.css - -
2023-06-16 22:04:55.444 +05:30 [INF] Request starting HTTP/1.1 GET http://localhost:5279/ELMSApplication.styles.css?v=elOSKWD_5wpVMlxSFsQY-04UAvD5H845yrwkjIGX5Xg - -
2023-06-16 22:04:55.445 +05:30 [INF] Request starting HTTP/1.1 GET http://localhost:5279/Scripts/jquery-3.6.0.min.js - -
2023-06-16 22:04:55.445 +05:30 [INF] Request starting HTTP/1.1 GET http://localhost:5279/Scripts/jquery.validate.min.js - -
2023-06-16 22:04:55.450 +05:30 [INF] Request finished HTTP/1.1 GET http://localhost:5279/Scripts/jquery-3.6.0.min.js - - - 404 0 - 5.0792ms
2023-06-16 22:04:55.464 +05:30 [INF] Request finished HTTP/1.1 GET http://localhost:5279/Scripts/jquery.validate.min.js - - - 404 0 - 18.9117ms
2023-06-16 22:04:55.465 +05:30 [INF] Request starting HTTP/1.1 GET http://localhost:5279/Scripts/jquery.validate.unobtrusive.min.js - -
2023-06-16 22:04:55.465 +05:30 [INF] Request finished HTTP/1.1 GET http://localhost:5279/Scripts/jquery.validate.unobtrusive.min.js - - - 404 0 - 0.6096ms
2023-06-16 22:04:55.466 +05:30 [INF] Sending file. Request path: '/css/site.css'. Physical path: 'C:\Users\skart\ELMSApplication\ELMSApplication\wwwroot\css\site.css'
2023-06-16 22:04:55.467 +05:30 [INF] Sending file. Request path: '/ELMSApplication.styles.css'. Physical path: 'C:\Users\skart\ELMSApplication\ELMSApplication\obj\Debug\net7.0\scopedcss\bundle\ELMSApplication.styles.css'
2023-06-16 22:04:55.467 +05:30 [INF] Request finished HTTP/1.1 GET http://localhost:5279/ELMSApplication.styles.css?v=elOSKWD_5wpVMlxSFsQY-04UAvD5H845yrwkjIGX5Xg - - - 200 1536 text/css 22.7563ms
2023-06-16 22:04:55.467 +05:30 [INF] Request finished HTTP/1.1 GET http://localhost:5279/css/site.css?v=pAGv4ietcJNk_EwsQZ5BN9-K4MuNYS2a9wl4Jw-q9D0 - - - 200 362 text/css 27.9410ms
2023-06-16 22:04:55.508 +05:30 [INF] Sending file. Request path: '/lib/bootstrap/dist/css/bootstrap.min.css'. Physical path: 'C:\Users\skart\ELMSApplication\ELMSApplication\wwwroot\lib\bootstrap\dist\css\bootstrap.min.css'
2023-06-16 22:04:55.508 +05:30 [INF] Request finished HTTP/1.1 GET http://localhost:5279/lib/bootstrap/dist/css/bootstrap.min.css - - - 200 162720 text/css 64.7391ms
2023-06-16 22:04:55.524 +05:30 [INF] Request starting HTTP/1.1 GET http://localhost:5279/lib/jquery/dist/jquery.min.js - -
2023-06-16 22:04:55.525 +05:30 [INF] Request starting HTTP/1.1 GET http://localhost:5279/lib/bootstrap/dist/js/bootstrap.bundle.min.js - -
2023-06-16 22:04:55.527 +05:30 [INF] Request starting HTTP/1.1 GET http://localhost:5279/js/site.js?v=4q1jwFhaPaZgr8WAUSrux6hAuh0XDg9kPS3xIVq36I0 - -
2023-06-16 22:04:55.528 +05:30 [INF] Sending file. Request path: '/js/site.js'. Physical path: 'C:\Users\skart\ELMSApplication\ELMSApplication\wwwroot\js\site.js'
2023-06-16 22:04:55.528 +05:30 [INF] Request finished HTTP/1.1 GET http://localhost:5279/js/site.js?v=4q1jwFhaPaZgr8WAUSrux6hAuh0XDg9kPS3xIVq36I0 - - - 200 230 text/javascript 0.7862ms
2023-06-16 22:04:55.528 +05:30 [INF] Request starting HTTP/1.1 GET http://localhost:5279/_framework/aspnetcore-browser-refresh.js - -
2023-06-16 22:04:55.530 +05:30 [INF] Request finished HTTP/1.1 GET http://localhost:5279/_framework/aspnetcore-browser-refresh.js - - - 200 11966 application/javascript;+charset=utf-8 2.0598ms
2023-06-16 22:04:56.119 +05:30 [INF] Sending file. Request path: '/lib/bootstrap/dist/js/bootstrap.bundle.min.js'. Physical path: 'C:\Users\skart\ELMSApplication\ELMSApplication\wwwroot\lib\bootstrap\dist\js\bootstrap.bundle.min.js'
2023-06-16 22:04:56.119 +05:30 [INF] Request finished HTTP/1.1 GET http://localhost:5279/lib/bootstrap/dist/js/bootstrap.bundle.min.js - - - 200 78468 text/javascript 593.5784ms
2023-06-16 22:04:56.259 +05:30 [INF] Sending file. Request path: '/lib/jquery/dist/jquery.min.js'. Physical path: 'C:\Users\skart\ELMSApplication\ELMSApplication\wwwroot\lib\jquery\dist\jquery.min.js'
2023-06-16 22:04:56.259 +05:30 [INF] Request finished HTTP/1.1 GET http://localhost:5279/lib/jquery/dist/jquery.min.js - - - 200 89501 text/javascript 735.1392ms
2023-06-16 22:04:58.489 +05:30 [INF] Request starting HTTP/1.1 GET http://localhost:5279/favicon.ico - -
2023-06-16 22:04:58.527 +05:30 [INF] Sending file. Request path: '/favicon.ico'. Physical path: 'C:\Users\skart\ELMSApplication\ELMSApplication\wwwroot\favicon.ico'
2023-06-16 22:04:58.527 +05:30 [INF] Request finished HTTP/1.1 GET http://localhost:5279/favicon.ico - - - 200 5430 image/x-icon 37.4020ms
2023-06-16 22:05:15.944 +05:30 [INF] Request starting HTTP/1.1 GET http://localhost:5279/Account/Login - -
2023-06-16 22:05:15.952 +05:30 [INF] Executing endpoint 'ELMSApplication.Controllers.AccountController.Login (ELMSApplication)'
2023-06-16 22:05:15.954 +05:30 [INF] Route matched with {action = "Login", controller = "Account"}. Executing controller action with signature Microsoft.AspNetCore.Mvc.IActionResult Login() on controller ELMSApplication.Controllers.AccountController (ELMSApplication).
2023-06-16 22:05:15.957 +05:30 [INF] Executing ViewResult, running view Login.
2023-06-16 22:05:16.006 +05:30 [INF] Executed ViewResult - view Login executed in 49.9269ms.
2023-06-16 22:05:16.006 +05:30 [INF] Executed action ELMSApplication.Controllers.AccountController.Login (ELMSApplication) in 51.7772ms
2023-06-16 22:05:16.006 +05:30 [INF] Executed endpoint 'ELMSApplication.Controllers.AccountController.Login (ELMSApplication)'
2023-06-16 22:05:16.007 +05:30 [INF] Request finished HTTP/1.1 GET http://localhost:5279/Account/Login - - - 200 - text/html;+charset=utf-8 62.4125ms
2023-06-16 22:05:16.064 +05:30 [INF] Request starting HTTP/1.1 GET http://localhost:5279/Scripts/jquery-3.6.0.min.js - -
2023-06-16 22:05:16.066 +05:30 [INF] Request starting HTTP/1.1 GET http://localhost:5279/Scripts/jquery.validate.min.js - -
2023-06-16 22:05:16.066 +05:30 [INF] Request starting HTTP/1.1 GET http://localhost:5279/Scripts/jquery.validate.unobtrusive.min.js - -
2023-06-16 22:05:16.068 +05:30 [INF] Request finished HTTP/1.1 GET http://localhost:5279/Scripts/jquery.validate.unobtrusive.min.js - - - 404 0 - 2.1426ms
2023-06-16 22:05:16.071 +05:30 [INF] Request finished HTTP/1.1 GET http://localhost:5279/Scripts/jquery-3.6.0.min.js - - - 404 0 - 4.7120ms
2023-06-16 22:05:16.074 +05:30 [INF] Request finished HTTP/1.1 GET http://localhost:5279/Scripts/jquery.validate.min.js - - - 404 0 - 7.8801ms
2023-06-16 22:05:16.081 +05:30 [INF] Request starting HTTP/1.1 GET http://localhost:5279/_framework/aspnetcore-browser-refresh.js - -
2023-06-16 22:05:16.081 +05:30 [INF] Request finished HTTP/1.1 GET http://localhost:5279/_framework/aspnetcore-browser-refresh.js - - - 200 11966 application/javascript;+charset=utf-8 0.3246ms
2023-06-16 22:05:30.075 +05:30 [INF] Request starting HTTP/1.1 POST http://localhost:5279/Account/Login application/x-www-form-urlencoded 257
2023-06-16 22:05:30.076 +05:30 [INF] Executing endpoint 'ELMSApplication.Controllers.AccountController.Login (ELMSApplication)'
2023-06-16 22:05:30.178 +05:30 [INF] Route matched with {action = "Login", controller = "Account"}. Executing controller action with signature System.Threading.Tasks.Task`1[Microsoft.AspNetCore.Mvc.IActionResult] Login(ELMSApplication.Employee) on controller ELMSApplication.Controllers.AccountController (ELMSApplication).
2023-06-16 22:05:31.939 +05:30 [INF] AuthenticationScheme: Cookies signed in.
2023-06-16 22:05:31.964 +05:30 [INF] Executing RedirectResult, redirecting to /Leave.
2023-06-16 22:05:31.968 +05:30 [INF] Executed action ELMSApplication.Controllers.AccountController.Login (ELMSApplication) in 1790.6199ms
2023-06-16 22:05:31.970 +05:30 [INF] Executed endpoint 'ELMSApplication.Controllers.AccountController.Login (ELMSApplication)'
2023-06-16 22:05:31.974 +05:30 [INF] Session started; Key:b2cd6755-4d27-f9f7-b57a-c27310c4099a, Id:b45b77d1-45eb-4d99-9196-1658a5707583
2023-06-16 22:05:31.979 +05:30 [INF] Request finished HTTP/1.1 POST http://localhost:5279/Account/Login application/x-www-form-urlencoded 257 - 302 0 - 1904.1184ms
2023-06-16 22:05:32.004 +05:30 [INF] Request starting HTTP/1.1 GET http://localhost:5279/Leave - -
2023-06-16 22:05:32.029 +05:30 [INF] Executing endpoint 'ELMSApplication.Controllers.LeaveController.Index (ELMSApplication)'
2023-06-16 22:05:32.039 +05:30 [INF] Route matched with {action = "Index", controller = "Leave"}. Executing controller action with signature System.Threading.Tasks.Task`1[Microsoft.AspNetCore.Mvc.IActionResult] Index() on controller ELMSApplication.Controllers.LeaveController (ELMSApplication).
2023-06-16 22:05:36.752 +05:30 [INF] Executed DbCommand (273ms) [Parameters=[@__employeeId_0='?' (Size = 6)], CommandType='"Text"', CommandTimeout='30']
SELECT [l].[LeaveId], [l].[EmployeeId], [l].[EndDate], [l].[LeaveType], [l].[StartDate], [l].[Status]
FROM [Leave] AS [l]
WHERE [l].[EmployeeId] = @__employeeId_0
2023-06-16 22:05:36.827 +05:30 [INF] Executing ViewResult, running view Index.
2023-06-16 22:05:36.869 +05:30 [INF] Executed ViewResult - view Index executed in 42.2117ms.
2023-06-16 22:05:36.869 +05:30 [INF] Executed action ELMSApplication.Controllers.LeaveController.Index (ELMSApplication) in 4829.1392ms
2023-06-16 22:05:36.869 +05:30 [INF] Executed endpoint 'ELMSApplication.Controllers.LeaveController.Index (ELMSApplication)'
2023-06-16 22:05:36.883 +05:30 [INF] Request starting HTTP/1.1 GET http://localhost:5279/Scripts/jquery.validate.min.js - -
2023-06-16 22:05:36.885 +05:30 [INF] Request finished HTTP/1.1 GET http://localhost:5279/Leave - - - 200 - text/html;+charset=utf-8 4880.9044ms
2023-06-16 22:05:36.885 +05:30 [INF] Request starting HTTP/1.1 GET http://localhost:5279/Scripts/jquery-3.6.0.min.js - -
2023-06-16 22:05:36.886 +05:30 [INF] Request finished HTTP/1.1 GET http://localhost:5279/Scripts/jquery.validate.min.js - - - 404 0 - 2.1083ms
2023-06-16 22:05:36.886 +05:30 [INF] Request starting HTTP/1.1 GET http://localhost:5279/Scripts/jquery.validate.unobtrusive.min.js - -
2023-06-16 22:05:36.886 +05:30 [INF] Request finished HTTP/1.1 GET http://localhost:5279/Scripts/jquery-3.6.0.min.js - - - 404 0 - 0.8780ms
2023-06-16 22:05:36.887 +05:30 [INF] Request finished HTTP/1.1 GET http://localhost:5279/Scripts/jquery.validate.unobtrusive.min.js - - - 404 0 - 2.6915ms
2023-06-16 22:05:36.890 +05:30 [INF] Request starting HTTP/1.1 GET http://localhost:5279/_framework/aspnetcore-browser-refresh.js - -
2023-06-16 22:05:36.890 +05:30 [INF] Request finished HTTP/1.1 GET http://localhost:5279/_framework/aspnetcore-browser-refresh.js - - - 200 11966 application/javascript;+charset=utf-8 0.1500ms
2023-06-16 22:05:43.841 +05:30 [INF] Request starting HTTP/1.1 GET http://localhost:5279/Leave/Delete/77 - -
2023-06-16 22:05:43.847 +05:30 [INF] Executing endpoint 'ELMSApplication.Controllers.LeaveController.Delete (ELMSApplication)'
2023-06-16 22:05:43.852 +05:30 [INF] Route matched with {action = "Delete", controller = "Leave"}. Executing controller action with signature System.Threading.Tasks.Task`1[Microsoft.AspNetCore.Mvc.IActionResult] Delete(System.Nullable`1[System.Int32]) on controller ELMSApplication.Controllers.LeaveController (ELMSApplication).
2023-06-16 22:05:43.893 +05:30 [INF] Executed DbCommand (3ms) [Parameters=[@__id_0='?' (DbType = Int32)], CommandType='"Text"', CommandTimeout='30']
SELECT TOP(1) [l].[LeaveId], [l].[EmployeeId], [l].[EndDate], [l].[LeaveType], [l].[StartDate], [l].[Status]
FROM [Leave] AS [l]
WHERE [l].[LeaveId] = @__id_0
2023-06-16 22:05:43.972 +05:30 [INF] Executing ViewResult, running view Delete.
2023-06-16 22:05:43.989 +05:30 [INF] Executed ViewResult - view Delete executed in 17.4877ms.
2023-06-16 22:05:43.989 +05:30 [INF] Executed action ELMSApplication.Controllers.LeaveController.Delete (ELMSApplication) in 136.8029ms
2023-06-16 22:05:43.989 +05:30 [INF] Executed endpoint 'ELMSApplication.Controllers.LeaveController.Delete (ELMSApplication)'
2023-06-16 22:05:43.990 +05:30 [INF] Request finished HTTP/1.1 GET http://localhost:5279/Leave/Delete/77 - - - 200 - text/html;+charset=utf-8 149.2068ms
2023-06-16 22:05:44.023 +05:30 [INF] Request starting HTTP/1.1 GET http://localhost:5279/Scripts/jquery-3.6.0.min.js - -
2023-06-16 22:05:44.027 +05:30 [INF] Request starting HTTP/1.1 GET http://localhost:5279/Scripts/jquery.validate.min.js - -
2023-06-16 22:05:44.028 +05:30 [INF] Request starting HTTP/1.1 GET http://localhost:5279/Scripts/jquery.validate.unobtrusive.min.js - -
2023-06-16 22:05:44.028 +05:30 [INF] Request finished HTTP/1.1 GET http://localhost:5279/Scripts/jquery-3.6.0.min.js - - - 404 0 - 5.5738ms
2023-06-16 22:05:44.028 +05:30 [INF] Request finished HTTP/1.1 GET http://localhost:5279/Scripts/jquery.validate.min.js - - - 404 0 - 1.4092ms
2023-06-16 22:05:44.029 +05:30 [INF] Request finished HTTP/1.1 GET http://localhost:5279/Scripts/jquery.validate.unobtrusive.min.js - - - 404 0 - 1.2688ms
2023-06-16 22:05:44.034 +05:30 [INF] Request starting HTTP/1.1 GET http://localhost:5279/_framework/aspnetcore-browser-refresh.js - -
2023-06-16 22:05:44.034 +05:30 [INF] Request finished HTTP/1.1 GET http://localhost:5279/_framework/aspnetcore-browser-refresh.js - - - 200 11966 application/javascript;+charset=utf-8 0.1825ms
2023-06-16 22:05:45.550 +05:30 [INF] Request starting HTTP/1.1 POST http://localhost:5279/Leave/Delete/77 application/x-www-form-urlencoded 236
2023-06-16 22:05:45.555 +05:30 [INF] Executing endpoint 'ELMSApplication.Controllers.LeaveController.DeleteConfirmed (ELMSApplication)'
2023-06-16 22:05:45.559 +05:30 [INF] Route matched with {action = "Delete", controller = "Leave"}. Executing controller action with signature System.Threading.Tasks.Task`1[Microsoft.AspNetCore.Mvc.IActionResult] DeleteConfirmed(Int32) on controller ELMSApplication.Controllers.LeaveController (ELMSApplication).
2023-06-16 22:05:45.675 +05:30 [INF] Executed DbCommand (2ms) [Parameters=[@__p_0='?' (DbType = Int32)], CommandType='"Text"', CommandTimeout='30']
SELECT TOP(1) [l].[LeaveId], [l].[EmployeeId], [l].[EndDate], [l].[LeaveType], [l].[StartDate], [l].[Status]
FROM [Leave] AS [l]
WHERE [l].[LeaveId] = @__p_0
2023-06-16 22:05:46.037 +05:30 [INF] Executed DbCommand (62ms) [Parameters=[@p0='?' (DbType = Int32)], CommandType='"Text"', CommandTimeout='30']
SET IMPLICIT_TRANSACTIONS OFF;
SET NOCOUNT ON;
DELETE FROM [Leave]
OUTPUT 1
WHERE [LeaveId] = @p0;
2023-06-16 22:05:46.105 +05:30 [INF] Executing RedirectResult, redirecting to /Leave.
2023-06-16 22:05:46.105 +05:30 [INF] Executed action ELMSApplication.Controllers.LeaveController.DeleteConfirmed (ELMSApplication) in 546.0553ms
2023-06-16 22:05:46.105 +05:30 [INF] Executed endpoint 'ELMSApplication.Controllers.LeaveController.DeleteConfirmed (ELMSApplication)'
2023-06-16 22:05:46.105 +05:30 [INF] Request finished HTTP/1.1 POST http://localhost:5279/Leave/Delete/77 application/x-www-form-urlencoded 236 - 302 0 - 555.6611ms
2023-06-16 22:05:46.110 +05:30 [INF] Request starting HTTP/1.1 GET http://localhost:5279/Leave - -
2023-06-16 22:05:46.111 +05:30 [INF] Executing endpoint 'ELMSApplication.Controllers.LeaveController.Index (ELMSApplication)'
2023-06-16 22:05:46.112 +05:30 [INF] Route matched with {action = "Index", controller = "Leave"}. Executing controller action with signature System.Threading.Tasks.Task`1[Microsoft.AspNetCore.Mvc.IActionResult] Index() on controller ELMSApplication.Controllers.LeaveController (ELMSApplication).
2023-06-16 22:05:46.121 +05:30 [INF] Executed DbCommand (1ms) [Parameters=[@__employeeId_0='?' (Size = 6)], CommandType='"Text"', CommandTimeout='30']
SELECT [l].[LeaveId], [l].[EmployeeId], [l].[EndDate], [l].[LeaveType], [l].[StartDate], [l].[Status]
FROM [Leave] AS [l]
WHERE [l].[EmployeeId] = @__employeeId_0
2023-06-16 22:05:46.121 +05:30 [INF] Executing ViewResult, running view Index.
2023-06-16 22:05:46.155 +05:30 [INF] Executed ViewResult - view Index executed in 34.1212ms.
2023-06-16 22:05:46.155 +05:30 [INF] Executed action ELMSApplication.Controllers.LeaveController.Index (ELMSApplication) in 43.6685ms
2023-06-16 22:05:46.155 +05:30 [INF] Executed endpoint 'ELMSApplication.Controllers.LeaveController.Index (ELMSApplication)'
2023-06-16 22:05:46.156 +05:30 [INF] Request finished HTTP/1.1 GET http://localhost:5279/Leave - - - 200 - text/html;+charset=utf-8 45.8931ms
2023-06-16 22:05:46.175 +05:30 [INF] Request starting HTTP/1.1 GET http://localhost:5279/Scripts/jquery-3.6.0.min.js - -
2023-06-16 22:05:46.178 +05:30 [INF] Request starting HTTP/1.1 GET http://localhost:5279/Scripts/jquery.validate.min.js - -
2023-06-16 22:05:46.180 +05:30 [INF] Request finished HTTP/1.1 GET http://localhost:5279/Scripts/jquery.validate.min.js - - - 404 0 - 1.7024ms
2023-06-16 22:05:46.182 +05:30 [INF] Request starting HTTP/1.1 GET http://localhost:5279/Scripts/jquery.validate.unobtrusive.min.js - -
2023-06-16 22:05:46.182 +05:30 [INF] Request finished HTTP/1.1 GET http://localhost:5279/Scripts/jquery-3.6.0.min.js - - - 404 0 - 7.1424ms
2023-06-16 22:05:46.182 +05:30 [INF] Request finished HTTP/1.1 GET http://localhost:5279/Scripts/jquery.validate.unobtrusive.min.js - - - 404 0 - 0.7301ms
2023-06-16 22:05:46.185 +05:30 [INF] Request starting HTTP/1.1 GET http://localhost:5279/_framework/aspnetcore-browser-refresh.js - -
2023-06-16 22:05:46.185 +05:30 [INF] Request finished HTTP/1.1 GET http://localhost:5279/_framework/aspnetcore-browser-refresh.js - - - 200 11966 application/javascript;+charset=utf-8 0.1217ms
2023-06-16 22:05:49.800 +05:30 [INF] Request starting HTTP/1.1 GET http://localhost:5279/Leave/Create - -
2023-06-16 22:05:49.801 +05:30 [INF] Executing endpoint 'ELMSApplication.Controllers.LeaveController.Create (ELMSApplication)'
2023-06-16 22:05:49.803 +05:30 [INF] Route matched with {action = "Create", controller = "Leave"}. Executing controller action with signature Microsoft.AspNetCore.Mvc.IActionResult Create() on controller ELMSApplication.Controllers.LeaveController (ELMSApplication).
2023-06-16 22:05:49.805 +05:30 [INF] Executing ViewResult, running view Create.
2023-06-16 22:05:49.834 +05:30 [INF] Executed ViewResult - view Create executed in 30.211ms.
2023-06-16 22:05:49.835 +05:30 [INF] Executed action ELMSApplication.Controllers.LeaveController.Create (ELMSApplication) in 31.3694ms
2023-06-16 22:05:49.835 +05:30 [INF] Executed endpoint 'ELMSApplication.Controllers.LeaveController.Create (ELMSApplication)'
2023-06-16 22:05:49.835 +05:30 [INF] Request finished HTTP/1.1 GET http://localhost:5279/Leave/Create - - - 200 - text/html;+charset=utf-8 35.2254ms
2023-06-16 22:05:49.852 +05:30 [INF] Request starting HTTP/1.1 GET http://localhost:5279/Scripts/jquery-3.6.0.min.js - -
2023-06-16 22:05:49.862 +05:30 [INF] Request starting HTTP/1.1 GET http://localhost:5279/Scripts/jquery.validate.min.js - -
2023-06-16 22:05:49.862 +05:30 [INF] Request finished HTTP/1.1 GET http://localhost:5279/Scripts/jquery-3.6.0.min.js - - - 404 0 - 9.6652ms
2023-06-16 22:05:49.862 +05:30 [INF] Request starting HTTP/1.1 GET http://localhost:5279/Scripts/jquery.validate.unobtrusive.min.js - -
2023-06-16 22:05:49.863 +05:30 [INF] Request finished HTTP/1.1 GET http://localhost:5279/Scripts/jquery.validate.min.js - - - 404 0 - 1.1372ms
2023-06-16 22:05:49.864 +05:30 [INF] Request finished HTTP/1.1 GET http://localhost:5279/Scripts/jquery.validate.unobtrusive.min.js - - - 404 0 - 1.3043ms
2023-06-16 22:05:49.871 +05:30 [INF] Request starting HTTP/1.1 GET http://localhost:5279/lib/jquery-validation/dist/jquery.validate.min.js - -
2023-06-16 22:05:49.872 +05:30 [INF] Request starting HTTP/1.1 GET http://localhost:5279/lib/jquery-validation-unobtrusive/jquery.validate.unobtrusive.min.js - -
2023-06-16 22:05:49.874 +05:30 [INF] Request starting HTTP/1.1 GET http://localhost:5279/_framework/aspnetcore-browser-refresh.js - -
2023-06-16 22:05:49.874 +05:30 [INF] Request finished HTTP/1.1 GET http://localhost:5279/_framework/aspnetcore-browser-refresh.js - - - 200 11966 application/javascript;+charset=utf-8 0.1975ms
2023-06-16 22:05:50.145 +05:30 [INF] Sending file. Request path: '/lib/jquery-validation/dist/jquery.validate.min.js'. Physical path: 'C:\Users\skart\ELMSApplication\ELMSApplication\wwwroot\lib\jquery-validation\dist\jquery.validate.min.js'
2023-06-16 22:05:50.145 +05:30 [INF] Request finished HTTP/1.1 GET http://localhost:5279/lib/jquery-validation/dist/jquery.validate.min.js - - - 200 23261 text/javascript 274.0013ms
2023-06-16 22:05:50.179 +05:30 [INF] Sending file. Request path: '/lib/jquery-validation-unobtrusive/jquery.validate.unobtrusive.min.js'. Physical path: 'C:\Users\skart\ELMSApplication\ELMSApplication\wwwroot\lib\jquery-validation-unobtrusive\jquery.validate.unobtrusive.min.js'
2023-06-16 22:05:50.179 +05:30 [INF] Request finished HTTP/1.1 GET http://localhost:5279/lib/jquery-validation-unobtrusive/jquery.validate.unobtrusive.min.js - - - 200 5824 text/javascript 306.8850ms
2023-06-16 22:06:50.074 +05:30 [INF] Request starting HTTP/1.1 POST http://localhost:5279/Leave/Create application/x-www-form-urlencoded 377
2023-06-16 22:06:50.075 +05:30 [INF] Executing endpoint 'ELMSApplication.Controllers.LeaveController.Create (ELMSApplication)'
2023-06-16 22:06:50.083 +05:30 [INF] Route matched with {action = "Create", controller = "Leave"}. Executing controller action with signature System.Threading.Tasks.Task`1[Microsoft.AspNetCore.Mvc.IActionResult] Create(ELMSApplication.Leave) on controller ELMSApplication.Controllers.LeaveController (ELMSApplication).
2023-06-16 22:06:50.437 +05:30 [INF] Executed DbCommand (237ms) [Parameters=[@p0='?' (Size = 6), @p1='?' (DbType = DateTime2), @p2='?' (Size = 75), @p3='?' (DbType = DateTime2), @p4='?' (Size = 75)], CommandType='"Text"', CommandTimeout='30']
SET IMPLICIT_TRANSACTIONS OFF;
SET NOCOUNT ON;
INSERT INTO [Leave] ([EmployeeId], [EndDate], [LeaveType], [StartDate], [Status])
OUTPUT INSERTED.[LeaveId]
VALUES (@p0, @p1, @p2, @p3, @p4);
2023-06-16 22:06:50.507 +05:30 [INF] Executing RedirectResult, redirecting to /Leave.
2023-06-16 22:06:50.507 +05:30 [INF] Executed action ELMSApplication.Controllers.LeaveController.Create (ELMSApplication) in 424.0255ms
2023-06-16 22:06:50.507 +05:30 [INF] Executed endpoint 'ELMSApplication.Controllers.LeaveController.Create (ELMSApplication)'
2023-06-16 22:06:50.509 +05:30 [INF] Request finished HTTP/1.1 POST http://localhost:5279/Leave/Create application/x-www-form-urlencoded 377 - 302 0 - 434.4862ms
2023-06-16 22:06:50.514 +05:30 [INF] Request starting HTTP/1.1 GET http://localhost:5279/Leave - -
2023-06-16 22:06:50.516 +05:30 [INF] Executing endpoint 'ELMSApplication.Controllers.LeaveController.Index (ELMSApplication)'
2023-06-16 22:06:50.516 +05:30 [INF] Route matched with {action = "Index", controller = "Leave"}. Executing controller action with signature System.Threading.Tasks.Task`1[Microsoft.AspNetCore.Mvc.IActionResult] Index() on controller ELMSApplication.Controllers.LeaveController (ELMSApplication).
2023-06-16 22:06:50.521 +05:30 [INF] Executed DbCommand (2ms) [Parameters=[@__employeeId_0='?' (Size = 6)], CommandType='"Text"', CommandTimeout='30']
SELECT [l].[LeaveId], [l].[EmployeeId], [l].[EndDate], [l].[LeaveType], [l].[StartDate], [l].[Status]
FROM [Leave] AS [l]
WHERE [l].[EmployeeId] = @__employeeId_0
2023-06-16 22:06:50.521 +05:30 [INF] Executing ViewResult, running view Index.
2023-06-16 22:06:50.548 +05:30 [INF] Executed ViewResult - view Index executed in 26.8435ms.
2023-06-16 22:06:50.548 +05:30 [INF] Executed action ELMSApplication.Controllers.LeaveController.Index (ELMSApplication) in 31.8234ms
2023-06-16 22:06:50.548 +05:30 [INF] Executed endpoint 'ELMSApplication.Controllers.LeaveController.Index (ELMSApplication)'
2023-06-16 22:06:50.549 +05:30 [INF] Request finished HTTP/1.1 GET http://localhost:5279/Leave - - - 200 - text/html;+charset=utf-8 34.8883ms
2023-06-16 22:06:50.588 +05:30 [INF] Request starting HTTP/1.1 GET http://localhost:5279/Scripts/jquery-3.6.0.min.js - -
2023-06-16 22:06:50.588 +05:30 [INF] Request starting HTTP/1.1 GET http://localhost:5279/Scripts/jquery.validate.min.js - -
2023-06-16 22:06:50.589 +05:30 [INF] Request starting HTTP/1.1 GET http://localhost:5279/Scripts/jquery.validate.unobtrusive.min.js - -
2023-06-16 22:06:50.589 +05:30 [INF] Request finished HTTP/1.1 GET http://localhost:5279/Scripts/jquery.validate.min.js - - - 404 0 - 0.6128ms
2023-06-16 22:06:50.589 +05:30 [INF] Request finished HTTP/1.1 GET http://localhost:5279/Scripts/jquery-3.6.0.min.js - - - 404 0 - 0.8090ms
2023-06-16 22:06:50.589 +05:30 [INF] Request finished HTTP/1.1 GET http://localhost:5279/Scripts/jquery.validate.unobtrusive.min.js - - - 404 0 - 0.5603ms
2023-06-16 22:06:50.594 +05:30 [INF] Request starting HTTP/1.1 GET http://localhost:5279/_framework/aspnetcore-browser-refresh.js - -
2023-06-16 22:06:50.594 +05:30 [INF] Request finished HTTP/1.1 GET http://localhost:5279/_framework/aspnetcore-browser-refresh.js - - - 200 11966 application/javascript;+charset=utf-8 0.2002ms
2023-06-16 22:06:54.582 +05:30 [INF] Request starting HTTP/1.1 GET http://localhost:5279/Leave/Create - -
2023-06-16 22:06:54.583 +05:30 [INF] Executing endpoint 'ELMSApplication.Controllers.LeaveController.Create (ELMSApplication)'
2023-06-16 22:06:54.583 +05:30 [INF] Route matched with {action = "Create", controller = "Leave"}. Executing controller action with signature Microsoft.AspNetCore.Mvc.IActionResult Create() on controller ELMSApplication.Controllers.LeaveController (ELMSApplication).
2023-06-16 22:06:54.583 +05:30 [INF] Executing ViewResult, running view Create.
2023-06-16 22:06:54.587 +05:30 [INF] Executed ViewResult - view Create executed in 3.9531ms.
2023-06-16 22:06:54.587 +05:30 [INF] Executed action ELMSApplication.Controllers.LeaveController.Create (ELMSApplication) in 4.3231ms
2023-06-16 22:06:54.587 +05:30 [INF] Executed endpoint 'ELMSApplication.Controllers.LeaveController.Create (ELMSApplication)'
2023-06-16 22:06:54.587 +05:30 [INF] Request finished HTTP/1.1 GET http://localhost:5279/Leave/Create - - - 200 - text/html;+charset=utf-8 5.2742ms
2023-06-16 22:06:54.609 +05:30 [INF] Request starting HTTP/1.1 GET http://localhost:5279/_framework/aspnetcore-browser-refresh.js - -
2023-06-16 22:06:54.609 +05:30 [INF] Request finished HTTP/1.1 GET http://localhost:5279/_framework/aspnetcore-browser-refresh.js - - - 200 11966 application/javascript;+charset=utf-8 0.3878ms
2023-06-16 22:06:55.769 +05:30 [INF] Request starting HTTP/1.1 GET http://localhost:5279/_framework/aspnetcore-browser-refresh.js - -
2023-06-16 22:06:55.770 +05:30 [INF] Request finished HTTP/1.1 GET http://localhost:5279/_framework/aspnetcore-browser-refresh.js - - - 200 11966 application/javascript;+charset=utf-8 0.8017ms
2023-06-16 22:06:58.077 +05:30 [INF] Request starting HTTP/1.1 GET http://localhost:5279/Leave/Delete/77 - -
2023-06-16 22:06:58.078 +05:30 [INF] Executing endpoint 'ELMSApplication.Controllers.LeaveController.Delete (ELMSApplication)'
2023-06-16 22:06:58.078 +05:30 [INF] Route matched with {action = "Delete", controller = "Leave"}. Executing controller action with signature System.Threading.Tasks.Task`1[Microsoft.AspNetCore.Mvc.IActionResult] Delete(System.Nullable`1[System.Int32]) on controller ELMSApplication.Controllers.LeaveController (ELMSApplication).
2023-06-16 22:06:58.083 +05:30 [INF] Executed DbCommand (3ms) [Parameters=[@__id_0='?' (DbType = Int32)], CommandType='"Text"', CommandTimeout='30']
SELECT TOP(1) [l].[LeaveId], [l].[EmployeeId], [l].[EndDate], [l].[LeaveType], [l].[StartDate], [l].[Status]
FROM [Leave] AS [l]
WHERE [l].[LeaveId] = @__id_0
2023-06-16 22:06:58.091 +05:30 [INF] Executing StatusCodeResult, setting HTTP status code 404
2023-06-16 22:06:58.091 +05:30 [INF] Executed action ELMSApplication.Controllers.LeaveController.Delete (ELMSApplication) in 12.6811ms
2023-06-16 22:06:58.091 +05:30 [INF] Executed endpoint 'ELMSApplication.Controllers.LeaveController.Delete (ELMSApplication)'
2023-06-16 22:06:58.091 +05:30 [INF] Request finished HTTP/1.1 GET http://localhost:5279/Leave/Delete/77 - - - 404 0 - 14.4587ms
2023-06-16 22:07:02.115 +05:30 [INF] Request starting HTTP/1.1 GET http://localhost:5279/_framework/aspnetcore-browser-refresh.js - -
2023-06-16 22:07:02.115 +05:30 [INF] Request finished HTTP/1.1 GET http://localhost:5279/_framework/aspnetcore-browser-refresh.js - - - 200 11966 application/javascript;+charset=utf-8 0.2379ms
2023-06-16 22:07:04.578 +05:30 [INF] Request starting HTTP/1.1 GET http://localhost:5279/Leave/LogOut?area=left - -
2023-06-16 22:07:04.579 +05:30 [INF] Executing endpoint 'ELMSApplication.Controllers.LeaveController.LogOut (ELMSApplication)'
2023-06-16 22:07:04.585 +05:30 [INF] Route matched with {action = "LogOut", controller = "Leave"}. Executing controller action with signature System.Threading.Tasks.Task`1[Microsoft.AspNetCore.Mvc.IActionResult] LogOut() on controller ELMSApplication.Controllers.LeaveController (ELMSApplication).
2023-06-16 22:07:04.589 +05:30 [INF] AuthenticationScheme: Cookies signed out.
2023-06-16 22:07:04.589 +05:30 [INF] Executing RedirectResult, redirecting to /Account/Login.
2023-06-16 22:07:04.590 +05:30 [INF] Executed action ELMSApplication.Controllers.LeaveController.LogOut (ELMSApplication) in 3.979ms
2023-06-16 22:07:04.590 +05:30 [INF] Executed endpoint 'ELMSApplication.Controllers.LeaveController.LogOut (ELMSApplication)'
2023-06-16 22:07:04.590 +05:30 [INF] Request finished HTTP/1.1 GET http://localhost:5279/Leave/LogOut?area=left - - - 302 0 - 11.3275ms
2023-06-16 22:07:04.593 +05:30 [INF] Request starting HTTP/1.1 GET http://localhost:5279/Account/Login - -
2023-06-16 22:07:04.593 +05:30 [INF] Executing endpoint 'ELMSApplication.Controllers.AccountController.Login (ELMSApplication)'
2023-06-16 22:07:04.593 +05:30 [INF] Route matched with {action = "Login", controller = "Account"}. Executing controller action with signature Microsoft.AspNetCore.Mvc.IActionResult Login() on controller ELMSApplication.Controllers.AccountController (ELMSApplication).
2023-06-16 22:07:04.594 +05:30 [INF] Executing ViewResult, running view Login.
2023-06-16 22:07:04.597 +05:30 [INF] Executed ViewResult - view Login executed in 3.2512ms.
2023-06-16 22:07:04.597 +05:30 [INF] Executed action ELMSApplication.Controllers.AccountController.Login (ELMSApplication) in 3.4536ms
2023-06-16 22:07:04.597 +05:30 [INF] Executed endpoint 'ELMSApplication.Controllers.AccountController.Login (ELMSApplication)'
2023-06-16 22:07:04.597 +05:30 [INF] Request finished HTTP/1.1 GET http://localhost:5279/Account/Login - - - 200 - text/html;+charset=utf-8 4.5564ms
2023-06-16 22:07:04.618 +05:30 [INF] Request starting HTTP/1.1 GET http://localhost:5279/Scripts/jquery-3.6.0.min.js - -
2023-06-16 22:07:04.619 +05:30 [INF] Request starting HTTP/1.1 GET http://localhost:5279/Scripts/jquery.validate.min.js - -
2023-06-16 22:07:04.619 +05:30 [INF] Request starting HTTP/1.1 GET http://localhost:5279/Scripts/jquery.validate.unobtrusive.min.js - -
2023-06-16 22:07:04.619 +05:30 [INF] Request finished HTTP/1.1 GET http://localhost:5279/Scripts/jquery.validate.min.js - - - 404 0 - 0.4409ms
2023-06-16 22:07:04.619 +05:30 [INF] Request finished HTTP/1.1 GET http://localhost:5279/Scripts/jquery.validate.unobtrusive.min.js - - - 404 0 - 0.2726ms
2023-06-16 22:07:04.619 +05:30 [INF] Request finished HTTP/1.1 GET http://localhost:5279/Scripts/jquery-3.6.0.min.js - - - 404 0 - 1.0397ms
2023-06-16 22:07:04.625 +05:30 [INF] Request starting HTTP/1.1 GET http://localhost:5279/_framework/aspnetcore-browser-refresh.js - -
2023-06-16 22:07:04.625 +05:30 [INF] Request finished HTTP/1.1 GET http://localhost:5279/_framework/aspnetcore-browser-refresh.js - - - 200 11966 application/javascript;+charset=utf-8 0.5107ms
2023-06-16 22:07:17.841 +05:30 [INF] Request starting HTTP/1.1 POST http://localhost:5279/Account/Login application/x-www-form-urlencoded 258
2023-06-16 22:07:17.842 +05:30 [INF] Executing endpoint 'ELMSApplication.Controllers.AccountController.Login (ELMSApplication)'
2023-06-16 22:07:17.842 +05:30 [INF] Route matched with {action = "Login", controller = "Account"}. Executing controller action with signature System.Threading.Tasks.Task`1[Microsoft.AspNetCore.Mvc.IActionResult] Login(ELMSApplication.Employee) on controller ELMSApplication.Controllers.AccountController (ELMSApplication).
2023-06-16 22:07:17.855 +05:30 [INF] AuthenticationScheme: Cookies signed in.
2023-06-16 22:07:17.855 +05:30 [INF] Executing RedirectResult, redirecting to /Leave.
2023-06-16 22:07:17.855 +05:30 [INF] Executed action ELMSApplication.Controllers.AccountController.Login (ELMSApplication) in 12.4785ms
2023-06-16 22:07:17.855 +05:30 [INF] Executed endpoint 'ELMSApplication.Controllers.AccountController.Login (ELMSApplication)'
2023-06-16 22:07:17.856 +05:30 [INF] Request finished HTTP/1.1 POST http://localhost:5279/Account/Login application/x-www-form-urlencoded 258 - 302 0 - 15.1509ms
2023-06-16 22:07:17.862 +05:30 [INF] Request starting HTTP/1.1 GET http://localhost:5279/Leave - -
2023-06-16 22:07:17.862 +05:30 [INF] Executing endpoint 'ELMSApplication.Controllers.LeaveController.Index (ELMSApplication)'
2023-06-16 22:07:17.863 +05:30 [INF] Route matched with {action = "Index", controller = "Leave"}. Executing controller action with signature System.Threading.Tasks.Task`1[Microsoft.AspNetCore.Mvc.IActionResult] Index() on controller ELMSApplication.Controllers.LeaveController (ELMSApplication).
2023-06-16 22:07:17.934 +05:30 [INF] Executed DbCommand (63ms) [Parameters=[], CommandType='"Text"', CommandTimeout='30']
SELECT [l].[LeaveId], [l].[EmployeeId], [l].[EndDate], [l].[LeaveType], [l].[StartDate], [l].[Status]
FROM [Leave] AS [l]
2023-06-16 22:07:17.935 +05:30 [INF] Executing ViewResult, running view Index.
2023-06-16 22:07:18.024 +05:30 [INF] Executed ViewResult - view Index executed in 88.8892ms.
2023-06-16 22:07:18.025 +05:30 [INF] Executed action ELMSApplication.Controllers.LeaveController.Index (ELMSApplication) in 161.9803ms
2023-06-16 22:07:18.025 +05:30 [INF] Executed endpoint 'ELMSApplication.Controllers.LeaveController.Index (ELMSApplication)'
2023-06-16 22:07:18.026 +05:30 [INF] Request finished HTTP/1.1 GET http://localhost:5279/Leave - - - 200 - text/html;+charset=utf-8 164.1899ms
2023-06-16 22:07:18.051 +05:30 [INF] Request starting HTTP/1.1 GET http://localhost:5279/Scripts/jquery-3.6.0.min.js - -
2023-06-16 22:07:18.051 +05:30 [INF] Request starting HTTP/1.1 GET http://localhost:5279/Scripts/jquery.validate.min.js - -
2023-06-16 22:07:18.051 +05:30 [INF] Request starting HTTP/1.1 GET http://localhost:5279/Scripts/jquery.validate.unobtrusive.min.js - -
2023-06-16 22:07:18.052 +05:30 [INF] Request finished HTTP/1.1 GET http://localhost:5279/Scripts/jquery.validate.unobtrusive.min.js - - - 404 0 - 0.9297ms
2023-06-16 22:07:18.052 +05:30 [INF] Request finished HTTP/1.1 GET http://localhost:5279/Scripts/jquery-3.6.0.min.js - - - 404 0 - 1.1405ms
2023-06-16 22:07:18.052 +05:30 [INF] Request finished HTTP/1.1 GET http://localhost:5279/Scripts/jquery.validate.min.js - - - 404 0 - 1.2505ms
2023-06-16 22:07:18.055 +05:30 [INF] Request starting HTTP/1.1 GET http://localhost:5279/_framework/aspnetcore-browser-refresh.js - -
2023-06-16 22:07:18.055 +05:30 [INF] Request finished HTTP/1.1 GET http://localhost:5279/_framework/aspnetcore-browser-refresh.js - - - 200 11966 application/javascript;+charset=utf-8 0.1109ms
2023-06-16 22:07:23.617 +05:30 [INF] Request starting HTTP/1.1 GET http://localhost:5279/Leave/Rejected/1 - -
2023-06-16 22:07:23.619 +05:30 [INF] Executing endpoint 'ELMSApplication.Controllers.LeaveController.RejectedAsync (ELMSApplication)'
2023-06-16 22:07:23.628 +05:30 [INF] Route matched with {action = "Rejected", controller = "Leave"}. Executing controller action with signature System.Threading.Tasks.Task`1[Microsoft.AspNetCore.Mvc.IActionResult] RejectedAsync(Int32) on controller ELMSApplication.Controllers.LeaveController (ELMSApplication).
2023-06-16 22:07:23.632 +05:30 [INF] Executed DbCommand (1ms) [Parameters=[@__p_0='?' (DbType = Int32)], CommandType='"Text"', CommandTimeout='30']
SELECT TOP(1) [l].[LeaveId], [l].[EmployeeId], [l].[EndDate], [l].[LeaveType], [l].[StartDate], [l].[Status]
FROM [Leave] AS [l]
WHERE [l].[LeaveId] = @__p_0
2023-06-16 22:07:23.662 +05:30 [INF] Executed DbCommand (24ms) [Parameters=[@p5='?' (DbType = Int32), @p0='?' (Size = 6), @p1='?' (DbType = DateTime2), @p2='?' (Size = 75), @p3='?' (DbType = DateTime2), @p4='?' (Size = 75)], CommandType='"Text"', CommandTimeout='30']
SET IMPLICIT_TRANSACTIONS OFF;
SET NOCOUNT ON;
UPDATE [Leave] SET [EmployeeId] = @p0, [EndDate] = @p1, [LeaveType] = @p2, [StartDate] = @p3, [Status] = @p4
OUTPUT 1
WHERE [LeaveId] = @p5;
2023-06-16 22:07:23.663 +05:30 [INF] Executing RedirectResult, redirecting to /Leave.
2023-06-16 22:07:23.668 +05:30 [INF] Executed action ELMSApplication.Controllers.LeaveController.RejectedAsync (ELMSApplication) in 39.8486ms
2023-06-16 22:07:23.668 +05:30 [INF] Executed endpoint 'ELMSApplication.Controllers.LeaveController.RejectedAsync (ELMSApplication)'
2023-06-16 22:07:23.668 +05:30 [INF] Request finished HTTP/1.1 GET http://localhost:5279/Leave/Rejected/1 - - - 302 0 - 51.0761ms
2023-06-16 22:07:23.676 +05:30 [INF] Request starting HTTP/1.1 GET http://localhost:5279/Leave - -
2023-06-16 22:07:23.677 +05:30 [INF] Executing endpoint 'ELMSApplication.Controllers.LeaveController.Index (ELMSApplication)'
2023-06-16 22:07:23.677 +05:30 [INF] Route matched with {action = "Index", controller = "Leave"}. Executing controller action with signature System.Threading.Tasks.Task`1[Microsoft.AspNetCore.Mvc.IActionResult] Index() on controller ELMSApplication.Controllers.LeaveController (ELMSApplication).
2023-06-16 22:07:23.680 +05:30 [INF] Executed DbCommand (1ms) [Parameters=[], CommandType='"Text"', CommandTimeout='30']
SELECT [l].[LeaveId], [l].[EmployeeId], [l].[EndDate], [l].[LeaveType], [l].[StartDate], [l].[Status]
FROM [Leave] AS [l]
2023-06-16 22:07:23.682 +05:30 [INF] Executing ViewResult, running view Index.
2023-06-16 22:07:23.718 +05:30 [INF] Executed ViewResult - view Index executed in 36.4389ms.
2023-06-16 22:07:23.718 +05:30 [INF] Executed action ELMSApplication.Controllers.LeaveController.Index (ELMSApplication) in 40.7614ms
2023-06-16 22:07:23.718 +05:30 [INF] Executed endpoint 'ELMSApplication.Controllers.LeaveController.Index (ELMSApplication)'
2023-06-16 22:07:23.718 +05:30 [INF] Request finished HTTP/1.1 GET http://localhost:5279/Leave - - - 200 - text/html;+charset=utf-8 41.7479ms
2023-06-16 22:07:23.746 +05:30 [INF] Request starting HTTP/1.1 GET http://localhost:5279/Scripts/jquery-3.6.0.min.js - -
2023-06-16 22:07:23.747 +05:30 [INF] Request starting HTTP/1.1 GET http://localhost:5279/Scripts/jquery.validate.min.js - -
2023-06-16 22:07:23.747 +05:30 [INF] Request starting HTTP/1.1 GET http://localhost:5279/Scripts/jquery.validate.unobtrusive.min.js - -
2023-06-16 22:07:23.747 +05:30 [INF] Request finished HTTP/1.1 GET http://localhost:5279/Scripts/jquery-3.6.0.min.js - - - 404 0 - 1.5620ms
2023-06-16 22:07:23.748 +05:30 [INF] Request finished HTTP/1.1 GET http://localhost:5279/Scripts/jquery.validate.min.js - - - 404 0 - 0.9393ms
2023-06-16 22:07:23.748 +05:30 [INF] Request finished HTTP/1.1 GET http://localhost:5279/Scripts/jquery.validate.unobtrusive.min.js - - - 404 0 - 0.7610ms
2023-06-16 22:07:23.753 +05:30 [INF] Request starting HTTP/1.1 GET http://localhost:5279/_framework/aspnetcore-browser-refresh.js - -
2023-06-16 22:07:23.753 +05:30 [INF] Request finished HTTP/1.1 GET http://localhost:5279/_framework/aspnetcore-browser-refresh.js - - - 200 11966 application/javascript;+charset=utf-8 0.1545ms
2023-06-16 22:07:25.545 +05:30 [INF] Request starting HTTP/1.1 GET http://localhost:5279/Leave/Approved/1 - -
2023-06-16 22:07:25.546 +05:30 [INF] Executing endpoint 'ELMSApplication.Controllers.LeaveController.Approved (ELMSApplication)'
2023-06-16 22:07:25.555 +05:30 [INF] Route matched with {action = "Approved", controller = "Leave"}. Executing controller action with signature System.Threading.Tasks.Task`1[Microsoft.AspNetCore.Mvc.IActionResult] Approved(System.Nullable`1[System.Int32]) on controller ELMSApplication.Controllers.LeaveController (ELMSApplication).
2023-06-16 22:07:25.559 +05:30 [INF] Executed DbCommand (0ms) [Parameters=[@__p_0='?' (DbType = Int32)], CommandType='"Text"', CommandTimeout='30']
SELECT TOP(1) [l].[LeaveId], [l].[EmployeeId], [l].[EndDate], [l].[LeaveType], [l].[StartDate], [l].[Status]
FROM [Leave] AS [l]
WHERE [l].[LeaveId] = @__p_0
2023-06-16 22:07:25.567 +05:30 [INF] Executed DbCommand (3ms) [Parameters=[@p5='?' (DbType = Int32), @p0='?' (Size = 6), @p1='?' (DbType = DateTime2), @p2='?' (Size = 75), @p3='?' (DbType = DateTime2), @p4='?' (Size = 75)], CommandType='"Text"', CommandTimeout='30']
SET IMPLICIT_TRANSACTIONS OFF;
SET NOCOUNT ON;
UPDATE [Leave] SET [EmployeeId] = @p0, [EndDate] = @p1, [LeaveType] = @p2, [StartDate] = @p3, [Status] = @p4
OUTPUT 1
WHERE [LeaveId] = @p5;
2023-06-16 22:07:25.568 +05:30 [INF] Executing RedirectResult, redirecting to /Leave.
2023-06-16 22:07:25.568 +05:30 [INF] Executed action ELMSApplication.Controllers.LeaveController.Approved (ELMSApplication) in 13.4811ms
2023-06-16 22:07:25.568 +05:30 [INF] Executed endpoint 'ELMSApplication.Controllers.LeaveController.Approved (ELMSApplication)'
2023-06-16 22:07:25.569 +05:30 [INF] Request finished HTTP/1.1 GET http://localhost:5279/Leave/Approved/1 - - - 302 0 - 23.1717ms
2023-06-16 22:07:25.571 +05:30 [INF] Request starting HTTP/1.1 GET http://localhost:5279/Leave - -
2023-06-16 22:07:25.572 +05:30 [INF] Executing endpoint 'ELMSApplication.Controllers.LeaveController.Index (ELMSApplication)'
2023-06-16 22:07:25.572 +05:30 [INF] Route matched with {action = "Index", controller = "Leave"}. Executing controller action with signature System.Threading.Tasks.Task`1[Microsoft.AspNetCore.Mvc.IActionResult] Index() on controller ELMSApplication.Controllers.LeaveController (ELMSApplication).
2023-06-16 22:07:25.574 +05:30 [INF] Executed DbCommand (0ms) [Parameters=[], CommandType='"Text"', CommandTimeout='30']
SELECT [l].[LeaveId], [l].[EmployeeId], [l].[EndDate], [l].[LeaveType], [l].[StartDate], [l].[Status]
FROM [Leave] AS [l]
2023-06-16 22:07:25.574 +05:30 [INF] Executing ViewResult, running view Index.
2023-06-16 22:07:25.608 +05:30 [INF] Executed ViewResult - view Index executed in 33.7802ms.
2023-06-16 22:07:25.608 +05:30 [INF] Executed action ELMSApplication.Controllers.LeaveController.Index (ELMSApplication) in 35.9153ms
2023-06-16 22:07:25.609 +05:30 [INF] Executed endpoint 'ELMSApplication.Controllers.LeaveController.Index (ELMSApplication)'
2023-06-16 22:07:25.609 +05:30 [INF] Request finished HTTP/1.1 GET http://localhost:5279/Leave - - - 200 - text/html;+charset=utf-8 37.1653ms
2023-06-16 22:07:25.631 +05:30 [INF] Request starting HTTP/1.1 GET http://localhost:5279/Scripts/jquery-3.6.0.min.js - -
2023-06-16 22:07:25.631 +05:30 [INF] Request starting HTTP/1.1 GET http://localhost:5279/Scripts/jquery.validate.min.js - -
2023-06-16 22:07:25.632 +05:30 [INF] Request starting HTTP/1.1 GET http://localhost:5279/Scripts/jquery.validate.unobtrusive.min.js - -
2023-06-16 22:07:25.632 +05:30 [INF] Request finished HTTP/1.1 GET http://localhost:5279/Scripts/jquery-3.6.0.min.js - - - 404 0 - 0.8338ms
2023-06-16 22:07:25.632 +05:30 [INF] Request finished HTTP/1.1 GET http://localhost:5279/Scripts/jquery.validate.min.js - - - 404 0 - 0.5022ms
2023-06-16 22:07:25.632 +05:30 [INF] Request finished HTTP/1.1 GET http://localhost:5279/Scripts/jquery.validate.unobtrusive.min.js - - - 404 0 - 0.5081ms
2023-06-16 22:07:25.637 +05:30 [INF] Request starting HTTP/1.1 GET http://localhost:5279/_framework/aspnetcore-browser-refresh.js - -
2023-06-16 22:07:25.637 +05:30 [INF] Request finished HTTP/1.1 GET http://localhost:5279/_framework/aspnetcore-browser-refresh.js - - - 200 11966 application/javascript;+charset=utf-8 0.1248ms
