2023-06-03 09:27:09.649 +05:30 [INF] Request starting HTTP/1.1 GET http://localhost:5279/Account/Login - -
2023-06-03 09:27:09.787 +05:30 [INF] Cookies was not authenticated. Failure message: Ticket expired
2023-06-03 09:27:09.789 +05:30 [INF] Executing endpoint 'ELMSApplication.Controllers.AccountController.Login (ELMSApplication)'
2023-06-03 09:27:09.803 +05:30 [INF] Route matched with {action = "Login", controller = "Account"}. Executing controller action with signature Microsoft.AspNetCore.Mvc.IActionResult Login() on controller ELMSApplication.Controllers.AccountController (ELMSApplication).
2023-06-03 09:27:09.832 +05:30 [INF] Executing ViewResult, running view Login.
2023-06-03 09:27:10.231 +05:30 [INF] Executed ViewResult - view Login executed in 417.9103ms.
2023-06-03 09:27:10.232 +05:30 [INF] Executed action ELMSApplication.Controllers.AccountController.Login (ELMSApplication) in 428.3571ms
2023-06-03 09:27:10.232 +05:30 [INF] Executed endpoint 'ELMSApplication.Controllers.AccountController.Login (ELMSApplication)'
2023-06-03 09:27:10.233 +05:30 [INF] Request finished HTTP/1.1 GET http://localhost:5279/Account/Login - - - 200 - text/html;+charset=utf-8 584.5247ms
2023-06-03 09:27:10.349 +05:30 [INF] Request starting HTTP/1.1 GET http://localhost:5279/Scripts/jquery-3.6.0.min.js - -
2023-06-03 09:27:10.350 +05:30 [INF] Cookies was not authenticated. Failure message: Ticket expired
2023-06-03 09:27:10.351 +05:30 [INF] Request finished HTTP/1.1 GET http://localhost:5279/Scripts/jquery-3.6.0.min.js - - - 404 0 - 1.3784ms
2023-06-03 09:27:10.351 +05:30 [INF] Request starting HTTP/1.1 GET http://localhost:5279/Scripts/jquery.validate.min.js - -
2023-06-03 09:27:10.351 +05:30 [INF] Request starting HTTP/1.1 GET http://localhost:5279/Scripts/jquery.validate.unobtrusive.min.js - -
2023-06-03 09:27:10.352 +05:30 [INF] Cookies was not authenticated. Failure message: Ticket expired
2023-06-03 09:27:10.352 +05:30 [INF] Cookies was not authenticated. Failure message: Ticket expired
2023-06-03 09:27:10.352 +05:30 [INF] Request finished HTTP/1.1 GET http://localhost:5279/Scripts/jquery.validate.unobtrusive.min.js - - - 404 0 - 0.8580ms
2023-06-03 09:27:10.352 +05:30 [INF] Request finished HTTP/1.1 GET http://localhost:5279/Scripts/jquery.validate.min.js - - - 404 0 - 0.9912ms
2023-06-03 09:27:10.364 +05:30 [INF] Request starting HTTP/1.1 GET http://localhost:5279/_framework/aspnetcore-browser-refresh.js - -
2023-06-03 09:27:10.365 +05:30 [INF] Request finished HTTP/1.1 GET http://localhost:5279/_framework/aspnetcore-browser-refresh.js - - - 200 11966 application/javascript;+charset=utf-8 0.3151ms
2023-06-03 09:27:12.664 +05:30 [INF] Request starting HTTP/1.1 POST http://localhost:5279/Account/Login application/x-www-form-urlencoded 240
2023-06-03 09:27:12.665 +05:30 [INF] Cookies was not authenticated. Failure message: Ticket expired
2023-06-03 09:27:12.665 +05:30 [INF] Executing endpoint 'ELMSApplication.Controllers.AccountController.Login (ELMSApplication)'
2023-06-03 09:27:12.807 +05:30 [INF] Route matched with {action = "Login", controller = "Account"}. Executing controller action with signature System.Threading.Tasks.Task`1[Microsoft.AspNetCore.Mvc.IActionResult] Login(ELMSApplication.Employee) on controller ELMSApplication.Controllers.AccountController (ELMSApplication).
2023-06-03 09:27:14.627 +05:30 [INF] Accessing expired session, Key:fe77820e-6bad-198f-4bc8-608c5cb33e5c
2023-06-03 09:27:14.665 +05:30 [INF] AuthenticationScheme: Cookies signed in.
2023-06-03 09:27:14.715 +05:30 [INF] Executing RedirectResult, redirecting to /Leave.
2023-06-03 09:27:14.717 +05:30 [INF] Executed action ELMSApplication.Controllers.AccountController.Login (ELMSApplication) in 1910.1964ms
2023-06-03 09:27:14.719 +05:30 [INF] Executed endpoint 'ELMSApplication.Controllers.AccountController.Login (ELMSApplication)'
2023-06-03 09:27:14.746 +05:30 [INF] Session started; Key:fe77820e-6bad-198f-4bc8-608c5cb33e5c, Id:8ec2bed3-f61d-9c43-be71-7818c5211d9f
2023-06-03 09:27:14.749 +05:30 [INF] Request finished HTTP/1.1 POST http://localhost:5279/Account/Login application/x-www-form-urlencoded 240 - 302 0 - 2085.4380ms
2023-06-03 09:27:14.756 +05:30 [INF] Request starting HTTP/1.1 GET http://localhost:5279/Leave - -
2023-06-03 09:27:14.773 +05:30 [INF] Executing endpoint 'ELMSApplication.Controllers.LeaveController.Index (ELMSApplication)'
2023-06-03 09:27:14.785 +05:30 [INF] Route matched with {action = "Index", controller = "Leave"}. Executing controller action with signature System.Threading.Tasks.Task`1[Microsoft.AspNetCore.Mvc.IActionResult] Index() on controller ELMSApplication.Controllers.LeaveController (ELMSApplication).
2023-06-03 09:27:20.563 +05:30 [INF] Executed DbCommand (251ms) [Parameters=[], CommandType='"Text"', CommandTimeout='30']
SELECT [l].[LeaveId], [l].[EmployeeId], [l].[EndDate], [l].[LeaveType], [l].[StartDate], [l].[Status]
FROM [Leave] AS [l]
2023-06-03 09:27:20.694 +05:30 [INF] Executing ViewResult, running view Index.
2023-06-03 09:27:20.919 +05:30 [INF] Executed ViewResult - view Index executed in 226.2173ms.
2023-06-03 09:27:20.920 +05:30 [INF] Executed action ELMSApplication.Controllers.LeaveController.Index (ELMSApplication) in 6134.9452ms
2023-06-03 09:27:20.920 +05:30 [INF] Executed endpoint 'ELMSApplication.Controllers.LeaveController.Index (ELMSApplication)'
2023-06-03 09:27:20.949 +05:30 [INF] Request starting HTTP/1.1 GET http://localhost:5279/Scripts/jquery.validate.min.js - -
2023-06-03 09:27:20.951 +05:30 [INF] Request finished HTTP/1.1 GET http://localhost:5279/Leave - - - 200 - text/html;+charset=utf-8 6194.8418ms
2023-06-03 09:27:20.952 +05:30 [INF] Request starting HTTP/1.1 GET http://localhost:5279/Scripts/jquery-3.6.0.min.js - -
2023-06-03 09:27:20.953 +05:30 [INF] Request finished HTTP/1.1 GET http://localhost:5279/Scripts/jquery-3.6.0.min.js - - - 404 0 - 0.8047ms
2023-06-03 09:27:20.956 +05:30 [INF] Request finished HTTP/1.1 GET http://localhost:5279/Scripts/jquery.validate.min.js - - - 404 0 - 5.5922ms
2023-06-03 09:27:20.960 +05:30 [INF] Request starting HTTP/1.1 GET http://localhost:5279/Scripts/jquery.validate.unobtrusive.min.js - -
2023-06-03 09:27:20.961 +05:30 [INF] Request finished HTTP/1.1 GET http://localhost:5279/Scripts/jquery.validate.unobtrusive.min.js - - - 404 0 - 1.5170ms
2023-06-03 09:27:20.964 +05:30 [INF] Request starting HTTP/1.1 GET http://localhost:5279/_framework/aspnetcore-browser-refresh.js - -
2023-06-03 09:27:20.964 +05:30 [INF] Request finished HTTP/1.1 GET http://localhost:5279/_framework/aspnetcore-browser-refresh.js - - - 200 11966 application/javascript;+charset=utf-8 0.2425ms
2023-06-03 09:27:24.795 +05:30 [INF] Request starting HTTP/1.1 GET http://localhost:5279/Leave/Rejected/1 - -
2023-06-03 09:27:24.799 +05:30 [INF] Executing endpoint 'ELMSApplication.Controllers.LeaveController.RejectedAsync (ELMSApplication)'
2023-06-03 09:27:24.807 +05:30 [INF] Route matched with {action = "Rejected", controller = "Leave"}. Executing controller action with signature System.Threading.Tasks.Task`1[Microsoft.AspNetCore.Mvc.IActionResult] RejectedAsync(Int32) on controller ELMSApplication.Controllers.LeaveController (ELMSApplication).
2023-06-03 09:27:25.132 +05:30 [INF] Executed DbCommand (57ms) [Parameters=[@__p_0='?' (DbType = Int32)], CommandType='"Text"', CommandTimeout='30']
SELECT TOP(1) [l].[LeaveId], [l].[EmployeeId], [l].[EndDate], [l].[LeaveType], [l].[StartDate], [l].[Status]
FROM [Leave] AS [l]
WHERE [l].[LeaveId] = @__p_0
2023-06-03 09:27:25.426 +05:30 [INF] Executed DbCommand (76ms) [Parameters=[@p5='?' (DbType = Int32), @p0='?' (Size = 6), @p1='?' (DbType = DateTime2), @p2='?' (Size = 75), @p3='?' (DbType = DateTime2), @p4='?' (Size = 75)], CommandType='"Text"', CommandTimeout='30']
SET IMPLICIT_TRANSACTIONS OFF;
SET NOCOUNT ON;
UPDATE [Leave] SET [EmployeeId] = @p0, [EndDate] = @p1, [LeaveType] = @p2, [StartDate] = @p3, [Status] = @p4
OUTPUT 1
WHERE [LeaveId] = @p5;
2023-06-03 09:27:25.495 +05:30 [INF] Executing RedirectResult, redirecting to /Leave.
2023-06-03 09:27:25.495 +05:30 [INF] Executed action ELMSApplication.Controllers.LeaveController.RejectedAsync (ELMSApplication) in 688.8296ms
2023-06-03 09:27:25.496 +05:30 [INF] Executed endpoint 'ELMSApplication.Controllers.LeaveController.RejectedAsync (ELMSApplication)'
2023-06-03 09:27:25.496 +05:30 [INF] Request finished HTTP/1.1 GET http://localhost:5279/Leave/Rejected/1 - - - 302 0 - 701.2721ms
2023-06-03 09:27:25.499 +05:30 [INF] Request starting HTTP/1.1 GET http://localhost:5279/Leave - -
2023-06-03 09:27:25.510 +05:30 [INF] Executing endpoint 'ELMSApplication.Controllers.LeaveController.Index (ELMSApplication)'
2023-06-03 09:27:25.510 +05:30 [INF] Route matched with {action = "Index", controller = "Leave"}. Executing controller action with signature System.Threading.Tasks.Task`1[Microsoft.AspNetCore.Mvc.IActionResult] Index() on controller ELMSApplication.Controllers.LeaveController (ELMSApplication).
2023-06-03 09:27:25.605 +05:30 [INF] Executed DbCommand (1ms) [Parameters=[], CommandType='"Text"', CommandTimeout='30']
SELECT [l].[LeaveId], [l].[EmployeeId], [l].[EndDate], [l].[LeaveType], [l].[StartDate], [l].[Status]
FROM [Leave] AS [l]
2023-06-03 09:27:25.609 +05:30 [INF] Executing ViewResult, running view Index.
2023-06-03 09:27:25.633 +05:30 [INF] Executed ViewResult - view Index executed in 24.1784ms.
2023-06-03 09:27:25.633 +05:30 [INF] Executed action ELMSApplication.Controllers.LeaveController.Index (ELMSApplication) in 122.5414ms
2023-06-03 09:27:25.633 +05:30 [INF] Executed endpoint 'ELMSApplication.Controllers.LeaveController.Index (ELMSApplication)'
2023-06-03 09:27:25.633 +05:30 [INF] Request finished HTTP/1.1 GET http://localhost:5279/Leave - - - 200 - text/html;+charset=utf-8 134.1620ms
2023-06-03 09:27:25.651 +05:30 [INF] Request starting HTTP/1.1 GET http://localhost:5279/Scripts/jquery-3.6.0.min.js - -
2023-06-03 09:27:25.651 +05:30 [INF] Request starting HTTP/1.1 GET http://localhost:5279/Scripts/jquery.validate.min.js - -
2023-06-03 09:27:25.651 +05:30 [INF] Request starting HTTP/1.1 GET http://localhost:5279/Scripts/jquery.validate.unobtrusive.min.js - -
2023-06-03 09:27:25.652 +05:30 [INF] Request finished HTTP/1.1 GET http://localhost:5279/Scripts/jquery-3.6.0.min.js - - - 404 0 - 0.6675ms
2023-06-03 09:27:25.652 +05:30 [INF] Request finished HTTP/1.1 GET http://localhost:5279/Scripts/jquery.validate.unobtrusive.min.js - - - 404 0 - 0.4897ms
2023-06-03 09:27:25.652 +05:30 [INF] Request finished HTTP/1.1 GET http://localhost:5279/Scripts/jquery.validate.min.js - - - 404 0 - 0.6327ms
2023-06-03 09:27:25.673 +05:30 [INF] Request starting HTTP/1.1 GET http://localhost:5279/_framework/aspnetcore-browser-refresh.js - -
2023-06-03 09:27:25.673 +05:30 [INF] Request finished HTTP/1.1 GET http://localhost:5279/_framework/aspnetcore-browser-refresh.js - - - 200 11966 application/javascript;+charset=utf-8 0.2779ms
2023-06-03 09:27:27.187 +05:30 [INF] Request starting HTTP/1.1 GET http://localhost:5279/Leave/Approved/1 - -
2023-06-03 09:27:27.191 +05:30 [INF] Executing endpoint 'ELMSApplication.Controllers.LeaveController.Approved (ELMSApplication)'
2023-06-03 09:27:27.198 +05:30 [INF] Route matched with {action = "Approved", controller = "Leave"}. Executing controller action with signature System.Threading.Tasks.Task`1[Microsoft.AspNetCore.Mvc.IActionResult] Approved(System.Nullable`1[System.Int32]) on controller ELMSApplication.Controllers.LeaveController (ELMSApplication).
2023-06-03 09:27:27.203 +05:30 [INF] Executed DbCommand (1ms) [Parameters=[@__p_0='?' (DbType = Int32)], CommandType='"Text"', CommandTimeout='30']
SELECT TOP(1) [l].[LeaveId], [l].[EmployeeId], [l].[EndDate], [l].[LeaveType], [l].[StartDate], [l].[Status]
FROM [Leave] AS [l]
WHERE [l].[LeaveId] = @__p_0
2023-06-03 09:27:27.218 +05:30 [INF] Executed DbCommand (5ms) [Parameters=[@p5='?' (DbType = Int32), @p0='?' (Size = 6), @p1='?' (DbType = DateTime2), @p2='?' (Size = 75), @p3='?' (DbType = DateTime2), @p4='?' (Size = 75)], CommandType='"Text"', CommandTimeout='30']
SET IMPLICIT_TRANSACTIONS OFF;
SET NOCOUNT ON;
UPDATE [Leave] SET [EmployeeId] = @p0, [EndDate] = @p1, [LeaveType] = @p2, [StartDate] = @p3, [Status] = @p4
OUTPUT 1
WHERE [LeaveId] = @p5;
2023-06-03 09:27:27.223 +05:30 [INF] Executing RedirectResult, redirecting to /Leave.
2023-06-03 09:27:27.224 +05:30 [INF] Executed action ELMSApplication.Controllers.LeaveController.Approved (ELMSApplication) in 25.8354ms
2023-06-03 09:27:27.224 +05:30 [INF] Executed endpoint 'ELMSApplication.Controllers.LeaveController.Approved (ELMSApplication)'
2023-06-03 09:27:27.225 +05:30 [INF] Request finished HTTP/1.1 GET http://localhost:5279/Leave/Approved/1 - - - 302 0 - 37.4645ms
2023-06-03 09:27:27.229 +05:30 [INF] Request starting HTTP/1.1 GET http://localhost:5279/Leave - -
2023-06-03 09:27:27.230 +05:30 [INF] Executing endpoint 'ELMSApplication.Controllers.LeaveController.Index (ELMSApplication)'
2023-06-03 09:27:27.230 +05:30 [INF] Route matched with {action = "Index", controller = "Leave"}. Executing controller action with signature System.Threading.Tasks.Task`1[Microsoft.AspNetCore.Mvc.IActionResult] Index() on controller ELMSApplication.Controllers.LeaveController (ELMSApplication).
2023-06-03 09:27:27.237 +05:30 [INF] Executed DbCommand (2ms) [Parameters=[], CommandType='"Text"', CommandTimeout='30']
SELECT [l].[LeaveId], [l].[EmployeeId], [l].[EndDate], [l].[LeaveType], [l].[StartDate], [l].[Status]
FROM [Leave] AS [l]
2023-06-03 09:27:27.241 +05:30 [INF] Executing ViewResult, running view Index.
2023-06-03 09:27:27.287 +05:30 [INF] Executed ViewResult - view Index executed in 45.8968ms.
2023-06-03 09:27:27.287 +05:30 [INF] Executed action ELMSApplication.Controllers.LeaveController.Index (ELMSApplication) in 56.7411ms
2023-06-03 09:27:27.287 +05:30 [INF] Executed endpoint 'ELMSApplication.Controllers.LeaveController.Index (ELMSApplication)'
2023-06-03 09:27:27.287 +05:30 [INF] Request finished HTTP/1.1 GET http://localhost:5279/Leave - - - 200 - text/html;+charset=utf-8 57.8504ms
2023-06-03 09:27:27.313 +05:30 [INF] Request starting HTTP/1.1 GET http://localhost:5279/Scripts/jquery-3.6.0.min.js - -
2023-06-03 09:27:27.314 +05:30 [INF] Request starting HTTP/1.1 GET http://localhost:5279/Scripts/jquery.validate.min.js - -
2023-06-03 09:27:27.314 +05:30 [INF] Request starting HTTP/1.1 GET http://localhost:5279/Scripts/jquery.validate.unobtrusive.min.js - -
2023-06-03 09:27:27.314 +05:30 [INF] Request finished HTTP/1.1 GET http://localhost:5279/Scripts/jquery-3.6.0.min.js - - - 404 0 - 1.3018ms
2023-06-03 09:27:27.315 +05:30 [INF] Request finished HTTP/1.1 GET http://localhost:5279/Scripts/jquery.validate.min.js - - - 404 0 - 0.9203ms
2023-06-03 09:27:27.316 +05:30 [INF] Request finished HTTP/1.1 GET http://localhost:5279/Scripts/jquery.validate.unobtrusive.min.js - - - 404 0 - 1.4063ms
2023-06-03 09:27:27.321 +05:30 [INF] Request starting HTTP/1.1 GET http://localhost:5279/_framework/aspnetcore-browser-refresh.js - -
2023-06-03 09:27:27.321 +05:30 [INF] Request finished HTTP/1.1 GET http://localhost:5279/_framework/aspnetcore-browser-refresh.js - - - 200 11966 application/javascript;+charset=utf-8 0.2135ms
2023-06-03 09:27:33.624 +05:30 [INF] Request starting HTTP/1.1 GET http://localhost:5279/Leave/LogOut?area=left - -
2023-06-03 09:27:33.627 +05:30 [INF] Executing endpoint 'ELMSApplication.Controllers.LeaveController.LogOut (ELMSApplication)'
2023-06-03 09:27:33.633 +05:30 [INF] Route matched with {action = "LogOut", controller = "Leave"}. Executing controller action with signature System.Threading.Tasks.Task`1[Microsoft.AspNetCore.Mvc.IActionResult] LogOut() on controller ELMSApplication.Controllers.LeaveController (ELMSApplication).
2023-06-03 09:27:33.691 +05:30 [INF] AuthenticationScheme: Cookies signed out.
2023-06-03 09:27:33.692 +05:30 [INF] Executing RedirectResult, redirecting to /Account/Login.
2023-06-03 09:27:33.692 +05:30 [INF] Executed action ELMSApplication.Controllers.LeaveController.LogOut (ELMSApplication) in 58.5356ms
2023-06-03 09:27:33.692 +05:30 [INF] Executed endpoint 'ELMSApplication.Controllers.LeaveController.LogOut (ELMSApplication)'
2023-06-03 09:27:33.693 +05:30 [INF] Request finished HTTP/1.1 GET http://localhost:5279/Leave/LogOut?area=left - - - 302 0 - 68.4674ms
2023-06-03 09:27:33.698 +05:30 [INF] Request starting HTTP/1.1 GET http://localhost:5279/Account/Login - -
2023-06-03 09:27:33.699 +05:30 [INF] Executing endpoint 'ELMSApplication.Controllers.AccountController.Login (ELMSApplication)'
2023-06-03 09:27:33.699 +05:30 [INF] Route matched with {action = "Login", controller = "Account"}. Executing controller action with signature Microsoft.AspNetCore.Mvc.IActionResult Login() on controller ELMSApplication.Controllers.AccountController (ELMSApplication).
2023-06-03 09:27:33.699 +05:30 [INF] Executing ViewResult, running view Login.
2023-06-03 09:27:33.710 +05:30 [INF] Executed ViewResult - view Login executed in 10.6125ms.
2023-06-03 09:27:33.710 +05:30 [INF] Executed action ELMSApplication.Controllers.AccountController.Login (ELMSApplication) in 10.9519ms
2023-06-03 09:27:33.710 +05:30 [INF] Executed endpoint 'ELMSApplication.Controllers.AccountController.Login (ELMSApplication)'
2023-06-03 09:27:33.710 +05:30 [INF] Request finished HTTP/1.1 GET http://localhost:5279/Account/Login - - - 200 - text/html;+charset=utf-8 12.2919ms
2023-06-03 09:27:33.767 +05:30 [INF] Request starting HTTP/1.1 GET http://localhost:5279/Scripts/jquery-3.6.0.min.js - -
2023-06-03 09:27:33.770 +05:30 [INF] Request finished HTTP/1.1 GET http://localhost:5279/Scripts/jquery-3.6.0.min.js - - - 404 0 - 2.7333ms
2023-06-03 09:27:33.771 +05:30 [INF] Request starting HTTP/1.1 GET http://localhost:5279/Scripts/jquery.validate.min.js - -
2023-06-03 09:27:33.775 +05:30 [INF] Request finished HTTP/1.1 GET http://localhost:5279/Scripts/jquery.validate.min.js - - - 404 0 - 3.2888ms
2023-06-03 09:27:33.776 +05:30 [INF] Request starting HTTP/1.1 GET http://localhost:5279/Scripts/jquery.validate.unobtrusive.min.js - -
2023-06-03 09:27:33.779 +05:30 [INF] Request finished HTTP/1.1 GET http://localhost:5279/Scripts/jquery.validate.unobtrusive.min.js - - - 404 0 - 2.4422ms
2023-06-03 09:27:33.795 +05:30 [INF] Request starting HTTP/1.1 GET http://localhost:5279/_framework/aspnetcore-browser-refresh.js - -
2023-06-03 09:27:33.795 +05:30 [INF] Request finished HTTP/1.1 GET http://localhost:5279/_framework/aspnetcore-browser-refresh.js - - - 200 11966 application/javascript;+charset=utf-8 0.3500ms
2023-06-03 09:28:24.205 +05:30 [INF] Request starting HTTP/1.1 POST http://localhost:5279/Account/Login application/x-www-form-urlencoded 239
2023-06-03 09:28:24.206 +05:30 [INF] Executing endpoint 'ELMSApplication.Controllers.AccountController.Login (ELMSApplication)'
2023-06-03 09:28:24.206 +05:30 [INF] Route matched with {action = "Login", controller = "Account"}. Executing controller action with signature System.Threading.Tasks.Task`1[Microsoft.AspNetCore.Mvc.IActionResult] Login(ELMSApplication.Employee) on controller ELMSApplication.Controllers.AccountController (ELMSApplication).
2023-06-03 09:28:24.217 +05:30 [INF] AuthenticationScheme: Cookies signed in.
2023-06-03 09:28:24.217 +05:30 [INF] Executing RedirectResult, redirecting to /Leave.
2023-06-03 09:28:24.217 +05:30 [INF] Executed action ELMSApplication.Controllers.AccountController.Login (ELMSApplication) in 11.6902ms
2023-06-03 09:28:24.218 +05:30 [INF] Executed endpoint 'ELMSApplication.Controllers.AccountController.Login (ELMSApplication)'
2023-06-03 09:28:24.218 +05:30 [INF] Request finished HTTP/1.1 POST http://localhost:5279/Account/Login application/x-www-form-urlencoded 239 - 302 0 - 12.9737ms
2023-06-03 09:28:24.221 +05:30 [INF] Request starting HTTP/1.1 GET http://localhost:5279/Leave - -
2023-06-03 09:28:24.221 +05:30 [INF] Executing endpoint 'ELMSApplication.Controllers.LeaveController.Index (ELMSApplication)'
2023-06-03 09:28:24.221 +05:30 [INF] Route matched with {action = "Index", controller = "Leave"}. Executing controller action with signature System.Threading.Tasks.Task`1[Microsoft.AspNetCore.Mvc.IActionResult] Index() on controller ELMSApplication.Controllers.LeaveController (ELMSApplication).
2023-06-03 09:28:24.621 +05:30 [INF] Executed DbCommand (4ms) [Parameters=[@__employeeId_0='?' (Size = 6)], CommandType='"Text"', CommandTimeout='30']
SELECT [l].[LeaveId], [l].[EmployeeId], [l].[EndDate], [l].[LeaveType], [l].[StartDate], [l].[Status]
FROM [Leave] AS [l]
WHERE [l].[EmployeeId] = @__employeeId_0
2023-06-03 09:28:24.622 +05:30 [INF] Executing ViewResult, running view Index.
2023-06-03 09:28:24.626 +05:30 [INF] Executed ViewResult - view Index executed in 4.1645ms.
2023-06-03 09:28:24.626 +05:30 [INF] Executed action ELMSApplication.Controllers.LeaveController.Index (ELMSApplication) in 405.4141ms
2023-06-03 09:28:24.627 +05:30 [INF] Executed endpoint 'ELMSApplication.Controllers.LeaveController.Index (ELMSApplication)'
2023-06-03 09:28:24.628 +05:30 [INF] Request finished HTTP/1.1 GET http://localhost:5279/Leave - - - 200 - text/html;+charset=utf-8 407.2592ms
2023-06-03 09:28:24.671 +05:30 [INF] Request starting HTTP/1.1 GET http://localhost:5279/Scripts/jquery-3.6.0.min.js - -
2023-06-03 09:28:24.671 +05:30 [INF] Request starting HTTP/1.1 GET http://localhost:5279/Scripts/jquery.validate.unobtrusive.min.js - -
2023-06-03 09:28:24.671 +05:30 [INF] Request starting HTTP/1.1 GET http://localhost:5279/Scripts/jquery.validate.min.js - -
2023-06-03 09:28:24.672 +05:30 [INF] Request finished HTTP/1.1 GET http://localhost:5279/Scripts/jquery.validate.unobtrusive.min.js - - - 404 0 - 0.4302ms
2023-06-03 09:28:24.672 +05:30 [INF] Request finished HTTP/1.1 GET http://localhost:5279/Scripts/jquery.validate.min.js - - - 404 0 - 0.4239ms
2023-06-03 09:28:24.672 +05:30 [INF] Request finished HTTP/1.1 GET http://localhost:5279/Scripts/jquery-3.6.0.min.js - - - 404 0 - 1.2030ms
2023-06-03 09:28:24.687 +05:30 [INF] Request starting HTTP/1.1 GET http://localhost:5279/_framework/aspnetcore-browser-refresh.js - -
2023-06-03 09:28:24.687 +05:30 [INF] Request finished HTTP/1.1 GET http://localhost:5279/_framework/aspnetcore-browser-refresh.js - - - 200 11966 application/javascript;+charset=utf-8 0.1451ms
2023-06-03 09:28:29.348 +05:30 [INF] Request starting HTTP/1.1 GET http://localhost:5279/Leave/Create - -
2023-06-03 09:28:29.349 +05:30 [INF] Executing endpoint 'ELMSApplication.Controllers.LeaveController.Create (ELMSApplication)'
2023-06-03 09:28:29.451 +05:30 [INF] Route matched with {action = "Create", controller = "Leave"}. Executing controller action with signature Microsoft.AspNetCore.Mvc.IActionResult Create() on controller ELMSApplication.Controllers.LeaveController (ELMSApplication).
2023-06-03 09:28:29.455 +05:30 [INF] Executing ViewResult, running view Create.
2023-06-03 09:28:29.615 +05:30 [INF] Executed ViewResult - view Create executed in 162.4552ms.
2023-06-03 09:28:29.615 +05:30 [INF] Executed action ELMSApplication.Controllers.LeaveController.Create (ELMSApplication) in 163.9926ms
2023-06-03 09:28:29.616 +05:30 [INF] Executed endpoint 'ELMSApplication.Controllers.LeaveController.Create (ELMSApplication)'
2023-06-03 09:28:29.616 +05:30 [INF] Request finished HTTP/1.1 GET http://localhost:5279/Leave/Create - - - 200 - text/html;+charset=utf-8 268.4597ms
2023-06-03 09:28:29.683 +05:30 [INF] Request starting HTTP/1.1 GET http://localhost:5279/Scripts/jquery-3.6.0.min.js - -
2023-06-03 09:28:29.684 +05:30 [INF] Request starting HTTP/1.1 GET http://localhost:5279/Scripts/jquery.validate.min.js - -
2023-06-03 09:28:29.685 +05:30 [INF] Request finished HTTP/1.1 GET http://localhost:5279/Scripts/jquery-3.6.0.min.js - - - 404 0 - 2.4897ms
2023-06-03 09:28:29.685 +05:30 [INF] Request starting HTTP/1.1 GET http://localhost:5279/Scripts/jquery.validate.unobtrusive.min.js - -
2023-06-03 09:28:29.686 +05:30 [INF] Request finished HTTP/1.1 GET http://localhost:5279/Scripts/jquery.validate.min.js - - - 404 0 - 1.8742ms
2023-06-03 09:28:29.687 +05:30 [INF] Request finished HTTP/1.1 GET http://localhost:5279/Scripts/jquery.validate.unobtrusive.min.js - - - 404 0 - 2.4068ms
2023-06-03 09:28:29.694 +05:30 [INF] Request starting HTTP/1.1 GET http://localhost:5279/lib/jquery-validation/dist/jquery.validate.min.js - -
2023-06-03 09:28:29.697 +05:30 [INF] Request starting HTTP/1.1 GET http://localhost:5279/lib/jquery-validation-unobtrusive/jquery.validate.unobtrusive.min.js - -
2023-06-03 09:28:29.697 +05:30 [INF] Request starting HTTP/1.1 GET http://localhost:5279/_framework/aspnetcore-browser-refresh.js - -
2023-06-03 09:28:29.697 +05:30 [INF] Request finished HTTP/1.1 GET http://localhost:5279/_framework/aspnetcore-browser-refresh.js - - - 200 11966 application/javascript;+charset=utf-8 0.2710ms
2023-06-03 09:28:29.945 +05:30 [INF] Sending file. Request path: '/lib/jquery-validation/dist/jquery.validate.min.js'. Physical path: 'C:\Users\skart\ELMSApplication\ELMSApplication\wwwroot\lib\jquery-validation\dist\jquery.validate.min.js'
2023-06-03 09:28:29.945 +05:30 [INF] Request finished HTTP/1.1 GET http://localhost:5279/lib/jquery-validation/dist/jquery.validate.min.js - - - 200 23261 text/javascript 251.5100ms
2023-06-03 09:28:30.186 +05:30 [INF] Sending file. Request path: '/lib/jquery-validation-unobtrusive/jquery.validate.unobtrusive.min.js'. Physical path: 'C:\Users\skart\ELMSApplication\ELMSApplication\wwwroot\lib\jquery-validation-unobtrusive\jquery.validate.unobtrusive.min.js'
2023-06-03 09:28:30.186 +05:30 [INF] Request finished HTTP/1.1 GET http://localhost:5279/lib/jquery-validation-unobtrusive/jquery.validate.unobtrusive.min.js - - - 200 5824 text/javascript 489.3411ms
2023-06-03 09:28:59.882 +05:30 [INF] Request starting HTTP/1.1 POST http://localhost:5279/Leave/Create application/x-www-form-urlencoded 381
2023-06-03 09:28:59.883 +05:30 [INF] Executing endpoint 'ELMSApplication.Controllers.LeaveController.Create (ELMSApplication)'
2023-06-03 09:28:59.897 +05:30 [INF] Route matched with {action = "Create", controller = "Leave"}. Executing controller action with signature System.Threading.Tasks.Task`1[Microsoft.AspNetCore.Mvc.IActionResult] Create(ELMSApplication.Leave) on controller ELMSApplication.Controllers.LeaveController (ELMSApplication).
2023-06-03 09:29:00.222 +05:30 [INF] Executed DbCommand (83ms) [Parameters=[@p0='?' (Size = 6), @p1='?' (DbType = DateTime2), @p2='?' (Size = 75), @p3='?' (DbType = DateTime2), @p4='?' (Size = 75)], CommandType='"Text"', CommandTimeout='30']
SET IMPLICIT_TRANSACTIONS OFF;
SET NOCOUNT ON;
INSERT INTO [Leave] ([EmployeeId], [EndDate], [LeaveType], [StartDate], [Status])
OUTPUT INSERTED.[LeaveId]
VALUES (@p0, @p1, @p2, @p3, @p4);
2023-06-03 09:29:00.290 +05:30 [INF] Executing RedirectResult, redirecting to /Leave.
2023-06-03 09:29:00.290 +05:30 [INF] Executed action ELMSApplication.Controllers.LeaveController.Create (ELMSApplication) in 393.6565ms
2023-06-03 09:29:00.290 +05:30 [INF] Executed endpoint 'ELMSApplication.Controllers.LeaveController.Create (ELMSApplication)'
2023-06-03 09:29:00.291 +05:30 [INF] Request finished HTTP/1.1 POST http://localhost:5279/Leave/Create application/x-www-form-urlencoded 381 - 302 0 - 408.8703ms
2023-06-03 09:29:00.293 +05:30 [INF] Request starting HTTP/1.1 GET http://localhost:5279/Leave - -
2023-06-03 09:29:00.294 +05:30 [INF] Executing endpoint 'ELMSApplication.Controllers.LeaveController.Index (ELMSApplication)'
2023-06-03 09:29:00.294 +05:30 [INF] Route matched with {action = "Index", controller = "Leave"}. Executing controller action with signature System.Threading.Tasks.Task`1[Microsoft.AspNetCore.Mvc.IActionResult] Index() on controller ELMSApplication.Controllers.LeaveController (ELMSApplication).
2023-06-03 09:29:00.296 +05:30 [INF] Executed DbCommand (1ms) [Parameters=[@__employeeId_0='?' (Size = 6)], CommandType='"Text"', CommandTimeout='30']
SELECT [l].[LeaveId], [l].[EmployeeId], [l].[EndDate], [l].[LeaveType], [l].[StartDate], [l].[Status]
FROM [Leave] AS [l]
WHERE [l].[EmployeeId] = @__employeeId_0
2023-06-03 09:29:00.296 +05:30 [INF] Executing ViewResult, running view Index.
2023-06-03 09:29:00.307 +05:30 [INF] Executed ViewResult - view Index executed in 10.4334ms.
2023-06-03 09:29:00.307 +05:30 [INF] Executed action ELMSApplication.Controllers.LeaveController.Index (ELMSApplication) in 12.7712ms
2023-06-03 09:29:00.307 +05:30 [INF] Executed endpoint 'ELMSApplication.Controllers.LeaveController.Index (ELMSApplication)'
2023-06-03 09:29:00.307 +05:30 [INF] Request finished HTTP/1.1 GET http://localhost:5279/Leave - - - 200 - text/html;+charset=utf-8 13.6119ms
2023-06-03 09:29:00.332 +05:30 [INF] Request starting HTTP/1.1 GET http://localhost:5279/Scripts/jquery-3.6.0.min.js - -
2023-06-03 09:29:00.333 +05:30 [INF] Request starting HTTP/1.1 GET http://localhost:5279/Scripts/jquery.validate.min.js - -
2023-06-03 09:29:00.334 +05:30 [INF] Request starting HTTP/1.1 GET http://localhost:5279/Scripts/jquery.validate.unobtrusive.min.js - -
2023-06-03 09:29:00.334 +05:30 [INF] Request finished HTTP/1.1 GET http://localhost:5279/Scripts/jquery-3.6.0.min.js - - - 404 0 - 2.2045ms
2023-06-03 09:29:00.334 +05:30 [INF] Request finished HTTP/1.1 GET http://localhost:5279/Scripts/jquery.validate.min.js - - - 404 0 - 1.1408ms
2023-06-03 09:29:00.337 +05:30 [INF] Request finished HTTP/1.1 GET http://localhost:5279/Scripts/jquery.validate.unobtrusive.min.js - - - 404 0 - 3.2751ms
2023-06-03 09:29:00.341 +05:30 [INF] Request starting HTTP/1.1 GET http://localhost:5279/_framework/aspnetcore-browser-refresh.js - -
2023-06-03 09:29:00.342 +05:30 [INF] Request finished HTTP/1.1 GET http://localhost:5279/_framework/aspnetcore-browser-refresh.js - - - 200 11966 application/javascript;+charset=utf-8 0.2201ms
2023-06-03 09:29:04.773 +05:30 [INF] Request starting HTTP/1.1 GET http://localhost:5279/Leave/Edit/81 - -
2023-06-03 09:29:04.773 +05:30 [INF] Executing endpoint 'ELMSApplication.Controllers.LeaveController.Edit (ELMSApplication)'
2023-06-03 09:29:04.782 +05:30 [INF] Route matched with {action = "Edit", controller = "Leave"}. Executing controller action with signature System.Threading.Tasks.Task`1[Microsoft.AspNetCore.Mvc.IActionResult] Edit(System.Nullable`1[System.Int32]) on controller ELMSApplication.Controllers.LeaveController (ELMSApplication).
2023-06-03 09:29:04.785 +05:30 [INF] Executed DbCommand (0ms) [Parameters=[@__p_0='?' (DbType = Int32)], CommandType='"Text"', CommandTimeout='30']
SELECT TOP(1) [l].[LeaveId], [l].[EmployeeId], [l].[EndDate], [l].[LeaveType], [l].[StartDate], [l].[Status]
FROM [Leave] AS [l]
WHERE [l].[LeaveId] = @__p_0
2023-06-03 09:29:04.787 +05:30 [INF] Executing ViewResult, running view Edit.
2023-06-03 09:29:04.826 +05:30 [INF] Executed ViewResult - view Edit executed in 40.199ms.
2023-06-03 09:29:04.826 +05:30 [INF] Executed action ELMSApplication.Controllers.LeaveController.Edit (ELMSApplication) in 44.7038ms
2023-06-03 09:29:04.827 +05:30 [INF] Executed endpoint 'ELMSApplication.Controllers.LeaveController.Edit (ELMSApplication)'
2023-06-03 09:29:04.827 +05:30 [INF] Request finished HTTP/1.1 GET http://localhost:5279/Leave/Edit/81 - - - 200 - text/html;+charset=utf-8 54.3220ms
2023-06-03 09:29:04.844 +05:30 [INF] Request starting HTTP/1.1 GET http://localhost:5279/Scripts/jquery-3.6.0.min.js - -
2023-06-03 09:29:04.845 +05:30 [INF] Request finished HTTP/1.1 GET http://localhost:5279/Scripts/jquery-3.6.0.min.js - - - 404 0 - 0.4756ms
2023-06-03 09:29:04.855 +05:30 [INF] Request starting HTTP/1.1 GET http://localhost:5279/Scripts/jquery.validate.min.js - -
2023-06-03 09:29:04.856 +05:30 [INF] Request starting HTTP/1.1 GET http://localhost:5279/Scripts/jquery.validate.unobtrusive.min.js - -
2023-06-03 09:29:04.856 +05:30 [INF] Request finished HTTP/1.1 GET http://localhost:5279/Scripts/jquery.validate.min.js - - - 404 0 - 1.5088ms
2023-06-03 09:29:04.856 +05:30 [INF] Request finished HTTP/1.1 GET http://localhost:5279/Scripts/jquery.validate.unobtrusive.min.js - - - 404 0 - 0.7628ms
2023-06-03 09:29:04.860 +05:30 [INF] Request starting HTTP/1.1 GET http://localhost:5279/_framework/aspnetcore-browser-refresh.js - -
2023-06-03 09:29:04.861 +05:30 [INF] Request finished HTTP/1.1 GET http://localhost:5279/_framework/aspnetcore-browser-refresh.js - - - 200 11966 application/javascript;+charset=utf-8 0.1672ms
2023-06-03 09:29:13.936 +05:30 [INF] Request starting HTTP/1.1 POST http://localhost:5279/Leave/Edit/81 application/x-www-form-urlencoded 388
2023-06-03 09:29:13.936 +05:30 [INF] Executing endpoint 'ELMSApplication.Controllers.LeaveController.Edit (ELMSApplication)'
2023-06-03 09:29:13.945 +05:30 [INF] Route matched with {action = "Edit", controller = "Leave"}. Executing controller action with signature System.Threading.Tasks.Task`1[Microsoft.AspNetCore.Mvc.IActionResult] Edit(Int32, ELMSApplication.Leave) on controller ELMSApplication.Controllers.LeaveController (ELMSApplication).
2023-06-03 09:29:13.985 +05:30 [INF] Executed DbCommand (34ms) [Parameters=[@p5='?' (DbType = Int32), @p0='?' (Size = 6), @p1='?' (DbType = DateTime2), @p2='?' (Size = 75), @p3='?' (DbType = DateTime2), @p4='?' (Size = 75)], CommandType='"Text"', CommandTimeout='30']
SET IMPLICIT_TRANSACTIONS OFF;
SET NOCOUNT ON;
UPDATE [Leave] SET [EmployeeId] = @p0, [EndDate] = @p1, [LeaveType] = @p2, [StartDate] = @p3, [Status] = @p4
OUTPUT 1
WHERE [LeaveId] = @p5;
2023-06-03 09:29:13.986 +05:30 [INF] Executing RedirectResult, redirecting to /Leave.
2023-06-03 09:29:13.990 +05:30 [INF] Executed action ELMSApplication.Controllers.LeaveController.Edit (ELMSApplication) in 41.0465ms
2023-06-03 09:29:13.991 +05:30 [INF] Executed endpoint 'ELMSApplication.Controllers.LeaveController.Edit (ELMSApplication)'
2023-06-03 09:29:13.993 +05:30 [INF] Request finished HTTP/1.1 POST http://localhost:5279/Leave/Edit/81 application/x-www-form-urlencoded 388 - 302 0 - 56.9445ms
2023-06-03 09:29:14.002 +05:30 [INF] Request starting HTTP/1.1 GET http://localhost:5279/Leave - -
2023-06-03 09:29:14.003 +05:30 [INF] Executing endpoint 'ELMSApplication.Controllers.LeaveController.Index (ELMSApplication)'
2023-06-03 09:29:14.003 +05:30 [INF] Route matched with {action = "Index", controller = "Leave"}. Executing controller action with signature System.Threading.Tasks.Task`1[Microsoft.AspNetCore.Mvc.IActionResult] Index() on controller ELMSApplication.Controllers.LeaveController (ELMSApplication).
2023-06-03 09:29:14.006 +05:30 [INF] Executed DbCommand (1ms) [Parameters=[@__employeeId_0='?' (Size = 6)], CommandType='"Text"', CommandTimeout='30']
SELECT [l].[LeaveId], [l].[EmployeeId], [l].[EndDate], [l].[LeaveType], [l].[StartDate], [l].[Status]
FROM [Leave] AS [l]
WHERE [l].[EmployeeId] = @__employeeId_0
2023-06-03 09:29:14.007 +05:30 [INF] Executing ViewResult, running view Index.
2023-06-03 09:29:14.020 +05:30 [INF] Executed ViewResult - view Index executed in 12.5042ms.
2023-06-03 09:29:14.020 +05:30 [INF] Executed action ELMSApplication.Controllers.LeaveController.Index (ELMSApplication) in 16.3805ms
2023-06-03 09:29:14.020 +05:30 [INF] Executed endpoint 'ELMSApplication.Controllers.LeaveController.Index (ELMSApplication)'
2023-06-03 09:29:14.020 +05:30 [INF] Request finished HTTP/1.1 GET http://localhost:5279/Leave - - - 200 - text/html;+charset=utf-8 17.9725ms
2023-06-03 09:29:14.045 +05:30 [INF] Request starting HTTP/1.1 GET http://localhost:5279/Scripts/jquery-3.6.0.min.js - -
2023-06-03 09:29:14.045 +05:30 [INF] Request starting HTTP/1.1 GET http://localhost:5279/Scripts/jquery.validate.min.js - -
2023-06-03 09:29:14.046 +05:30 [INF] Request starting HTTP/1.1 GET http://localhost:5279/Scripts/jquery.validate.unobtrusive.min.js - -
2023-06-03 09:29:14.046 +05:30 [INF] Request finished HTTP/1.1 GET http://localhost:5279/Scripts/jquery-3.6.0.min.js - - - 404 0 - 0.6381ms
2023-06-03 09:29:14.046 +05:30 [INF] Request finished HTTP/1.1 GET http://localhost:5279/Scripts/jquery.validate.min.js - - - 404 0 - 0.4880ms
2023-06-03 09:29:14.047 +05:30 [INF] Request finished HTTP/1.1 GET http://localhost:5279/Scripts/jquery.validate.unobtrusive.min.js - - - 404 0 - 0.9167ms
2023-06-03 09:29:14.056 +05:30 [INF] Request starting HTTP/1.1 GET http://localhost:5279/_framework/aspnetcore-browser-refresh.js - -
2023-06-03 09:29:14.057 +05:30 [INF] Request finished HTTP/1.1 GET http://localhost:5279/_framework/aspnetcore-browser-refresh.js - - - 200 11966 application/javascript;+charset=utf-8 0.1520ms
2023-06-03 09:29:22.948 +05:30 [INF] Request starting HTTP/1.1 GET http://localhost:5279/Leave/LogOut?area=left - -
2023-06-03 09:29:22.948 +05:30 [INF] Executing endpoint 'ELMSApplication.Controllers.LeaveController.LogOut (ELMSApplication)'
2023-06-03 09:29:22.948 +05:30 [INF] Route matched with {action = "LogOut", controller = "Leave"}. Executing controller action with signature System.Threading.Tasks.Task`1[Microsoft.AspNetCore.Mvc.IActionResult] LogOut() on controller ELMSApplication.Controllers.LeaveController (ELMSApplication).
2023-06-03 09:29:22.949 +05:30 [INF] AuthenticationScheme: Cookies signed out.
2023-06-03 09:29:22.949 +05:30 [INF] Executing RedirectResult, redirecting to /Account/Login.
2023-06-03 09:29:22.950 +05:30 [INF] Executed action ELMSApplication.Controllers.LeaveController.LogOut (ELMSApplication) in 1.0585ms
2023-06-03 09:29:22.950 +05:30 [INF] Executed endpoint 'ELMSApplication.Controllers.LeaveController.LogOut (ELMSApplication)'
2023-06-03 09:29:22.950 +05:30 [INF] Request finished HTTP/1.1 GET http://localhost:5279/Leave/LogOut?area=left - - - 302 0 - 1.9544ms
2023-06-03 09:29:22.952 +05:30 [INF] Request starting HTTP/1.1 GET http://localhost:5279/Account/Login - -
2023-06-03 09:29:22.952 +05:30 [INF] Executing endpoint 'ELMSApplication.Controllers.AccountController.Login (ELMSApplication)'
2023-06-03 09:29:22.952 +05:30 [INF] Route matched with {action = "Login", controller = "Account"}. Executing controller action with signature Microsoft.AspNetCore.Mvc.IActionResult Login() on controller ELMSApplication.Controllers.AccountController (ELMSApplication).
2023-06-03 09:29:22.953 +05:30 [INF] Executing ViewResult, running view Login.
2023-06-03 09:29:22.956 +05:30 [INF] Executed ViewResult - view Login executed in 3.4792ms.
2023-06-03 09:29:22.956 +05:30 [INF] Executed action ELMSApplication.Controllers.AccountController.Login (ELMSApplication) in 3.7211ms
2023-06-03 09:29:22.956 +05:30 [INF] Executed endpoint 'ELMSApplication.Controllers.AccountController.Login (ELMSApplication)'
2023-06-03 09:29:22.956 +05:30 [INF] Request finished HTTP/1.1 GET http://localhost:5279/Account/Login - - - 200 - text/html;+charset=utf-8 4.2825ms
2023-06-03 09:29:22.975 +05:30 [INF] Request starting HTTP/1.1 GET http://localhost:5279/Scripts/jquery-3.6.0.min.js - -
2023-06-03 09:29:22.984 +05:30 [INF] Request finished HTTP/1.1 GET http://localhost:5279/Scripts/jquery-3.6.0.min.js - - - 404 0 - 8.2337ms
2023-06-03 09:29:22.985 +05:30 [INF] Request starting HTTP/1.1 GET http://localhost:5279/Scripts/jquery.validate.unobtrusive.min.js - -
2023-06-03 09:29:22.985 +05:30 [INF] Request starting HTTP/1.1 GET http://localhost:5279/Scripts/jquery.validate.min.js - -
2023-06-03 09:29:22.985 +05:30 [INF] Request finished HTTP/1.1 GET http://localhost:5279/Scripts/jquery.validate.min.js - - - 404 0 - 0.4998ms
2023-06-03 09:29:22.985 +05:30 [INF] Request finished HTTP/1.1 GET http://localhost:5279/Scripts/jquery.validate.unobtrusive.min.js - - - 404 0 - 0.5493ms
2023-06-03 09:29:22.990 +05:30 [INF] Request starting HTTP/1.1 GET http://localhost:5279/_framework/aspnetcore-browser-refresh.js - -
2023-06-03 09:29:22.990 +05:30 [INF] Request finished HTTP/1.1 GET http://localhost:5279/_framework/aspnetcore-browser-refresh.js - - - 200 11966 application/javascript;+charset=utf-8 0.1487ms
